2021-06-20 16:32:52,645 - BaiUI.py[line:326] - DEBUG: Program Start
2021-06-20 16:32:53,943 - BaiUI.py[line:101] - DEBUG: []
2021-06-20 16:32:53,958 - backend.py[line:165] - DEBUG: start Thread
2021-06-20 16:32:53,961 - backend.py[line:165] - DEBUG: start Thread
2021-06-20 16:32:54,137 - backend.py[line:93] - DEBUG: subprocess_execute b'/\xe3\x80\x90\xe6\xa0\x91\xe5\x85\x88\xe7\x94\x9f\xe6\x97\xa5\xe8\xaf\xad\xe3\x80\x912013-2018\xe5\xb9\xb4N1\xe9\x9f\xb3\xe9\xa2\x91\n'
2021-06-20 16:32:54,140 - BaiUI.py[line:277] - DEBUG: call processCallback
2021-06-20 16:32:54,141 - BaiUI.py[line:278] - DEBUG: getCurrentDir
2021-06-20 16:32:54,143 - BaiUI.py[line:279] - DEBUG: /【树先生日语】2013-2018年N1音频
2021-06-20 16:32:54,144 - backend.py[line:170] - DEBUG: end Thread
2021-06-20 16:32:56,227 - backend.py[line:93] - DEBUG: subprocess_execute b'\n'
2021-06-20 16:32:56,228 - backend.py[line:93] - DEBUG: subprocess_execute b'\xe5\xbd\x93\xe5\x89\x8d\xe7\x9b\xae\xe5\xbd\x95: /\xe3\x80\x90\xe6\xa0\x91\xe5\x85\x88\xe7\x94\x9f\xe6\x97\xa5\xe8\xaf\xad\xe3\x80\x912013-2018\xe5\xb9\xb4N1\xe9\x9f\xb3\xe9\xa2\x91\n'
2021-06-20 16:32:56,230 - backend.py[line:93] - DEBUG: subprocess_execute b'----\n'
2021-06-20 16:32:56,231 - backend.py[line:93] - DEBUG: subprocess_execute b'  #     \xe6\x96\x87\xe4\xbb\xb6\xe5\xa4\xa7\xe5\xb0\x8f         \xe4\xbf\xae\xe6\x94\xb9\xe6\x97\xa5\xe6\x9c\x9f                      \xe6\x96\x87\xe4\xbb\xb6(\xe7\x9b\xae\xe5\xbd\x95)                \n'
2021-06-20 16:32:56,232 - backend.py[line:93] - DEBUG: subprocess_execute b'   0       24.62MB  2021-05-30 13:03:42  2013\xe5\xb9\xb412\xe6\x9c\x88N1.mp3                        \n'
2021-06-20 16:32:56,233 - backend.py[line:93] - DEBUG: subprocess_execute b'   1       24.23MB  2021-05-30 13:03:42  2013\xe5\xb9\xb47\xe6\x9c\x88N1.mp3                         \n'
2021-06-20 16:32:56,234 - backend.py[line:93] - DEBUG: subprocess_execute b'   2       24.77MB  2021-05-30 13:03:42  2014\xe5\xb9\xb412\xe6\x9c\x88N1.mp3                        \n'
2021-06-20 16:32:56,235 - backend.py[line:93] - DEBUG: subprocess_execute b'   3       25.30MB  2021-05-30 13:03:43  2014\xe5\xb9\xb47\xe6\x9c\x88N1.mp3                         \n'
2021-06-20 16:32:56,236 - backend.py[line:93] - DEBUG: subprocess_execute b'   4       25.44MB  2021-05-30 13:03:42  2015\xe5\xb9\xb412\xe6\x9c\x88N1.mp3                        \n'
2021-06-20 16:32:56,237 - backend.py[line:93] - DEBUG: subprocess_execute b'   5       26.52MB  2021-05-30 13:03:42  2015\xe5\xb9\xb47\xe6\x9c\x88N1.mp3                         \n'
2021-06-20 16:32:56,238 - backend.py[line:93] - DEBUG: subprocess_execute b'   6       26.21MB  2021-05-30 13:03:42  2016\xe5\xb9\xb412\xe6\x9c\x88N1.mp3                        \n'
2021-06-20 16:32:56,242 - backend.py[line:93] - DEBUG: subprocess_execute b'   7       26.44MB  2021-05-30 13:03:42  2016\xe5\xb9\xb47\xe6\x9c\x88N1.mp3                         \n'
2021-06-20 16:32:56,243 - backend.py[line:93] - DEBUG: subprocess_execute b'   8       25.94MB  2021-05-30 13:03:42  2017\xe5\xb9\xb412\xe6\x9c\x88N1.mp3                        \n'
2021-06-20 16:32:56,244 - backend.py[line:93] - DEBUG: subprocess_execute b'   9       23.53MB  2021-05-30 13:03:43  2017\xe5\xb9\xb47\xe6\x9c\x88N1.mp3                         \n'
2021-06-20 16:32:56,245 - backend.py[line:93] - DEBUG: subprocess_execute b'  10       24.63MB  2021-05-30 13:03:42  2018\xe5\xb9\xb412\xe6\x9c\x88N1\xe9\x9f\xb3\xe9\xa2\x91.mp3                    \n'
2021-06-20 16:32:56,246 - backend.py[line:93] - DEBUG: subprocess_execute b'  11       23.60MB  2021-05-30 13:03:42  2018\xe5\xb9\xb47\xe6\x9c\x88N1.mp3                         \n'
2021-06-20 16:32:56,246 - backend.py[line:93] - DEBUG: subprocess_execute b'  12      275.14KB  2021-05-30 13:03:42  \xe3\x80\x90\xe6\xa0\x91\xe5\x85\x88\xe7\x94\x9f\xe6\x97\xa5\xe8\xaf\xadN1\xe3\x80\x91\xe5\xa4\x87\xe8\x80\x83\xe7\xad\x94\xe7\x96\x91\xe7\xbe\xa4\xe5\x92\x8c\xe5\x85\xac\xe4\xbc\x97\xe5\x8f\xb7.jpg  \n'
2021-06-20 16:32:56,247 - backend.py[line:93] - DEBUG: subprocess_execute b'      \xe6\x80\xbb: 301.50MB                       \xe6\x96\x87\xe4\xbb\xb6\xe6\x80\xbb\xe6\x95\xb0: 13, \xe7\x9b\xae\xe5\xbd\x95\xe6\x80\xbb\xe6\x95\xb0: 0               \n'
2021-06-20 16:32:56,248 - backend.py[line:93] - DEBUG: subprocess_execute b'----\n'
2021-06-20 16:32:56,250 - BaiUI.py[line:277] - DEBUG: call processCallback
2021-06-20 16:32:56,251 - BaiUI.py[line:278] - DEBUG: getAllFiles
2021-06-20 16:32:56,251 - BaiUI.py[line:279] - DEBUG: [['0', '24.62MB', '2021-05-30', '13:03:42', '2013年12月N1.mp3'], ['1', '24.23MB', '2021-05-30', '13:03:42', '2013年7月N1.mp3'], ['2', '24.77MB', '2021-05-30', '13:03:42', '2014年12月N1.mp3'], ['3', '25.30MB', '2021-05-30', '13:03:43', '2014年7月N1.mp3'], ['4', '25.44MB', '2021-05-30', '13:03:42', '2015年12月N1.mp3'], ['5', '26.52MB', '2021-05-30', '13:03:42', '2015年7月N1.mp3'], ['6', '26.21MB', '2021-05-30', '13:03:42', '2016年12月N1.mp3'], ['7', '26.44MB', '2021-05-30', '13:03:42', '2016年7月N1.mp3'], ['8', '25.94MB', '2021-05-30', '13:03:42', '2017年12月N1.mp3'], ['9', '23.53MB', '2021-05-30', '13:03:43', '2017年7月N1.mp3'], ['10', '24.63MB', '2021-05-30', '13:03:42', '2018年12月N1音频.mp3'], ['11', '23.60MB', '2021-05-30', '13:03:42', '2018年7月N1.mp3'], ['12', '275.14KB', '2021-05-30', '13:03:42', '【树先生日语N1】备考答疑群和公众号.jpg']]
2021-06-20 16:32:56,254 - backend.py[line:170] - DEBUG: end Thread
2021-06-20 16:32:56,256 - BaiUI.py[line:101] - DEBUG: [['0', '24.62MB', '2021-05-30', '13:03:42', '2013年12月N1.mp3'], ['1', '24.23MB', '2021-05-30', '13:03:42', '2013年7月N1.mp3'], ['2', '24.77MB', '2021-05-30', '13:03:42', '2014年12月N1.mp3'], ['3', '25.30MB', '2021-05-30', '13:03:43', '2014年7月N1.mp3'], ['4', '25.44MB', '2021-05-30', '13:03:42', '2015年12月N1.mp3'], ['5', '26.52MB', '2021-05-30', '13:03:42', '2015年7月N1.mp3'], ['6', '26.21MB', '2021-05-30', '13:03:42', '2016年12月N1.mp3'], ['7', '26.44MB', '2021-05-30', '13:03:42', '2016年7月N1.mp3'], ['8', '25.94MB', '2021-05-30', '13:03:42', '2017年12月N1.mp3'], ['9', '23.53MB', '2021-05-30', '13:03:43', '2017年7月N1.mp3'], ['10', '24.63MB', '2021-05-30', '13:03:42', '2018年12月N1音频.mp3'], ['11', '23.60MB', '2021-05-30', '13:03:42', '2018年7月N1.mp3'], ['12', '275.14KB', '2021-05-30', '13:03:42', '【树先生日语N1】备考答疑群和公众号.jpg']]
2021-06-20 16:32:57,945 - BaiUI.py[line:305] - DEBUG: ['6', '26.21MB', '2021-05-30', '13:03:42', '2016年12月N1.mp3']
2021-06-20 16:32:57,946 - BaiUI.py[line:315] - DEBUG: 
2021-06-20 16:32:57,947 - BaiUI.py[line:319] - DEBUG: start download 2016年12月N1.mp3
2021-06-20 16:32:57,949 - backend.py[line:165] - DEBUG: start Thread
2021-06-20 16:46:51,314 - BaiUI.py[line:322] - DEBUG: closeEvent
2021-06-20 16:46:51,316 - backend.py[line:49] - DEBUG: closeAllThread
2021-06-20 16:46:51,319 - backend.py[line:55] - ERROR: not exist thread
2021-06-20 16:46:51,320 - backend.py[line:55] - ERROR: not exist thread
2021-06-20 16:46:51,321 - backend.py[line:55] - ERROR: not exist thread
