2021-06-20 13:18:49,116 - BaiUI.py[line:312] - DEBUG: Program Start
2021-06-20 13:18:50,319 - BaiUI.py[line:101] - DEBUG: []
2021-06-20 13:18:50,334 - backend.py[line:136] - DEBUG: start Thread
2021-06-20 13:18:50,348 - backend.py[line:136] - DEBUG: start Thread
2021-06-20 13:18:50,520 - backend.py[line:81] - DEBUG: subprocess_execute b'/\xe3\x80\x90\xe6\xa0\x91\xe5\x85\x88\xe7\x94\x9f\xe6\x97\xa5\xe8\xaf\xad\xe3\x80\x912013-2018\xe5\xb9\xb4N1\xe9\x9f\xb3\xe9\xa2\x91\n'
2021-06-20 13:18:50,523 - BaiUI.py[line:261] - DEBUG: call processCallback
2021-06-20 13:18:50,525 - BaiUI.py[line:262] - DEBUG: getCurrentDir
2021-06-20 13:18:50,526 - BaiUI.py[line:263] - DEBUG: /【树先生日语】2013-2018年N1音频
2021-06-20 13:18:50,528 - backend.py[line:140] - DEBUG: end Thread
2021-06-20 13:18:50,834 - backend.py[line:81] - DEBUG: subprocess_execute b'\n'
2021-06-20 13:18:50,835 - backend.py[line:81] - DEBUG: subprocess_execute b'\xe5\xbd\x93\xe5\x89\x8d\xe7\x9b\xae\xe5\xbd\x95: /\xe3\x80\x90\xe6\xa0\x91\xe5\x85\x88\xe7\x94\x9f\xe6\x97\xa5\xe8\xaf\xad\xe3\x80\x912013-2018\xe5\xb9\xb4N1\xe9\x9f\xb3\xe9\xa2\x91\n'
2021-06-20 13:18:50,836 - backend.py[line:81] - DEBUG: subprocess_execute b'----\n'
2021-06-20 13:18:50,837 - backend.py[line:81] - DEBUG: subprocess_execute b'  #     \xe6\x96\x87\xe4\xbb\xb6\xe5\xa4\xa7\xe5\xb0\x8f         \xe4\xbf\xae\xe6\x94\xb9\xe6\x97\xa5\xe6\x9c\x9f                      \xe6\x96\x87\xe4\xbb\xb6(\xe7\x9b\xae\xe5\xbd\x95)                \n'
2021-06-20 13:18:50,837 - backend.py[line:81] - DEBUG: subprocess_execute b'   0       24.62MB  2021-05-30 13:03:42  2013\xe5\xb9\xb412\xe6\x9c\x88N1.mp3                        \n'
2021-06-20 13:18:50,838 - backend.py[line:81] - DEBUG: subprocess_execute b'   1       24.23MB  2021-05-30 13:03:42  2013\xe5\xb9\xb47\xe6\x9c\x88N1.mp3                         \n'
2021-06-20 13:18:50,838 - backend.py[line:81] - DEBUG: subprocess_execute b'   2       24.77MB  2021-05-30 13:03:42  2014\xe5\xb9\xb412\xe6\x9c\x88N1.mp3                        \n'
2021-06-20 13:18:50,839 - backend.py[line:81] - DEBUG: subprocess_execute b'   3       25.30MB  2021-05-30 13:03:43  2014\xe5\xb9\xb47\xe6\x9c\x88N1.mp3                         \n'
2021-06-20 13:18:50,840 - backend.py[line:81] - DEBUG: subprocess_execute b'   4       25.44MB  2021-05-30 13:03:42  2015\xe5\xb9\xb412\xe6\x9c\x88N1.mp3                        \n'
2021-06-20 13:18:50,840 - backend.py[line:81] - DEBUG: subprocess_execute b'   5       26.52MB  2021-05-30 13:03:42  2015\xe5\xb9\xb47\xe6\x9c\x88N1.mp3                         \n'
2021-06-20 13:18:50,841 - backend.py[line:81] - DEBUG: subprocess_execute b'   6       26.21MB  2021-05-30 13:03:42  2016\xe5\xb9\xb412\xe6\x9c\x88N1.mp3                        \n'
2021-06-20 13:18:50,841 - backend.py[line:81] - DEBUG: subprocess_execute b'   7       26.44MB  2021-05-30 13:03:42  2016\xe5\xb9\xb47\xe6\x9c\x88N1.mp3                         \n'
2021-06-20 13:18:50,842 - backend.py[line:81] - DEBUG: subprocess_execute b'   8       25.94MB  2021-05-30 13:03:42  2017\xe5\xb9\xb412\xe6\x9c\x88N1.mp3                        \n'
2021-06-20 13:18:50,843 - backend.py[line:81] - DEBUG: subprocess_execute b'   9       23.53MB  2021-05-30 13:03:43  2017\xe5\xb9\xb47\xe6\x9c\x88N1.mp3                         \n'
2021-06-20 13:18:50,843 - backend.py[line:81] - DEBUG: subprocess_execute b'  10       24.63MB  2021-05-30 13:03:42  2018\xe5\xb9\xb412\xe6\x9c\x88N1\xe9\x9f\xb3\xe9\xa2\x91.mp3                    \n'
2021-06-20 13:18:50,844 - backend.py[line:81] - DEBUG: subprocess_execute b'  11       23.60MB  2021-05-30 13:03:42  2018\xe5\xb9\xb47\xe6\x9c\x88N1.mp3                         \n'
2021-06-20 13:18:50,845 - backend.py[line:81] - DEBUG: subprocess_execute b'  12      275.14KB  2021-05-30 13:03:42  \xe3\x80\x90\xe6\xa0\x91\xe5\x85\x88\xe7\x94\x9f\xe6\x97\xa5\xe8\xaf\xadN1\xe3\x80\x91\xe5\xa4\x87\xe8\x80\x83\xe7\xad\x94\xe7\x96\x91\xe7\xbe\xa4\xe5\x92\x8c\xe5\x85\xac\xe4\xbc\x97\xe5\x8f\xb7.jpg  \n'
2021-06-20 13:18:50,846 - backend.py[line:81] - DEBUG: subprocess_execute b'      \xe6\x80\xbb: 301.50MB                       \xe6\x96\x87\xe4\xbb\xb6\xe6\x80\xbb\xe6\x95\xb0: 13, \xe7\x9b\xae\xe5\xbd\x95\xe6\x80\xbb\xe6\x95\xb0: 0               \n'
2021-06-20 13:18:50,847 - backend.py[line:81] - DEBUG: subprocess_execute b'----\n'
2021-06-20 13:18:50,848 - BaiUI.py[line:261] - DEBUG: call processCallback
2021-06-20 13:18:50,849 - BaiUI.py[line:262] - DEBUG: getAllFiles
2021-06-20 13:18:50,850 - BaiUI.py[line:263] - DEBUG: [['0', '24.62MB', '2021-05-30', '13:03:42', '2013年12月N1.mp3'], ['1', '24.23MB', '2021-05-30', '13:03:42', '2013年7月N1.mp3'], ['2', '24.77MB', '2021-05-30', '13:03:42', '2014年12月N1.mp3'], ['3', '25.30MB', '2021-05-30', '13:03:43', '2014年7月N1.mp3'], ['4', '25.44MB', '2021-05-30', '13:03:42', '2015年12月N1.mp3'], ['5', '26.52MB', '2021-05-30', '13:03:42', '2015年7月N1.mp3'], ['6', '26.21MB', '2021-05-30', '13:03:42', '2016年12月N1.mp3'], ['7', '26.44MB', '2021-05-30', '13:03:42', '2016年7月N1.mp3'], ['8', '25.94MB', '2021-05-30', '13:03:42', '2017年12月N1.mp3'], ['9', '23.53MB', '2021-05-30', '13:03:43', '2017年7月N1.mp3'], ['10', '24.63MB', '2021-05-30', '13:03:42', '2018年12月N1音频.mp3'], ['11', '23.60MB', '2021-05-30', '13:03:42', '2018年7月N1.mp3'], ['12', '275.14KB', '2021-05-30', '13:03:42', '【树先生日语N1】备考答疑群和公众号.jpg']]
2021-06-20 13:18:50,852 - backend.py[line:140] - DEBUG: end Thread
2021-06-20 13:18:50,854 - BaiUI.py[line:101] - DEBUG: [['0', '24.62MB', '2021-05-30', '13:03:42', '2013年12月N1.mp3'], ['1', '24.23MB', '2021-05-30', '13:03:42', '2013年7月N1.mp3'], ['2', '24.77MB', '2021-05-30', '13:03:42', '2014年12月N1.mp3'], ['3', '25.30MB', '2021-05-30', '13:03:43', '2014年7月N1.mp3'], ['4', '25.44MB', '2021-05-30', '13:03:42', '2015年12月N1.mp3'], ['5', '26.52MB', '2021-05-30', '13:03:42', '2015年7月N1.mp3'], ['6', '26.21MB', '2021-05-30', '13:03:42', '2016年12月N1.mp3'], ['7', '26.44MB', '2021-05-30', '13:03:42', '2016年7月N1.mp3'], ['8', '25.94MB', '2021-05-30', '13:03:42', '2017年12月N1.mp3'], ['9', '23.53MB', '2021-05-30', '13:03:43', '2017年7月N1.mp3'], ['10', '24.63MB', '2021-05-30', '13:03:42', '2018年12月N1音频.mp3'], ['11', '23.60MB', '2021-05-30', '13:03:42', '2018年7月N1.mp3'], ['12', '275.14KB', '2021-05-30', '13:03:42', '【树先生日语N1】备考答疑群和公众号.jpg']]
2021-06-20 13:18:52,174 - BaiUI.py[line:288] - DEBUG: ['3', '25.30MB', '2021-05-30', '13:03:43', '2014年7月N1.mp3']
2021-06-20 13:18:52,175 - BaiUI.py[line:298] - DEBUG: 
2021-06-20 13:18:52,176 - BaiUI.py[line:302] - DEBUG: start download 2014年7月N1.mp3
2021-06-20 13:18:52,177 - backend.py[line:136] - DEBUG: start Thread
2021-06-20 13:18:52,179 - backend.py[line:89] - DEBUG: subprocess_execute_realtime ./BaiduPCS-Go d 2014年7月N1.mp3
2021-06-20 13:19:00,948 - BaiUI.py[line:305] - DEBUG: closeEvent
2021-06-20 13:19:00,949 - backend.py[line:41] - DEBUG: closeAllThread
2021-06-20 13:19:00,950 - BaiUI.py[line:309] - ERROR: not exist thread
2021-06-20 13:19:41,479 - backend.py[line:96] - DEBUG: subprocess_execute_realtime b'\n'
2021-06-20 13:19:41,480 - backend.py[line:96] - DEBUG: subprocess_execute_realtime b'[0] \xe6\x8f\x90\xe7\xa4\xba: \xe5\xbd\x93\xe5\x89\x8d\xe4\xb8\x8b\xe8\xbd\xbd\xe6\x9c\x80\xe5\xa4\xa7\xe5\xb9\xb6\xe5\x8f\x91\xe9\x87\x8f\xe4\xb8\xba: 8, \xe4\xb8\x8b\xe8\xbd\xbd\xe7\xbc\x93\xe5\xad\x98\xe4\xb8\xba: 65536\n'
2021-06-20 13:19:41,481 - backend.py[line:96] - DEBUG: subprocess_execute_realtime b'[1] \xe5\x8a\xa0\xe5\x85\xa5\xe4\xb8\x8b\xe8\xbd\xbd\xe9\x98\x9f\xe5\x88\x97: /\xe3\x80\x90\xe6\xa0\x91\xe5\x85\x88\xe7\x94\x9f\xe6\x97\xa5\xe8\xaf\xad\xe3\x80\x912013-2018\xe5\xb9\xb4N1\xe9\x9f\xb3\xe9\xa2\x91/2014\xe5\xb9\xb47\xe6\x9c\x88N1.mp3\n'
2021-06-20 13:19:41,482 - backend.py[line:96] - DEBUG: subprocess_execute_realtime b'\n'
2021-06-20 13:19:41,482 - backend.py[line:96] - DEBUG: subprocess_execute_realtime b'[1] ----\n'
2021-06-20 13:19:41,483 - backend.py[line:96] - DEBUG: subprocess_execute_realtime b'  \xe7\xb1\xbb\xe5\x9e\x8b              \xe6\x96\x87\xe4\xbb\xb6                                              \n'
2021-06-20 13:19:41,484 - backend.py[line:96] - DEBUG: subprocess_execute_realtime b'  \xe6\x96\x87\xe4\xbb\xb6\xe8\xb7\xaf\xe5\xbe\x84          /\xe3\x80\x90\xe6\xa0\x91\xe5\x85\x88\xe7\x94\x9f\xe6\x97\xa5\xe8\xaf\xad\xe3\x80\x912013-2018\xe5\xb9\xb4N1\xe9\x9f\xb3\xe9\xa2\x91/2014\xe5\xb9\xb47\xe6\x9c\x88N1.mp3  \n'
2021-06-20 13:19:41,485 - backend.py[line:96] - DEBUG: subprocess_execute_realtime b'  \xe6\x96\x87\xe4\xbb\xb6\xe5\x90\x8d\xe7\xa7\xb0          2014\xe5\xb9\xb47\xe6\x9c\x88N1.mp3                                   \n'
2021-06-20 13:19:41,485 - backend.py[line:96] - DEBUG: subprocess_execute_realtime b'  \xe6\x96\x87\xe4\xbb\xb6\xe5\xa4\xa7\xe5\xb0\x8f          26525065, 25.296273MB                             \n'
2021-06-20 13:19:41,486 - backend.py[line:96] - DEBUG: subprocess_execute_realtime b'  md5 (\xe6\x88\xaa\xe5\x9b\xbe\xe8\xaf\xb7\xe6\x89\x93\xe7\xa0\x81)  3099a3129a9ca3cbe8840cedbffe1422                  \n'
2021-06-20 13:19:41,487 - backend.py[line:96] - DEBUG: subprocess_execute_realtime b'  app_id            250528                                            \n'
2021-06-20 13:19:41,487 - backend.py[line:96] - DEBUG: subprocess_execute_realtime b'  fs_id             353647156413398                                   \n'
2021-06-20 13:19:41,488 - backend.py[line:96] - DEBUG: subprocess_execute_realtime b'  \xe5\x88\x9b\xe5\xbb\xba\xe6\x97\xa5\xe6\x9c\x9f          2019-06-24 10:11:40                               \n'
2021-06-20 13:19:41,488 - backend.py[line:96] - DEBUG: subprocess_execute_realtime b'  \xe4\xbf\xae\xe6\x94\xb9\xe6\x97\xa5\xe6\x9c\x9f          2021-05-30 13:03:43                               \n'
2021-06-20 13:19:41,489 - backend.py[line:96] - DEBUG: subprocess_execute_realtime b'\n'
2021-06-20 13:19:41,490 - backend.py[line:96] - DEBUG: subprocess_execute_realtime b'[1] \xe5\x87\x86\xe5\xa4\x87\xe4\xb8\x8b\xe8\xbd\xbd: /\xe3\x80\x90\xe6\xa0\x91\xe5\x85\x88\xe7\x94\x9f\xe6\x97\xa5\xe8\xaf\xad\xe3\x80\x912013-2018\xe5\xb9\xb4N1\xe9\x9f\xb3\xe9\xa2\x91/2014\xe5\xb9\xb47\xe6\x9c\x88N1.mp3\n'
2021-06-20 13:19:41,490 - backend.py[line:96] - DEBUG: subprocess_execute_realtime b'[1] \xe5\xb0\x86\xe4\xbc\x9a\xe4\xb8\x8b\xe8\xbd\xbd\xe5\x88\xb0\xe8\xb7\xaf\xe5\xbe\x84: /mnt/usb/BaiduDownload/4733703127_linuxeroero/2014\xe5\xb9\xb47\xe6\x9c\x88N1.mp3\n'
2021-06-20 13:19:41,491 - backend.py[line:96] - DEBUG: subprocess_execute_realtime b'\n'
2021-06-20 13:19:41,492 - backend.py[line:96] - DEBUG: subprocess_execute_realtime b'\r[1] \xe2\x86\x93 6.88MB/25.30MB 2.02MB/s in 1s, left 9s ............\r[1] \xe2\x86\x93 9.56MB/25.30MB 2.35MB/s in 2s, left 6s ............\r[1] \xe2\x86\x93 12.50MB/25.30MB 3.03MB/s in 3s, left 4s ............\r[1] \xe2\x86\x93 15.19MB/25.30MB 2.81MB/s in 4s, left 3s ............\r[1] \xe2\x86\x93 16.88MB/25.30MB 1.77MB/s in 5s, left 4s ............\r[1] \xe2\x86\x93 16.88MB/25.30MB 905.14KB/s in 6s, left 9s ............\r[1] \xe2\x86\x93 16.88MB/25.30MB 905.14KB/s in 7s, left 9s ............\r[1] \xe2\x86\x93 16.88MB/25.30MB 0B/s in 8s, left - ............\r[1] \xe2\x86\x93 16.88MB/25.30MB 0B/s in 9s, left - ............\r[1] \xe2\x86\x93 16.88MB/25.30MB 0B/s in 10s, left - ............\r[1] \xe2\x86\x93 16.88MB/25.30MB 0B/s in 11s, left - ............\r[1] \xe2\x86\x93 16.88MB/25.30MB 0B/s in 12s, left - ............\r[1] \xe2\x86\x93 16.88MB/25.30MB 0B/s in 13s, left - ............\r[1] \xe2\x86\x93 16.88MB/25.30MB 0B/s in 14s, left - ............\r[1] \xe2\x86\x93 16.88MB/25.30MB 0B/s in 15s, left - ............\r[1] \xe2\x86\x93 16.88MB/25.30MB 0B/s in 16s, left - ............\r[1] \xe2\x86\x93 16.88MB/25.30MB 0B/s in 17s, left - ............\r[1] \xe2\x86\x93 16.88MB/25.30MB 0B/s in 18s, left - ............\r[1] \xe2\x86\x93 16.88MB/25.30MB 0B/s in 19s, left - ............\r[1] \xe2\x86\x93 16.88MB/25.30MB 0B/s in 20s, left - ............\r[1] \xe2\x86\x93 16.88MB/25.30MB 0B/s in 21s, left - ............\r[1] \xe2\x86\x93 16.88MB/25.30MB 0B/s in 22s, left - ............\r[1] \xe2\x86\x93 16.88MB/25.30MB 0B/s in 23s, left - ............\r[1] \xe2\x86\x93 16.88MB/25.30MB 0B/s in 24s, left - ............\r[1] \xe2\x86\x93 16.88MB/25.30MB 0B/s in 25s, left - ............\r[1] \xe2\x86\x93 16.88MB/25.30MB 0B/s in 26s, left - ............\r[1] \xe2\x86\x93 16.88MB/25.30MB 0B/s in 27s, left - ............\r[1] \xe2\x86\x93 16.88MB/25.30MB 0B/s in 28s, left - ............\r[1] \xe2\x86\x93 16.88MB/25.30MB 0B/s in 29s, left - ............\r[1] \xe2\x86\x93 16.88MB/25.30MB 0B/s in 30s, left - ............\r[1] \xe2\x86\x93 16.88MB/25.30MB 0B/s in 31s, left - ............\r[1] \xe2\x86\x93 16.88MB/25.30MB 0B/s in 32s, left - ............\r[1] \xe2\x86\x93 16.88MB/25.30MB 0B/s in 33s, left - ............\r[1] \xe2\x86\x93 16.88MB/25.30MB 0B/s in 34s, left - ............\r[1] \xe2\x86\x93 16.88MB/25.30MB 0B/s in 35s, left - ............\r[1] \xe2\x86\x93 18.25MB/25.30MB 800.13KB/s in 36s, left 9s ............\r[1] \xe2\x86\x93 18.81MB/25.30MB 901.09KB/s in 37s, left 7s ............\r[1] \xe2\x86\x93 19.00MB/25.30MB 401.37KB/s in 38s, left 16s ............\r[1] \xe2\x86\x93 19.00MB/25.30MB 200.68KB/s in 39s, left 32s ............\r[1] \xe2\x86\x93 19.07MB/25.30MB 0B/s in 40s, left - ............\r[1] \xe2\x86\x93 21.68MB/25.30MB 869.98KB/s in 41s, left 4s ............\r[1] \xe2\x86\x93 22.35MB/25.30MB 1.62MB/s in 42s, left 1s ............\r[1] \xe2\x86\x93 22.35MB/25.30MB 829.68KB/s in 43s, left 3s ............\r[1] \xe2\x86\x93 23.67MB/25.30MB 740.78KB/s in 44s, left 2s ............\r[1] \xe2\x86\x93 24.12MB/25.30MB 916.54KB/s in 45s, left 1s ............\r[1] \xe2\x86\x93 24.25MB/25.30MB 0B/s in 46s, left - ............\r[1] \xe2\x86\x93 25.20MB/25.30MB 392.62KB/s in 47s, left 0s ............\r[1] \xe2\x86\x93 25.30MB/25.30MB 420.87KB/s in 48s, left 0s ............\n'
2021-06-20 13:19:41,493 - backend.py[line:96] - DEBUG: subprocess_execute_realtime b'[1] \xe4\xb8\x8b\xe8\xbd\xbd\xe5\xae\x8c\xe6\x88\x90, \xe4\xbf\x9d\xe5\xad\x98\xe4\xbd\x8d\xe7\xbd\xae: /mnt/usb/BaiduDownload/4733703127_linuxeroero/2014\xe5\xb9\xb47\xe6\x9c\x88N1.mp3\n'
2021-06-20 13:19:41,493 - backend.py[line:96] - DEBUG: subprocess_execute_realtime b'[1] \xe8\xb7\xb3\xe8\xbf\x87\xe6\x96\x87\xe4\xbb\xb6\xe6\x9c\x89\xe6\x95\x88\xe6\x80\xa7\xe6\xa3\x80\xe9\xaa\x8c\n'
2021-06-20 13:19:41,494 - backend.py[line:96] - DEBUG: subprocess_execute_realtime b'\n'
2021-06-20 13:19:41,495 - backend.py[line:96] - DEBUG: subprocess_execute_realtime b'\xe4\xb8\x8b\xe8\xbd\xbd\xe7\xbb\x93\xe6\x9d\x9f, \xe6\x97\xb6\xe9\x97\xb4: 48.849s, \xe6\x95\xb0\xe6\x8d\xae\xe6\x80\xbb\xe9\x87\x8f: 25.296273MB\n'
