2021-06-21 15:57:24,888 - backend.py[line:17] - DEBUG: Hello Linux
2021-06-21 15:57:24,893 - BaiUI.py[line:356] - DEBUG: Program Start
2021-06-21 15:57:26,137 - BaiUI.py[line:109] - DEBUG: []
2021-06-21 15:57:26,153 - backend.py[line:176] - DEBUG: start Thread: getAllFiles
2021-06-21 15:57:26,156 - backend.py[line:176] - DEBUG: start Thread: getCurrentDir
2021-06-21 15:57:26,325 - backend.py[line:102] - DEBUG: ./BaiduPCS-Go pwd
2021-06-21 15:57:26,327 - backend.py[line:104] - DEBUG: subprocess_execute /【树先生日语】2013-2018年N1音频

2021-06-21 15:57:26,328 - BaiUI.py[line:307] - DEBUG: call processCallback
2021-06-21 15:57:26,329 - BaiUI.py[line:308] - DEBUG: getCurrentDir
2021-06-21 15:57:26,330 - BaiUI.py[line:309] - DEBUG: 频
2021-06-21 15:57:26,331 - backend.py[line:181] - DEBUG: end Thread
2021-06-21 15:57:35,672 - backend.py[line:102] - DEBUG: ./BaiduPCS-Go ls
2021-06-21 15:57:35,673 - backend.py[line:104] - DEBUG: subprocess_execute 

2021-06-21 15:57:35,674 - backend.py[line:104] - DEBUG: subprocess_execute 当前目录: /【树先生日语】2013-2018年N1音频

2021-06-21 15:57:35,675 - backend.py[line:104] - DEBUG: subprocess_execute ----

2021-06-21 15:57:35,676 - backend.py[line:104] - DEBUG: subprocess_execute   #     文件大小         修改日期                      文件(目录)                

2021-06-21 15:57:35,676 - backend.py[line:104] - DEBUG: subprocess_execute    0       24.62MB  2021-05-30 13:03:42  2013年12月N1.mp3                        

2021-06-21 15:57:35,677 - backend.py[line:104] - DEBUG: subprocess_execute    1       24.23MB  2021-05-30 13:03:42  2013年7月N1.mp3                         

2021-06-21 15:57:35,678 - backend.py[line:104] - DEBUG: subprocess_execute    2       24.77MB  2021-05-30 13:03:42  2014年12月N1.mp3                        

2021-06-21 15:57:35,678 - backend.py[line:104] - DEBUG: subprocess_execute    3       25.30MB  2021-05-30 13:03:43  2014年7月N1.mp3                         

2021-06-21 15:57:35,679 - backend.py[line:104] - DEBUG: subprocess_execute    4       25.44MB  2021-05-30 13:03:42  2015年12月N1.mp3                        

2021-06-21 15:57:35,679 - backend.py[line:104] - DEBUG: subprocess_execute    5       26.52MB  2021-05-30 13:03:42  2015年7月N1.mp3                         

2021-06-21 15:57:35,680 - backend.py[line:104] - DEBUG: subprocess_execute    6       26.21MB  2021-05-30 13:03:42  2016年12月N1.mp3                        

2021-06-21 15:57:35,681 - backend.py[line:104] - DEBUG: subprocess_execute    7       26.44MB  2021-05-30 13:03:42  2016年7月N1.mp3                         

2021-06-21 15:57:35,681 - backend.py[line:104] - DEBUG: subprocess_execute    8       25.94MB  2021-05-30 13:03:42  2017年12月N1.mp3                        

2021-06-21 15:57:35,682 - backend.py[line:104] - DEBUG: subprocess_execute    9       23.53MB  2021-05-30 13:03:43  2017年7月N1.mp3                         

2021-06-21 15:57:35,684 - backend.py[line:104] - DEBUG: subprocess_execute   10       24.63MB  2021-05-30 13:03:42  2018年12月N1音频.mp3                    

2021-06-21 15:57:35,685 - backend.py[line:104] - DEBUG: subprocess_execute   11       23.60MB  2021-05-30 13:03:42  2018年7月N1.mp3                         

2021-06-21 15:57:35,685 - backend.py[line:104] - DEBUG: subprocess_execute   12      275.14KB  2021-05-30 13:03:42  【树先生日语N1】备考答疑群和公众号.jpg  

2021-06-21 15:57:35,686 - backend.py[line:104] - DEBUG: subprocess_execute       总: 301.50MB                       文件总数: 13, 目录总数: 0               

2021-06-21 15:57:35,687 - backend.py[line:104] - DEBUG: subprocess_execute ----

2021-06-21 15:57:35,688 - BaiUI.py[line:307] - DEBUG: call processCallback
2021-06-21 15:57:35,689 - BaiUI.py[line:308] - DEBUG: getAllFiles
2021-06-21 15:57:35,690 - BaiUI.py[line:309] - DEBUG: ['12', '275.14KB', '2021-05-30', '13:03:42', '【树先生日语N1】备考答疑群和公众号.jpg']
2021-06-21 15:57:35,693 - BaiUI.py[line:109] - DEBUG: [['0', '24.62MB', '2021-05-30', '13:03:42', '2013年12月N1.mp3'], ['1', '24.23MB', '2021-05-30', '13:03:42', '2013年7月N1.mp3'], ['2', '24.77MB', '2021-05-30', '13:03:42', '2014年12月N1.mp3'], ['3', '25.30MB', '2021-05-30', '13:03:43', '2014年7月N1.mp3'], ['4', '25.44MB', '2021-05-30', '13:03:42', '2015年12月N1.mp3'], ['5', '26.52MB', '2021-05-30', '13:03:42', '2015年7月N1.mp3'], ['6', '26.21MB', '2021-05-30', '13:03:42', '2016年12月N1.mp3'], ['7', '26.44MB', '2021-05-30', '13:03:42', '2016年7月N1.mp3'], ['8', '25.94MB', '2021-05-30', '13:03:42', '2017年12月N1.mp3'], ['9', '23.53MB', '2021-05-30', '13:03:43', '2017年7月N1.mp3'], ['10', '24.63MB', '2021-05-30', '13:03:42', '2018年12月N1音频.mp3'], ['11', '23.60MB', '2021-05-30', '13:03:42', '2018年7月N1.mp3'], ['12', '275.14KB', '2021-05-30', '13:03:42', '【树先生日语N1】备考答疑群和公众号.jpg']]
2021-06-21 15:57:35,695 - backend.py[line:181] - DEBUG: end Thread
2021-06-21 15:57:39,518 - BaiUI.py[line:335] - DEBUG: ['6', '26.21MB', '2021-05-30', '13:03:42', '2016年12月N1.mp3']
2021-06-21 15:57:39,519 - BaiUI.py[line:345] - DEBUG: 
2021-06-21 15:57:39,520 - BaiUI.py[line:349] - DEBUG: start download 2016年12月N1.mp3
2021-06-21 15:57:39,521 - backend.py[line:176] - DEBUG: start Thread: downloadFiles
2021-06-21 15:57:39,522 - backend.py[line:118] - DEBUG: subprocess_execute_realtime ./BaiduPCS-Go d 2016年12月N1.mp3
2021-06-21 15:57:42,528 - BaiUI.py[line:307] - DEBUG: call processCallback
2021-06-21 15:57:42,529 - BaiUI.py[line:308] - DEBUG: downloadFiles
2021-06-21 15:57:42,530 - BaiUI.py[line:309] - DEBUG: [1] ↓ 384.00KB/26.21MB 1.41MB/s in 1.32s, left 18s ............
2021-06-21 15:57:42,531 - BaiUI.py[line:289] - DEBUG: down_id: 0
2021-06-21 15:57:45,535 - BaiUI.py[line:307] - DEBUG: call processCallback
2021-06-21 15:57:45,536 - BaiUI.py[line:308] - DEBUG: downloadFiles
2021-06-21 15:57:45,537 - BaiUI.py[line:309] - DEBUG: [1] ↓ 384.00KB/26.21MB 1.41MB/s in 1.32s, left 18s ............[1] ↓ 2.06MB/26.21MB 1.60MB/s in 2.32s, left 15s ............[1] ↓ 4.00MB/26.21MB 2.08MB/s in 3.32s, left 10s ............[1] ↓ 5.00MB/26.21MB 1.55MB/s in 4.32s, left 13s ............
2021-06-21 15:57:45,539 - BaiUI.py[line:289] - DEBUG: down_id: 0
2021-06-21 15:57:48,542 - BaiUI.py[line:307] - DEBUG: call processCallback
2021-06-21 15:57:48,543 - BaiUI.py[line:308] - DEBUG: downloadFiles
2021-06-21 15:57:48,543 - BaiUI.py[line:309] - DEBUG: [1] 下载文件失败, 403 Forbidden, 重试 1/3

2021-06-21 15:57:48,545 - BaiUI.py[line:289] - DEBUG: down_id: 0
2021-06-21 15:57:51,548 - BaiUI.py[line:307] - DEBUG: call processCallback
2021-06-21 15:57:51,549 - BaiUI.py[line:308] - DEBUG: downloadFiles
2021-06-21 15:57:51,549 - BaiUI.py[line:309] - DEBUG: 

2021-06-21 15:57:51,551 - BaiUI.py[line:289] - DEBUG: down_id: 0
2021-06-21 15:57:54,555 - BaiUI.py[line:307] - DEBUG: call processCallback
2021-06-21 15:57:54,555 - BaiUI.py[line:308] - DEBUG: downloadFiles
2021-06-21 15:57:54,556 - BaiUI.py[line:309] - DEBUG: [1] 下载文件失败, 403 Forbidden, 重试 2/3

2021-06-21 15:57:54,558 - BaiUI.py[line:289] - DEBUG: down_id: 0
2021-06-21 15:57:57,561 - BaiUI.py[line:307] - DEBUG: call processCallback
2021-06-21 15:57:57,562 - BaiUI.py[line:308] - DEBUG: downloadFiles
2021-06-21 15:57:57,564 - BaiUI.py[line:309] - DEBUG: [1] 下载文件失败, 403 Forbidden, 重试 2/3

2021-06-21 15:57:57,566 - BaiUI.py[line:289] - DEBUG: down_id: 0
2021-06-21 15:58:00,569 - BaiUI.py[line:307] - DEBUG: call processCallback
2021-06-21 15:58:00,570 - BaiUI.py[line:308] - DEBUG: downloadFiles
2021-06-21 15:58:00,571 - BaiUI.py[line:309] - DEBUG: [1] 下载文件失败, 403 Forbidden, 重试 3/3

2021-06-21 15:58:00,574 - BaiUI.py[line:289] - DEBUG: down_id: 0
2021-06-21 15:58:03,576 - BaiUI.py[line:307] - DEBUG: call processCallback
2021-06-21 15:58:03,577 - BaiUI.py[line:308] - DEBUG: downloadFiles
2021-06-21 15:58:03,578 - BaiUI.py[line:309] - DEBUG: [1] 下载文件失败, 403 Forbidden, 重试 3/3

2021-06-21 15:58:03,580 - BaiUI.py[line:289] - DEBUG: down_id: 0
2021-06-21 15:58:06,584 - BaiUI.py[line:307] - DEBUG: call processCallback
2021-06-21 15:58:06,585 - BaiUI.py[line:308] - DEBUG: downloadFiles
2021-06-21 15:58:06,586 - BaiUI.py[line:309] - DEBUG: 

2021-06-21 15:58:06,589 - BaiUI.py[line:289] - DEBUG: down_id: 0
2021-06-21 15:58:08,436 - BaiUI.py[line:307] - DEBUG: call processCallback
2021-06-21 15:58:08,437 - BaiUI.py[line:308] - DEBUG: downloadFiles
