2021-06-21 13:47:54,504 - backend.py[line:17] - DEBUG: Hello Linux
2021-06-21 13:47:54,509 - BaiUI.py[line:347] - DEBUG: Program Start
2021-06-21 13:47:55,923 - BaiUI.py[line:109] - DEBUG: []
2021-06-21 13:47:55,938 - backend.py[line:177] - DEBUG: start Thread: getAllFiles
2021-06-21 13:47:55,952 - backend.py[line:177] - DEBUG: start Thread: getCurrentDir
2021-06-21 13:47:56,163 - backend.py[line:103] - DEBUG: ./BaiduPCS-Go pwd
2021-06-21 13:47:56,166 - backend.py[line:105] - DEBUG: subprocess_execute /【树先生日语】2013-2018年N1音频

2021-06-21 13:47:56,168 - BaiUI.py[line:298] - DEBUG: call processCallback
2021-06-21 13:47:56,170 - BaiUI.py[line:299] - DEBUG: getCurrentDir
2021-06-21 13:47:56,173 - BaiUI.py[line:300] - DEBUG: /【树先生日语】2013-2018年N1音频
2021-06-21 13:47:56,174 - backend.py[line:182] - DEBUG: end Thread
2021-06-21 13:47:56,576 - backend.py[line:103] - DEBUG: ./BaiduPCS-Go ls
2021-06-21 13:47:56,577 - backend.py[line:105] - DEBUG: subprocess_execute 

2021-06-21 13:47:56,578 - backend.py[line:105] - DEBUG: subprocess_execute 当前目录: /【树先生日语】2013-2018年N1音频

2021-06-21 13:47:56,579 - backend.py[line:105] - DEBUG: subprocess_execute ----

2021-06-21 13:47:56,580 - backend.py[line:105] - DEBUG: subprocess_execute   #     文件大小         修改日期                      文件(目录)                

2021-06-21 13:47:56,580 - backend.py[line:105] - DEBUG: subprocess_execute    0       24.62MB  2021-05-30 13:03:42  2013年12月N1.mp3                        

2021-06-21 13:47:56,581 - backend.py[line:105] - DEBUG: subprocess_execute    1       24.23MB  2021-05-30 13:03:42  2013年7月N1.mp3                         

2021-06-21 13:47:56,582 - backend.py[line:105] - DEBUG: subprocess_execute    2       24.77MB  2021-05-30 13:03:42  2014年12月N1.mp3                        

2021-06-21 13:47:56,582 - backend.py[line:105] - DEBUG: subprocess_execute    3       25.30MB  2021-05-30 13:03:43  2014年7月N1.mp3                         

2021-06-21 13:47:56,583 - backend.py[line:105] - DEBUG: subprocess_execute    4       25.44MB  2021-05-30 13:03:42  2015年12月N1.mp3                        

2021-06-21 13:47:56,584 - backend.py[line:105] - DEBUG: subprocess_execute    5       26.52MB  2021-05-30 13:03:42  2015年7月N1.mp3                         

2021-06-21 13:47:56,586 - backend.py[line:105] - DEBUG: subprocess_execute    6       26.21MB  2021-05-30 13:03:42  2016年12月N1.mp3                        

2021-06-21 13:47:56,587 - backend.py[line:105] - DEBUG: subprocess_execute    7       26.44MB  2021-05-30 13:03:42  2016年7月N1.mp3                         

2021-06-21 13:47:56,588 - backend.py[line:105] - DEBUG: subprocess_execute    8       25.94MB  2021-05-30 13:03:42  2017年12月N1.mp3                        

2021-06-21 13:47:56,588 - backend.py[line:105] - DEBUG: subprocess_execute    9       23.53MB  2021-05-30 13:03:43  2017年7月N1.mp3                         

2021-06-21 13:47:56,589 - backend.py[line:105] - DEBUG: subprocess_execute   10       24.63MB  2021-05-30 13:03:42  2018年12月N1音频.mp3                    

2021-06-21 13:47:56,590 - backend.py[line:105] - DEBUG: subprocess_execute   11       23.60MB  2021-05-30 13:03:42  2018年7月N1.mp3                         

2021-06-21 13:47:56,591 - backend.py[line:105] - DEBUG: subprocess_execute   12      275.14KB  2021-05-30 13:03:42  【树先生日语N1】备考答疑群和公众号.jpg  

2021-06-21 13:47:56,592 - backend.py[line:105] - DEBUG: subprocess_execute       总: 301.50MB                       文件总数: 13, 目录总数: 0               

2021-06-21 13:47:56,593 - backend.py[line:105] - DEBUG: subprocess_execute ----

2021-06-21 13:47:56,595 - BaiUI.py[line:298] - DEBUG: call processCallback
2021-06-21 13:47:56,596 - BaiUI.py[line:299] - DEBUG: getAllFiles
2021-06-21 13:47:56,597 - BaiUI.py[line:300] - DEBUG: [['0', '24.62MB', '2021-05-30', '13:03:42', '2013年12月N1.mp3'], ['1', '24.23MB', '2021-05-30', '13:03:42', '2013年7月N1.mp3'], ['2', '24.77MB', '2021-05-30', '13:03:42', '2014年12月N1.mp3'], ['3', '25.30MB', '2021-05-30', '13:03:43', '2014年7月N1.mp3'], ['4', '25.44MB', '2021-05-30', '13:03:42', '2015年12月N1.mp3'], ['5', '26.52MB', '2021-05-30', '13:03:42', '2015年7月N1.mp3'], ['6', '26.21MB', '2021-05-30', '13:03:42', '2016年12月N1.mp3'], ['7', '26.44MB', '2021-05-30', '13:03:42', '2016年7月N1.mp3'], ['8', '25.94MB', '2021-05-30', '13:03:42', '2017年12月N1.mp3'], ['9', '23.53MB', '2021-05-30', '13:03:43', '2017年7月N1.mp3'], ['10', '24.63MB', '2021-05-30', '13:03:42', '2018年12月N1音频.mp3'], ['11', '23.60MB', '2021-05-30', '13:03:42', '2018年7月N1.mp3'], ['12', '275.14KB', '2021-05-30', '13:03:42', '【树先生日语N1】备考答疑群和公众号.jpg']]
2021-06-21 13:47:56,600 - backend.py[line:182] - DEBUG: end Thread
2021-06-21 13:47:56,602 - BaiUI.py[line:109] - DEBUG: [['0', '24.62MB', '2021-05-30', '13:03:42', '2013年12月N1.mp3'], ['1', '24.23MB', '2021-05-30', '13:03:42', '2013年7月N1.mp3'], ['2', '24.77MB', '2021-05-30', '13:03:42', '2014年12月N1.mp3'], ['3', '25.30MB', '2021-05-30', '13:03:43', '2014年7月N1.mp3'], ['4', '25.44MB', '2021-05-30', '13:03:42', '2015年12月N1.mp3'], ['5', '26.52MB', '2021-05-30', '13:03:42', '2015年7月N1.mp3'], ['6', '26.21MB', '2021-05-30', '13:03:42', '2016年12月N1.mp3'], ['7', '26.44MB', '2021-05-30', '13:03:42', '2016年7月N1.mp3'], ['8', '25.94MB', '2021-05-30', '13:03:42', '2017年12月N1.mp3'], ['9', '23.53MB', '2021-05-30', '13:03:43', '2017年7月N1.mp3'], ['10', '24.63MB', '2021-05-30', '13:03:42', '2018年12月N1音频.mp3'], ['11', '23.60MB', '2021-05-30', '13:03:42', '2018年7月N1.mp3'], ['12', '275.14KB', '2021-05-30', '13:03:42', '【树先生日语N1】备考答疑群和公众号.jpg']]
2021-06-21 13:48:00,285 - BaiUI.py[line:326] - DEBUG: ['1', '24.23MB', '2021-05-30', '13:03:42', '2013年7月N1.mp3']
2021-06-21 13:48:00,286 - BaiUI.py[line:336] - DEBUG: 
2021-06-21 13:48:00,287 - BaiUI.py[line:340] - DEBUG: start download 2013年7月N1.mp3
2021-06-21 13:48:00,288 - backend.py[line:177] - DEBUG: start Thread: downloadFiles
2021-06-21 13:48:00,290 - backend.py[line:119] - DEBUG: subprocess_execute_realtime ./BaiduPCS-Go d 2013年7月N1.mp3
2021-06-21 13:48:03,295 - BaiUI.py[line:298] - DEBUG: call processCallback
2021-06-21 13:48:03,296 - BaiUI.py[line:299] - DEBUG: downloadFiles
2021-06-21 13:48:03,297 - BaiUI.py[line:300] - DEBUG: ['down_id:0', '\n', '[0] 提示: 当前下载最大并发量为: 8, 下载缓存为: 65536\n', '[1] 加入下载队列: /【树先生日语】2013-2018年N1音频/2013年7月N1.mp3\n', '\n', '[1] ----\n', '  类型              文件                                              \n', '  文件路径          /【树先生日语】2013-2018年N1音频/2013年7月N1.mp3  \n', '  文件名称          2013年7月N1.mp3                                   \n', '  文件大小          25404169, 24.227304MB                             \n', '  md5 (可能不正确)  7edb197e39d84509377588b8e95c9780                  \n', '  app_id            250528                                            \n', '  fs_id             421115117380488                                   \n', '  创建日期          2019-06-24 10:11:27                               \n', '  修改日期          2021-05-30 13:03:42                               \n', '\n', '[1] 准备下载: /【树先生日语】2013-2018年N1音频/2013年7月N1.mp3\n', '[1] 将会下载到路径: /mnt/usb/BaiduDownload/4733703127_linuxeroero/2013年7月N1.mp3\n', '\n', '\r[1] ↓ 1.25MB/24.23MB 2.12MB/s in 1.27s, left 10s ............']
2021-06-21 13:48:03,299 - BaiUI.py[line:281] - DEBUG: down_id: 0
