2021-06-21 12:57:33,609 - backend.py[line:17] - DEBUG: Hello Linux
2021-06-21 12:57:33,614 - BaiUI.py[line:334] - DEBUG: Program Start
2021-06-21 12:57:34,839 - BaiUI.py[line:104] - DEBUG: []
2021-06-21 12:57:34,854 - backend.py[line:177] - DEBUG: start Thread: getAllFiles
2021-06-21 12:57:34,856 - backend.py[line:177] - DEBUG: start Thread: getCurrentDir
2021-06-21 12:57:35,006 - backend.py[line:103] - DEBUG: ./BaiduPCS-Go pwd
2021-06-21 12:57:35,017 - backend.py[line:105] - DEBUG: subprocess_execute /【树先生日语】2013-2018年N1音频

2021-06-21 12:57:35,022 - BaiUI.py[line:285] - DEBUG: call processCallback
2021-06-21 12:57:35,023 - BaiUI.py[line:286] - DEBUG: getCurrentDir
2021-06-21 12:57:35,023 - BaiUI.py[line:287] - DEBUG: /【树先生日语】2013-2018年N1音频
2021-06-21 12:57:35,024 - backend.py[line:182] - DEBUG: end Thread
2021-06-21 12:57:35,362 - backend.py[line:103] - DEBUG: ./BaiduPCS-Go ls
2021-06-21 12:57:35,364 - backend.py[line:105] - DEBUG: subprocess_execute 

2021-06-21 12:57:35,365 - backend.py[line:105] - DEBUG: subprocess_execute 当前目录: /【树先生日语】2013-2018年N1音频

2021-06-21 12:57:35,366 - backend.py[line:105] - DEBUG: subprocess_execute ----

2021-06-21 12:57:35,367 - backend.py[line:105] - DEBUG: subprocess_execute   #     文件大小         修改日期                      文件(目录)                

2021-06-21 12:57:35,367 - backend.py[line:105] - DEBUG: subprocess_execute    0       24.62MB  2021-05-30 13:03:42  2013年12月N1.mp3                        

2021-06-21 12:57:35,368 - backend.py[line:105] - DEBUG: subprocess_execute    1       24.23MB  2021-05-30 13:03:42  2013年7月N1.mp3                         

2021-06-21 12:57:35,369 - backend.py[line:105] - DEBUG: subprocess_execute    2       24.77MB  2021-05-30 13:03:42  2014年12月N1.mp3                        

2021-06-21 12:57:35,370 - backend.py[line:105] - DEBUG: subprocess_execute    3       25.30MB  2021-05-30 13:03:43  2014年7月N1.mp3                         

2021-06-21 12:57:35,371 - backend.py[line:105] - DEBUG: subprocess_execute    4       25.44MB  2021-05-30 13:03:42  2015年12月N1.mp3                        

2021-06-21 12:57:35,372 - backend.py[line:105] - DEBUG: subprocess_execute    5       26.52MB  2021-05-30 13:03:42  2015年7月N1.mp3                         

2021-06-21 12:57:35,372 - backend.py[line:105] - DEBUG: subprocess_execute    6       26.21MB  2021-05-30 13:03:42  2016年12月N1.mp3                        

2021-06-21 12:57:35,373 - backend.py[line:105] - DEBUG: subprocess_execute    7       26.44MB  2021-05-30 13:03:42  2016年7月N1.mp3                         

2021-06-21 12:57:35,374 - backend.py[line:105] - DEBUG: subprocess_execute    8       25.94MB  2021-05-30 13:03:42  2017年12月N1.mp3                        

2021-06-21 12:57:35,375 - backend.py[line:105] - DEBUG: subprocess_execute    9       23.53MB  2021-05-30 13:03:43  2017年7月N1.mp3                         

2021-06-21 12:57:35,376 - backend.py[line:105] - DEBUG: subprocess_execute   10       24.63MB  2021-05-30 13:03:42  2018年12月N1音频.mp3                    

2021-06-21 12:57:35,377 - backend.py[line:105] - DEBUG: subprocess_execute   11       23.60MB  2021-05-30 13:03:42  2018年7月N1.mp3                         

2021-06-21 12:57:35,378 - backend.py[line:105] - DEBUG: subprocess_execute   12      275.14KB  2021-05-30 13:03:42  【树先生日语N1】备考答疑群和公众号.jpg  

2021-06-21 12:57:35,379 - backend.py[line:105] - DEBUG: subprocess_execute       总: 301.50MB                       文件总数: 13, 目录总数: 0               

2021-06-21 12:57:35,380 - backend.py[line:105] - DEBUG: subprocess_execute ----

2021-06-21 12:57:35,381 - BaiUI.py[line:285] - DEBUG: call processCallback
2021-06-21 12:57:35,382 - BaiUI.py[line:286] - DEBUG: getAllFiles
2021-06-21 12:57:35,383 - BaiUI.py[line:287] - DEBUG: [['0', '24.62MB', '2021-05-30', '13:03:42', '2013年12月N1.mp3'], ['1', '24.23MB', '2021-05-30', '13:03:42', '2013年7月N1.mp3'], ['2', '24.77MB', '2021-05-30', '13:03:42', '2014年12月N1.mp3'], ['3', '25.30MB', '2021-05-30', '13:03:43', '2014年7月N1.mp3'], ['4', '25.44MB', '2021-05-30', '13:03:42', '2015年12月N1.mp3'], ['5', '26.52MB', '2021-05-30', '13:03:42', '2015年7月N1.mp3'], ['6', '26.21MB', '2021-05-30', '13:03:42', '2016年12月N1.mp3'], ['7', '26.44MB', '2021-05-30', '13:03:42', '2016年7月N1.mp3'], ['8', '25.94MB', '2021-05-30', '13:03:42', '2017年12月N1.mp3'], ['9', '23.53MB', '2021-05-30', '13:03:43', '2017年7月N1.mp3'], ['10', '24.63MB', '2021-05-30', '13:03:42', '2018年12月N1音频.mp3'], ['11', '23.60MB', '2021-05-30', '13:03:42', '2018年7月N1.mp3'], ['12', '275.14KB', '2021-05-30', '13:03:42', '【树先生日语N1】备考答疑群和公众号.jpg']]
2021-06-21 12:57:35,387 - backend.py[line:182] - DEBUG: end Thread
2021-06-21 12:57:35,388 - BaiUI.py[line:104] - DEBUG: [['0', '24.62MB', '2021-05-30', '13:03:42', '2013年12月N1.mp3'], ['1', '24.23MB', '2021-05-30', '13:03:42', '2013年7月N1.mp3'], ['2', '24.77MB', '2021-05-30', '13:03:42', '2014年12月N1.mp3'], ['3', '25.30MB', '2021-05-30', '13:03:43', '2014年7月N1.mp3'], ['4', '25.44MB', '2021-05-30', '13:03:42', '2015年12月N1.mp3'], ['5', '26.52MB', '2021-05-30', '13:03:42', '2015年7月N1.mp3'], ['6', '26.21MB', '2021-05-30', '13:03:42', '2016年12月N1.mp3'], ['7', '26.44MB', '2021-05-30', '13:03:42', '2016年7月N1.mp3'], ['8', '25.94MB', '2021-05-30', '13:03:42', '2017年12月N1.mp3'], ['9', '23.53MB', '2021-05-30', '13:03:43', '2017年7月N1.mp3'], ['10', '24.63MB', '2021-05-30', '13:03:42', '2018年12月N1音频.mp3'], ['11', '23.60MB', '2021-05-30', '13:03:42', '2018年7月N1.mp3'], ['12', '275.14KB', '2021-05-30', '13:03:42', '【树先生日语N1】备考答疑群和公众号.jpg']]
2021-06-21 12:59:27,815 - BaiUI.py[line:313] - DEBUG: ['0', '0', '0', '0', '../']
2021-06-21 12:59:27,816 - BaiUI.py[line:316] - DEBUG: return back to up path ../
2021-06-21 12:59:27,817 - BaiUI.py[line:323] - DEBUG: /
2021-06-21 12:59:27,819 - backend.py[line:177] - DEBUG: start Thread: changeDir
2021-06-21 12:59:28,974 - backend.py[line:103] - DEBUG: ./BaiduPCS-Go cd /
2021-06-21 12:59:28,977 - backend.py[line:105] - DEBUG: subprocess_execute 改变工作目录: /

2021-06-21 12:59:28,978 - BaiUI.py[line:285] - DEBUG: call processCallback
2021-06-21 12:59:28,979 - BaiUI.py[line:286] - DEBUG: changeDir
2021-06-21 12:59:28,980 - BaiUI.py[line:287] - DEBUG: None
2021-06-21 12:59:28,981 - backend.py[line:182] - DEBUG: end Thread
2021-06-21 12:59:28,983 - backend.py[line:177] - DEBUG: start Thread: getCurrentDir
2021-06-21 12:59:28,984 - backend.py[line:177] - DEBUG: start Thread: getAllFiles
2021-06-21 12:59:29,125 - backend.py[line:103] - DEBUG: ./BaiduPCS-Go pwd
2021-06-21 12:59:29,127 - backend.py[line:105] - DEBUG: subprocess_execute /

2021-06-21 12:59:29,128 - BaiUI.py[line:285] - DEBUG: call processCallback
2021-06-21 12:59:29,129 - BaiUI.py[line:286] - DEBUG: getCurrentDir
2021-06-21 12:59:29,130 - BaiUI.py[line:287] - DEBUG: /
2021-06-21 12:59:29,134 - backend.py[line:182] - DEBUG: end Thread
2021-06-21 12:59:29,603 - backend.py[line:103] - DEBUG: ./BaiduPCS-Go ls
2021-06-21 12:59:29,604 - backend.py[line:105] - DEBUG: subprocess_execute 

2021-06-21 12:59:29,604 - backend.py[line:105] - DEBUG: subprocess_execute 当前目录: /

2021-06-21 12:59:29,606 - backend.py[line:105] - DEBUG: subprocess_execute ----

2021-06-21 12:59:29,607 - backend.py[line:105] - DEBUG: subprocess_execute   #  文件大小       修改日期                   文件(目录)             

2021-06-21 12:59:29,608 - backend.py[line:105] - DEBUG: subprocess_execute   0         -  2021-05-30 13:03:42  【树先生日语】2013-2018年N1音频/  

2021-06-21 12:59:29,608 - backend.py[line:105] - DEBUG: subprocess_execute   1         -  2021-06-01 20:44:16  百度网盘学霸大礼包/               

2021-06-21 12:59:29,609 - backend.py[line:105] - DEBUG: subprocess_execute        总: 0B                       文件总数: 0, 目录总数: 2          

2021-06-21 12:59:29,610 - backend.py[line:105] - DEBUG: subprocess_execute ----

2021-06-21 12:59:29,611 - BaiUI.py[line:285] - DEBUG: call processCallback
2021-06-21 12:59:29,612 - BaiUI.py[line:286] - DEBUG: getAllFiles
2021-06-21 12:59:29,612 - BaiUI.py[line:287] - DEBUG: [['0', '-', '2021-05-30', '13:03:42', '【树先生日语】2013-2018年N1音频/'], ['1', '-', '2021-06-01', '20:44:16', '百度网盘学霸大礼包/']]
2021-06-21 12:59:29,614 - BaiUI.py[line:104] - DEBUG: [['0', '-', '2021-05-30', '13:03:42', '【树先生日语】2013-2018年N1音频/'], ['1', '-', '2021-06-01', '20:44:16', '百度网盘学霸大礼包/']]
2021-06-21 12:59:29,615 - backend.py[line:182] - DEBUG: end Thread
2021-06-21 12:59:32,549 - BaiUI.py[line:313] - DEBUG: ['0', '-', '2021-05-30', '13:03:42', '【树先生日语】2013-2018年N1音频/']
2021-06-21 12:59:32,550 - BaiUI.py[line:320] - DEBUG: current dir: 【树先生日语】2013-2018年N1音频/
2021-06-21 12:59:32,551 - BaiUI.py[line:323] - DEBUG: 【树先生日语】2013-2018年N1音频/
2021-06-21 12:59:32,552 - backend.py[line:177] - DEBUG: start Thread: changeDir
2021-06-21 12:59:37,975 - backend.py[line:103] - DEBUG: ./BaiduPCS-Go cd 【树先生日语】2013-2018年N1音频/
2021-06-21 12:59:37,976 - backend.py[line:105] - DEBUG: subprocess_execute 改变工作目录: /【树先生日语】2013-2018年N1音频

2021-06-21 12:59:37,977 - BaiUI.py[line:285] - DEBUG: call processCallback
2021-06-21 12:59:37,978 - BaiUI.py[line:286] - DEBUG: changeDir
2021-06-21 12:59:37,979 - BaiUI.py[line:287] - DEBUG: None
2021-06-21 12:59:37,979 - backend.py[line:182] - DEBUG: end Thread
2021-06-21 12:59:37,981 - backend.py[line:177] - DEBUG: start Thread: getCurrentDir
2021-06-21 12:59:37,983 - backend.py[line:177] - DEBUG: start Thread: getAllFiles
2021-06-21 12:59:38,106 - backend.py[line:103] - DEBUG: ./BaiduPCS-Go pwd
2021-06-21 12:59:38,108 - backend.py[line:105] - DEBUG: subprocess_execute /【树先生日语】2013-2018年N1音频

2021-06-21 12:59:38,110 - BaiUI.py[line:285] - DEBUG: call processCallback
2021-06-21 12:59:38,111 - BaiUI.py[line:286] - DEBUG: getCurrentDir
2021-06-21 12:59:38,111 - BaiUI.py[line:287] - DEBUG: /【树先生日语】2013-2018年N1音频
2021-06-21 12:59:38,113 - backend.py[line:182] - DEBUG: end Thread
2021-06-21 12:59:38,482 - backend.py[line:103] - DEBUG: ./BaiduPCS-Go ls
2021-06-21 12:59:38,483 - backend.py[line:105] - DEBUG: subprocess_execute 

2021-06-21 12:59:38,484 - backend.py[line:105] - DEBUG: subprocess_execute 当前目录: /【树先生日语】2013-2018年N1音频

2021-06-21 12:59:38,485 - backend.py[line:105] - DEBUG: subprocess_execute ----

2021-06-21 12:59:38,485 - backend.py[line:105] - DEBUG: subprocess_execute   #     文件大小         修改日期                      文件(目录)                

2021-06-21 12:59:38,486 - backend.py[line:105] - DEBUG: subprocess_execute    0       24.62MB  2021-05-30 13:03:42  2013年12月N1.mp3                        

2021-06-21 12:59:38,487 - backend.py[line:105] - DEBUG: subprocess_execute    1       24.23MB  2021-05-30 13:03:42  2013年7月N1.mp3                         

2021-06-21 12:59:38,487 - backend.py[line:105] - DEBUG: subprocess_execute    2       24.77MB  2021-05-30 13:03:42  2014年12月N1.mp3                        

2021-06-21 12:59:38,488 - backend.py[line:105] - DEBUG: subprocess_execute    3       25.30MB  2021-05-30 13:03:43  2014年7月N1.mp3                         

2021-06-21 12:59:38,489 - backend.py[line:105] - DEBUG: subprocess_execute    4       25.44MB  2021-05-30 13:03:42  2015年12月N1.mp3                        

2021-06-21 12:59:38,489 - backend.py[line:105] - DEBUG: subprocess_execute    5       26.52MB  2021-05-30 13:03:42  2015年7月N1.mp3                         

2021-06-21 12:59:38,490 - backend.py[line:105] - DEBUG: subprocess_execute    6       26.21MB  2021-05-30 13:03:42  2016年12月N1.mp3                        

2021-06-21 12:59:38,491 - backend.py[line:105] - DEBUG: subprocess_execute    7       26.44MB  2021-05-30 13:03:42  2016年7月N1.mp3                         

2021-06-21 12:59:38,491 - backend.py[line:105] - DEBUG: subprocess_execute    8       25.94MB  2021-05-30 13:03:42  2017年12月N1.mp3                        

2021-06-21 12:59:38,492 - backend.py[line:105] - DEBUG: subprocess_execute    9       23.53MB  2021-05-30 13:03:43  2017年7月N1.mp3                         

2021-06-21 12:59:38,492 - backend.py[line:105] - DEBUG: subprocess_execute   10       24.63MB  2021-05-30 13:03:42  2018年12月N1音频.mp3                    

2021-06-21 12:59:38,493 - backend.py[line:105] - DEBUG: subprocess_execute   11       23.60MB  2021-05-30 13:03:42  2018年7月N1.mp3                         

2021-06-21 12:59:38,494 - backend.py[line:105] - DEBUG: subprocess_execute   12      275.14KB  2021-05-30 13:03:42  【树先生日语N1】备考答疑群和公众号.jpg  

2021-06-21 12:59:38,494 - backend.py[line:105] - DEBUG: subprocess_execute       总: 301.50MB                       文件总数: 13, 目录总数: 0               

2021-06-21 12:59:38,495 - backend.py[line:105] - DEBUG: subprocess_execute ----

2021-06-21 12:59:38,496 - BaiUI.py[line:285] - DEBUG: call processCallback
2021-06-21 12:59:38,497 - BaiUI.py[line:286] - DEBUG: getAllFiles
2021-06-21 12:59:38,498 - BaiUI.py[line:287] - DEBUG: [['0', '24.62MB', '2021-05-30', '13:03:42', '2013年12月N1.mp3'], ['1', '24.23MB', '2021-05-30', '13:03:42', '2013年7月N1.mp3'], ['2', '24.77MB', '2021-05-30', '13:03:42', '2014年12月N1.mp3'], ['3', '25.30MB', '2021-05-30', '13:03:43', '2014年7月N1.mp3'], ['4', '25.44MB', '2021-05-30', '13:03:42', '2015年12月N1.mp3'], ['5', '26.52MB', '2021-05-30', '13:03:42', '2015年7月N1.mp3'], ['6', '26.21MB', '2021-05-30', '13:03:42', '2016年12月N1.mp3'], ['7', '26.44MB', '2021-05-30', '13:03:42', '2016年7月N1.mp3'], ['8', '25.94MB', '2021-05-30', '13:03:42', '2017年12月N1.mp3'], ['9', '23.53MB', '2021-05-30', '13:03:43', '2017年7月N1.mp3'], ['10', '24.63MB', '2021-05-30', '13:03:42', '2018年12月N1音频.mp3'], ['11', '23.60MB', '2021-05-30', '13:03:42', '2018年7月N1.mp3'], ['12', '275.14KB', '2021-05-30', '13:03:42', '【树先生日语N1】备考答疑群和公众号.jpg']]
2021-06-21 12:59:38,501 - BaiUI.py[line:104] - DEBUG: [['0', '24.62MB', '2021-05-30', '13:03:42', '2013年12月N1.mp3'], ['1', '24.23MB', '2021-05-30', '13:03:42', '2013年7月N1.mp3'], ['2', '24.77MB', '2021-05-30', '13:03:42', '2014年12月N1.mp3'], ['3', '25.30MB', '2021-05-30', '13:03:43', '2014年7月N1.mp3'], ['4', '25.44MB', '2021-05-30', '13:03:42', '2015年12月N1.mp3'], ['5', '26.52MB', '2021-05-30', '13:03:42', '2015年7月N1.mp3'], ['6', '26.21MB', '2021-05-30', '13:03:42', '2016年12月N1.mp3'], ['7', '26.44MB', '2021-05-30', '13:03:42', '2016年7月N1.mp3'], ['8', '25.94MB', '2021-05-30', '13:03:42', '2017年12月N1.mp3'], ['9', '23.53MB', '2021-05-30', '13:03:43', '2017年7月N1.mp3'], ['10', '24.63MB', '2021-05-30', '13:03:42', '2018年12月N1音频.mp3'], ['11', '23.60MB', '2021-05-30', '13:03:42', '2018年7月N1.mp3'], ['12', '275.14KB', '2021-05-30', '13:03:42', '【树先生日语N1】备考答疑群和公众号.jpg']]
2021-06-21 12:59:38,511 - backend.py[line:182] - DEBUG: end Thread
2021-06-21 12:59:42,517 - BaiUI.py[line:330] - DEBUG: closeEvent
2021-06-21 12:59:42,518 - backend.py[line:60] - DEBUG: closeAllThread
2021-06-21 12:59:42,518 - backend.py[line:66] - ERROR: not exist thread
2021-06-21 12:59:42,519 - backend.py[line:66] - ERROR: not exist thread
2021-06-21 12:59:42,520 - backend.py[line:66] - ERROR: not exist thread
2021-06-21 12:59:42,520 - backend.py[line:66] - ERROR: not exist thread
2021-06-21 12:59:42,521 - backend.py[line:66] - ERROR: not exist thread
2021-06-21 12:59:42,522 - backend.py[line:66] - ERROR: not exist thread
2021-06-21 12:59:42,522 - backend.py[line:66] - ERROR: not exist thread
2021-06-21 12:59:42,523 - backend.py[line:66] - ERROR: not exist thread
