2021-06-19 15:47:52,962 - BaiUI.py[line:303] - DEBUG: Program Start
2021-06-19 15:47:54,174 - BaiUI.py[line:101] - DEBUG: []
2021-06-19 15:47:54,189 - backend.py[line:111] - DEBUG: start Thread
2021-06-19 15:47:54,192 - backend.py[line:111] - DEBUG: start Thread
2021-06-19 15:47:54,336 - BaiUI.py[line:259] - DEBUG: call processCallback
2021-06-19 15:47:54,337 - BaiUI.py[line:260] - DEBUG: getCurrentDir
2021-06-19 15:47:54,339 - BaiUI.py[line:261] - DEBUG: /
2021-06-19 15:47:54,340 - backend.py[line:115] - DEBUG: end Thread
2021-06-19 15:47:54,907 - BaiUI.py[line:259] - DEBUG: call processCallback
2021-06-19 15:47:54,908 - BaiUI.py[line:260] - DEBUG: getAllFiles
2021-06-19 15:47:54,914 - BaiUI.py[line:261] - DEBUG: [['0', '-', '2021-05-30', '13:03:42', '【树先生日语】2013-2018年N1音频/'], ['1', '-', '2021-06-01', '20:44:16', '百度网盘学霸大礼包/']]
2021-06-19 15:47:54,916 - backend.py[line:115] - DEBUG: end Thread
2021-06-19 15:47:54,917 - BaiUI.py[line:101] - DEBUG: [['0', '-', '2021-05-30', '13:03:42', '【树先生日语】2013-2018年N1音频/'], ['1', '-', '2021-06-01', '20:44:16', '百度网盘学霸大礼包/']]
2021-06-19 15:47:57,230 - BaiUI.py[line:285] - DEBUG: ['0', '-', '2021-05-30', '13:03:42', '【树先生日语】2013-2018年N1音频/']
2021-06-19 15:47:57,231 - BaiUI.py[line:292] - DEBUG: current dir: 【树先生日语】2013-2018年N1音频/
2021-06-19 15:47:57,232 - BaiUI.py[line:295] - DEBUG: 【树先生日语】2013-2018年N1音频/
2021-06-19 15:47:57,234 - backend.py[line:111] - DEBUG: start Thread
2021-06-19 15:48:04,435 - BaiUI.py[line:259] - DEBUG: call processCallback
2021-06-19 15:48:04,436 - BaiUI.py[line:260] - DEBUG: changeDir
2021-06-19 15:48:04,437 - BaiUI.py[line:261] - DEBUG: None
2021-06-19 15:48:04,437 - backend.py[line:115] - DEBUG: end Thread
2021-06-19 15:48:04,439 - backend.py[line:111] - DEBUG: start Thread
2021-06-19 15:48:04,440 - backend.py[line:111] - DEBUG: start Thread
2021-06-19 15:48:04,576 - BaiUI.py[line:259] - DEBUG: call processCallback
2021-06-19 15:48:04,577 - BaiUI.py[line:260] - DEBUG: getCurrentDir
2021-06-19 15:48:04,578 - BaiUI.py[line:261] - DEBUG: /【树先生日语】2013-2018年N1音频
2021-06-19 15:48:04,588 - backend.py[line:115] - DEBUG: end Thread
2021-06-19 15:48:05,003 - BaiUI.py[line:259] - DEBUG: call processCallback
2021-06-19 15:48:05,004 - BaiUI.py[line:260] - DEBUG: getAllFiles
2021-06-19 15:48:05,005 - BaiUI.py[line:261] - DEBUG: [['0', '24.62MB', '2021-05-30', '13:03:42', '2013年12月N1.mp3'], ['1', '24.23MB', '2021-05-30', '13:03:42', '2013年7月N1.mp3'], ['2', '24.77MB', '2021-05-30', '13:03:42', '2014年12月N1.mp3'], ['3', '25.30MB', '2021-05-30', '13:03:43', '2014年7月N1.mp3'], ['4', '25.44MB', '2021-05-30', '13:03:42', '2015年12月N1.mp3'], ['5', '26.52MB', '2021-05-30', '13:03:42', '2015年7月N1.mp3'], ['6', '26.21MB', '2021-05-30', '13:03:42', '2016年12月N1.mp3'], ['7', '26.44MB', '2021-05-30', '13:03:42', '2016年7月N1.mp3'], ['8', '25.94MB', '2021-05-30', '13:03:42', '2017年12月N1.mp3'], ['9', '23.53MB', '2021-05-30', '13:03:43', '2017年7月N1.mp3'], ['10', '24.63MB', '2021-05-30', '13:03:42', '2018年12月N1音频.mp3'], ['11', '23.60MB', '2021-05-30', '13:03:42', '2018年7月N1.mp3'], ['12', '275.14KB', '2021-05-30', '13:03:42', '【树先生日语N1】备考答疑群和公众号.jpg']]
2021-06-19 15:48:05,007 - backend.py[line:115] - DEBUG: end Thread
2021-06-19 15:48:05,009 - BaiUI.py[line:101] - DEBUG: [['0', '24.62MB', '2021-05-30', '13:03:42', '2013年12月N1.mp3'], ['1', '24.23MB', '2021-05-30', '13:03:42', '2013年7月N1.mp3'], ['2', '24.77MB', '2021-05-30', '13:03:42', '2014年12月N1.mp3'], ['3', '25.30MB', '2021-05-30', '13:03:43', '2014年7月N1.mp3'], ['4', '25.44MB', '2021-05-30', '13:03:42', '2015年12月N1.mp3'], ['5', '26.52MB', '2021-05-30', '13:03:42', '2015年7月N1.mp3'], ['6', '26.21MB', '2021-05-30', '13:03:42', '2016年12月N1.mp3'], ['7', '26.44MB', '2021-05-30', '13:03:42', '2016年7月N1.mp3'], ['8', '25.94MB', '2021-05-30', '13:03:42', '2017年12月N1.mp3'], ['9', '23.53MB', '2021-05-30', '13:03:43', '2017年7月N1.mp3'], ['10', '24.63MB', '2021-05-30', '13:03:42', '2018年12月N1音频.mp3'], ['11', '23.60MB', '2021-05-30', '13:03:42', '2018年7月N1.mp3'], ['12', '275.14KB', '2021-05-30', '13:03:42', '【树先生日语N1】备考答疑群和公众号.jpg']]
2021-06-19 15:48:10,934 - BaiUI.py[line:285] - DEBUG: ['0', '0', '0', '0', '../']
2021-06-19 15:48:10,935 - BaiUI.py[line:288] - DEBUG: return back to up path ../
2021-06-19 15:48:10,936 - BaiUI.py[line:295] - DEBUG: /
2021-06-19 15:48:10,938 - backend.py[line:111] - DEBUG: start Thread
2021-06-19 15:48:11,693 - BaiUI.py[line:259] - DEBUG: call processCallback
2021-06-19 15:48:11,695 - BaiUI.py[line:260] - DEBUG: changeDir
2021-06-19 15:48:11,696 - BaiUI.py[line:261] - DEBUG: None
2021-06-19 15:48:11,697 - backend.py[line:115] - DEBUG: end Thread
2021-06-19 15:48:11,699 - backend.py[line:111] - DEBUG: start Thread
2021-06-19 15:48:11,700 - backend.py[line:111] - DEBUG: start Thread
2021-06-19 15:48:11,824 - BaiUI.py[line:259] - DEBUG: call processCallback
2021-06-19 15:48:11,826 - BaiUI.py[line:260] - DEBUG: getCurrentDir
2021-06-19 15:48:11,826 - BaiUI.py[line:261] - DEBUG: /
2021-06-19 15:48:11,827 - backend.py[line:115] - DEBUG: end Thread
2021-06-19 15:48:12,304 - BaiUI.py[line:259] - DEBUG: call processCallback
2021-06-19 15:48:12,305 - BaiUI.py[line:260] - DEBUG: getAllFiles
2021-06-19 15:48:12,306 - BaiUI.py[line:261] - DEBUG: [['0', '-', '2021-05-30', '13:03:42', '【树先生日语】2013-2018年N1音频/'], ['1', '-', '2021-06-01', '20:44:16', '百度网盘学霸大礼包/']]
2021-06-19 15:48:12,307 - backend.py[line:115] - DEBUG: end Thread
2021-06-19 15:48:12,308 - BaiUI.py[line:101] - DEBUG: [['0', '-', '2021-05-30', '13:03:42', '【树先生日语】2013-2018年N1音频/'], ['1', '-', '2021-06-01', '20:44:16', '百度网盘学霸大礼包/']]
2021-06-19 15:48:13,988 - BaiUI.py[line:285] - DEBUG: ['0', '-', '2021-05-30', '13:03:42', '【树先生日语】2013-2018年N1音频/']
2021-06-19 15:48:13,989 - BaiUI.py[line:292] - DEBUG: current dir: 【树先生日语】2013-2018年N1音频/
2021-06-19 15:48:13,990 - BaiUI.py[line:295] - DEBUG: 【树先生日语】2013-2018年N1音频/
2021-06-19 15:48:13,991 - backend.py[line:111] - DEBUG: start Thread
2021-06-19 15:48:16,329 - BaiUI.py[line:259] - DEBUG: call processCallback
2021-06-19 15:48:16,330 - BaiUI.py[line:260] - DEBUG: changeDir
2021-06-19 15:48:16,331 - BaiUI.py[line:261] - DEBUG: None
2021-06-19 15:48:16,332 - backend.py[line:115] - DEBUG: end Thread
2021-06-19 15:48:16,333 - backend.py[line:111] - DEBUG: start Thread
2021-06-19 15:48:16,335 - backend.py[line:111] - DEBUG: start Thread
2021-06-19 15:48:16,469 - BaiUI.py[line:259] - DEBUG: call processCallback
2021-06-19 15:48:16,470 - BaiUI.py[line:260] - DEBUG: getCurrentDir
2021-06-19 15:48:16,471 - BaiUI.py[line:261] - DEBUG: /【树先生日语】2013-2018年N1音频
2021-06-19 15:48:16,478 - backend.py[line:115] - DEBUG: end Thread
2021-06-19 15:48:16,795 - BaiUI.py[line:259] - DEBUG: call processCallback
2021-06-19 15:48:16,796 - BaiUI.py[line:260] - DEBUG: getAllFiles
2021-06-19 15:48:16,796 - BaiUI.py[line:261] - DEBUG: [['0', '24.62MB', '2021-05-30', '13:03:42', '2013年12月N1.mp3'], ['1', '24.23MB', '2021-05-30', '13:03:42', '2013年7月N1.mp3'], ['2', '24.77MB', '2021-05-30', '13:03:42', '2014年12月N1.mp3'], ['3', '25.30MB', '2021-05-30', '13:03:43', '2014年7月N1.mp3'], ['4', '25.44MB', '2021-05-30', '13:03:42', '2015年12月N1.mp3'], ['5', '26.52MB', '2021-05-30', '13:03:42', '2015年7月N1.mp3'], ['6', '26.21MB', '2021-05-30', '13:03:42', '2016年12月N1.mp3'], ['7', '26.44MB', '2021-05-30', '13:03:42', '2016年7月N1.mp3'], ['8', '25.94MB', '2021-05-30', '13:03:42', '2017年12月N1.mp3'], ['9', '23.53MB', '2021-05-30', '13:03:43', '2017年7月N1.mp3'], ['10', '24.63MB', '2021-05-30', '13:03:42', '2018年12月N1音频.mp3'], ['11', '23.60MB', '2021-05-30', '13:03:42', '2018年7月N1.mp3'], ['12', '275.14KB', '2021-05-30', '13:03:42', '【树先生日语N1】备考答疑群和公众号.jpg']]
2021-06-19 15:48:16,799 - BaiUI.py[line:101] - DEBUG: [['0', '24.62MB', '2021-05-30', '13:03:42', '2013年12月N1.mp3'], ['1', '24.23MB', '2021-05-30', '13:03:42', '2013年7月N1.mp3'], ['2', '24.77MB', '2021-05-30', '13:03:42', '2014年12月N1.mp3'], ['3', '25.30MB', '2021-05-30', '13:03:43', '2014年7月N1.mp3'], ['4', '25.44MB', '2021-05-30', '13:03:42', '2015年12月N1.mp3'], ['5', '26.52MB', '2021-05-30', '13:03:42', '2015年7月N1.mp3'], ['6', '26.21MB', '2021-05-30', '13:03:42', '2016年12月N1.mp3'], ['7', '26.44MB', '2021-05-30', '13:03:42', '2016年7月N1.mp3'], ['8', '25.94MB', '2021-05-30', '13:03:42', '2017年12月N1.mp3'], ['9', '23.53MB', '2021-05-30', '13:03:43', '2017年7月N1.mp3'], ['10', '24.63MB', '2021-05-30', '13:03:42', '2018年12月N1音频.mp3'], ['11', '23.60MB', '2021-05-30', '13:03:42', '2018年7月N1.mp3'], ['12', '275.14KB', '2021-05-30', '13:03:42', '【树先生日语N1】备考答疑群和公众号.jpg']]
2021-06-19 15:48:16,803 - backend.py[line:115] - DEBUG: end Thread
2021-06-19 15:48:24,066 - BaiUI.py[line:285] - DEBUG: ['0', '0', '0', '0', '../']
2021-06-19 15:48:24,067 - BaiUI.py[line:288] - DEBUG: return back to up path ../
2021-06-19 15:48:24,067 - BaiUI.py[line:295] - DEBUG: /
2021-06-19 15:48:24,069 - backend.py[line:111] - DEBUG: start Thread
2021-06-19 15:48:27,061 - BaiUI.py[line:259] - DEBUG: call processCallback
2021-06-19 15:48:27,062 - BaiUI.py[line:260] - DEBUG: changeDir
2021-06-19 15:48:27,063 - BaiUI.py[line:261] - DEBUG: None
2021-06-19 15:48:27,064 - backend.py[line:115] - DEBUG: end Thread
2021-06-19 15:48:27,065 - backend.py[line:111] - DEBUG: start Thread
2021-06-19 15:48:27,067 - backend.py[line:111] - DEBUG: start Thread
2021-06-19 15:48:27,183 - BaiUI.py[line:259] - DEBUG: call processCallback
2021-06-19 15:48:27,184 - BaiUI.py[line:260] - DEBUG: getCurrentDir
2021-06-19 15:48:27,185 - BaiUI.py[line:261] - DEBUG: /
2021-06-19 15:48:27,186 - backend.py[line:115] - DEBUG: end Thread
2021-06-19 15:48:27,568 - BaiUI.py[line:259] - DEBUG: call processCallback
2021-06-19 15:48:27,570 - BaiUI.py[line:260] - DEBUG: getAllFiles
2021-06-19 15:48:27,571 - BaiUI.py[line:261] - DEBUG: [['0', '-', '2021-05-30', '13:03:42', '【树先生日语】2013-2018年N1音频/'], ['1', '-', '2021-06-01', '20:44:16', '百度网盘学霸大礼包/']]
2021-06-19 15:48:27,573 - BaiUI.py[line:101] - DEBUG: [['0', '-', '2021-05-30', '13:03:42', '【树先生日语】2013-2018年N1音频/'], ['1', '-', '2021-06-01', '20:44:16', '百度网盘学霸大礼包/']]
2021-06-19 15:48:27,579 - backend.py[line:115] - DEBUG: end Thread
2021-06-19 15:48:30,289 - BaiUI.py[line:285] - DEBUG: ['1', '-', '2021-06-01', '20:44:16', '百度网盘学霸大礼包/']
2021-06-19 15:48:30,290 - BaiUI.py[line:292] - DEBUG: current dir: 百度网盘学霸大礼包/
2021-06-19 15:48:30,291 - BaiUI.py[line:295] - DEBUG: 百度网盘学霸大礼包/
2021-06-19 15:48:30,292 - backend.py[line:111] - DEBUG: start Thread
2021-06-19 15:48:31,064 - BaiUI.py[line:259] - DEBUG: call processCallback
2021-06-19 15:48:31,065 - BaiUI.py[line:260] - DEBUG: changeDir
2021-06-19 15:48:31,066 - BaiUI.py[line:261] - DEBUG: None
2021-06-19 15:48:31,067 - backend.py[line:115] - DEBUG: end Thread
2021-06-19 15:48:31,068 - backend.py[line:111] - DEBUG: start Thread
2021-06-19 15:48:31,070 - backend.py[line:111] - DEBUG: start Thread
2021-06-19 15:48:31,207 - BaiUI.py[line:259] - DEBUG: call processCallback
2021-06-19 15:48:31,208 - BaiUI.py[line:260] - DEBUG: getCurrentDir
2021-06-19 15:48:31,209 - BaiUI.py[line:261] - DEBUG: /百度网盘学霸大礼包
2021-06-19 15:48:31,215 - backend.py[line:115] - DEBUG: end Thread
2021-06-19 15:48:31,622 - BaiUI.py[line:259] - DEBUG: call processCallback
2021-06-19 15:48:31,623 - BaiUI.py[line:260] - DEBUG: getAllFiles
2021-06-19 15:48:31,624 - BaiUI.py[line:261] - DEBUG: [['0', '-', '2021-06-01', '20:44:17', '通用能力'], ['1', '-', '2021-06-01', '20:44:17', '通用能力']]
2021-06-19 15:48:31,625 - backend.py[line:115] - DEBUG: end Thread
2021-06-19 15:48:31,626 - BaiUI.py[line:101] - DEBUG: [['0', '-', '2021-06-01', '20:44:17', '通用能力'], ['1', '-', '2021-06-01', '20:44:17', '通用能力']]
2021-06-19 15:48:32,809 - BaiUI.py[line:285] - DEBUG: ['1', '-', '2021-06-01', '20:44:17', '通用能力']
2021-06-19 15:48:32,810 - BaiUI.py[line:295] - DEBUG: 
2021-06-19 15:48:32,811 - BaiUI.py[line:299] - DEBUG: start download 通用能力
