2021-06-21 15:04:39,182 - backend.py[line:17] - DEBUG: Hello Linux
2021-06-21 15:04:39,189 - BaiUI.py[line:354] - DEBUG: Program Start
2021-06-21 15:04:40,499 - BaiUI.py[line:109] - DEBUG: []
2021-06-21 15:04:40,520 - backend.py[line:177] - DEBUG: start Thread: getAllFiles
2021-06-21 15:04:40,537 - backend.py[line:177] - DEBUG: start Thread: getCurrentDir
2021-06-21 15:04:40,795 - backend.py[line:103] - DEBUG: ./BaiduPCS-Go pwd
2021-06-21 15:04:40,801 - backend.py[line:105] - DEBUG: subprocess_execute /【树先生日语】2013-2018年N1音频

2021-06-21 15:04:40,807 - BaiUI.py[line:305] - DEBUG: call processCallback
2021-06-21 15:04:40,818 - BaiUI.py[line:306] - DEBUG: getCurrentDir
2021-06-21 15:04:40,820 - BaiUI.py[line:307] - DEBUG: /【树先生日语】2013-2018年N1音频
2021-06-21 15:04:40,822 - backend.py[line:182] - DEBUG: end Thread
2021-06-21 15:04:41,196 - backend.py[line:103] - DEBUG: ./BaiduPCS-Go ls
2021-06-21 15:04:41,197 - backend.py[line:105] - DEBUG: subprocess_execute 

2021-06-21 15:04:41,198 - backend.py[line:105] - DEBUG: subprocess_execute 当前目录: /【树先生日语】2013-2018年N1音频

2021-06-21 15:04:41,199 - backend.py[line:105] - DEBUG: subprocess_execute ----

2021-06-21 15:04:41,200 - backend.py[line:105] - DEBUG: subprocess_execute   #     文件大小         修改日期                      文件(目录)                

2021-06-21 15:04:41,201 - backend.py[line:105] - DEBUG: subprocess_execute    0       24.62MB  2021-05-30 13:03:42  2013年12月N1.mp3                        

2021-06-21 15:04:41,201 - backend.py[line:105] - DEBUG: subprocess_execute    1       24.23MB  2021-05-30 13:03:42  2013年7月N1.mp3                         

2021-06-21 15:04:41,202 - backend.py[line:105] - DEBUG: subprocess_execute    2       24.77MB  2021-05-30 13:03:42  2014年12月N1.mp3                        

2021-06-21 15:04:41,203 - backend.py[line:105] - DEBUG: subprocess_execute    3       25.30MB  2021-05-30 13:03:43  2014年7月N1.mp3                         

2021-06-21 15:04:41,204 - backend.py[line:105] - DEBUG: subprocess_execute    4       25.44MB  2021-05-30 13:03:42  2015年12月N1.mp3                        

2021-06-21 15:04:41,206 - backend.py[line:105] - DEBUG: subprocess_execute    5       26.52MB  2021-05-30 13:03:42  2015年7月N1.mp3                         

2021-06-21 15:04:41,207 - backend.py[line:105] - DEBUG: subprocess_execute    6       26.21MB  2021-05-30 13:03:42  2016年12月N1.mp3                        

2021-06-21 15:04:41,208 - backend.py[line:105] - DEBUG: subprocess_execute    7       26.44MB  2021-05-30 13:03:42  2016年7月N1.mp3                         

2021-06-21 15:04:41,209 - backend.py[line:105] - DEBUG: subprocess_execute    8       25.94MB  2021-05-30 13:03:42  2017年12月N1.mp3                        

2021-06-21 15:04:41,210 - backend.py[line:105] - DEBUG: subprocess_execute    9       23.53MB  2021-05-30 13:03:43  2017年7月N1.mp3                         

2021-06-21 15:04:41,211 - backend.py[line:105] - DEBUG: subprocess_execute   10       24.63MB  2021-05-30 13:03:42  2018年12月N1音频.mp3                    

2021-06-21 15:04:41,212 - backend.py[line:105] - DEBUG: subprocess_execute   11       23.60MB  2021-05-30 13:03:42  2018年7月N1.mp3                         

2021-06-21 15:04:41,214 - backend.py[line:105] - DEBUG: subprocess_execute   12      275.14KB  2021-05-30 13:03:42  【树先生日语N1】备考答疑群和公众号.jpg  

2021-06-21 15:04:41,216 - backend.py[line:105] - DEBUG: subprocess_execute       总: 301.50MB                       文件总数: 13, 目录总数: 0               

2021-06-21 15:04:41,217 - backend.py[line:105] - DEBUG: subprocess_execute ----

2021-06-21 15:04:41,219 - BaiUI.py[line:305] - DEBUG: call processCallback
2021-06-21 15:04:41,220 - BaiUI.py[line:306] - DEBUG: getAllFiles
2021-06-21 15:04:41,221 - BaiUI.py[line:307] - DEBUG: [['0', '24.62MB', '2021-05-30', '13:03:42', '2013年12月N1.mp3'], ['1', '24.23MB', '2021-05-30', '13:03:42', '2013年7月N1.mp3'], ['2', '24.77MB', '2021-05-30', '13:03:42', '2014年12月N1.mp3'], ['3', '25.30MB', '2021-05-30', '13:03:43', '2014年7月N1.mp3'], ['4', '25.44MB', '2021-05-30', '13:03:42', '2015年12月N1.mp3'], ['5', '26.52MB', '2021-05-30', '13:03:42', '2015年7月N1.mp3'], ['6', '26.21MB', '2021-05-30', '13:03:42', '2016年12月N1.mp3'], ['7', '26.44MB', '2021-05-30', '13:03:42', '2016年7月N1.mp3'], ['8', '25.94MB', '2021-05-30', '13:03:42', '2017年12月N1.mp3'], ['9', '23.53MB', '2021-05-30', '13:03:43', '2017年7月N1.mp3'], ['10', '24.63MB', '2021-05-30', '13:03:42', '2018年12月N1音频.mp3'], ['11', '23.60MB', '2021-05-30', '13:03:42', '2018年7月N1.mp3'], ['12', '275.14KB', '2021-05-30', '13:03:42', '【树先生日语N1】备考答疑群和公众号.jpg']]
2021-06-21 15:04:41,227 - backend.py[line:182] - DEBUG: end Thread
2021-06-21 15:04:41,229 - BaiUI.py[line:109] - DEBUG: [['0', '24.62MB', '2021-05-30', '13:03:42', '2013年12月N1.mp3'], ['1', '24.23MB', '2021-05-30', '13:03:42', '2013年7月N1.mp3'], ['2', '24.77MB', '2021-05-30', '13:03:42', '2014年12月N1.mp3'], ['3', '25.30MB', '2021-05-30', '13:03:43', '2014年7月N1.mp3'], ['4', '25.44MB', '2021-05-30', '13:03:42', '2015年12月N1.mp3'], ['5', '26.52MB', '2021-05-30', '13:03:42', '2015年7月N1.mp3'], ['6', '26.21MB', '2021-05-30', '13:03:42', '2016年12月N1.mp3'], ['7', '26.44MB', '2021-05-30', '13:03:42', '2016年7月N1.mp3'], ['8', '25.94MB', '2021-05-30', '13:03:42', '2017年12月N1.mp3'], ['9', '23.53MB', '2021-05-30', '13:03:43', '2017年7月N1.mp3'], ['10', '24.63MB', '2021-05-30', '13:03:42', '2018年12月N1音频.mp3'], ['11', '23.60MB', '2021-05-30', '13:03:42', '2018年7月N1.mp3'], ['12', '275.14KB', '2021-05-30', '13:03:42', '【树先生日语N1】备考答疑群和公众号.jpg']]
2021-06-21 15:04:43,674 - BaiUI.py[line:333] - DEBUG: ['6', '26.21MB', '2021-05-30', '13:03:42', '2016年12月N1.mp3']
2021-06-21 15:04:43,675 - BaiUI.py[line:343] - DEBUG: 
2021-06-21 15:04:43,676 - BaiUI.py[line:347] - DEBUG: start download 2016年12月N1.mp3
2021-06-21 15:04:43,677 - backend.py[line:177] - DEBUG: start Thread: downloadFiles
2021-06-21 15:04:43,679 - backend.py[line:119] - DEBUG: subprocess_execute_realtime ./BaiduPCS-Go d 2016年12月N1.mp3
2021-06-21 15:04:46,684 - BaiUI.py[line:305] - DEBUG: call processCallback
2021-06-21 15:04:46,685 - BaiUI.py[line:306] - DEBUG: downloadFiles
2021-06-21 15:04:46,686 - BaiUI.py[line:307] - DEBUG: ['down_id:0', '\n', '[0] 提示: 当前下载最大并发量为: 8, 下载缓存为: 65536\n']
2021-06-21 15:04:46,687 - BaiUI.py[line:287] - DEBUG: down_id: 0
2021-06-21 15:04:49,691 - BaiUI.py[line:305] - DEBUG: call processCallback
2021-06-21 15:04:49,691 - BaiUI.py[line:306] - DEBUG: downloadFiles
2021-06-21 15:04:49,692 - BaiUI.py[line:307] - DEBUG: ['down_id:0', '\n', '[0] 提示: 当前下载最大并发量为: 8, 下载缓存为: 65536\n']
2021-06-21 15:04:49,693 - BaiUI.py[line:287] - DEBUG: down_id: 0
2021-06-21 15:04:52,697 - BaiUI.py[line:305] - DEBUG: call processCallback
2021-06-21 15:04:52,698 - BaiUI.py[line:306] - DEBUG: downloadFiles
2021-06-21 15:04:52,699 - BaiUI.py[line:307] - DEBUG: ['down_id:0', '\n', '[0] 提示: 当前下载最大并发量为: 8, 下载缓存为: 65536\n', '[1] 加入下载队列: /【树先生日语】2013-2018年N1音频/2016年12月N1.mp3\n', '\n', '[1] ----\n', '  类型              文件                                               \n', '  文件路径          /【树先生日语】2013-2018年N1音频/2016年12月N1.mp3  \n', '  文件名称          2016年12月N1.mp3                                   \n', '  文件大小          27484596, 26.211353MB                              \n', '  md5 (截图请打码)  352355735d7e6d26715a3f8966651f45                   \n', '  app_id            250528                                             \n', '  fs_id             163909533819700                                    \n', '  创建日期          2019-06-24 10:12:08                                \n', '  修改日期          2021-05-30 13:03:42                                \n', '\n', '[1] 准备下载: /【树先生日语】2013-2018年N1音频/2016年12月N1.mp3\n', '[1] 将会下载到路径: /mnt/usb/BaiduDownload/4733703127_linuxeroero/2016年12月N1.mp3\n', '\n']
2021-06-21 15:04:52,703 - BaiUI.py[line:287] - DEBUG: down_id: 0
2021-06-21 15:04:55,705 - BaiUI.py[line:305] - DEBUG: call processCallback
2021-06-21 15:04:55,706 - BaiUI.py[line:306] - DEBUG: downloadFiles
2021-06-21 15:04:55,707 - BaiUI.py[line:307] - DEBUG: ['down_id:0', '\n', '[0] 提示: 当前下载最大并发量为: 8, 下载缓存为: 65536\n', '[1] 加入下载队列: /【树先生日语】2013-2018年N1音频/2016年12月N1.mp3\n', '\n', '[1] ----\n', '  类型              文件                                               \n', '  文件路径          /【树先生日语】2013-2018年N1音频/2016年12月N1.mp3  \n', '  文件名称          2016年12月N1.mp3                                   \n', '  文件大小          27484596, 26.211353MB                              \n', '  md5 (截图请打码)  352355735d7e6d26715a3f8966651f45                   \n', '  app_id            250528                                             \n', '  fs_id             163909533819700                                    \n', '  创建日期          2019-06-24 10:12:08                                \n', '  修改日期          2021-05-30 13:03:42                                \n', '\n', '[1] 准备下载: /【树先生日语】2013-2018年N1音频/2016年12月N1.mp3\n', '[1] 将会下载到路径: /mnt/usb/BaiduDownload/4733703127_linuxeroero/2016年12月N1.mp3\n', '\n', '\r[1] ↓ 320.00KB/26.21MB 1.31MB/s in 1.42s, left 19s ............\r[1] ↓ 2.19MB/26.21MB 1.69MB/s in 2.42s, left 14s ............\r[1] ↓ 4.88MB/26.21MB 2.66MB/s in 3.42s, left 8s ............']
2021-06-21 15:04:55,709 - BaiUI.py[line:287] - DEBUG: down_id: 0
2021-06-21 15:04:58,712 - BaiUI.py[line:305] - DEBUG: call processCallback
2021-06-21 15:04:58,713 - BaiUI.py[line:306] - DEBUG: downloadFiles
2021-06-21 15:04:58,714 - BaiUI.py[line:307] - DEBUG: ['down_id:0', '\n', '[0] 提示: 当前下载最大并发量为: 8, 下载缓存为: 65536\n', '[1] 加入下载队列: /【树先生日语】2013-2018年N1音频/2016年12月N1.mp3\n', '\n', '[1] ----\n', '  类型              文件                                               \n', '  文件路径          /【树先生日语】2013-2018年N1音频/2016年12月N1.mp3  \n', '  文件名称          2016年12月N1.mp3                                   \n', '  文件大小          27484596, 26.211353MB                              \n', '  md5 (截图请打码)  352355735d7e6d26715a3f8966651f45                   \n', '  app_id            250528                                             \n', '  fs_id             163909533819700                                    \n', '  创建日期          2019-06-24 10:12:08                                \n', '  修改日期          2021-05-30 13:03:42                                \n', '\n', '[1] 准备下载: /【树先生日语】2013-2018年N1音频/2016年12月N1.mp3\n', '[1] 将会下载到路径: /mnt/usb/BaiduDownload/4733703127_linuxeroero/2016年12月N1.mp3\n', '\n', '\r[1] ↓ 320.00KB/26.21MB 1.31MB/s in 1.42s, left 19s ............\r[1] ↓ 2.19MB/26.21MB 1.69MB/s in 2.42s, left 14s ............\r[1] ↓ 4.88MB/26.21MB 2.66MB/s in 3.42s, left 8s ............\r[1] ↓ 5.38MB/26.21MB 1.62MB/s in 4.42s, left 12s ............\r[1] ↓ 5.50MB/26.21MB 175.44KB/s in 5.42s, left 2m0s ............\r[1] ↓ 5.50MB/26.21MB 87.71KB/s in 6.42s, left 4m1s ............']
2021-06-21 15:04:58,716 - BaiUI.py[line:287] - DEBUG: down_id: 0
2021-06-21 15:05:01,719 - BaiUI.py[line:305] - DEBUG: call processCallback
2021-06-21 15:05:01,720 - BaiUI.py[line:306] - DEBUG: downloadFiles
2021-06-21 15:05:01,721 - BaiUI.py[line:307] - DEBUG: ['down_id:0', '\n', '[0] 提示: 当前下载最大并发量为: 8, 下载缓存为: 65536\n', '[1] 加入下载队列: /【树先生日语】2013-2018年N1音频/2016年12月N1.mp3\n', '\n', '[1] ----\n', '  类型              文件                                               \n', '  文件路径          /【树先生日语】2013-2018年N1音频/2016年12月N1.mp3  \n', '  文件名称          2016年12月N1.mp3                                   \n', '  文件大小          27484596, 26.211353MB                              \n', '  md5 (截图请打码)  352355735d7e6d26715a3f8966651f45                   \n', '  app_id            250528                                             \n', '  fs_id             163909533819700                                    \n', '  创建日期          2019-06-24 10:12:08                                \n', '  修改日期          2021-05-30 13:03:42                                \n', '\n', '[1] 准备下载: /【树先生日语】2013-2018年N1音频/2016年12月N1.mp3\n', '[1] 将会下载到路径: /mnt/usb/BaiduDownload/4733703127_linuxeroero/2016年12月N1.mp3\n', '\n', '\r[1] ↓ 320.00KB/26.21MB 1.31MB/s in 1.42s, left 19s ............\r[1] ↓ 2.19MB/26.21MB 1.69MB/s in 2.42s, left 14s ............\r[1] ↓ 4.88MB/26.21MB 2.66MB/s in 3.42s, left 8s ............\r[1] ↓ 5.38MB/26.21MB 1.62MB/s in 4.42s, left 12s ............\r[1] ↓ 5.50MB/26.21MB 175.44KB/s in 5.42s, left 2m0s ............\r[1] ↓ 5.50MB/26.21MB 87.71KB/s in 6.42s, left 4m1s ............\r[1] ↓ 5.69MB/26.21MB 0B/s in 7.42s, left - ............\r[1] ↓ 5.69MB/26.21MB 0B/s in 8.42s, left - ............\n', '[1] 下载文件失败, 403 Forbidden, 重试 1/3\n']
2021-06-21 15:05:01,723 - BaiUI.py[line:287] - DEBUG: down_id: 0
2021-06-21 15:05:04,726 - BaiUI.py[line:305] - DEBUG: call processCallback
2021-06-21 15:05:04,727 - BaiUI.py[line:306] - DEBUG: downloadFiles
2021-06-21 15:05:04,728 - BaiUI.py[line:307] - DEBUG: ['down_id:0', '\n', '[0] 提示: 当前下载最大并发量为: 8, 下载缓存为: 65536\n', '[1] 加入下载队列: /【树先生日语】2013-2018年N1音频/2016年12月N1.mp3\n', '\n', '[1] ----\n', '  类型              文件                                               \n', '  文件路径          /【树先生日语】2013-2018年N1音频/2016年12月N1.mp3  \n', '  文件名称          2016年12月N1.mp3                                   \n', '  文件大小          27484596, 26.211353MB                              \n', '  md5 (截图请打码)  352355735d7e6d26715a3f8966651f45                   \n', '  app_id            250528                                             \n', '  fs_id             163909533819700                                    \n', '  创建日期          2019-06-24 10:12:08                                \n', '  修改日期          2021-05-30 13:03:42                                \n', '\n', '[1] 准备下载: /【树先生日语】2013-2018年N1音频/2016年12月N1.mp3\n', '[1] 将会下载到路径: /mnt/usb/BaiduDownload/4733703127_linuxeroero/2016年12月N1.mp3\n', '\n', '\r[1] ↓ 320.00KB/26.21MB 1.31MB/s in 1.42s, left 19s ............\r[1] ↓ 2.19MB/26.21MB 1.69MB/s in 2.42s, left 14s ............\r[1] ↓ 4.88MB/26.21MB 2.66MB/s in 3.42s, left 8s ............\r[1] ↓ 5.38MB/26.21MB 1.62MB/s in 4.42s, left 12s ............\r[1] ↓ 5.50MB/26.21MB 175.44KB/s in 5.42s, left 2m0s ............\r[1] ↓ 5.50MB/26.21MB 87.71KB/s in 6.42s, left 4m1s ............\r[1] ↓ 5.69MB/26.21MB 0B/s in 7.42s, left - ............\r[1] ↓ 5.69MB/26.21MB 0B/s in 8.42s, left - ............\n', '[1] 下载文件失败, 403 Forbidden, 重试 1/3\n', '\n', '[1] ----\n', '  类型              文件                                               \n', '  文件路径          /【树先生日语】2013-2018年N1音频/2016年12月N1.mp3  \n', '  文件名称          2016年12月N1.mp3                                   \n', '  文件大小          27484596, 26.211353MB                              \n', '  md5 (截图请打码)  352355735d7e6d26715a3f8966651f45                   \n', '  app_id            250528                                             \n', '  fs_id             163909533819700                                    \n', '  创建日期          2019-06-24 10:12:08                                \n', '  修改日期          2021-05-30 13:03:42                                \n', '\n', '[1] 准备下载: /【树先生日语】2013-2018年N1音频/2016年12月N1.mp3\n', '[1] 将会下载到路径: /mnt/usb/BaiduDownload/4733703127_linuxeroero/2016年12月N1.mp3\n', '\n']
2021-06-21 15:05:04,731 - BaiUI.py[line:287] - DEBUG: down_id: 0
2021-06-21 15:05:07,735 - BaiUI.py[line:305] - DEBUG: call processCallback
2021-06-21 15:05:07,736 - BaiUI.py[line:306] - DEBUG: downloadFiles
2021-06-21 15:05:07,736 - BaiUI.py[line:307] - DEBUG: ['down_id:0', '\n', '[0] 提示: 当前下载最大并发量为: 8, 下载缓存为: 65536\n', '[1] 加入下载队列: /【树先生日语】2013-2018年N1音频/2016年12月N1.mp3\n', '\n', '[1] ----\n', '  类型              文件                                               \n', '  文件路径          /【树先生日语】2013-2018年N1音频/2016年12月N1.mp3  \n', '  文件名称          2016年12月N1.mp3                                   \n', '  文件大小          27484596, 26.211353MB                              \n', '  md5 (截图请打码)  352355735d7e6d26715a3f8966651f45                   \n', '  app_id            250528                                             \n', '  fs_id             163909533819700                                    \n', '  创建日期          2019-06-24 10:12:08                                \n', '  修改日期          2021-05-30 13:03:42                                \n', '\n', '[1] 准备下载: /【树先生日语】2013-2018年N1音频/2016年12月N1.mp3\n', '[1] 将会下载到路径: /mnt/usb/BaiduDownload/4733703127_linuxeroero/2016年12月N1.mp3\n', '\n', '\r[1] ↓ 320.00KB/26.21MB 1.31MB/s in 1.42s, left 19s ............\r[1] ↓ 2.19MB/26.21MB 1.69MB/s in 2.42s, left 14s ............\r[1] ↓ 4.88MB/26.21MB 2.66MB/s in 3.42s, left 8s ............\r[1] ↓ 5.38MB/26.21MB 1.62MB/s in 4.42s, left 12s ............\r[1] ↓ 5.50MB/26.21MB 175.44KB/s in 5.42s, left 2m0s ............\r[1] ↓ 5.50MB/26.21MB 87.71KB/s in 6.42s, left 4m1s ............\r[1] ↓ 5.69MB/26.21MB 0B/s in 7.42s, left - ............\r[1] ↓ 5.69MB/26.21MB 0B/s in 8.42s, left - ............\n', '[1] 下载文件失败, 403 Forbidden, 重试 1/3\n', '\n', '[1] ----\n', '  类型              文件                                               \n', '  文件路径          /【树先生日语】2013-2018年N1音频/2016年12月N1.mp3  \n', '  文件名称          2016年12月N1.mp3                                   \n', '  文件大小          27484596, 26.211353MB                              \n', '  md5 (截图请打码)  352355735d7e6d26715a3f8966651f45                   \n', '  app_id            250528                                             \n', '  fs_id             163909533819700                                    \n', '  创建日期          2019-06-24 10:12:08                                \n', '  修改日期          2021-05-30 13:03:42                                \n', '\n', '[1] 准备下载: /【树先生日语】2013-2018年N1音频/2016年12月N1.mp3\n', '[1] 将会下载到路径: /mnt/usb/BaiduDownload/4733703127_linuxeroero/2016年12月N1.mp3\n', '\n']
2021-06-21 15:05:07,739 - BaiUI.py[line:287] - DEBUG: down_id: 0
2021-06-21 15:05:10,742 - BaiUI.py[line:305] - DEBUG: call processCallback
2021-06-21 15:05:10,744 - BaiUI.py[line:306] - DEBUG: downloadFiles
2021-06-21 15:05:10,745 - BaiUI.py[line:307] - DEBUG: ['down_id:0', '\n', '[0] 提示: 当前下载最大并发量为: 8, 下载缓存为: 65536\n', '[1] 加入下载队列: /【树先生日语】2013-2018年N1音频/2016年12月N1.mp3\n', '\n', '[1] ----\n', '  类型              文件                                               \n', '  文件路径          /【树先生日语】2013-2018年N1音频/2016年12月N1.mp3  \n', '  文件名称          2016年12月N1.mp3                                   \n', '  文件大小          27484596, 26.211353MB                              \n', '  md5 (截图请打码)  352355735d7e6d26715a3f8966651f45                   \n', '  app_id            250528                                             \n', '  fs_id             163909533819700                                    \n', '  创建日期          2019-06-24 10:12:08                                \n', '  修改日期          2021-05-30 13:03:42                                \n', '\n', '[1] 准备下载: /【树先生日语】2013-2018年N1音频/2016年12月N1.mp3\n', '[1] 将会下载到路径: /mnt/usb/BaiduDownload/4733703127_linuxeroero/2016年12月N1.mp3\n', '\n', '\r[1] ↓ 320.00KB/26.21MB 1.31MB/s in 1.42s, left 19s ............\r[1] ↓ 2.19MB/26.21MB 1.69MB/s in 2.42s, left 14s ............\r[1] ↓ 4.88MB/26.21MB 2.66MB/s in 3.42s, left 8s ............\r[1] ↓ 5.38MB/26.21MB 1.62MB/s in 4.42s, left 12s ............\r[1] ↓ 5.50MB/26.21MB 175.44KB/s in 5.42s, left 2m0s ............\r[1] ↓ 5.50MB/26.21MB 87.71KB/s in 6.42s, left 4m1s ............\r[1] ↓ 5.69MB/26.21MB 0B/s in 7.42s, left - ............\r[1] ↓ 5.69MB/26.21MB 0B/s in 8.42s, left - ............\n', '[1] 下载文件失败, 403 Forbidden, 重试 1/3\n', '\n', '[1] ----\n', '  类型              文件                                               \n', '  文件路径          /【树先生日语】2013-2018年N1音频/2016年12月N1.mp3  \n', '  文件名称          2016年12月N1.mp3                                   \n', '  文件大小          27484596, 26.211353MB                              \n', '  md5 (截图请打码)  352355735d7e6d26715a3f8966651f45                   \n', '  app_id            250528                                             \n', '  fs_id             163909533819700                                    \n', '  创建日期          2019-06-24 10:12:08                                \n', '  修改日期          2021-05-30 13:03:42                                \n', '\n', '[1] 准备下载: /【树先生日语】2013-2018年N1音频/2016年12月N1.mp3\n', '[1] 将会下载到路径: /mnt/usb/BaiduDownload/4733703127_linuxeroero/2016年12月N1.mp3\n', '\n', '\r[1] ↓ 5.82MB/26.21MB 458.97KB/s in 1s, left 45s ............\n', '[1] 下载文件失败, 403 Forbidden, 重试 2/3\n']
2021-06-21 15:05:10,750 - BaiUI.py[line:287] - DEBUG: down_id: 0
2021-06-21 15:05:13,753 - BaiUI.py[line:305] - DEBUG: call processCallback
2021-06-21 15:05:13,754 - BaiUI.py[line:306] - DEBUG: downloadFiles
2021-06-21 15:05:13,755 - BaiUI.py[line:307] - DEBUG: ['down_id:0', '\n', '[0] 提示: 当前下载最大并发量为: 8, 下载缓存为: 65536\n', '[1] 加入下载队列: /【树先生日语】2013-2018年N1音频/2016年12月N1.mp3\n', '\n', '[1] ----\n', '  类型              文件                                               \n', '  文件路径          /【树先生日语】2013-2018年N1音频/2016年12月N1.mp3  \n', '  文件名称          2016年12月N1.mp3                                   \n', '  文件大小          27484596, 26.211353MB                              \n', '  md5 (截图请打码)  352355735d7e6d26715a3f8966651f45                   \n', '  app_id            250528                                             \n', '  fs_id             163909533819700                                    \n', '  创建日期          2019-06-24 10:12:08                                \n', '  修改日期          2021-05-30 13:03:42                                \n', '\n', '[1] 准备下载: /【树先生日语】2013-2018年N1音频/2016年12月N1.mp3\n', '[1] 将会下载到路径: /mnt/usb/BaiduDownload/4733703127_linuxeroero/2016年12月N1.mp3\n', '\n', '\r[1] ↓ 320.00KB/26.21MB 1.31MB/s in 1.42s, left 19s ............\r[1] ↓ 2.19MB/26.21MB 1.69MB/s in 2.42s, left 14s ............\r[1] ↓ 4.88MB/26.21MB 2.66MB/s in 3.42s, left 8s ............\r[1] ↓ 5.38MB/26.21MB 1.62MB/s in 4.42s, left 12s ............\r[1] ↓ 5.50MB/26.21MB 175.44KB/s in 5.42s, left 2m0s ............\r[1] ↓ 5.50MB/26.21MB 87.71KB/s in 6.42s, left 4m1s ............\r[1] ↓ 5.69MB/26.21MB 0B/s in 7.42s, left - ............\r[1] ↓ 5.69MB/26.21MB 0B/s in 8.42s, left - ............\n', '[1] 下载文件失败, 403 Forbidden, 重试 1/3\n', '\n', '[1] ----\n', '  类型              文件                                               \n', '  文件路径          /【树先生日语】2013-2018年N1音频/2016年12月N1.mp3  \n', '  文件名称          2016年12月N1.mp3                                   \n', '  文件大小          27484596, 26.211353MB                              \n', '  md5 (截图请打码)  352355735d7e6d26715a3f8966651f45                   \n', '  app_id            250528                                             \n', '  fs_id             163909533819700                                    \n', '  创建日期          2019-06-24 10:12:08                                \n', '  修改日期          2021-05-30 13:03:42                                \n', '\n', '[1] 准备下载: /【树先生日语】2013-2018年N1音频/2016年12月N1.mp3\n', '[1] 将会下载到路径: /mnt/usb/BaiduDownload/4733703127_linuxeroero/2016年12月N1.mp3\n', '\n', '\r[1] ↓ 5.82MB/26.21MB 458.97KB/s in 1s, left 45s ............\n', '[1] 下载文件失败, 403 Forbidden, 重试 2/3\n']
2021-06-21 15:05:13,758 - BaiUI.py[line:287] - DEBUG: down_id: 0
2021-06-21 15:05:15,714 - backend.py[line:91] - DEBUG: None
2021-06-21 15:05:15,715 - BaiUI.py[line:305] - DEBUG: call processCallback
2021-06-21 15:05:15,716 - BaiUI.py[line:306] - DEBUG: downloadFiles
2021-06-21 15:05:15,716 - BaiUI.py[line:307] - DEBUG: None
2021-06-21 15:22:44,088 - BaiUI.py[line:350] - DEBUG: closeEvent
2021-06-21 15:22:44,089 - backend.py[line:60] - DEBUG: closeAllThread
2021-06-21 15:22:44,090 - backend.py[line:66] - ERROR: not exist thread
2021-06-21 15:22:44,091 - backend.py[line:66] - ERROR: not exist thread
2021-06-21 15:22:44,091 - backend.py[line:66] - ERROR: not exist thread
2021-06-21 15:22:44,092 - backend.py[line:66] - ERROR: not exist thread
