2021-06-20 12:43:46,797 - BaiUI.py[line:309] - DEBUG: Program Start
2021-06-20 12:43:48,015 - BaiUI.py[line:101] - DEBUG: []
2021-06-20 12:43:48,030 - backend.py[line:135] - DEBUG: start Thread
2021-06-20 12:43:48,043 - backend.py[line:135] - DEBUG: start Thread
2021-06-20 12:43:48,220 - backend.py[line:80] - DEBUG: subprocess_execute b'/\xe3\x80\x90\xe6\xa0\x91\xe5\x85\x88\xe7\x94\x9f\xe6\x97\xa5\xe8\xaf\xad\xe3\x80\x912013-2018\xe5\xb9\xb4N1\xe9\x9f\xb3\xe9\xa2\x91\n'
2021-06-20 12:43:48,222 - BaiUI.py[line:261] - DEBUG: call processCallback
2021-06-20 12:43:48,225 - BaiUI.py[line:262] - DEBUG: getCurrentDir
2021-06-20 12:43:48,226 - BaiUI.py[line:263] - DEBUG: /【树先生日语】2013-2018年N1音频
2021-06-20 12:43:48,228 - backend.py[line:139] - DEBUG: end Thread
2021-06-20 12:43:48,631 - backend.py[line:80] - DEBUG: subprocess_execute b'\n'
2021-06-20 12:43:48,635 - backend.py[line:80] - DEBUG: subprocess_execute b'\xe5\xbd\x93\xe5\x89\x8d\xe7\x9b\xae\xe5\xbd\x95: /\xe3\x80\x90\xe6\xa0\x91\xe5\x85\x88\xe7\x94\x9f\xe6\x97\xa5\xe8\xaf\xad\xe3\x80\x912013-2018\xe5\xb9\xb4N1\xe9\x9f\xb3\xe9\xa2\x91\n'
2021-06-20 12:43:48,641 - backend.py[line:80] - DEBUG: subprocess_execute b'----\n'
2021-06-20 12:43:48,645 - backend.py[line:80] - DEBUG: subprocess_execute b'  #     \xe6\x96\x87\xe4\xbb\xb6\xe5\xa4\xa7\xe5\xb0\x8f         \xe4\xbf\xae\xe6\x94\xb9\xe6\x97\xa5\xe6\x9c\x9f                      \xe6\x96\x87\xe4\xbb\xb6(\xe7\x9b\xae\xe5\xbd\x95)                \n'
2021-06-20 12:43:48,649 - backend.py[line:80] - DEBUG: subprocess_execute b'   0       24.62MB  2021-05-30 13:03:42  2013\xe5\xb9\xb412\xe6\x9c\x88N1.mp3                        \n'
2021-06-20 12:43:48,655 - backend.py[line:80] - DEBUG: subprocess_execute b'   1       24.23MB  2021-05-30 13:03:42  2013\xe5\xb9\xb47\xe6\x9c\x88N1.mp3                         \n'
2021-06-20 12:43:48,656 - backend.py[line:80] - DEBUG: subprocess_execute b'   2       24.77MB  2021-05-30 13:03:42  2014\xe5\xb9\xb412\xe6\x9c\x88N1.mp3                        \n'
2021-06-20 12:43:48,658 - backend.py[line:80] - DEBUG: subprocess_execute b'   3       25.30MB  2021-05-30 13:03:43  2014\xe5\xb9\xb47\xe6\x9c\x88N1.mp3                         \n'
2021-06-20 12:43:48,659 - backend.py[line:80] - DEBUG: subprocess_execute b'   4       25.44MB  2021-05-30 13:03:42  2015\xe5\xb9\xb412\xe6\x9c\x88N1.mp3                        \n'
2021-06-20 12:43:48,660 - backend.py[line:80] - DEBUG: subprocess_execute b'   5       26.52MB  2021-05-30 13:03:42  2015\xe5\xb9\xb47\xe6\x9c\x88N1.mp3                         \n'
2021-06-20 12:43:48,662 - backend.py[line:80] - DEBUG: subprocess_execute b'   6       26.21MB  2021-05-30 13:03:42  2016\xe5\xb9\xb412\xe6\x9c\x88N1.mp3                        \n'
2021-06-20 12:43:48,663 - backend.py[line:80] - DEBUG: subprocess_execute b'   7       26.44MB  2021-05-30 13:03:42  2016\xe5\xb9\xb47\xe6\x9c\x88N1.mp3                         \n'
2021-06-20 12:43:48,666 - backend.py[line:80] - DEBUG: subprocess_execute b'   8       25.94MB  2021-05-30 13:03:42  2017\xe5\xb9\xb412\xe6\x9c\x88N1.mp3                        \n'
2021-06-20 12:43:48,667 - backend.py[line:80] - DEBUG: subprocess_execute b'   9       23.53MB  2021-05-30 13:03:43  2017\xe5\xb9\xb47\xe6\x9c\x88N1.mp3                         \n'
2021-06-20 12:43:48,668 - backend.py[line:80] - DEBUG: subprocess_execute b'  10       24.63MB  2021-05-30 13:03:42  2018\xe5\xb9\xb412\xe6\x9c\x88N1\xe9\x9f\xb3\xe9\xa2\x91.mp3                    \n'
2021-06-20 12:43:48,669 - backend.py[line:80] - DEBUG: subprocess_execute b'  11       23.60MB  2021-05-30 13:03:42  2018\xe5\xb9\xb47\xe6\x9c\x88N1.mp3                         \n'
2021-06-20 12:43:48,670 - backend.py[line:80] - DEBUG: subprocess_execute b'  12      275.14KB  2021-05-30 13:03:42  \xe3\x80\x90\xe6\xa0\x91\xe5\x85\x88\xe7\x94\x9f\xe6\x97\xa5\xe8\xaf\xadN1\xe3\x80\x91\xe5\xa4\x87\xe8\x80\x83\xe7\xad\x94\xe7\x96\x91\xe7\xbe\xa4\xe5\x92\x8c\xe5\x85\xac\xe4\xbc\x97\xe5\x8f\xb7.jpg  \n'
2021-06-20 12:43:48,671 - backend.py[line:80] - DEBUG: subprocess_execute b'      \xe6\x80\xbb: 301.50MB                       \xe6\x96\x87\xe4\xbb\xb6\xe6\x80\xbb\xe6\x95\xb0: 13, \xe7\x9b\xae\xe5\xbd\x95\xe6\x80\xbb\xe6\x95\xb0: 0               \n'
2021-06-20 12:43:48,672 - backend.py[line:80] - DEBUG: subprocess_execute b'----\n'
2021-06-20 12:43:48,674 - BaiUI.py[line:261] - DEBUG: call processCallback
2021-06-20 12:43:48,675 - BaiUI.py[line:262] - DEBUG: getAllFiles
2021-06-20 12:43:48,676 - BaiUI.py[line:263] - DEBUG: [['0', '24.62MB', '2021-05-30', '13:03:42', '2013年12月N1.mp3'], ['1', '24.23MB', '2021-05-30', '13:03:42', '2013年7月N1.mp3'], ['2', '24.77MB', '2021-05-30', '13:03:42', '2014年12月N1.mp3'], ['3', '25.30MB', '2021-05-30', '13:03:43', '2014年7月N1.mp3'], ['4', '25.44MB', '2021-05-30', '13:03:42', '2015年12月N1.mp3'], ['5', '26.52MB', '2021-05-30', '13:03:42', '2015年7月N1.mp3'], ['6', '26.21MB', '2021-05-30', '13:03:42', '2016年12月N1.mp3'], ['7', '26.44MB', '2021-05-30', '13:03:42', '2016年7月N1.mp3'], ['8', '25.94MB', '2021-05-30', '13:03:42', '2017年12月N1.mp3'], ['9', '23.53MB', '2021-05-30', '13:03:43', '2017年7月N1.mp3'], ['10', '24.63MB', '2021-05-30', '13:03:42', '2018年12月N1音频.mp3'], ['11', '23.60MB', '2021-05-30', '13:03:42', '2018年7月N1.mp3'], ['12', '275.14KB', '2021-05-30', '13:03:42', '【树先生日语N1】备考答疑群和公众号.jpg']]
2021-06-20 12:43:48,679 - backend.py[line:139] - DEBUG: end Thread
2021-06-20 12:43:48,681 - BaiUI.py[line:101] - DEBUG: [['0', '24.62MB', '2021-05-30', '13:03:42', '2013年12月N1.mp3'], ['1', '24.23MB', '2021-05-30', '13:03:42', '2013年7月N1.mp3'], ['2', '24.77MB', '2021-05-30', '13:03:42', '2014年12月N1.mp3'], ['3', '25.30MB', '2021-05-30', '13:03:43', '2014年7月N1.mp3'], ['4', '25.44MB', '2021-05-30', '13:03:42', '2015年12月N1.mp3'], ['5', '26.52MB', '2021-05-30', '13:03:42', '2015年7月N1.mp3'], ['6', '26.21MB', '2021-05-30', '13:03:42', '2016年12月N1.mp3'], ['7', '26.44MB', '2021-05-30', '13:03:42', '2016年7月N1.mp3'], ['8', '25.94MB', '2021-05-30', '13:03:42', '2017年12月N1.mp3'], ['9', '23.53MB', '2021-05-30', '13:03:43', '2017年7月N1.mp3'], ['10', '24.63MB', '2021-05-30', '13:03:42', '2018年12月N1音频.mp3'], ['11', '23.60MB', '2021-05-30', '13:03:42', '2018年7月N1.mp3'], ['12', '275.14KB', '2021-05-30', '13:03:42', '【树先生日语N1】备考答疑群和公众号.jpg']]
2021-06-20 12:43:52,953 - BaiUI.py[line:288] - DEBUG: ['0', '24.62MB', '2021-05-30', '13:03:42', '2013年12月N1.mp3']
2021-06-20 12:43:52,954 - BaiUI.py[line:298] - DEBUG: 
2021-06-20 12:43:52,955 - BaiUI.py[line:302] - DEBUG: start download 2013年12月N1.mp3
2021-06-20 12:43:52,957 - backend.py[line:135] - DEBUG: start Thread
2021-06-20 12:43:52,958 - backend.py[line:88] - DEBUG: subprocess_execute_realtime ./BaiduPCS-Go d 2013年12月N1.mp3
2021-06-20 12:43:53,508 - backend.py[line:95] - DEBUG: subprocess_execute_realtime b'\n'
2021-06-20 12:43:53,509 - backend.py[line:95] - DEBUG: subprocess_execute_realtime b'[0] \xe6\x8f\x90\xe7\xa4\xba: \xe5\xbd\x93\xe5\x89\x8d\xe4\xb8\x8b\xe8\xbd\xbd\xe6\x9c\x80\xe5\xa4\xa7\xe5\xb9\xb6\xe5\x8f\x91\xe9\x87\x8f\xe4\xb8\xba: 8, \xe4\xb8\x8b\xe8\xbd\xbd\xe7\xbc\x93\xe5\xad\x98\xe4\xb8\xba: 65536\n'
2021-06-20 12:43:53,511 - backend.py[line:95] - DEBUG: subprocess_execute_realtime b'[1] \xe5\x8a\xa0\xe5\x85\xa5\xe4\xb8\x8b\xe8\xbd\xbd\xe9\x98\x9f\xe5\x88\x97: /\xe3\x80\x90\xe6\xa0\x91\xe5\x85\x88\xe7\x94\x9f\xe6\x97\xa5\xe8\xaf\xad\xe3\x80\x912013-2018\xe5\xb9\xb4N1\xe9\x9f\xb3\xe9\xa2\x91/2013\xe5\xb9\xb412\xe6\x9c\x88N1.mp3\n'
2021-06-20 12:43:53,512 - backend.py[line:95] - DEBUG: subprocess_execute_realtime b'\n'
2021-06-20 12:43:53,513 - backend.py[line:95] - DEBUG: subprocess_execute_realtime b'[1] ----\n'
2021-06-20 12:43:53,515 - backend.py[line:95] - DEBUG: subprocess_execute_realtime b'  \xe7\xb1\xbb\xe5\x9e\x8b              \xe6\x96\x87\xe4\xbb\xb6                                               \n'
2021-06-20 12:43:53,516 - backend.py[line:95] - DEBUG: subprocess_execute_realtime b'  \xe6\x96\x87\xe4\xbb\xb6\xe8\xb7\xaf\xe5\xbe\x84          /\xe3\x80\x90\xe6\xa0\x91\xe5\x85\x88\xe7\x94\x9f\xe6\x97\xa5\xe8\xaf\xad\xe3\x80\x912013-2018\xe5\xb9\xb4N1\xe9\x9f\xb3\xe9\xa2\x91/2013\xe5\xb9\xb412\xe6\x9c\x88N1.mp3  \n'
2021-06-20 12:43:53,519 - backend.py[line:95] - DEBUG: subprocess_execute_realtime b'  \xe6\x96\x87\xe4\xbb\xb6\xe5\x90\x8d\xe7\xa7\xb0          2013\xe5\xb9\xb412\xe6\x9c\x88N1.mp3                                   \n'
2021-06-20 12:43:53,522 - backend.py[line:95] - DEBUG: subprocess_execute_realtime b'  \xe6\x96\x87\xe4\xbb\xb6\xe5\xa4\xa7\xe5\xb0\x8f          25816009, 24.620065MB                              \n'
2021-06-20 12:43:53,523 - backend.py[line:95] - DEBUG: subprocess_execute_realtime b'  md5 (\xe5\x8f\xaf\xe8\x83\xbd\xe4\xb8\x8d\xe6\xad\xa3\xe7\xa1\xae)  d1cf46d6e6782cb9a696e8bb6cb1313b                   \n'
2021-06-20 12:43:53,523 - backend.py[line:95] - DEBUG: subprocess_execute_realtime b'  app_id            250528                                             \n'
2021-06-20 12:43:53,524 - backend.py[line:95] - DEBUG: subprocess_execute_realtime b'  fs_id             935433989429225                                    \n'
2021-06-20 12:43:53,525 - backend.py[line:95] - DEBUG: subprocess_execute_realtime b'  \xe5\x88\x9b\xe5\xbb\xba\xe6\x97\xa5\xe6\x9c\x9f          2019-06-24 10:11:34                                \n'
2021-06-20 12:43:53,528 - backend.py[line:95] - DEBUG: subprocess_execute_realtime b'  \xe4\xbf\xae\xe6\x94\xb9\xe6\x97\xa5\xe6\x9c\x9f          2021-05-30 13:03:42                                \n'
2021-06-20 12:43:53,529 - backend.py[line:95] - DEBUG: subprocess_execute_realtime b'\n'
2021-06-20 12:43:53,530 - backend.py[line:95] - DEBUG: subprocess_execute_realtime b'[1] \xe5\x87\x86\xe5\xa4\x87\xe4\xb8\x8b\xe8\xbd\xbd: /\xe3\x80\x90\xe6\xa0\x91\xe5\x85\x88\xe7\x94\x9f\xe6\x97\xa5\xe8\xaf\xad\xe3\x80\x912013-2018\xe5\xb9\xb4N1\xe9\x9f\xb3\xe9\xa2\x91/2013\xe5\xb9\xb412\xe6\x9c\x88N1.mp3\n'
2021-06-20 12:43:53,531 - backend.py[line:95] - DEBUG: subprocess_execute_realtime b'[1] \xe6\x96\x87\xe4\xbb\xb6\xe5\xb7\xb2\xe7\xbb\x8f\xe5\xad\x98\xe5\x9c\xa8: /mnt/usb/BaiduDownload/4733703127_linuxeroero/2013\xe5\xb9\xb412\xe6\x9c\x88N1.mp3, \xe8\xb7\xb3\xe8\xbf\x87...\n'
2021-06-20 12:43:53,532 - backend.py[line:95] - DEBUG: subprocess_execute_realtime b'\n'
2021-06-20 12:43:53,533 - backend.py[line:95] - DEBUG: subprocess_execute_realtime b'\xe4\xb8\x8b\xe8\xbd\xbd\xe7\xbb\x93\xe6\x9d\x9f, \xe6\x97\xb6\xe9\x97\xb4: 2ms, \xe6\x95\xb0\xe6\x8d\xae\xe6\x80\xbb\xe9\x87\x8f: 0B\n'
2021-06-20 12:44:01,908 - BaiUI.py[line:288] - DEBUG: ['9', '23.53MB', '2021-05-30', '13:03:43', '2017年7月N1.mp3']
2021-06-20 12:44:01,909 - BaiUI.py[line:298] - DEBUG: 
2021-06-20 12:44:01,910 - BaiUI.py[line:302] - DEBUG: start download 2017年7月N1.mp3
2021-06-20 12:44:01,911 - backend.py[line:135] - DEBUG: start Thread
2021-06-20 12:44:01,913 - backend.py[line:88] - DEBUG: subprocess_execute_realtime ./BaiduPCS-Go d 2017年7月N1.mp3
2021-06-20 12:44:11,227 - BaiUI.py[line:305] - DEBUG: closeEvent
2021-06-20 12:44:11,228 - backend.py[line:41] - DEBUG: __del__
