2021-06-20 12:11:43,238 - BaiUI.py[line:303] - DEBUG: Program Start
2021-06-20 12:11:44,510 - BaiUI.py[line:101] - DEBUG: []
2021-06-20 12:11:44,535 - backend.py[line:131] - DEBUG: start Thread
2021-06-20 12:11:44,536 - backend.py[line:131] - DEBUG: start Thread
2021-06-20 12:11:44,695 - backend.py[line:79] - DEBUG: subprocess_execute b'/\xe3\x80\x90\xe6\xa0\x91\xe5\x85\x88\xe7\x94\x9f\xe6\x97\xa5\xe8\xaf\xad\xe3\x80\x912013-2018\xe5\xb9\xb4N1\xe9\x9f\xb3\xe9\xa2\x91\n'
2021-06-20 12:11:44,697 - BaiUI.py[line:259] - DEBUG: call processCallback
2021-06-20 12:11:44,699 - BaiUI.py[line:260] - DEBUG: getCurrentDir
2021-06-20 12:11:44,700 - BaiUI.py[line:261] - DEBUG: /【树先生日语】2013-2018年N1音频
2021-06-20 12:11:44,701 - backend.py[line:135] - DEBUG: end Thread
2021-06-20 12:11:45,109 - backend.py[line:79] - DEBUG: subprocess_execute b'\n'
2021-06-20 12:11:45,110 - backend.py[line:79] - DEBUG: subprocess_execute b'\xe5\xbd\x93\xe5\x89\x8d\xe7\x9b\xae\xe5\xbd\x95: /\xe3\x80\x90\xe6\xa0\x91\xe5\x85\x88\xe7\x94\x9f\xe6\x97\xa5\xe8\xaf\xad\xe3\x80\x912013-2018\xe5\xb9\xb4N1\xe9\x9f\xb3\xe9\xa2\x91\n'
2021-06-20 12:11:45,111 - backend.py[line:79] - DEBUG: subprocess_execute b'----\n'
2021-06-20 12:11:45,112 - backend.py[line:79] - DEBUG: subprocess_execute b'  #     \xe6\x96\x87\xe4\xbb\xb6\xe5\xa4\xa7\xe5\xb0\x8f         \xe4\xbf\xae\xe6\x94\xb9\xe6\x97\xa5\xe6\x9c\x9f                      \xe6\x96\x87\xe4\xbb\xb6(\xe7\x9b\xae\xe5\xbd\x95)                \n'
2021-06-20 12:11:45,112 - backend.py[line:79] - DEBUG: subprocess_execute b'   0       24.62MB  2021-05-30 13:03:42  2013\xe5\xb9\xb412\xe6\x9c\x88N1.mp3                        \n'
2021-06-20 12:11:45,113 - backend.py[line:79] - DEBUG: subprocess_execute b'   1       24.23MB  2021-05-30 13:03:42  2013\xe5\xb9\xb47\xe6\x9c\x88N1.mp3                         \n'
2021-06-20 12:11:45,114 - backend.py[line:79] - DEBUG: subprocess_execute b'   2       24.77MB  2021-05-30 13:03:42  2014\xe5\xb9\xb412\xe6\x9c\x88N1.mp3                        \n'
2021-06-20 12:11:45,115 - backend.py[line:79] - DEBUG: subprocess_execute b'   3       25.30MB  2021-05-30 13:03:43  2014\xe5\xb9\xb47\xe6\x9c\x88N1.mp3                         \n'
2021-06-20 12:11:45,115 - backend.py[line:79] - DEBUG: subprocess_execute b'   4       25.44MB  2021-05-30 13:03:42  2015\xe5\xb9\xb412\xe6\x9c\x88N1.mp3                        \n'
2021-06-20 12:11:45,116 - backend.py[line:79] - DEBUG: subprocess_execute b'   5       26.52MB  2021-05-30 13:03:42  2015\xe5\xb9\xb47\xe6\x9c\x88N1.mp3                         \n'
2021-06-20 12:11:45,117 - backend.py[line:79] - DEBUG: subprocess_execute b'   6       26.21MB  2021-05-30 13:03:42  2016\xe5\xb9\xb412\xe6\x9c\x88N1.mp3                        \n'
2021-06-20 12:11:45,117 - backend.py[line:79] - DEBUG: subprocess_execute b'   7       26.44MB  2021-05-30 13:03:42  2016\xe5\xb9\xb47\xe6\x9c\x88N1.mp3                         \n'
2021-06-20 12:11:45,118 - backend.py[line:79] - DEBUG: subprocess_execute b'   8       25.94MB  2021-05-30 13:03:42  2017\xe5\xb9\xb412\xe6\x9c\x88N1.mp3                        \n'
2021-06-20 12:11:45,119 - backend.py[line:79] - DEBUG: subprocess_execute b'   9       23.53MB  2021-05-30 13:03:43  2017\xe5\xb9\xb47\xe6\x9c\x88N1.mp3                         \n'
2021-06-20 12:11:45,119 - backend.py[line:79] - DEBUG: subprocess_execute b'  10       24.63MB  2021-05-30 13:03:42  2018\xe5\xb9\xb412\xe6\x9c\x88N1\xe9\x9f\xb3\xe9\xa2\x91.mp3                    \n'
2021-06-20 12:11:45,120 - backend.py[line:79] - DEBUG: subprocess_execute b'  11       23.60MB  2021-05-30 13:03:42  2018\xe5\xb9\xb47\xe6\x9c\x88N1.mp3                         \n'
2021-06-20 12:11:45,121 - backend.py[line:79] - DEBUG: subprocess_execute b'  12      275.14KB  2021-05-30 13:03:42  \xe3\x80\x90\xe6\xa0\x91\xe5\x85\x88\xe7\x94\x9f\xe6\x97\xa5\xe8\xaf\xadN1\xe3\x80\x91\xe5\xa4\x87\xe8\x80\x83\xe7\xad\x94\xe7\x96\x91\xe7\xbe\xa4\xe5\x92\x8c\xe5\x85\xac\xe4\xbc\x97\xe5\x8f\xb7.jpg  \n'
2021-06-20 12:11:45,121 - backend.py[line:79] - DEBUG: subprocess_execute b'      \xe6\x80\xbb: 301.50MB                       \xe6\x96\x87\xe4\xbb\xb6\xe6\x80\xbb\xe6\x95\xb0: 13, \xe7\x9b\xae\xe5\xbd\x95\xe6\x80\xbb\xe6\x95\xb0: 0               \n'
2021-06-20 12:11:45,122 - backend.py[line:79] - DEBUG: subprocess_execute b'----\n'
2021-06-20 12:11:45,123 - BaiUI.py[line:259] - DEBUG: call processCallback
2021-06-20 12:11:45,124 - BaiUI.py[line:260] - DEBUG: getAllFiles
2021-06-20 12:11:45,125 - BaiUI.py[line:261] - DEBUG: [['0', '24.62MB', '2021-05-30', '13:03:42', '2013年12月N1.mp3'], ['1', '24.23MB', '2021-05-30', '13:03:42', '2013年7月N1.mp3'], ['2', '24.77MB', '2021-05-30', '13:03:42', '2014年12月N1.mp3'], ['3', '25.30MB', '2021-05-30', '13:03:43', '2014年7月N1.mp3'], ['4', '25.44MB', '2021-05-30', '13:03:42', '2015年12月N1.mp3'], ['5', '26.52MB', '2021-05-30', '13:03:42', '2015年7月N1.mp3'], ['6', '26.21MB', '2021-05-30', '13:03:42', '2016年12月N1.mp3'], ['7', '26.44MB', '2021-05-30', '13:03:42', '2016年7月N1.mp3'], ['8', '25.94MB', '2021-05-30', '13:03:42', '2017年12月N1.mp3'], ['9', '23.53MB', '2021-05-30', '13:03:43', '2017年7月N1.mp3'], ['10', '24.63MB', '2021-05-30', '13:03:42', '2018年12月N1音频.mp3'], ['11', '23.60MB', '2021-05-30', '13:03:42', '2018年7月N1.mp3'], ['12', '275.14KB', '2021-05-30', '13:03:42', '【树先生日语N1】备考答疑群和公众号.jpg']]
2021-06-20 12:11:45,128 - backend.py[line:135] - DEBUG: end Thread
2021-06-20 12:11:45,129 - BaiUI.py[line:101] - DEBUG: [['0', '24.62MB', '2021-05-30', '13:03:42', '2013年12月N1.mp3'], ['1', '24.23MB', '2021-05-30', '13:03:42', '2013年7月N1.mp3'], ['2', '24.77MB', '2021-05-30', '13:03:42', '2014年12月N1.mp3'], ['3', '25.30MB', '2021-05-30', '13:03:43', '2014年7月N1.mp3'], ['4', '25.44MB', '2021-05-30', '13:03:42', '2015年12月N1.mp3'], ['5', '26.52MB', '2021-05-30', '13:03:42', '2015年7月N1.mp3'], ['6', '26.21MB', '2021-05-30', '13:03:42', '2016年12月N1.mp3'], ['7', '26.44MB', '2021-05-30', '13:03:42', '2016年7月N1.mp3'], ['8', '25.94MB', '2021-05-30', '13:03:42', '2017年12月N1.mp3'], ['9', '23.53MB', '2021-05-30', '13:03:43', '2017年7月N1.mp3'], ['10', '24.63MB', '2021-05-30', '13:03:42', '2018年12月N1音频.mp3'], ['11', '23.60MB', '2021-05-30', '13:03:42', '2018年7月N1.mp3'], ['12', '275.14KB', '2021-05-30', '13:03:42', '【树先生日语N1】备考答疑群和公众号.jpg']]
2021-06-20 12:11:46,362 - BaiUI.py[line:285] - DEBUG: ['1', '24.23MB', '2021-05-30', '13:03:42', '2013年7月N1.mp3']
2021-06-20 12:11:46,364 - BaiUI.py[line:295] - DEBUG: 
2021-06-20 12:11:46,365 - BaiUI.py[line:299] - DEBUG: start download 2013年7月N1.mp3
2021-06-20 12:11:46,367 - backend.py[line:131] - DEBUG: start Thread
2021-06-20 12:11:46,386 - backend.py[line:66] - DEBUG: []
2021-06-20 12:11:46,388 - BaiUI.py[line:259] - DEBUG: call processCallback
2021-06-20 12:11:46,389 - BaiUI.py[line:260] - DEBUG: downloadFiles
2021-06-20 12:11:46,390 - BaiUI.py[line:261] - DEBUG: None
2021-06-20 12:11:46,390 - backend.py[line:135] - DEBUG: end Thread
2021-06-20 12:17:43,497 - BaiUI.py[line:285] - DEBUG: ['4', '25.44MB', '2021-05-30', '13:03:42', '2015年12月N1.mp3']
2021-06-20 12:17:43,499 - BaiUI.py[line:295] - DEBUG: 
2021-06-20 12:17:43,500 - BaiUI.py[line:299] - DEBUG: start download 2015年12月N1.mp3
2021-06-20 12:17:43,502 - backend.py[line:131] - DEBUG: start Thread
2021-06-20 12:17:43,524 - backend.py[line:66] - DEBUG: []
2021-06-20 12:17:43,526 - BaiUI.py[line:259] - DEBUG: call processCallback
2021-06-20 12:17:43,528 - BaiUI.py[line:260] - DEBUG: downloadFiles
2021-06-20 12:17:43,529 - BaiUI.py[line:261] - DEBUG: None
2021-06-20 12:17:43,529 - backend.py[line:135] - DEBUG: end Thread
