2021-06-21 15:23:01,549 - backend.py[line:17] - DEBUG: Hello Linux
2021-06-21 15:23:01,554 - BaiUI.py[line:354] - DEBUG: Program Start
2021-06-21 15:23:02,789 - BaiUI.py[line:109] - DEBUG: []
2021-06-21 15:23:02,805 - backend.py[line:177] - DEBUG: start Thread: getAllFiles
2021-06-21 15:23:02,819 - backend.py[line:177] - DEBUG: start Thread: getCurrentDir
2021-06-21 15:23:02,986 - backend.py[line:103] - DEBUG: ./BaiduPCS-Go pwd
2021-06-21 15:23:02,988 - backend.py[line:105] - DEBUG: subprocess_execute /【树先生日语】2013-2018年N1音频

2021-06-21 15:23:02,990 - BaiUI.py[line:305] - DEBUG: call processCallback
2021-06-21 15:23:02,991 - BaiUI.py[line:306] - DEBUG: getCurrentDir
2021-06-21 15:23:02,992 - BaiUI.py[line:307] - DEBUG: /【树先生日语】2013-2018年N1音频
2021-06-21 15:23:02,993 - backend.py[line:182] - DEBUG: end Thread
2021-06-21 15:23:03,347 - backend.py[line:103] - DEBUG: ./BaiduPCS-Go ls
2021-06-21 15:23:03,348 - backend.py[line:105] - DEBUG: subprocess_execute 

2021-06-21 15:23:03,349 - backend.py[line:105] - DEBUG: subprocess_execute 当前目录: /【树先生日语】2013-2018年N1音频

2021-06-21 15:23:03,350 - backend.py[line:105] - DEBUG: subprocess_execute ----

2021-06-21 15:23:03,350 - backend.py[line:105] - DEBUG: subprocess_execute   #     文件大小         修改日期                      文件(目录)                

2021-06-21 15:23:03,351 - backend.py[line:105] - DEBUG: subprocess_execute    0       24.62MB  2021-05-30 13:03:42  2013年12月N1.mp3                        

2021-06-21 15:23:03,352 - backend.py[line:105] - DEBUG: subprocess_execute    1       24.23MB  2021-05-30 13:03:42  2013年7月N1.mp3                         

2021-06-21 15:23:03,353 - backend.py[line:105] - DEBUG: subprocess_execute    2       24.77MB  2021-05-30 13:03:42  2014年12月N1.mp3                        

2021-06-21 15:23:03,353 - backend.py[line:105] - DEBUG: subprocess_execute    3       25.30MB  2021-05-30 13:03:43  2014年7月N1.mp3                         

2021-06-21 15:23:03,354 - backend.py[line:105] - DEBUG: subprocess_execute    4       25.44MB  2021-05-30 13:03:42  2015年12月N1.mp3                        

2021-06-21 15:23:03,355 - backend.py[line:105] - DEBUG: subprocess_execute    5       26.52MB  2021-05-30 13:03:42  2015年7月N1.mp3                         

2021-06-21 15:23:03,356 - backend.py[line:105] - DEBUG: subprocess_execute    6       26.21MB  2021-05-30 13:03:42  2016年12月N1.mp3                        

2021-06-21 15:23:03,357 - backend.py[line:105] - DEBUG: subprocess_execute    7       26.44MB  2021-05-30 13:03:42  2016年7月N1.mp3                         

2021-06-21 15:23:03,357 - backend.py[line:105] - DEBUG: subprocess_execute    8       25.94MB  2021-05-30 13:03:42  2017年12月N1.mp3                        

2021-06-21 15:23:03,358 - backend.py[line:105] - DEBUG: subprocess_execute    9       23.53MB  2021-05-30 13:03:43  2017年7月N1.mp3                         

2021-06-21 15:23:03,359 - backend.py[line:105] - DEBUG: subprocess_execute   10       24.63MB  2021-05-30 13:03:42  2018年12月N1音频.mp3                    

2021-06-21 15:23:03,359 - backend.py[line:105] - DEBUG: subprocess_execute   11       23.60MB  2021-05-30 13:03:42  2018年7月N1.mp3                         

2021-06-21 15:23:03,360 - backend.py[line:105] - DEBUG: subprocess_execute   12      275.14KB  2021-05-30 13:03:42  【树先生日语N1】备考答疑群和公众号.jpg  

2021-06-21 15:23:03,361 - backend.py[line:105] - DEBUG: subprocess_execute       总: 301.50MB                       文件总数: 13, 目录总数: 0               

2021-06-21 15:23:03,361 - backend.py[line:105] - DEBUG: subprocess_execute ----

2021-06-21 15:23:03,363 - BaiUI.py[line:305] - DEBUG: call processCallback
2021-06-21 15:23:03,364 - BaiUI.py[line:306] - DEBUG: getAllFiles
2021-06-21 15:23:03,365 - BaiUI.py[line:307] - DEBUG: [['0', '24.62MB', '2021-05-30', '13:03:42', '2013年12月N1.mp3'], ['1', '24.23MB', '2021-05-30', '13:03:42', '2013年7月N1.mp3'], ['2', '24.77MB', '2021-05-30', '13:03:42', '2014年12月N1.mp3'], ['3', '25.30MB', '2021-05-30', '13:03:43', '2014年7月N1.mp3'], ['4', '25.44MB', '2021-05-30', '13:03:42', '2015年12月N1.mp3'], ['5', '26.52MB', '2021-05-30', '13:03:42', '2015年7月N1.mp3'], ['6', '26.21MB', '2021-05-30', '13:03:42', '2016年12月N1.mp3'], ['7', '26.44MB', '2021-05-30', '13:03:42', '2016年7月N1.mp3'], ['8', '25.94MB', '2021-05-30', '13:03:42', '2017年12月N1.mp3'], ['9', '23.53MB', '2021-05-30', '13:03:43', '2017年7月N1.mp3'], ['10', '24.63MB', '2021-05-30', '13:03:42', '2018年12月N1音频.mp3'], ['11', '23.60MB', '2021-05-30', '13:03:42', '2018年7月N1.mp3'], ['12', '275.14KB', '2021-05-30', '13:03:42', '【树先生日语N1】备考答疑群和公众号.jpg']]
2021-06-21 15:23:03,369 - BaiUI.py[line:109] - DEBUG: [['0', '24.62MB', '2021-05-30', '13:03:42', '2013年12月N1.mp3'], ['1', '24.23MB', '2021-05-30', '13:03:42', '2013年7月N1.mp3'], ['2', '24.77MB', '2021-05-30', '13:03:42', '2014年12月N1.mp3'], ['3', '25.30MB', '2021-05-30', '13:03:43', '2014年7月N1.mp3'], ['4', '25.44MB', '2021-05-30', '13:03:42', '2015年12月N1.mp3'], ['5', '26.52MB', '2021-05-30', '13:03:42', '2015年7月N1.mp3'], ['6', '26.21MB', '2021-05-30', '13:03:42', '2016年12月N1.mp3'], ['7', '26.44MB', '2021-05-30', '13:03:42', '2016年7月N1.mp3'], ['8', '25.94MB', '2021-05-30', '13:03:42', '2017年12月N1.mp3'], ['9', '23.53MB', '2021-05-30', '13:03:43', '2017年7月N1.mp3'], ['10', '24.63MB', '2021-05-30', '13:03:42', '2018年12月N1音频.mp3'], ['11', '23.60MB', '2021-05-30', '13:03:42', '2018年7月N1.mp3'], ['12', '275.14KB', '2021-05-30', '13:03:42', '【树先生日语N1】备考答疑群和公众号.jpg']]
2021-06-21 15:23:03,372 - backend.py[line:182] - DEBUG: end Thread
2021-06-21 15:23:07,445 - BaiUI.py[line:350] - DEBUG: closeEvent
2021-06-21 15:23:07,446 - backend.py[line:60] - DEBUG: closeAllThread
2021-06-21 15:23:07,447 - backend.py[line:66] - ERROR: not exist thread
2021-06-21 15:23:07,448 - backend.py[line:66] - ERROR: not exist thread
