2021-06-20 12:41:35,637 - BaiUI.py[line:309] - DEBUG: Program Start
2021-06-20 12:41:36,833 - BaiUI.py[line:101] - DEBUG: []
2021-06-20 12:41:36,848 - backend.py[line:135] - DEBUG: start Thread
2021-06-20 12:41:36,850 - backend.py[line:135] - DEBUG: start Thread
2021-06-20 12:41:36,995 - backend.py[line:80] - DEBUG: subprocess_execute b'/\xe3\x80\x90\xe6\xa0\x91\xe5\x85\x88\xe7\x94\x9f\xe6\x97\xa5\xe8\xaf\xad\xe3\x80\x912013-2018\xe5\xb9\xb4N1\xe9\x9f\xb3\xe9\xa2\x91\n'
2021-06-20 12:41:36,997 - BaiUI.py[line:261] - DEBUG: call processCallback
2021-06-20 12:41:36,998 - BaiUI.py[line:262] - DEBUG: getCurrentDir
2021-06-20 12:41:36,999 - BaiUI.py[line:263] - DEBUG: /【树先生日语】2013-2018年N1音频
2021-06-20 12:41:37,001 - backend.py[line:139] - DEBUG: end Thread
2021-06-20 12:41:37,354 - backend.py[line:80] - DEBUG: subprocess_execute b'\n'
2021-06-20 12:41:37,355 - backend.py[line:80] - DEBUG: subprocess_execute b'\xe5\xbd\x93\xe5\x89\x8d\xe7\x9b\xae\xe5\xbd\x95: /\xe3\x80\x90\xe6\xa0\x91\xe5\x85\x88\xe7\x94\x9f\xe6\x97\xa5\xe8\xaf\xad\xe3\x80\x912013-2018\xe5\xb9\xb4N1\xe9\x9f\xb3\xe9\xa2\x91\n'
2021-06-20 12:41:37,356 - backend.py[line:80] - DEBUG: subprocess_execute b'----\n'
2021-06-20 12:41:37,357 - backend.py[line:80] - DEBUG: subprocess_execute b'  #     \xe6\x96\x87\xe4\xbb\xb6\xe5\xa4\xa7\xe5\xb0\x8f         \xe4\xbf\xae\xe6\x94\xb9\xe6\x97\xa5\xe6\x9c\x9f                      \xe6\x96\x87\xe4\xbb\xb6(\xe7\x9b\xae\xe5\xbd\x95)                \n'
2021-06-20 12:41:37,358 - backend.py[line:80] - DEBUG: subprocess_execute b'   0       24.62MB  2021-05-30 13:03:42  2013\xe5\xb9\xb412\xe6\x9c\x88N1.mp3                        \n'
2021-06-20 12:41:37,359 - backend.py[line:80] - DEBUG: subprocess_execute b'   1       24.23MB  2021-05-30 13:03:42  2013\xe5\xb9\xb47\xe6\x9c\x88N1.mp3                         \n'
2021-06-20 12:41:37,360 - backend.py[line:80] - DEBUG: subprocess_execute b'   2       24.77MB  2021-05-30 13:03:42  2014\xe5\xb9\xb412\xe6\x9c\x88N1.mp3                        \n'
2021-06-20 12:41:37,361 - backend.py[line:80] - DEBUG: subprocess_execute b'   3       25.30MB  2021-05-30 13:03:43  2014\xe5\xb9\xb47\xe6\x9c\x88N1.mp3                         \n'
2021-06-20 12:41:37,362 - backend.py[line:80] - DEBUG: subprocess_execute b'   4       25.44MB  2021-05-30 13:03:42  2015\xe5\xb9\xb412\xe6\x9c\x88N1.mp3                        \n'
2021-06-20 12:41:37,363 - backend.py[line:80] - DEBUG: subprocess_execute b'   5       26.52MB  2021-05-30 13:03:42  2015\xe5\xb9\xb47\xe6\x9c\x88N1.mp3                         \n'
2021-06-20 12:41:37,364 - backend.py[line:80] - DEBUG: subprocess_execute b'   6       26.21MB  2021-05-30 13:03:42  2016\xe5\xb9\xb412\xe6\x9c\x88N1.mp3                        \n'
2021-06-20 12:41:37,365 - backend.py[line:80] - DEBUG: subprocess_execute b'   7       26.44MB  2021-05-30 13:03:42  2016\xe5\xb9\xb47\xe6\x9c\x88N1.mp3                         \n'
2021-06-20 12:41:37,365 - backend.py[line:80] - DEBUG: subprocess_execute b'   8       25.94MB  2021-05-30 13:03:42  2017\xe5\xb9\xb412\xe6\x9c\x88N1.mp3                        \n'
2021-06-20 12:41:37,366 - backend.py[line:80] - DEBUG: subprocess_execute b'   9       23.53MB  2021-05-30 13:03:43  2017\xe5\xb9\xb47\xe6\x9c\x88N1.mp3                         \n'
2021-06-20 12:41:37,367 - backend.py[line:80] - DEBUG: subprocess_execute b'  10       24.63MB  2021-05-30 13:03:42  2018\xe5\xb9\xb412\xe6\x9c\x88N1\xe9\x9f\xb3\xe9\xa2\x91.mp3                    \n'
2021-06-20 12:41:37,367 - backend.py[line:80] - DEBUG: subprocess_execute b'  11       23.60MB  2021-05-30 13:03:42  2018\xe5\xb9\xb47\xe6\x9c\x88N1.mp3                         \n'
2021-06-20 12:41:37,368 - backend.py[line:80] - DEBUG: subprocess_execute b'  12      275.14KB  2021-05-30 13:03:42  \xe3\x80\x90\xe6\xa0\x91\xe5\x85\x88\xe7\x94\x9f\xe6\x97\xa5\xe8\xaf\xadN1\xe3\x80\x91\xe5\xa4\x87\xe8\x80\x83\xe7\xad\x94\xe7\x96\x91\xe7\xbe\xa4\xe5\x92\x8c\xe5\x85\xac\xe4\xbc\x97\xe5\x8f\xb7.jpg  \n'
2021-06-20 12:41:37,369 - backend.py[line:80] - DEBUG: subprocess_execute b'      \xe6\x80\xbb: 301.50MB                       \xe6\x96\x87\xe4\xbb\xb6\xe6\x80\xbb\xe6\x95\xb0: 13, \xe7\x9b\xae\xe5\xbd\x95\xe6\x80\xbb\xe6\x95\xb0: 0               \n'
2021-06-20 12:41:37,369 - backend.py[line:80] - DEBUG: subprocess_execute b'----\n'
2021-06-20 12:41:37,371 - BaiUI.py[line:261] - DEBUG: call processCallback
2021-06-20 12:41:37,372 - BaiUI.py[line:262] - DEBUG: getAllFiles
2021-06-20 12:41:37,372 - BaiUI.py[line:263] - DEBUG: [['0', '24.62MB', '2021-05-30', '13:03:42', '2013年12月N1.mp3'], ['1', '24.23MB', '2021-05-30', '13:03:42', '2013年7月N1.mp3'], ['2', '24.77MB', '2021-05-30', '13:03:42', '2014年12月N1.mp3'], ['3', '25.30MB', '2021-05-30', '13:03:43', '2014年7月N1.mp3'], ['4', '25.44MB', '2021-05-30', '13:03:42', '2015年12月N1.mp3'], ['5', '26.52MB', '2021-05-30', '13:03:42', '2015年7月N1.mp3'], ['6', '26.21MB', '2021-05-30', '13:03:42', '2016年12月N1.mp3'], ['7', '26.44MB', '2021-05-30', '13:03:42', '2016年7月N1.mp3'], ['8', '25.94MB', '2021-05-30', '13:03:42', '2017年12月N1.mp3'], ['9', '23.53MB', '2021-05-30', '13:03:43', '2017年7月N1.mp3'], ['10', '24.63MB', '2021-05-30', '13:03:42', '2018年12月N1音频.mp3'], ['11', '23.60MB', '2021-05-30', '13:03:42', '2018年7月N1.mp3'], ['12', '275.14KB', '2021-05-30', '13:03:42', '【树先生日语N1】备考答疑群和公众号.jpg']]
2021-06-20 12:41:37,376 - backend.py[line:139] - DEBUG: end Thread
2021-06-20 12:41:37,378 - BaiUI.py[line:101] - DEBUG: [['0', '24.62MB', '2021-05-30', '13:03:42', '2013年12月N1.mp3'], ['1', '24.23MB', '2021-05-30', '13:03:42', '2013年7月N1.mp3'], ['2', '24.77MB', '2021-05-30', '13:03:42', '2014年12月N1.mp3'], ['3', '25.30MB', '2021-05-30', '13:03:43', '2014年7月N1.mp3'], ['4', '25.44MB', '2021-05-30', '13:03:42', '2015年12月N1.mp3'], ['5', '26.52MB', '2021-05-30', '13:03:42', '2015年7月N1.mp3'], ['6', '26.21MB', '2021-05-30', '13:03:42', '2016年12月N1.mp3'], ['7', '26.44MB', '2021-05-30', '13:03:42', '2016年7月N1.mp3'], ['8', '25.94MB', '2021-05-30', '13:03:42', '2017年12月N1.mp3'], ['9', '23.53MB', '2021-05-30', '13:03:43', '2017年7月N1.mp3'], ['10', '24.63MB', '2021-05-30', '13:03:42', '2018年12月N1音频.mp3'], ['11', '23.60MB', '2021-05-30', '13:03:42', '2018年7月N1.mp3'], ['12', '275.14KB', '2021-05-30', '13:03:42', '【树先生日语N1】备考答疑群和公众号.jpg']]
2021-06-20 12:41:40,240 - BaiUI.py[line:288] - DEBUG: ['5', '26.52MB', '2021-05-30', '13:03:42', '2015年7月N1.mp3']
2021-06-20 12:41:40,241 - BaiUI.py[line:298] - DEBUG: 
2021-06-20 12:41:40,242 - BaiUI.py[line:302] - DEBUG: start download 2015年7月N1.mp3
2021-06-20 12:41:40,243 - backend.py[line:135] - DEBUG: start Thread
2021-06-20 12:41:40,245 - backend.py[line:88] - DEBUG: subprocess_execute_realtime ./BaiduPCS-Go d 2015年7月N1.mp3
2021-06-20 12:41:49,690 - BaiUI.py[line:305] - DEBUG: closeEvent
2021-06-20 12:41:57,343 - backend.py[line:95] - DEBUG: subprocess_execute_realtime b'\n'
2021-06-20 12:41:57,344 - backend.py[line:95] - DEBUG: subprocess_execute_realtime b'[0] \xe6\x8f\x90\xe7\xa4\xba: \xe5\xbd\x93\xe5\x89\x8d\xe4\xb8\x8b\xe8\xbd\xbd\xe6\x9c\x80\xe5\xa4\xa7\xe5\xb9\xb6\xe5\x8f\x91\xe9\x87\x8f\xe4\xb8\xba: 8, \xe4\xb8\x8b\xe8\xbd\xbd\xe7\xbc\x93\xe5\xad\x98\xe4\xb8\xba: 65536\n'
2021-06-20 12:41:57,345 - backend.py[line:95] - DEBUG: subprocess_execute_realtime b'[1] \xe5\x8a\xa0\xe5\x85\xa5\xe4\xb8\x8b\xe8\xbd\xbd\xe9\x98\x9f\xe5\x88\x97: /\xe3\x80\x90\xe6\xa0\x91\xe5\x85\x88\xe7\x94\x9f\xe6\x97\xa5\xe8\xaf\xad\xe3\x80\x912013-2018\xe5\xb9\xb4N1\xe9\x9f\xb3\xe9\xa2\x91/2015\xe5\xb9\xb47\xe6\x9c\x88N1.mp3\n'
2021-06-20 12:41:57,348 - backend.py[line:95] - DEBUG: subprocess_execute_realtime b'\n'
2021-06-20 12:41:57,350 - backend.py[line:95] - DEBUG: subprocess_execute_realtime b'[1] ----\n'
2021-06-20 12:41:57,352 - backend.py[line:95] - DEBUG: subprocess_execute_realtime b'  \xe7\xb1\xbb\xe5\x9e\x8b              \xe6\x96\x87\xe4\xbb\xb6                                              \n'
2021-06-20 12:41:57,353 - backend.py[line:95] - DEBUG: subprocess_execute_realtime b'  \xe6\x96\x87\xe4\xbb\xb6\xe8\xb7\xaf\xe5\xbe\x84          /\xe3\x80\x90\xe6\xa0\x91\xe5\x85\x88\xe7\x94\x9f\xe6\x97\xa5\xe8\xaf\xad\xe3\x80\x912013-2018\xe5\xb9\xb4N1\xe9\x9f\xb3\xe9\xa2\x91/2015\xe5\xb9\xb47\xe6\x9c\x88N1.mp3  \n'
