2021-06-21 13:43:15,667 - backend.py[line:17] - DEBUG: Hello Linux
2021-06-21 13:43:15,674 - BaiUI.py[line:348] - DEBUG: Program Start
2021-06-21 13:43:17,013 - BaiUI.py[line:110] - DEBUG: []
2021-06-21 13:43:17,030 - backend.py[line:177] - DEBUG: start Thread: getAllFiles
2021-06-21 13:43:17,032 - backend.py[line:177] - DEBUG: start Thread: getCurrentDir
2021-06-21 13:43:17,198 - backend.py[line:103] - DEBUG: ./BaiduPCS-Go pwd
2021-06-21 13:43:17,201 - backend.py[line:105] - DEBUG: subprocess_execute /【树先生日语】2013-2018年N1音频

2021-06-21 13:43:17,204 - BaiUI.py[line:299] - DEBUG: call processCallback
2021-06-21 13:43:17,206 - BaiUI.py[line:300] - DEBUG: getCurrentDir
2021-06-21 13:43:17,210 - BaiUI.py[line:301] - DEBUG: /【树先生日语】2013-2018年N1音频
2021-06-21 13:43:17,218 - backend.py[line:182] - DEBUG: end Thread
2021-06-21 13:43:24,903 - backend.py[line:103] - DEBUG: ./BaiduPCS-Go ls
2021-06-21 13:43:24,904 - backend.py[line:105] - DEBUG: subprocess_execute 

2021-06-21 13:43:24,905 - backend.py[line:105] - DEBUG: subprocess_execute 当前目录: /【树先生日语】2013-2018年N1音频

2021-06-21 13:43:24,906 - backend.py[line:105] - DEBUG: subprocess_execute ----

2021-06-21 13:43:24,906 - backend.py[line:105] - DEBUG: subprocess_execute   #     文件大小         修改日期                      文件(目录)                

2021-06-21 13:43:24,907 - backend.py[line:105] - DEBUG: subprocess_execute    0       24.62MB  2021-05-30 13:03:42  2013年12月N1.mp3                        

2021-06-21 13:43:24,908 - backend.py[line:105] - DEBUG: subprocess_execute    1       24.23MB  2021-05-30 13:03:42  2013年7月N1.mp3                         

2021-06-21 13:43:24,908 - backend.py[line:105] - DEBUG: subprocess_execute    2       24.77MB  2021-05-30 13:03:42  2014年12月N1.mp3                        

2021-06-21 13:43:24,909 - backend.py[line:105] - DEBUG: subprocess_execute    3       25.30MB  2021-05-30 13:03:43  2014年7月N1.mp3                         

2021-06-21 13:43:24,910 - backend.py[line:105] - DEBUG: subprocess_execute    4       25.44MB  2021-05-30 13:03:42  2015年12月N1.mp3                        

2021-06-21 13:43:24,910 - backend.py[line:105] - DEBUG: subprocess_execute    5       26.52MB  2021-05-30 13:03:42  2015年7月N1.mp3                         

2021-06-21 13:43:24,911 - backend.py[line:105] - DEBUG: subprocess_execute    6       26.21MB  2021-05-30 13:03:42  2016年12月N1.mp3                        

2021-06-21 13:43:24,911 - backend.py[line:105] - DEBUG: subprocess_execute    7       26.44MB  2021-05-30 13:03:42  2016年7月N1.mp3                         

2021-06-21 13:43:24,912 - backend.py[line:105] - DEBUG: subprocess_execute    8       25.94MB  2021-05-30 13:03:42  2017年12月N1.mp3                        

2021-06-21 13:43:24,913 - backend.py[line:105] - DEBUG: subprocess_execute    9       23.53MB  2021-05-30 13:03:43  2017年7月N1.mp3                         

2021-06-21 13:43:24,913 - backend.py[line:105] - DEBUG: subprocess_execute   10       24.63MB  2021-05-30 13:03:42  2018年12月N1音频.mp3                    

2021-06-21 13:43:24,914 - backend.py[line:105] - DEBUG: subprocess_execute   11       23.60MB  2021-05-30 13:03:42  2018年7月N1.mp3                         

2021-06-21 13:43:24,915 - backend.py[line:105] - DEBUG: subprocess_execute   12      275.14KB  2021-05-30 13:03:42  【树先生日语N1】备考答疑群和公众号.jpg  

2021-06-21 13:43:24,916 - backend.py[line:105] - DEBUG: subprocess_execute       总: 301.50MB                       文件总数: 13, 目录总数: 0               

2021-06-21 13:43:24,916 - backend.py[line:105] - DEBUG: subprocess_execute ----

2021-06-21 13:43:24,918 - BaiUI.py[line:299] - DEBUG: call processCallback
2021-06-21 13:43:24,919 - BaiUI.py[line:300] - DEBUG: getAllFiles
2021-06-21 13:43:24,920 - BaiUI.py[line:301] - DEBUG: [['0', '24.62MB', '2021-05-30', '13:03:42', '2013年12月N1.mp3'], ['1', '24.23MB', '2021-05-30', '13:03:42', '2013年7月N1.mp3'], ['2', '24.77MB', '2021-05-30', '13:03:42', '2014年12月N1.mp3'], ['3', '25.30MB', '2021-05-30', '13:03:43', '2014年7月N1.mp3'], ['4', '25.44MB', '2021-05-30', '13:03:42', '2015年12月N1.mp3'], ['5', '26.52MB', '2021-05-30', '13:03:42', '2015年7月N1.mp3'], ['6', '26.21MB', '2021-05-30', '13:03:42', '2016年12月N1.mp3'], ['7', '26.44MB', '2021-05-30', '13:03:42', '2016年7月N1.mp3'], ['8', '25.94MB', '2021-05-30', '13:03:42', '2017年12月N1.mp3'], ['9', '23.53MB', '2021-05-30', '13:03:43', '2017年7月N1.mp3'], ['10', '24.63MB', '2021-05-30', '13:03:42', '2018年12月N1音频.mp3'], ['11', '23.60MB', '2021-05-30', '13:03:42', '2018年7月N1.mp3'], ['12', '275.14KB', '2021-05-30', '13:03:42', '【树先生日语N1】备考答疑群和公众号.jpg']]
2021-06-21 13:43:24,923 - backend.py[line:182] - DEBUG: end Thread
2021-06-21 13:43:24,925 - BaiUI.py[line:110] - DEBUG: [['0', '24.62MB', '2021-05-30', '13:03:42', '2013年12月N1.mp3'], ['1', '24.23MB', '2021-05-30', '13:03:42', '2013年7月N1.mp3'], ['2', '24.77MB', '2021-05-30', '13:03:42', '2014年12月N1.mp3'], ['3', '25.30MB', '2021-05-30', '13:03:43', '2014年7月N1.mp3'], ['4', '25.44MB', '2021-05-30', '13:03:42', '2015年12月N1.mp3'], ['5', '26.52MB', '2021-05-30', '13:03:42', '2015年7月N1.mp3'], ['6', '26.21MB', '2021-05-30', '13:03:42', '2016年12月N1.mp3'], ['7', '26.44MB', '2021-05-30', '13:03:42', '2016年7月N1.mp3'], ['8', '25.94MB', '2021-05-30', '13:03:42', '2017年12月N1.mp3'], ['9', '23.53MB', '2021-05-30', '13:03:43', '2017年7月N1.mp3'], ['10', '24.63MB', '2021-05-30', '13:03:42', '2018年12月N1音频.mp3'], ['11', '23.60MB', '2021-05-30', '13:03:42', '2018年7月N1.mp3'], ['12', '275.14KB', '2021-05-30', '13:03:42', '【树先生日语N1】备考答疑群和公众号.jpg']]
2021-06-21 13:43:28,492 - BaiUI.py[line:327] - DEBUG: ['1', '24.23MB', '2021-05-30', '13:03:42', '2013年7月N1.mp3']
2021-06-21 13:43:28,493 - BaiUI.py[line:337] - DEBUG: 
2021-06-21 13:43:28,494 - BaiUI.py[line:341] - DEBUG: start download 2013年7月N1.mp3
2021-06-21 13:43:28,495 - backend.py[line:177] - DEBUG: start Thread: downloadFiles
2021-06-21 13:43:28,497 - backend.py[line:119] - DEBUG: subprocess_execute_realtime ./BaiduPCS-Go d 2013年7月N1.mp3
2021-06-21 13:43:31,499 - BaiUI.py[line:299] - DEBUG: call processCallback
2021-06-21 13:43:31,501 - BaiUI.py[line:300] - DEBUG: downloadFiles
2021-06-21 13:43:31,501 - BaiUI.py[line:301] - DEBUG: ['down_id:0', '\n', '[0] 提示: 当前下载最大并发量为: 8, 下载缓存为: 65536\n', '[1] 加入下载队列: /【树先生日语】2013-2018年N1音频/2013年7月N1.mp3\n', '\n', '[1] ----\n', '  类型              文件                                              \n', '  文件路径          /【树先生日语】2013-2018年N1音频/2013年7月N1.mp3  \n', '  文件名称          2013年7月N1.mp3                                   \n', '  文件大小          25404169, 24.227304MB                             \n', '  md5 (可能不正确)  7edb197e39d84509377588b8e95c9780                  \n', '  app_id            250528                                            \n', '  fs_id             421115117380488                                   \n', '  创建日期          2019-06-24 10:11:27                               \n', '  修改日期          2021-05-30 13:03:42                               \n', '\n', '[1] 准备下载: /【树先生日语】2013-2018年N1音频/2013年7月N1.mp3\n', '[1] 将会下载到路径: /mnt/usb/BaiduDownload/4733703127_linuxeroero/2013年7月N1.mp3\n', '\n']
2021-06-21 13:43:31,504 - BaiUI.py[line:282] - DEBUG: down_id: 0
