2021-06-20 13:21:11,339 - BaiUI.py[line:309] - DEBUG: Program Start
2021-06-20 13:21:12,539 - BaiUI.py[line:101] - DEBUG: []
2021-06-20 13:21:12,553 - backend.py[line:139] - DEBUG: start Thread
2021-06-20 13:21:12,555 - backend.py[line:139] - DEBUG: start Thread
2021-06-20 13:21:12,712 - backend.py[line:84] - DEBUG: subprocess_execute b'/\xe3\x80\x90\xe6\xa0\x91\xe5\x85\x88\xe7\x94\x9f\xe6\x97\xa5\xe8\xaf\xad\xe3\x80\x912013-2018\xe5\xb9\xb4N1\xe9\x9f\xb3\xe9\xa2\x91\n'
2021-06-20 13:21:12,714 - BaiUI.py[line:261] - DEBUG: call processCallback
2021-06-20 13:21:12,715 - BaiUI.py[line:262] - DEBUG: getCurrentDir
2021-06-20 13:21:12,716 - BaiUI.py[line:263] - DEBUG: /【树先生日语】2013-2018年N1音频
2021-06-20 13:21:12,717 - backend.py[line:143] - DEBUG: end Thread
2021-06-20 13:21:13,660 - backend.py[line:84] - DEBUG: subprocess_execute b'\n'
2021-06-20 13:21:13,661 - backend.py[line:84] - DEBUG: subprocess_execute b'\xe5\xbd\x93\xe5\x89\x8d\xe7\x9b\xae\xe5\xbd\x95: /\xe3\x80\x90\xe6\xa0\x91\xe5\x85\x88\xe7\x94\x9f\xe6\x97\xa5\xe8\xaf\xad\xe3\x80\x912013-2018\xe5\xb9\xb4N1\xe9\x9f\xb3\xe9\xa2\x91\n'
2021-06-20 13:21:13,661 - backend.py[line:84] - DEBUG: subprocess_execute b'----\n'
2021-06-20 13:21:13,662 - backend.py[line:84] - DEBUG: subprocess_execute b'  #     \xe6\x96\x87\xe4\xbb\xb6\xe5\xa4\xa7\xe5\xb0\x8f         \xe4\xbf\xae\xe6\x94\xb9\xe6\x97\xa5\xe6\x9c\x9f                      \xe6\x96\x87\xe4\xbb\xb6(\xe7\x9b\xae\xe5\xbd\x95)                \n'
2021-06-20 13:21:13,663 - backend.py[line:84] - DEBUG: subprocess_execute b'   0       24.62MB  2021-05-30 13:03:42  2013\xe5\xb9\xb412\xe6\x9c\x88N1.mp3                        \n'
2021-06-20 13:21:13,663 - backend.py[line:84] - DEBUG: subprocess_execute b'   1       24.23MB  2021-05-30 13:03:42  2013\xe5\xb9\xb47\xe6\x9c\x88N1.mp3                         \n'
2021-06-20 13:21:13,664 - backend.py[line:84] - DEBUG: subprocess_execute b'   2       24.77MB  2021-05-30 13:03:42  2014\xe5\xb9\xb412\xe6\x9c\x88N1.mp3                        \n'
2021-06-20 13:21:13,665 - backend.py[line:84] - DEBUG: subprocess_execute b'   3       25.30MB  2021-05-30 13:03:43  2014\xe5\xb9\xb47\xe6\x9c\x88N1.mp3                         \n'
2021-06-20 13:21:13,666 - backend.py[line:84] - DEBUG: subprocess_execute b'   4       25.44MB  2021-05-30 13:03:42  2015\xe5\xb9\xb412\xe6\x9c\x88N1.mp3                        \n'
2021-06-20 13:21:13,666 - backend.py[line:84] - DEBUG: subprocess_execute b'   5       26.52MB  2021-05-30 13:03:42  2015\xe5\xb9\xb47\xe6\x9c\x88N1.mp3                         \n'
2021-06-20 13:21:13,667 - backend.py[line:84] - DEBUG: subprocess_execute b'   6       26.21MB  2021-05-30 13:03:42  2016\xe5\xb9\xb412\xe6\x9c\x88N1.mp3                        \n'
2021-06-20 13:21:13,668 - backend.py[line:84] - DEBUG: subprocess_execute b'   7       26.44MB  2021-05-30 13:03:42  2016\xe5\xb9\xb47\xe6\x9c\x88N1.mp3                         \n'
2021-06-20 13:21:13,668 - backend.py[line:84] - DEBUG: subprocess_execute b'   8       25.94MB  2021-05-30 13:03:42  2017\xe5\xb9\xb412\xe6\x9c\x88N1.mp3                        \n'
2021-06-20 13:21:13,669 - backend.py[line:84] - DEBUG: subprocess_execute b'   9       23.53MB  2021-05-30 13:03:43  2017\xe5\xb9\xb47\xe6\x9c\x88N1.mp3                         \n'
2021-06-20 13:21:13,670 - backend.py[line:84] - DEBUG: subprocess_execute b'  10       24.63MB  2021-05-30 13:03:42  2018\xe5\xb9\xb412\xe6\x9c\x88N1\xe9\x9f\xb3\xe9\xa2\x91.mp3                    \n'
2021-06-20 13:21:13,670 - backend.py[line:84] - DEBUG: subprocess_execute b'  11       23.60MB  2021-05-30 13:03:42  2018\xe5\xb9\xb47\xe6\x9c\x88N1.mp3                         \n'
2021-06-20 13:21:13,671 - backend.py[line:84] - DEBUG: subprocess_execute b'  12      275.14KB  2021-05-30 13:03:42  \xe3\x80\x90\xe6\xa0\x91\xe5\x85\x88\xe7\x94\x9f\xe6\x97\xa5\xe8\xaf\xadN1\xe3\x80\x91\xe5\xa4\x87\xe8\x80\x83\xe7\xad\x94\xe7\x96\x91\xe7\xbe\xa4\xe5\x92\x8c\xe5\x85\xac\xe4\xbc\x97\xe5\x8f\xb7.jpg  \n'
2021-06-20 13:21:13,672 - backend.py[line:84] - DEBUG: subprocess_execute b'      \xe6\x80\xbb: 301.50MB                       \xe6\x96\x87\xe4\xbb\xb6\xe6\x80\xbb\xe6\x95\xb0: 13, \xe7\x9b\xae\xe5\xbd\x95\xe6\x80\xbb\xe6\x95\xb0: 0               \n'
2021-06-20 13:21:13,672 - backend.py[line:84] - DEBUG: subprocess_execute b'----\n'
2021-06-20 13:21:13,674 - BaiUI.py[line:261] - DEBUG: call processCallback
2021-06-20 13:21:13,674 - BaiUI.py[line:262] - DEBUG: getAllFiles
2021-06-20 13:21:13,675 - BaiUI.py[line:263] - DEBUG: [['0', '24.62MB', '2021-05-30', '13:03:42', '2013年12月N1.mp3'], ['1', '24.23MB', '2021-05-30', '13:03:42', '2013年7月N1.mp3'], ['2', '24.77MB', '2021-05-30', '13:03:42', '2014年12月N1.mp3'], ['3', '25.30MB', '2021-05-30', '13:03:43', '2014年7月N1.mp3'], ['4', '25.44MB', '2021-05-30', '13:03:42', '2015年12月N1.mp3'], ['5', '26.52MB', '2021-05-30', '13:03:42', '2015年7月N1.mp3'], ['6', '26.21MB', '2021-05-30', '13:03:42', '2016年12月N1.mp3'], ['7', '26.44MB', '2021-05-30', '13:03:42', '2016年7月N1.mp3'], ['8', '25.94MB', '2021-05-30', '13:03:42', '2017年12月N1.mp3'], ['9', '23.53MB', '2021-05-30', '13:03:43', '2017年7月N1.mp3'], ['10', '24.63MB', '2021-05-30', '13:03:42', '2018年12月N1音频.mp3'], ['11', '23.60MB', '2021-05-30', '13:03:42', '2018年7月N1.mp3'], ['12', '275.14KB', '2021-05-30', '13:03:42', '【树先生日语N1】备考答疑群和公众号.jpg']]
2021-06-20 13:21:13,680 - backend.py[line:143] - DEBUG: end Thread
2021-06-20 13:21:13,682 - BaiUI.py[line:101] - DEBUG: [['0', '24.62MB', '2021-05-30', '13:03:42', '2013年12月N1.mp3'], ['1', '24.23MB', '2021-05-30', '13:03:42', '2013年7月N1.mp3'], ['2', '24.77MB', '2021-05-30', '13:03:42', '2014年12月N1.mp3'], ['3', '25.30MB', '2021-05-30', '13:03:43', '2014年7月N1.mp3'], ['4', '25.44MB', '2021-05-30', '13:03:42', '2015年12月N1.mp3'], ['5', '26.52MB', '2021-05-30', '13:03:42', '2015年7月N1.mp3'], ['6', '26.21MB', '2021-05-30', '13:03:42', '2016年12月N1.mp3'], ['7', '26.44MB', '2021-05-30', '13:03:42', '2016年7月N1.mp3'], ['8', '25.94MB', '2021-05-30', '13:03:42', '2017年12月N1.mp3'], ['9', '23.53MB', '2021-05-30', '13:03:43', '2017年7月N1.mp3'], ['10', '24.63MB', '2021-05-30', '13:03:42', '2018年12月N1音频.mp3'], ['11', '23.60MB', '2021-05-30', '13:03:42', '2018年7月N1.mp3'], ['12', '275.14KB', '2021-05-30', '13:03:42', '【树先生日语N1】备考答疑群和公众号.jpg']]
2021-06-20 13:21:16,694 - BaiUI.py[line:288] - DEBUG: ['2', '24.77MB', '2021-05-30', '13:03:42', '2014年12月N1.mp3']
2021-06-20 13:21:16,696 - BaiUI.py[line:298] - DEBUG: 
2021-06-20 13:21:16,696 - BaiUI.py[line:302] - DEBUG: start download 2014年12月N1.mp3
2021-06-20 13:21:16,698 - backend.py[line:139] - DEBUG: start Thread
2021-06-20 13:21:16,699 - backend.py[line:92] - DEBUG: subprocess_execute_realtime ./BaiduPCS-Go d 2014年12月N1.mp3
2021-06-20 13:21:24,669 - BaiUI.py[line:305] - DEBUG: closeEvent
2021-06-20 13:21:24,670 - backend.py[line:41] - DEBUG: closeAllThread
2021-06-20 13:21:24,671 - backend.py[line:46] - ERROR: not exist thread
2021-06-20 13:21:24,671 - backend.py[line:46] - ERROR: not exist thread
2021-06-20 13:21:24,672 - backend.py[line:46] - ERROR: not exist thread
2021-06-20 13:22:27,957 - backend.py[line:99] - DEBUG: subprocess_execute_realtime 

2021-06-20 13:22:27,958 - backend.py[line:99] - DEBUG: subprocess_execute_realtime [0] 提示: 当前下载最大并发量为: 8, 下载缓存为: 65536

2021-06-20 13:22:27,959 - backend.py[line:99] - DEBUG: subprocess_execute_realtime [1] 加入下载队列: /【树先生日语】2013-2018年N1音频/2014年12月N1.mp3

2021-06-20 13:22:27,961 - backend.py[line:99] - DEBUG: subprocess_execute_realtime 

2021-06-20 13:22:27,963 - backend.py[line:99] - DEBUG: subprocess_execute_realtime [1] ----

2021-06-20 13:22:27,964 - backend.py[line:99] - DEBUG: subprocess_execute_realtime   类型              文件                                               

