2021-06-19 15:48:36,983 - BaiUI.py[line:303] - DEBUG: Program Start
2021-06-19 15:48:38,175 - BaiUI.py[line:101] - DEBUG: []
2021-06-19 15:48:38,191 - backend.py[line:111] - DEBUG: start Thread
2021-06-19 15:48:38,193 - backend.py[line:111] - DEBUG: start Thread
2021-06-19 15:48:38,352 - BaiUI.py[line:259] - DEBUG: call processCallback
2021-06-19 15:48:38,354 - BaiUI.py[line:260] - DEBUG: getCurrentDir
2021-06-19 15:48:38,356 - BaiUI.py[line:261] - DEBUG: /百度网盘学霸大礼包
2021-06-19 15:48:38,358 - backend.py[line:115] - DEBUG: end Thread
2021-06-19 15:48:38,778 - BaiUI.py[line:259] - DEBUG: call processCallback
2021-06-19 15:48:38,779 - BaiUI.py[line:260] - DEBUG: getAllFiles
2021-06-19 15:48:38,780 - BaiUI.py[line:261] - DEBUG: [['0', '-', '2021-06-01', '20:44:17', '通用能力'], ['1', '-', '2021-06-01', '20:44:17', '通用能力']]
2021-06-19 15:48:38,781 - backend.py[line:115] - DEBUG: end Thread
2021-06-19 15:48:38,782 - BaiUI.py[line:101] - DEBUG: [['0', '-', '2021-06-01', '20:44:17', '通用能力'], ['1', '-', '2021-06-01', '20:44:17', '通用能力']]
2021-06-19 15:48:53,218 - BaiUI.py[line:285] - DEBUG: ['0', '0', '0', '0', '../']
2021-06-19 15:48:53,220 - BaiUI.py[line:288] - DEBUG: return back to up path ../
2021-06-19 15:48:53,221 - BaiUI.py[line:295] - DEBUG: /
2021-06-19 15:48:53,222 - backend.py[line:111] - DEBUG: start Thread
2021-06-19 15:48:53,818 - BaiUI.py[line:259] - DEBUG: call processCallback
2021-06-19 15:48:53,820 - BaiUI.py[line:260] - DEBUG: changeDir
2021-06-19 15:48:53,820 - BaiUI.py[line:261] - DEBUG: None
2021-06-19 15:48:53,821 - backend.py[line:115] - DEBUG: end Thread
2021-06-19 15:48:53,823 - backend.py[line:111] - DEBUG: start Thread
2021-06-19 15:48:53,824 - backend.py[line:111] - DEBUG: start Thread
2021-06-19 15:48:53,938 - BaiUI.py[line:259] - DEBUG: call processCallback
2021-06-19 15:48:53,939 - BaiUI.py[line:260] - DEBUG: getCurrentDir
2021-06-19 15:48:53,940 - BaiUI.py[line:261] - DEBUG: /
2021-06-19 15:48:53,941 - backend.py[line:115] - DEBUG: end Thread
2021-06-19 15:48:54,335 - BaiUI.py[line:259] - DEBUG: call processCallback
2021-06-19 15:48:54,337 - BaiUI.py[line:260] - DEBUG: getAllFiles
2021-06-19 15:48:54,338 - BaiUI.py[line:261] - DEBUG: [['0', '-', '2021-05-30', '13:03:42', '【树先生日语】2013-2018年N1音频/'], ['1', '-', '2021-06-01', '20:44:16', '百度网盘学霸大礼包/']]
2021-06-19 15:48:54,339 - backend.py[line:115] - DEBUG: end Thread
2021-06-19 15:48:54,340 - BaiUI.py[line:101] - DEBUG: [['0', '-', '2021-05-30', '13:03:42', '【树先生日语】2013-2018年N1音频/'], ['1', '-', '2021-06-01', '20:44:16', '百度网盘学霸大礼包/']]
2021-06-19 15:48:56,211 - BaiUI.py[line:285] - DEBUG: ['0', '-', '2021-05-30', '13:03:42', '【树先生日语】2013-2018年N1音频/']
2021-06-19 15:48:56,212 - BaiUI.py[line:292] - DEBUG: current dir: 【树先生日语】2013-2018年N1音频/
2021-06-19 15:48:56,213 - BaiUI.py[line:295] - DEBUG: 【树先生日语】2013-2018年N1音频/
2021-06-19 15:48:56,215 - backend.py[line:111] - DEBUG: start Thread
2021-06-19 15:48:56,655 - BaiUI.py[line:259] - DEBUG: call processCallback
2021-06-19 15:48:56,657 - BaiUI.py[line:260] - DEBUG: changeDir
2021-06-19 15:48:56,658 - BaiUI.py[line:261] - DEBUG: None
2021-06-19 15:48:56,659 - backend.py[line:115] - DEBUG: end Thread
2021-06-19 15:48:56,661 - backend.py[line:111] - DEBUG: start Thread
2021-06-19 15:48:56,662 - backend.py[line:111] - DEBUG: start Thread
2021-06-19 15:48:56,781 - BaiUI.py[line:259] - DEBUG: call processCallback
2021-06-19 15:48:56,782 - BaiUI.py[line:260] - DEBUG: getCurrentDir
2021-06-19 15:48:56,783 - BaiUI.py[line:261] - DEBUG: /【树先生日语】2013-2018年N1音频
2021-06-19 15:48:56,795 - backend.py[line:115] - DEBUG: end Thread
2021-06-19 15:48:57,275 - BaiUI.py[line:259] - DEBUG: call processCallback
2021-06-19 15:48:57,276 - BaiUI.py[line:260] - DEBUG: getAllFiles
2021-06-19 15:48:57,277 - BaiUI.py[line:261] - DEBUG: [['0', '24.62MB', '2021-05-30', '13:03:42', '2013年12月N1.mp3'], ['1', '24.23MB', '2021-05-30', '13:03:42', '2013年7月N1.mp3'], ['2', '24.77MB', '2021-05-30', '13:03:42', '2014年12月N1.mp3'], ['3', '25.30MB', '2021-05-30', '13:03:43', '2014年7月N1.mp3'], ['4', '25.44MB', '2021-05-30', '13:03:42', '2015年12月N1.mp3'], ['5', '26.52MB', '2021-05-30', '13:03:42', '2015年7月N1.mp3'], ['6', '26.21MB', '2021-05-30', '13:03:42', '2016年12月N1.mp3'], ['7', '26.44MB', '2021-05-30', '13:03:42', '2016年7月N1.mp3'], ['8', '25.94MB', '2021-05-30', '13:03:42', '2017年12月N1.mp3'], ['9', '23.53MB', '2021-05-30', '13:03:43', '2017年7月N1.mp3'], ['10', '24.63MB', '2021-05-30', '13:03:42', '2018年12月N1音频.mp3'], ['11', '23.60MB', '2021-05-30', '13:03:42', '2018年7月N1.mp3'], ['12', '275.14KB', '2021-05-30', '13:03:42', '【树先生日语N1】备考答疑群和公众号.jpg']]
2021-06-19 15:48:57,279 - backend.py[line:115] - DEBUG: end Thread
2021-06-19 15:48:57,281 - BaiUI.py[line:101] - DEBUG: [['0', '24.62MB', '2021-05-30', '13:03:42', '2013年12月N1.mp3'], ['1', '24.23MB', '2021-05-30', '13:03:42', '2013年7月N1.mp3'], ['2', '24.77MB', '2021-05-30', '13:03:42', '2014年12月N1.mp3'], ['3', '25.30MB', '2021-05-30', '13:03:43', '2014年7月N1.mp3'], ['4', '25.44MB', '2021-05-30', '13:03:42', '2015年12月N1.mp3'], ['5', '26.52MB', '2021-05-30', '13:03:42', '2015年7月N1.mp3'], ['6', '26.21MB', '2021-05-30', '13:03:42', '2016年12月N1.mp3'], ['7', '26.44MB', '2021-05-30', '13:03:42', '2016年7月N1.mp3'], ['8', '25.94MB', '2021-05-30', '13:03:42', '2017年12月N1.mp3'], ['9', '23.53MB', '2021-05-30', '13:03:43', '2017年7月N1.mp3'], ['10', '24.63MB', '2021-05-30', '13:03:42', '2018年12月N1音频.mp3'], ['11', '23.60MB', '2021-05-30', '13:03:42', '2018年7月N1.mp3'], ['12', '275.14KB', '2021-05-30', '13:03:42', '【树先生日语N1】备考答疑群和公众号.jpg']]
2021-06-19 15:49:06,492 - BaiUI.py[line:285] - DEBUG: ['0', '0', '0', '0', '../']
2021-06-19 15:49:06,494 - BaiUI.py[line:288] - DEBUG: return back to up path ../
2021-06-19 15:49:06,494 - BaiUI.py[line:295] - DEBUG: /
2021-06-19 15:49:06,496 - backend.py[line:111] - DEBUG: start Thread
2021-06-19 15:49:06,950 - BaiUI.py[line:259] - DEBUG: call processCallback
2021-06-19 15:49:06,951 - BaiUI.py[line:260] - DEBUG: changeDir
2021-06-19 15:49:06,952 - BaiUI.py[line:261] - DEBUG: None
2021-06-19 15:49:06,953 - backend.py[line:115] - DEBUG: end Thread
2021-06-19 15:49:06,954 - backend.py[line:111] - DEBUG: start Thread
2021-06-19 15:49:06,956 - backend.py[line:111] - DEBUG: start Thread
2021-06-19 15:49:07,074 - BaiUI.py[line:259] - DEBUG: call processCallback
2021-06-19 15:49:07,075 - BaiUI.py[line:260] - DEBUG: getCurrentDir
2021-06-19 15:49:07,076 - BaiUI.py[line:261] - DEBUG: /
2021-06-19 15:49:07,078 - backend.py[line:115] - DEBUG: end Thread
2021-06-19 15:49:13,960 - BaiUI.py[line:259] - DEBUG: call processCallback
2021-06-19 15:49:13,961 - BaiUI.py[line:260] - DEBUG: getAllFiles
2021-06-19 15:49:13,962 - BaiUI.py[line:261] - DEBUG: [['0', '-', '2021-05-30', '13:03:42', '【树先生日语】2013-2018年N1音频/'], ['1', '-', '2021-06-01', '20:44:16', '百度网盘学霸大礼包/']]
2021-06-19 15:49:13,963 - backend.py[line:115] - DEBUG: end Thread
2021-06-19 15:49:13,964 - BaiUI.py[line:101] - DEBUG: [['0', '-', '2021-05-30', '13:03:42', '【树先生日语】2013-2018年N1音频/'], ['1', '-', '2021-06-01', '20:44:16', '百度网盘学霸大礼包/']]
2021-06-19 15:56:01,832 - BaiUI.py[line:285] - DEBUG: ['0', '0', '0', '0', '../']
2021-06-19 15:56:01,833 - BaiUI.py[line:288] - DEBUG: return back to up path ../
2021-06-19 15:56:01,834 - BaiUI.py[line:295] - DEBUG: /
2021-06-19 15:56:01,835 - backend.py[line:111] - DEBUG: start Thread
2021-06-19 15:56:02,493 - BaiUI.py[line:259] - DEBUG: call processCallback
2021-06-19 15:56:02,494 - BaiUI.py[line:260] - DEBUG: changeDir
2021-06-19 15:56:02,495 - BaiUI.py[line:261] - DEBUG: None
2021-06-19 15:56:02,496 - backend.py[line:115] - DEBUG: end Thread
2021-06-19 15:56:02,497 - backend.py[line:111] - DEBUG: start Thread
2021-06-19 15:56:02,499 - backend.py[line:111] - DEBUG: start Thread
2021-06-19 15:56:02,628 - BaiUI.py[line:259] - DEBUG: call processCallback
2021-06-19 15:56:02,630 - BaiUI.py[line:260] - DEBUG: getCurrentDir
2021-06-19 15:56:02,631 - BaiUI.py[line:261] - DEBUG: /
2021-06-19 15:56:02,633 - backend.py[line:115] - DEBUG: end Thread
2021-06-19 15:56:02,902 - BaiUI.py[line:259] - DEBUG: call processCallback
2021-06-19 15:56:02,903 - BaiUI.py[line:260] - DEBUG: getAllFiles
2021-06-19 15:56:02,903 - BaiUI.py[line:261] - DEBUG: [['0', '-', '2021-05-30', '13:03:42', '【树先生日语】2013-2018年N1音频/'], ['1', '-', '2021-06-01', '20:44:16', '百度网盘学霸大礼包/']]
2021-06-19 15:56:02,905 - backend.py[line:115] - DEBUG: end Thread
2021-06-19 15:56:02,906 - BaiUI.py[line:101] - DEBUG: [['0', '-', '2021-05-30', '13:03:42', '【树先生日语】2013-2018年N1音频/'], ['1', '-', '2021-06-01', '20:44:16', '百度网盘学霸大礼包/']]
2021-06-19 15:56:04,403 - BaiUI.py[line:285] - DEBUG: ['0', '-', '2021-05-30', '13:03:42', '【树先生日语】2013-2018年N1音频/']
2021-06-19 15:56:04,404 - BaiUI.py[line:292] - DEBUG: current dir: 【树先生日语】2013-2018年N1音频/
2021-06-19 15:56:04,405 - BaiUI.py[line:295] - DEBUG: 【树先生日语】2013-2018年N1音频/
2021-06-19 15:56:04,406 - backend.py[line:111] - DEBUG: start Thread
2021-06-19 15:56:04,998 - BaiUI.py[line:259] - DEBUG: call processCallback
2021-06-19 15:56:04,999 - BaiUI.py[line:260] - DEBUG: changeDir
2021-06-19 15:56:04,999 - BaiUI.py[line:261] - DEBUG: None
2021-06-19 15:56:05,000 - backend.py[line:115] - DEBUG: end Thread
2021-06-19 15:56:05,002 - backend.py[line:111] - DEBUG: start Thread
2021-06-19 15:56:05,004 - backend.py[line:111] - DEBUG: start Thread
2021-06-19 15:56:05,126 - BaiUI.py[line:259] - DEBUG: call processCallback
2021-06-19 15:56:05,128 - BaiUI.py[line:260] - DEBUG: getCurrentDir
2021-06-19 15:56:05,130 - BaiUI.py[line:261] - DEBUG: /【树先生日语】2013-2018年N1音频
2021-06-19 15:56:05,132 - backend.py[line:115] - DEBUG: end Thread
2021-06-19 15:56:05,492 - BaiUI.py[line:259] - DEBUG: call processCallback
2021-06-19 15:56:05,493 - BaiUI.py[line:260] - DEBUG: getAllFiles
2021-06-19 15:56:05,494 - BaiUI.py[line:261] - DEBUG: [['0', '24.62MB', '2021-05-30', '13:03:42', '2013年12月N1.mp3'], ['1', '24.23MB', '2021-05-30', '13:03:42', '2013年7月N1.mp3'], ['2', '24.77MB', '2021-05-30', '13:03:42', '2014年12月N1.mp3'], ['3', '25.30MB', '2021-05-30', '13:03:43', '2014年7月N1.mp3'], ['4', '25.44MB', '2021-05-30', '13:03:42', '2015年12月N1.mp3'], ['5', '26.52MB', '2021-05-30', '13:03:42', '2015年7月N1.mp3'], ['6', '26.21MB', '2021-05-30', '13:03:42', '2016年12月N1.mp3'], ['7', '26.44MB', '2021-05-30', '13:03:42', '2016年7月N1.mp3'], ['8', '25.94MB', '2021-05-30', '13:03:42', '2017年12月N1.mp3'], ['9', '23.53MB', '2021-05-30', '13:03:43', '2017年7月N1.mp3'], ['10', '24.63MB', '2021-05-30', '13:03:42', '2018年12月N1音频.mp3'], ['11', '23.60MB', '2021-05-30', '13:03:42', '2018年7月N1.mp3'], ['12', '275.14KB', '2021-05-30', '13:03:42', '【树先生日语N1】备考答疑群和公众号.jpg']]
2021-06-19 15:56:05,497 - backend.py[line:115] - DEBUG: end Thread
2021-06-19 15:56:05,499 - BaiUI.py[line:101] - DEBUG: [['0', '24.62MB', '2021-05-30', '13:03:42', '2013年12月N1.mp3'], ['1', '24.23MB', '2021-05-30', '13:03:42', '2013年7月N1.mp3'], ['2', '24.77MB', '2021-05-30', '13:03:42', '2014年12月N1.mp3'], ['3', '25.30MB', '2021-05-30', '13:03:43', '2014年7月N1.mp3'], ['4', '25.44MB', '2021-05-30', '13:03:42', '2015年12月N1.mp3'], ['5', '26.52MB', '2021-05-30', '13:03:42', '2015年7月N1.mp3'], ['6', '26.21MB', '2021-05-30', '13:03:42', '2016年12月N1.mp3'], ['7', '26.44MB', '2021-05-30', '13:03:42', '2016年7月N1.mp3'], ['8', '25.94MB', '2021-05-30', '13:03:42', '2017年12月N1.mp3'], ['9', '23.53MB', '2021-05-30', '13:03:43', '2017年7月N1.mp3'], ['10', '24.63MB', '2021-05-30', '13:03:42', '2018年12月N1音频.mp3'], ['11', '23.60MB', '2021-05-30', '13:03:42', '2018年7月N1.mp3'], ['12', '275.14KB', '2021-05-30', '13:03:42', '【树先生日语N1】备考答疑群和公众号.jpg']]
2021-06-19 15:56:11,013 - BaiUI.py[line:285] - DEBUG: ['0', '0', '0', '0', '../']
2021-06-19 15:56:11,014 - BaiUI.py[line:288] - DEBUG: return back to up path ../
2021-06-19 15:56:11,015 - BaiUI.py[line:295] - DEBUG: /
2021-06-19 15:56:11,017 - backend.py[line:111] - DEBUG: start Thread
2021-06-19 15:56:11,779 - BaiUI.py[line:259] - DEBUG: call processCallback
2021-06-19 15:56:11,781 - BaiUI.py[line:260] - DEBUG: changeDir
2021-06-19 15:56:11,782 - BaiUI.py[line:261] - DEBUG: None
2021-06-19 15:56:11,783 - backend.py[line:115] - DEBUG: end Thread
2021-06-19 15:56:11,785 - backend.py[line:111] - DEBUG: start Thread
2021-06-19 15:56:11,787 - backend.py[line:111] - DEBUG: start Thread
2021-06-19 15:56:11,911 - BaiUI.py[line:259] - DEBUG: call processCallback
2021-06-19 15:56:11,913 - BaiUI.py[line:260] - DEBUG: getCurrentDir
2021-06-19 15:56:11,915 - BaiUI.py[line:261] - DEBUG: /
2021-06-19 15:56:11,916 - backend.py[line:115] - DEBUG: end Thread
2021-06-19 15:56:12,384 - BaiUI.py[line:259] - DEBUG: call processCallback
2021-06-19 15:56:12,385 - BaiUI.py[line:260] - DEBUG: getAllFiles
2021-06-19 15:56:12,386 - BaiUI.py[line:261] - DEBUG: [['0', '-', '2021-05-30', '13:03:42', '【树先生日语】2013-2018年N1音频/'], ['1', '-', '2021-06-01', '20:44:16', '百度网盘学霸大礼包/']]
2021-06-19 15:56:12,387 - backend.py[line:115] - DEBUG: end Thread
2021-06-19 15:56:12,387 - BaiUI.py[line:101] - DEBUG: [['0', '-', '2021-05-30', '13:03:42', '【树先生日语】2013-2018年N1音频/'], ['1', '-', '2021-06-01', '20:44:16', '百度网盘学霸大礼包/']]
2021-06-19 15:56:14,023 - BaiUI.py[line:285] - DEBUG: ['0', '-', '2021-05-30', '13:03:42', '【树先生日语】2013-2018年N1音频/']
2021-06-19 15:56:14,025 - BaiUI.py[line:292] - DEBUG: current dir: 【树先生日语】2013-2018年N1音频/
2021-06-19 15:56:14,026 - BaiUI.py[line:295] - DEBUG: 【树先生日语】2013-2018年N1音频/
2021-06-19 15:56:14,027 - backend.py[line:111] - DEBUG: start Thread
2021-06-19 15:56:14,612 - BaiUI.py[line:259] - DEBUG: call processCallback
2021-06-19 15:56:14,613 - BaiUI.py[line:260] - DEBUG: changeDir
2021-06-19 15:56:14,614 - BaiUI.py[line:261] - DEBUG: None
2021-06-19 15:56:14,615 - backend.py[line:115] - DEBUG: end Thread
2021-06-19 15:56:14,617 - backend.py[line:111] - DEBUG: start Thread
2021-06-19 15:56:14,618 - backend.py[line:111] - DEBUG: start Thread
2021-06-19 15:56:14,754 - BaiUI.py[line:259] - DEBUG: call processCallback
2021-06-19 15:56:14,756 - BaiUI.py[line:260] - DEBUG: getCurrentDir
2021-06-19 15:56:14,756 - BaiUI.py[line:261] - DEBUG: /【树先生日语】2013-2018年N1音频
2021-06-19 15:56:14,757 - backend.py[line:115] - DEBUG: end Thread
2021-06-19 15:56:15,058 - BaiUI.py[line:259] - DEBUG: call processCallback
2021-06-19 15:56:15,059 - BaiUI.py[line:260] - DEBUG: getAllFiles
2021-06-19 15:56:15,060 - BaiUI.py[line:261] - DEBUG: [['0', '24.62MB', '2021-05-30', '13:03:42', '2013年12月N1.mp3'], ['1', '24.23MB', '2021-05-30', '13:03:42', '2013年7月N1.mp3'], ['2', '24.77MB', '2021-05-30', '13:03:42', '2014年12月N1.mp3'], ['3', '25.30MB', '2021-05-30', '13:03:43', '2014年7月N1.mp3'], ['4', '25.44MB', '2021-05-30', '13:03:42', '2015年12月N1.mp3'], ['5', '26.52MB', '2021-05-30', '13:03:42', '2015年7月N1.mp3'], ['6', '26.21MB', '2021-05-30', '13:03:42', '2016年12月N1.mp3'], ['7', '26.44MB', '2021-05-30', '13:03:42', '2016年7月N1.mp3'], ['8', '25.94MB', '2021-05-30', '13:03:42', '2017年12月N1.mp3'], ['9', '23.53MB', '2021-05-30', '13:03:43', '2017年7月N1.mp3'], ['10', '24.63MB', '2021-05-30', '13:03:42', '2018年12月N1音频.mp3'], ['11', '23.60MB', '2021-05-30', '13:03:42', '2018年7月N1.mp3'], ['12', '275.14KB', '2021-05-30', '13:03:42', '【树先生日语N1】备考答疑群和公众号.jpg']]
2021-06-19 15:56:15,062 - backend.py[line:115] - DEBUG: end Thread
2021-06-19 15:56:15,064 - BaiUI.py[line:101] - DEBUG: [['0', '24.62MB', '2021-05-30', '13:03:42', '2013年12月N1.mp3'], ['1', '24.23MB', '2021-05-30', '13:03:42', '2013年7月N1.mp3'], ['2', '24.77MB', '2021-05-30', '13:03:42', '2014年12月N1.mp3'], ['3', '25.30MB', '2021-05-30', '13:03:43', '2014年7月N1.mp3'], ['4', '25.44MB', '2021-05-30', '13:03:42', '2015年12月N1.mp3'], ['5', '26.52MB', '2021-05-30', '13:03:42', '2015年7月N1.mp3'], ['6', '26.21MB', '2021-05-30', '13:03:42', '2016年12月N1.mp3'], ['7', '26.44MB', '2021-05-30', '13:03:42', '2016年7月N1.mp3'], ['8', '25.94MB', '2021-05-30', '13:03:42', '2017年12月N1.mp3'], ['9', '23.53MB', '2021-05-30', '13:03:43', '2017年7月N1.mp3'], ['10', '24.63MB', '2021-05-30', '13:03:42', '2018年12月N1音频.mp3'], ['11', '23.60MB', '2021-05-30', '13:03:42', '2018年7月N1.mp3'], ['12', '275.14KB', '2021-05-30', '13:03:42', '【树先生日语N1】备考答疑群和公众号.jpg']]
2021-06-19 16:01:38,224 - BaiUI.py[line:285] - DEBUG: ['0', '0', '0', '0', '../']
2021-06-19 16:01:38,225 - BaiUI.py[line:288] - DEBUG: return back to up path ../
2021-06-19 16:01:38,226 - BaiUI.py[line:295] - DEBUG: /
2021-06-19 16:01:38,227 - backend.py[line:111] - DEBUG: start Thread
2021-06-19 16:01:39,131 - BaiUI.py[line:259] - DEBUG: call processCallback
2021-06-19 16:01:39,132 - BaiUI.py[line:260] - DEBUG: changeDir
2021-06-19 16:01:39,133 - BaiUI.py[line:261] - DEBUG: None
2021-06-19 16:01:39,134 - backend.py[line:115] - DEBUG: end Thread
2021-06-19 16:01:39,136 - backend.py[line:111] - DEBUG: start Thread
2021-06-19 16:01:39,138 - backend.py[line:111] - DEBUG: start Thread
2021-06-19 16:01:39,266 - BaiUI.py[line:259] - DEBUG: call processCallback
2021-06-19 16:01:39,267 - BaiUI.py[line:260] - DEBUG: getCurrentDir
2021-06-19 16:01:39,268 - BaiUI.py[line:261] - DEBUG: /
2021-06-19 16:01:39,269 - backend.py[line:115] - DEBUG: end Thread
2021-06-19 16:01:39,679 - BaiUI.py[line:259] - DEBUG: call processCallback
2021-06-19 16:01:39,680 - BaiUI.py[line:260] - DEBUG: getAllFiles
2021-06-19 16:01:39,687 - BaiUI.py[line:261] - DEBUG: [['0', '-', '2021-05-30', '13:03:42', '【树先生日语】2013-2018年N1音频/'], ['1', '-', '2021-06-01', '20:44:16', '百度网盘学霸大礼包/']]
2021-06-19 16:01:39,690 - BaiUI.py[line:101] - DEBUG: [['0', '-', '2021-05-30', '13:03:42', '【树先生日语】2013-2018年N1音频/'], ['1', '-', '2021-06-01', '20:44:16', '百度网盘学霸大礼包/']]
2021-06-19 16:01:39,696 - backend.py[line:115] - DEBUG: end Thread
2021-06-19 16:01:41,481 - BaiUI.py[line:285] - DEBUG: ['0', '-', '2021-05-30', '13:03:42', '【树先生日语】2013-2018年N1音频/']
2021-06-19 16:01:41,482 - BaiUI.py[line:292] - DEBUG: current dir: 【树先生日语】2013-2018年N1音频/
2021-06-19 16:01:41,483 - BaiUI.py[line:295] - DEBUG: 【树先生日语】2013-2018年N1音频/
2021-06-19 16:01:41,485 - backend.py[line:111] - DEBUG: start Thread
2021-06-19 16:01:41,939 - BaiUI.py[line:259] - DEBUG: call processCallback
2021-06-19 16:01:41,940 - BaiUI.py[line:260] - DEBUG: changeDir
2021-06-19 16:01:41,941 - BaiUI.py[line:261] - DEBUG: None
2021-06-19 16:01:41,942 - backend.py[line:115] - DEBUG: end Thread
2021-06-19 16:01:41,943 - backend.py[line:111] - DEBUG: start Thread
2021-06-19 16:01:41,945 - backend.py[line:111] - DEBUG: start Thread
2021-06-19 16:01:42,065 - BaiUI.py[line:259] - DEBUG: call processCallback
2021-06-19 16:01:42,066 - BaiUI.py[line:260] - DEBUG: getCurrentDir
2021-06-19 16:01:42,067 - BaiUI.py[line:261] - DEBUG: /【树先生日语】2013-2018年N1音频
2021-06-19 16:01:42,068 - backend.py[line:115] - DEBUG: end Thread
2021-06-19 16:01:42,479 - BaiUI.py[line:259] - DEBUG: call processCallback
2021-06-19 16:01:42,480 - BaiUI.py[line:260] - DEBUG: getAllFiles
2021-06-19 16:01:42,481 - BaiUI.py[line:261] - DEBUG: [['0', '24.62MB', '2021-05-30', '13:03:42', '2013年12月N1.mp3'], ['1', '24.23MB', '2021-05-30', '13:03:42', '2013年7月N1.mp3'], ['2', '24.77MB', '2021-05-30', '13:03:42', '2014年12月N1.mp3'], ['3', '25.30MB', '2021-05-30', '13:03:43', '2014年7月N1.mp3'], ['4', '25.44MB', '2021-05-30', '13:03:42', '2015年12月N1.mp3'], ['5', '26.52MB', '2021-05-30', '13:03:42', '2015年7月N1.mp3'], ['6', '26.21MB', '2021-05-30', '13:03:42', '2016年12月N1.mp3'], ['7', '26.44MB', '2021-05-30', '13:03:42', '2016年7月N1.mp3'], ['8', '25.94MB', '2021-05-30', '13:03:42', '2017年12月N1.mp3'], ['9', '23.53MB', '2021-05-30', '13:03:43', '2017年7月N1.mp3'], ['10', '24.63MB', '2021-05-30', '13:03:42', '2018年12月N1音频.mp3'], ['11', '23.60MB', '2021-05-30', '13:03:42', '2018年7月N1.mp3'], ['12', '275.14KB', '2021-05-30', '13:03:42', '【树先生日语N1】备考答疑群和公众号.jpg']]
2021-06-19 16:01:42,483 - backend.py[line:115] - DEBUG: end Thread
2021-06-19 16:01:42,485 - BaiUI.py[line:101] - DEBUG: [['0', '24.62MB', '2021-05-30', '13:03:42', '2013年12月N1.mp3'], ['1', '24.23MB', '2021-05-30', '13:03:42', '2013年7月N1.mp3'], ['2', '24.77MB', '2021-05-30', '13:03:42', '2014年12月N1.mp3'], ['3', '25.30MB', '2021-05-30', '13:03:43', '2014年7月N1.mp3'], ['4', '25.44MB', '2021-05-30', '13:03:42', '2015年12月N1.mp3'], ['5', '26.52MB', '2021-05-30', '13:03:42', '2015年7月N1.mp3'], ['6', '26.21MB', '2021-05-30', '13:03:42', '2016年12月N1.mp3'], ['7', '26.44MB', '2021-05-30', '13:03:42', '2016年7月N1.mp3'], ['8', '25.94MB', '2021-05-30', '13:03:42', '2017年12月N1.mp3'], ['9', '23.53MB', '2021-05-30', '13:03:43', '2017年7月N1.mp3'], ['10', '24.63MB', '2021-05-30', '13:03:42', '2018年12月N1音频.mp3'], ['11', '23.60MB', '2021-05-30', '13:03:42', '2018年7月N1.mp3'], ['12', '275.14KB', '2021-05-30', '13:03:42', '【树先生日语N1】备考答疑群和公众号.jpg']]
2021-06-19 16:01:44,697 - BaiUI.py[line:285] - DEBUG: ['0', '0', '0', '0', '../']
2021-06-19 16:01:44,698 - BaiUI.py[line:288] - DEBUG: return back to up path ../
2021-06-19 16:01:44,699 - BaiUI.py[line:295] - DEBUG: /
2021-06-19 16:01:44,701 - backend.py[line:111] - DEBUG: start Thread
2021-06-19 16:01:45,263 - BaiUI.py[line:259] - DEBUG: call processCallback
2021-06-19 16:01:45,264 - BaiUI.py[line:260] - DEBUG: changeDir
2021-06-19 16:01:45,264 - BaiUI.py[line:261] - DEBUG: None
2021-06-19 16:01:45,265 - backend.py[line:115] - DEBUG: end Thread
2021-06-19 16:01:45,267 - backend.py[line:111] - DEBUG: start Thread
2021-06-19 16:01:45,268 - backend.py[line:111] - DEBUG: start Thread
2021-06-19 16:01:45,396 - BaiUI.py[line:259] - DEBUG: call processCallback
2021-06-19 16:01:45,399 - BaiUI.py[line:260] - DEBUG: getCurrentDir
2021-06-19 16:01:45,400 - BaiUI.py[line:261] - DEBUG: /
2021-06-19 16:01:45,403 - backend.py[line:115] - DEBUG: end Thread
2021-06-19 16:01:45,936 - BaiUI.py[line:259] - DEBUG: call processCallback
2021-06-19 16:01:45,937 - BaiUI.py[line:260] - DEBUG: getAllFiles
2021-06-19 16:01:45,937 - BaiUI.py[line:261] - DEBUG: [['0', '-', '2021-05-30', '13:03:42', '【树先生日语】2013-2018年N1音频/'], ['1', '-', '2021-06-01', '20:44:16', '百度网盘学霸大礼包/']]
2021-06-19 16:01:45,938 - backend.py[line:115] - DEBUG: end Thread
2021-06-19 16:01:45,940 - BaiUI.py[line:101] - DEBUG: [['0', '-', '2021-05-30', '13:03:42', '【树先生日语】2013-2018年N1音频/'], ['1', '-', '2021-06-01', '20:44:16', '百度网盘学霸大礼包/']]
2021-06-19 16:01:47,668 - BaiUI.py[line:285] - DEBUG: ['0', '-', '2021-05-30', '13:03:42', '【树先生日语】2013-2018年N1音频/']
2021-06-19 16:01:47,669 - BaiUI.py[line:292] - DEBUG: current dir: 【树先生日语】2013-2018年N1音频/
2021-06-19 16:01:47,670 - BaiUI.py[line:295] - DEBUG: 【树先生日语】2013-2018年N1音频/
2021-06-19 16:01:47,672 - backend.py[line:111] - DEBUG: start Thread
2021-06-19 16:01:48,233 - BaiUI.py[line:259] - DEBUG: call processCallback
2021-06-19 16:01:48,234 - BaiUI.py[line:260] - DEBUG: changeDir
2021-06-19 16:01:48,235 - BaiUI.py[line:261] - DEBUG: None
2021-06-19 16:01:48,236 - backend.py[line:115] - DEBUG: end Thread
2021-06-19 16:01:48,237 - backend.py[line:111] - DEBUG: start Thread
2021-06-19 16:01:48,239 - backend.py[line:111] - DEBUG: start Thread
2021-06-19 16:01:48,356 - BaiUI.py[line:259] - DEBUG: call processCallback
2021-06-19 16:01:48,357 - BaiUI.py[line:260] - DEBUG: getCurrentDir
2021-06-19 16:01:48,358 - BaiUI.py[line:261] - DEBUG: /【树先生日语】2013-2018年N1音频
2021-06-19 16:01:48,359 - backend.py[line:115] - DEBUG: end Thread
2021-06-19 16:01:48,785 - BaiUI.py[line:259] - DEBUG: call processCallback
2021-06-19 16:01:48,786 - BaiUI.py[line:260] - DEBUG: getAllFiles
2021-06-19 16:01:48,787 - BaiUI.py[line:261] - DEBUG: [['0', '24.62MB', '2021-05-30', '13:03:42', '2013年12月N1.mp3'], ['1', '24.23MB', '2021-05-30', '13:03:42', '2013年7月N1.mp3'], ['2', '24.77MB', '2021-05-30', '13:03:42', '2014年12月N1.mp3'], ['3', '25.30MB', '2021-05-30', '13:03:43', '2014年7月N1.mp3'], ['4', '25.44MB', '2021-05-30', '13:03:42', '2015年12月N1.mp3'], ['5', '26.52MB', '2021-05-30', '13:03:42', '2015年7月N1.mp3'], ['6', '26.21MB', '2021-05-30', '13:03:42', '2016年12月N1.mp3'], ['7', '26.44MB', '2021-05-30', '13:03:42', '2016年7月N1.mp3'], ['8', '25.94MB', '2021-05-30', '13:03:42', '2017年12月N1.mp3'], ['9', '23.53MB', '2021-05-30', '13:03:43', '2017年7月N1.mp3'], ['10', '24.63MB', '2021-05-30', '13:03:42', '2018年12月N1音频.mp3'], ['11', '23.60MB', '2021-05-30', '13:03:42', '2018年7月N1.mp3'], ['12', '275.14KB', '2021-05-30', '13:03:42', '【树先生日语N1】备考答疑群和公众号.jpg']]
2021-06-19 16:01:48,790 - BaiUI.py[line:101] - DEBUG: [['0', '24.62MB', '2021-05-30', '13:03:42', '2013年12月N1.mp3'], ['1', '24.23MB', '2021-05-30', '13:03:42', '2013年7月N1.mp3'], ['2', '24.77MB', '2021-05-30', '13:03:42', '2014年12月N1.mp3'], ['3', '25.30MB', '2021-05-30', '13:03:43', '2014年7月N1.mp3'], ['4', '25.44MB', '2021-05-30', '13:03:42', '2015年12月N1.mp3'], ['5', '26.52MB', '2021-05-30', '13:03:42', '2015年7月N1.mp3'], ['6', '26.21MB', '2021-05-30', '13:03:42', '2016年12月N1.mp3'], ['7', '26.44MB', '2021-05-30', '13:03:42', '2016年7月N1.mp3'], ['8', '25.94MB', '2021-05-30', '13:03:42', '2017年12月N1.mp3'], ['9', '23.53MB', '2021-05-30', '13:03:43', '2017年7月N1.mp3'], ['10', '24.63MB', '2021-05-30', '13:03:42', '2018年12月N1音频.mp3'], ['11', '23.60MB', '2021-05-30', '13:03:42', '2018年7月N1.mp3'], ['12', '275.14KB', '2021-05-30', '13:03:42', '【树先生日语N1】备考答疑群和公众号.jpg']]
2021-06-19 16:01:48,793 - backend.py[line:115] - DEBUG: end Thread
2021-06-19 16:01:50,537 - BaiUI.py[line:285] - DEBUG: ['0', '0', '0', '0', '../']
2021-06-19 16:01:50,538 - BaiUI.py[line:288] - DEBUG: return back to up path ../
2021-06-19 16:01:50,539 - BaiUI.py[line:295] - DEBUG: /
2021-06-19 16:01:50,541 - backend.py[line:111] - DEBUG: start Thread
2021-06-19 16:01:51,138 - BaiUI.py[line:259] - DEBUG: call processCallback
2021-06-19 16:01:51,139 - BaiUI.py[line:260] - DEBUG: changeDir
2021-06-19 16:01:51,140 - BaiUI.py[line:261] - DEBUG: None
2021-06-19 16:01:51,140 - backend.py[line:115] - DEBUG: end Thread
2021-06-19 16:01:51,142 - backend.py[line:111] - DEBUG: start Thread
2021-06-19 16:01:51,143 - backend.py[line:111] - DEBUG: start Thread
2021-06-19 16:01:51,270 - BaiUI.py[line:259] - DEBUG: call processCallback
2021-06-19 16:01:51,272 - BaiUI.py[line:260] - DEBUG: getCurrentDir
2021-06-19 16:01:51,273 - BaiUI.py[line:261] - DEBUG: /
2021-06-19 16:01:51,274 - backend.py[line:115] - DEBUG: end Thread
2021-06-19 16:01:51,747 - BaiUI.py[line:259] - DEBUG: call processCallback
2021-06-19 16:01:51,748 - BaiUI.py[line:260] - DEBUG: getAllFiles
2021-06-19 16:01:51,749 - BaiUI.py[line:261] - DEBUG: [['0', '-', '2021-05-30', '13:03:42', '【树先生日语】2013-2018年N1音频/'], ['1', '-', '2021-06-01', '20:44:16', '百度网盘学霸大礼包/']]
2021-06-19 16:01:51,750 - backend.py[line:115] - DEBUG: end Thread
2021-06-19 16:01:51,751 - BaiUI.py[line:101] - DEBUG: [['0', '-', '2021-05-30', '13:03:42', '【树先生日语】2013-2018年N1音频/'], ['1', '-', '2021-06-01', '20:44:16', '百度网盘学霸大礼包/']]
2021-06-19 16:02:15,615 - BaiUI.py[line:285] - DEBUG: ['0', '0', '0', '0', '../']
2021-06-19 16:02:15,617 - BaiUI.py[line:288] - DEBUG: return back to up path ../
2021-06-19 16:02:15,618 - BaiUI.py[line:295] - DEBUG: /
2021-06-19 16:02:15,619 - backend.py[line:111] - DEBUG: start Thread
2021-06-19 16:02:16,311 - BaiUI.py[line:259] - DEBUG: call processCallback
2021-06-19 16:02:16,312 - BaiUI.py[line:260] - DEBUG: changeDir
2021-06-19 16:02:16,313 - BaiUI.py[line:261] - DEBUG: None
2021-06-19 16:02:16,314 - backend.py[line:115] - DEBUG: end Thread
2021-06-19 16:02:16,316 - backend.py[line:111] - DEBUG: start Thread
2021-06-19 16:02:16,317 - backend.py[line:111] - DEBUG: start Thread
2021-06-19 16:02:16,427 - BaiUI.py[line:259] - DEBUG: call processCallback
2021-06-19 16:02:16,428 - BaiUI.py[line:260] - DEBUG: getCurrentDir
2021-06-19 16:02:16,429 - BaiUI.py[line:261] - DEBUG: /
2021-06-19 16:02:16,430 - backend.py[line:115] - DEBUG: end Thread
2021-06-19 16:02:16,748 - BaiUI.py[line:259] - DEBUG: call processCallback
2021-06-19 16:02:16,749 - BaiUI.py[line:260] - DEBUG: getAllFiles
2021-06-19 16:02:16,749 - BaiUI.py[line:261] - DEBUG: [['0', '-', '2021-05-30', '13:03:42', '【树先生日语】2013-2018年N1音频/'], ['1', '-', '2021-06-01', '20:44:16', '百度网盘学霸大礼包/']]
2021-06-19 16:02:16,751 - backend.py[line:115] - DEBUG: end Thread
2021-06-19 16:02:16,751 - BaiUI.py[line:101] - DEBUG: [['0', '-', '2021-05-30', '13:03:42', '【树先生日语】2013-2018年N1音频/'], ['1', '-', '2021-06-01', '20:44:16', '百度网盘学霸大礼包/']]
2021-06-19 16:02:18,399 - BaiUI.py[line:285] - DEBUG: ['0', '-', '2021-05-30', '13:03:42', '【树先生日语】2013-2018年N1音频/']
2021-06-19 16:02:18,400 - BaiUI.py[line:292] - DEBUG: current dir: 【树先生日语】2013-2018年N1音频/
2021-06-19 16:02:18,401 - BaiUI.py[line:295] - DEBUG: 【树先生日语】2013-2018年N1音频/
2021-06-19 16:02:18,403 - backend.py[line:111] - DEBUG: start Thread
2021-06-19 16:02:19,498 - BaiUI.py[line:259] - DEBUG: call processCallback
2021-06-19 16:02:19,499 - BaiUI.py[line:260] - DEBUG: changeDir
2021-06-19 16:02:19,500 - BaiUI.py[line:261] - DEBUG: None
2021-06-19 16:02:19,501 - backend.py[line:115] - DEBUG: end Thread
2021-06-19 16:02:19,502 - backend.py[line:111] - DEBUG: start Thread
2021-06-19 16:02:19,504 - backend.py[line:111] - DEBUG: start Thread
2021-06-19 16:02:19,625 - BaiUI.py[line:259] - DEBUG: call processCallback
2021-06-19 16:02:19,626 - BaiUI.py[line:260] - DEBUG: getCurrentDir
2021-06-19 16:02:19,627 - BaiUI.py[line:261] - DEBUG: /【树先生日语】2013-2018年N1音频
2021-06-19 16:02:19,628 - backend.py[line:115] - DEBUG: end Thread
2021-06-19 16:02:20,033 - BaiUI.py[line:259] - DEBUG: call processCallback
2021-06-19 16:02:20,034 - BaiUI.py[line:260] - DEBUG: getAllFiles
2021-06-19 16:02:20,035 - BaiUI.py[line:261] - DEBUG: [['0', '24.62MB', '2021-05-30', '13:03:42', '2013年12月N1.mp3'], ['1', '24.23MB', '2021-05-30', '13:03:42', '2013年7月N1.mp3'], ['2', '24.77MB', '2021-05-30', '13:03:42', '2014年12月N1.mp3'], ['3', '25.30MB', '2021-05-30', '13:03:43', '2014年7月N1.mp3'], ['4', '25.44MB', '2021-05-30', '13:03:42', '2015年12月N1.mp3'], ['5', '26.52MB', '2021-05-30', '13:03:42', '2015年7月N1.mp3'], ['6', '26.21MB', '2021-05-30', '13:03:42', '2016年12月N1.mp3'], ['7', '26.44MB', '2021-05-30', '13:03:42', '2016年7月N1.mp3'], ['8', '25.94MB', '2021-05-30', '13:03:42', '2017年12月N1.mp3'], ['9', '23.53MB', '2021-05-30', '13:03:43', '2017年7月N1.mp3'], ['10', '24.63MB', '2021-05-30', '13:03:42', '2018年12月N1音频.mp3'], ['11', '23.60MB', '2021-05-30', '13:03:42', '2018年7月N1.mp3'], ['12', '275.14KB', '2021-05-30', '13:03:42', '【树先生日语N1】备考答疑群和公众号.jpg']]
2021-06-19 16:02:20,039 - BaiUI.py[line:101] - DEBUG: [['0', '24.62MB', '2021-05-30', '13:03:42', '2013年12月N1.mp3'], ['1', '24.23MB', '2021-05-30', '13:03:42', '2013年7月N1.mp3'], ['2', '24.77MB', '2021-05-30', '13:03:42', '2014年12月N1.mp3'], ['3', '25.30MB', '2021-05-30', '13:03:43', '2014年7月N1.mp3'], ['4', '25.44MB', '2021-05-30', '13:03:42', '2015年12月N1.mp3'], ['5', '26.52MB', '2021-05-30', '13:03:42', '2015年7月N1.mp3'], ['6', '26.21MB', '2021-05-30', '13:03:42', '2016年12月N1.mp3'], ['7', '26.44MB', '2021-05-30', '13:03:42', '2016年7月N1.mp3'], ['8', '25.94MB', '2021-05-30', '13:03:42', '2017年12月N1.mp3'], ['9', '23.53MB', '2021-05-30', '13:03:43', '2017年7月N1.mp3'], ['10', '24.63MB', '2021-05-30', '13:03:42', '2018年12月N1音频.mp3'], ['11', '23.60MB', '2021-05-30', '13:03:42', '2018年7月N1.mp3'], ['12', '275.14KB', '2021-05-30', '13:03:42', '【树先生日语N1】备考答疑群和公众号.jpg']]
2021-06-19 16:02:20,040 - backend.py[line:115] - DEBUG: end Thread
2021-06-19 16:02:24,961 - BaiUI.py[line:285] - DEBUG: ['0', '0', '0', '0', '../']
2021-06-19 16:02:24,962 - BaiUI.py[line:288] - DEBUG: return back to up path ../
2021-06-19 16:02:24,963 - BaiUI.py[line:295] - DEBUG: /
2021-06-19 16:02:24,964 - backend.py[line:111] - DEBUG: start Thread
2021-06-19 16:02:25,626 - BaiUI.py[line:259] - DEBUG: call processCallback
2021-06-19 16:02:25,627 - BaiUI.py[line:260] - DEBUG: changeDir
2021-06-19 16:02:25,628 - BaiUI.py[line:261] - DEBUG: None
2021-06-19 16:02:25,628 - backend.py[line:115] - DEBUG: end Thread
2021-06-19 16:02:25,630 - backend.py[line:111] - DEBUG: start Thread
2021-06-19 16:02:25,631 - backend.py[line:111] - DEBUG: start Thread
2021-06-19 16:02:25,743 - BaiUI.py[line:259] - DEBUG: call processCallback
2021-06-19 16:02:25,745 - BaiUI.py[line:260] - DEBUG: getCurrentDir
2021-06-19 16:02:25,746 - BaiUI.py[line:261] - DEBUG: /
2021-06-19 16:02:25,751 - backend.py[line:115] - DEBUG: end Thread
2021-06-19 16:02:26,077 - BaiUI.py[line:259] - DEBUG: call processCallback
2021-06-19 16:02:26,078 - BaiUI.py[line:260] - DEBUG: getAllFiles
2021-06-19 16:02:26,079 - BaiUI.py[line:261] - DEBUG: [['0', '-', '2021-05-30', '13:03:42', '【树先生日语】2013-2018年N1音频/'], ['1', '-', '2021-06-01', '20:44:16', '百度网盘学霸大礼包/']]
2021-06-19 16:02:26,080 - backend.py[line:115] - DEBUG: end Thread
2021-06-19 16:02:26,081 - BaiUI.py[line:101] - DEBUG: [['0', '-', '2021-05-30', '13:03:42', '【树先生日语】2013-2018年N1音频/'], ['1', '-', '2021-06-01', '20:44:16', '百度网盘学霸大礼包/']]
2021-06-19 16:02:27,379 - BaiUI.py[line:285] - DEBUG: ['0', '-', '2021-05-30', '13:03:42', '【树先生日语】2013-2018年N1音频/']
2021-06-19 16:02:27,381 - BaiUI.py[line:292] - DEBUG: current dir: 【树先生日语】2013-2018年N1音频/
2021-06-19 16:02:27,381 - BaiUI.py[line:295] - DEBUG: 【树先生日语】2013-2018年N1音频/
2021-06-19 16:02:27,383 - backend.py[line:111] - DEBUG: start Thread
2021-06-19 16:02:28,876 - BaiUI.py[line:259] - DEBUG: call processCallback
2021-06-19 16:02:28,877 - BaiUI.py[line:260] - DEBUG: changeDir
2021-06-19 16:02:28,878 - BaiUI.py[line:261] - DEBUG: None
2021-06-19 16:02:28,878 - backend.py[line:115] - DEBUG: end Thread
2021-06-19 16:02:28,880 - backend.py[line:111] - DEBUG: start Thread
2021-06-19 16:02:28,882 - backend.py[line:111] - DEBUG: start Thread
2021-06-19 16:02:28,989 - BaiUI.py[line:259] - DEBUG: call processCallback
2021-06-19 16:02:28,990 - BaiUI.py[line:260] - DEBUG: getCurrentDir
2021-06-19 16:02:28,991 - BaiUI.py[line:261] - DEBUG: /【树先生日语】2013-2018年N1音频
2021-06-19 16:02:28,998 - backend.py[line:115] - DEBUG: end Thread
2021-06-19 16:02:29,620 - BaiUI.py[line:259] - DEBUG: call processCallback
2021-06-19 16:02:29,622 - BaiUI.py[line:260] - DEBUG: getAllFiles
2021-06-19 16:02:29,622 - BaiUI.py[line:261] - DEBUG: [['0', '24.62MB', '2021-05-30', '13:03:42', '2013年12月N1.mp3'], ['1', '24.23MB', '2021-05-30', '13:03:42', '2013年7月N1.mp3'], ['2', '24.77MB', '2021-05-30', '13:03:42', '2014年12月N1.mp3'], ['3', '25.30MB', '2021-05-30', '13:03:43', '2014年7月N1.mp3'], ['4', '25.44MB', '2021-05-30', '13:03:42', '2015年12月N1.mp3'], ['5', '26.52MB', '2021-05-30', '13:03:42', '2015年7月N1.mp3'], ['6', '26.21MB', '2021-05-30', '13:03:42', '2016年12月N1.mp3'], ['7', '26.44MB', '2021-05-30', '13:03:42', '2016年7月N1.mp3'], ['8', '25.94MB', '2021-05-30', '13:03:42', '2017年12月N1.mp3'], ['9', '23.53MB', '2021-05-30', '13:03:43', '2017年7月N1.mp3'], ['10', '24.63MB', '2021-05-30', '13:03:42', '2018年12月N1音频.mp3'], ['11', '23.60MB', '2021-05-30', '13:03:42', '2018年7月N1.mp3'], ['12', '275.14KB', '2021-05-30', '13:03:42', '【树先生日语N1】备考答疑群和公众号.jpg']]
2021-06-19 16:02:29,625 - backend.py[line:115] - DEBUG: end Thread
2021-06-19 16:02:29,627 - BaiUI.py[line:101] - DEBUG: [['0', '24.62MB', '2021-05-30', '13:03:42', '2013年12月N1.mp3'], ['1', '24.23MB', '2021-05-30', '13:03:42', '2013年7月N1.mp3'], ['2', '24.77MB', '2021-05-30', '13:03:42', '2014年12月N1.mp3'], ['3', '25.30MB', '2021-05-30', '13:03:43', '2014年7月N1.mp3'], ['4', '25.44MB', '2021-05-30', '13:03:42', '2015年12月N1.mp3'], ['5', '26.52MB', '2021-05-30', '13:03:42', '2015年7月N1.mp3'], ['6', '26.21MB', '2021-05-30', '13:03:42', '2016年12月N1.mp3'], ['7', '26.44MB', '2021-05-30', '13:03:42', '2016年7月N1.mp3'], ['8', '25.94MB', '2021-05-30', '13:03:42', '2017年12月N1.mp3'], ['9', '23.53MB', '2021-05-30', '13:03:43', '2017年7月N1.mp3'], ['10', '24.63MB', '2021-05-30', '13:03:42', '2018年12月N1音频.mp3'], ['11', '23.60MB', '2021-05-30', '13:03:42', '2018年7月N1.mp3'], ['12', '275.14KB', '2021-05-30', '13:03:42', '【树先生日语N1】备考答疑群和公众号.jpg']]
2021-06-19 16:02:30,896 - BaiUI.py[line:285] - DEBUG: ['0', '0', '0', '0', '../']
2021-06-19 16:02:30,897 - BaiUI.py[line:288] - DEBUG: return back to up path ../
2021-06-19 16:02:30,898 - BaiUI.py[line:295] - DEBUG: /
2021-06-19 16:02:30,899 - backend.py[line:111] - DEBUG: start Thread
2021-06-19 16:02:31,515 - BaiUI.py[line:259] - DEBUG: call processCallback
2021-06-19 16:02:31,516 - BaiUI.py[line:260] - DEBUG: changeDir
2021-06-19 16:02:31,517 - BaiUI.py[line:261] - DEBUG: None
2021-06-19 16:02:31,518 - backend.py[line:115] - DEBUG: end Thread
2021-06-19 16:02:31,519 - backend.py[line:111] - DEBUG: start Thread
2021-06-19 16:02:31,521 - backend.py[line:111] - DEBUG: start Thread
2021-06-19 16:02:31,633 - BaiUI.py[line:259] - DEBUG: call processCallback
2021-06-19 16:02:31,635 - BaiUI.py[line:260] - DEBUG: getCurrentDir
2021-06-19 16:02:31,636 - BaiUI.py[line:261] - DEBUG: /
2021-06-19 16:02:31,637 - backend.py[line:115] - DEBUG: end Thread
2021-06-19 16:02:32,043 - BaiUI.py[line:259] - DEBUG: call processCallback
2021-06-19 16:02:32,044 - BaiUI.py[line:260] - DEBUG: getAllFiles
2021-06-19 16:02:32,044 - BaiUI.py[line:261] - DEBUG: [['0', '-', '2021-05-30', '13:03:42', '【树先生日语】2013-2018年N1音频/'], ['1', '-', '2021-06-01', '20:44:16', '百度网盘学霸大礼包/']]
2021-06-19 16:02:32,046 - backend.py[line:115] - DEBUG: end Thread
2021-06-19 16:02:32,047 - BaiUI.py[line:101] - DEBUG: [['0', '-', '2021-05-30', '13:03:42', '【树先生日语】2013-2018年N1音频/'], ['1', '-', '2021-06-01', '20:44:16', '百度网盘学霸大礼包/']]
2021-06-19 16:02:32,886 - BaiUI.py[line:285] - DEBUG: ['1', '-', '2021-06-01', '20:44:16', '百度网盘学霸大礼包/']
2021-06-19 16:02:32,887 - BaiUI.py[line:292] - DEBUG: current dir: 百度网盘学霸大礼包/
2021-06-19 16:02:32,888 - BaiUI.py[line:295] - DEBUG: 百度网盘学霸大礼包/
2021-06-19 16:02:32,890 - backend.py[line:111] - DEBUG: start Thread
2021-06-19 16:02:33,389 - BaiUI.py[line:259] - DEBUG: call processCallback
2021-06-19 16:02:33,390 - BaiUI.py[line:260] - DEBUG: changeDir
2021-06-19 16:02:33,391 - BaiUI.py[line:261] - DEBUG: None
2021-06-19 16:02:33,391 - backend.py[line:115] - DEBUG: end Thread
2021-06-19 16:02:33,393 - backend.py[line:111] - DEBUG: start Thread
2021-06-19 16:02:33,395 - backend.py[line:111] - DEBUG: start Thread
2021-06-19 16:02:33,503 - BaiUI.py[line:259] - DEBUG: call processCallback
2021-06-19 16:02:33,505 - BaiUI.py[line:260] - DEBUG: getCurrentDir
2021-06-19 16:02:33,506 - BaiUI.py[line:261] - DEBUG: /百度网盘学霸大礼包
2021-06-19 16:02:33,507 - backend.py[line:115] - DEBUG: end Thread
2021-06-19 16:02:35,046 - BaiUI.py[line:259] - DEBUG: call processCallback
2021-06-19 16:02:35,047 - BaiUI.py[line:260] - DEBUG: getAllFiles
2021-06-19 16:02:35,047 - BaiUI.py[line:261] - DEBUG: [['0', '-', '2021-06-01', '20:44:17', '通用能力'], ['1', '-', '2021-06-01', '20:44:17', '通用能力']]
2021-06-19 16:02:35,048 - backend.py[line:115] - DEBUG: end Thread
2021-06-19 16:02:35,049 - BaiUI.py[line:101] - DEBUG: [['0', '-', '2021-06-01', '20:44:17', '通用能力'], ['1', '-', '2021-06-01', '20:44:17', '通用能力']]
2021-06-19 16:02:37,293 - BaiUI.py[line:285] - DEBUG: ['0', '0', '0', '0', '../']
2021-06-19 16:02:37,294 - BaiUI.py[line:288] - DEBUG: return back to up path ../
2021-06-19 16:02:37,294 - BaiUI.py[line:295] - DEBUG: /
2021-06-19 16:02:37,296 - backend.py[line:111] - DEBUG: start Thread
2021-06-19 16:02:37,907 - BaiUI.py[line:259] - DEBUG: call processCallback
2021-06-19 16:02:37,909 - BaiUI.py[line:260] - DEBUG: changeDir
2021-06-19 16:02:37,910 - BaiUI.py[line:261] - DEBUG: None
2021-06-19 16:02:37,911 - backend.py[line:115] - DEBUG: end Thread
2021-06-19 16:02:37,913 - backend.py[line:111] - DEBUG: start Thread
2021-06-19 16:02:37,914 - backend.py[line:111] - DEBUG: start Thread
2021-06-19 16:02:38,028 - BaiUI.py[line:259] - DEBUG: call processCallback
2021-06-19 16:02:38,030 - BaiUI.py[line:260] - DEBUG: getCurrentDir
2021-06-19 16:02:38,032 - BaiUI.py[line:261] - DEBUG: /
2021-06-19 16:02:38,033 - backend.py[line:115] - DEBUG: end Thread
2021-06-19 16:02:38,491 - BaiUI.py[line:259] - DEBUG: call processCallback
2021-06-19 16:02:38,492 - BaiUI.py[line:260] - DEBUG: getAllFiles
2021-06-19 16:02:38,492 - BaiUI.py[line:261] - DEBUG: [['0', '-', '2021-05-30', '13:03:42', '【树先生日语】2013-2018年N1音频/'], ['1', '-', '2021-06-01', '20:44:16', '百度网盘学霸大礼包/']]
2021-06-19 16:02:38,494 - BaiUI.py[line:101] - DEBUG: [['0', '-', '2021-05-30', '13:03:42', '【树先生日语】2013-2018年N1音频/'], ['1', '-', '2021-06-01', '20:44:16', '百度网盘学霸大礼包/']]
2021-06-19 16:02:38,498 - backend.py[line:115] - DEBUG: end Thread
2021-06-19 16:02:40,330 - BaiUI.py[line:285] - DEBUG: ['0', '-', '2021-05-30', '13:03:42', '【树先生日语】2013-2018年N1音频/']
2021-06-19 16:02:40,331 - BaiUI.py[line:292] - DEBUG: current dir: 【树先生日语】2013-2018年N1音频/
2021-06-19 16:02:40,332 - BaiUI.py[line:295] - DEBUG: 【树先生日语】2013-2018年N1音频/
2021-06-19 16:02:40,333 - backend.py[line:111] - DEBUG: start Thread
2021-06-19 16:02:40,908 - BaiUI.py[line:259] - DEBUG: call processCallback
2021-06-19 16:02:40,909 - BaiUI.py[line:260] - DEBUG: changeDir
2021-06-19 16:02:40,910 - BaiUI.py[line:261] - DEBUG: None
2021-06-19 16:02:40,911 - backend.py[line:115] - DEBUG: end Thread
2021-06-19 16:02:40,913 - backend.py[line:111] - DEBUG: start Thread
2021-06-19 16:02:40,914 - backend.py[line:111] - DEBUG: start Thread
2021-06-19 16:02:41,033 - BaiUI.py[line:259] - DEBUG: call processCallback
2021-06-19 16:02:41,034 - BaiUI.py[line:260] - DEBUG: getCurrentDir
2021-06-19 16:02:41,035 - BaiUI.py[line:261] - DEBUG: /【树先生日语】2013-2018年N1音频
2021-06-19 16:02:41,041 - backend.py[line:115] - DEBUG: end Thread
2021-06-19 16:02:42,317 - BaiUI.py[line:259] - DEBUG: call processCallback
2021-06-19 16:02:42,318 - BaiUI.py[line:260] - DEBUG: getAllFiles
2021-06-19 16:02:42,318 - BaiUI.py[line:261] - DEBUG: [['0', '24.62MB', '2021-05-30', '13:03:42', '2013年12月N1.mp3'], ['1', '24.23MB', '2021-05-30', '13:03:42', '2013年7月N1.mp3'], ['2', '24.77MB', '2021-05-30', '13:03:42', '2014年12月N1.mp3'], ['3', '25.30MB', '2021-05-30', '13:03:43', '2014年7月N1.mp3'], ['4', '25.44MB', '2021-05-30', '13:03:42', '2015年12月N1.mp3'], ['5', '26.52MB', '2021-05-30', '13:03:42', '2015年7月N1.mp3'], ['6', '26.21MB', '2021-05-30', '13:03:42', '2016年12月N1.mp3'], ['7', '26.44MB', '2021-05-30', '13:03:42', '2016年7月N1.mp3'], ['8', '25.94MB', '2021-05-30', '13:03:42', '2017年12月N1.mp3'], ['9', '23.53MB', '2021-05-30', '13:03:43', '2017年7月N1.mp3'], ['10', '24.63MB', '2021-05-30', '13:03:42', '2018年12月N1音频.mp3'], ['11', '23.60MB', '2021-05-30', '13:03:42', '2018年7月N1.mp3'], ['12', '275.14KB', '2021-05-30', '13:03:42', '【树先生日语N1】备考答疑群和公众号.jpg']]
2021-06-19 16:02:42,320 - backend.py[line:115] - DEBUG: end Thread
2021-06-19 16:02:42,322 - BaiUI.py[line:101] - DEBUG: [['0', '24.62MB', '2021-05-30', '13:03:42', '2013年12月N1.mp3'], ['1', '24.23MB', '2021-05-30', '13:03:42', '2013年7月N1.mp3'], ['2', '24.77MB', '2021-05-30', '13:03:42', '2014年12月N1.mp3'], ['3', '25.30MB', '2021-05-30', '13:03:43', '2014年7月N1.mp3'], ['4', '25.44MB', '2021-05-30', '13:03:42', '2015年12月N1.mp3'], ['5', '26.52MB', '2021-05-30', '13:03:42', '2015年7月N1.mp3'], ['6', '26.21MB', '2021-05-30', '13:03:42', '2016年12月N1.mp3'], ['7', '26.44MB', '2021-05-30', '13:03:42', '2016年7月N1.mp3'], ['8', '25.94MB', '2021-05-30', '13:03:42', '2017年12月N1.mp3'], ['9', '23.53MB', '2021-05-30', '13:03:43', '2017年7月N1.mp3'], ['10', '24.63MB', '2021-05-30', '13:03:42', '2018年12月N1音频.mp3'], ['11', '23.60MB', '2021-05-30', '13:03:42', '2018年7月N1.mp3'], ['12', '275.14KB', '2021-05-30', '13:03:42', '【树先生日语N1】备考答疑群和公众号.jpg']]
