2021-06-20 13:59:28,380 - BaiUI.py[line:309] - DEBUG: Program Start
2021-06-20 13:59:29,589 - BaiUI.py[line:101] - DEBUG: []
2021-06-20 13:59:29,604 - backend.py[line:140] - DEBUG: start Thread
2021-06-20 13:59:29,606 - backend.py[line:140] - DEBUG: start Thread
2021-06-20 13:59:29,750 - backend.py[line:85] - DEBUG: subprocess_execute b'/\xe3\x80\x90\xe6\xa0\x91\xe5\x85\x88\xe7\x94\x9f\xe6\x97\xa5\xe8\xaf\xad\xe3\x80\x912013-2018\xe5\xb9\xb4N1\xe9\x9f\xb3\xe9\xa2\x91\n'
2021-06-20 13:59:29,753 - BaiUI.py[line:261] - DEBUG: call processCallback
2021-06-20 13:59:29,754 - BaiUI.py[line:262] - DEBUG: getCurrentDir
2021-06-20 13:59:29,755 - BaiUI.py[line:263] - DEBUG: /【树先生日语】2013-2018年N1音频
2021-06-20 13:59:29,756 - backend.py[line:144] - DEBUG: end Thread
2021-06-20 13:59:30,244 - backend.py[line:85] - DEBUG: subprocess_execute b'\n'
2021-06-20 13:59:30,245 - backend.py[line:85] - DEBUG: subprocess_execute b'\xe5\xbd\x93\xe5\x89\x8d\xe7\x9b\xae\xe5\xbd\x95: /\xe3\x80\x90\xe6\xa0\x91\xe5\x85\x88\xe7\x94\x9f\xe6\x97\xa5\xe8\xaf\xad\xe3\x80\x912013-2018\xe5\xb9\xb4N1\xe9\x9f\xb3\xe9\xa2\x91\n'
2021-06-20 13:59:30,246 - backend.py[line:85] - DEBUG: subprocess_execute b'----\n'
2021-06-20 13:59:30,247 - backend.py[line:85] - DEBUG: subprocess_execute b'  #     \xe6\x96\x87\xe4\xbb\xb6\xe5\xa4\xa7\xe5\xb0\x8f         \xe4\xbf\xae\xe6\x94\xb9\xe6\x97\xa5\xe6\x9c\x9f                      \xe6\x96\x87\xe4\xbb\xb6(\xe7\x9b\xae\xe5\xbd\x95)                \n'
2021-06-20 13:59:30,248 - backend.py[line:85] - DEBUG: subprocess_execute b'   0       24.62MB  2021-05-30 13:03:42  2013\xe5\xb9\xb412\xe6\x9c\x88N1.mp3                        \n'
2021-06-20 13:59:30,249 - backend.py[line:85] - DEBUG: subprocess_execute b'   1       24.23MB  2021-05-30 13:03:42  2013\xe5\xb9\xb47\xe6\x9c\x88N1.mp3                         \n'
2021-06-20 13:59:30,249 - backend.py[line:85] - DEBUG: subprocess_execute b'   2       24.77MB  2021-05-30 13:03:42  2014\xe5\xb9\xb412\xe6\x9c\x88N1.mp3                        \n'
2021-06-20 13:59:30,250 - backend.py[line:85] - DEBUG: subprocess_execute b'   3       25.30MB  2021-05-30 13:03:43  2014\xe5\xb9\xb47\xe6\x9c\x88N1.mp3                         \n'
2021-06-20 13:59:30,251 - backend.py[line:85] - DEBUG: subprocess_execute b'   4       25.44MB  2021-05-30 13:03:42  2015\xe5\xb9\xb412\xe6\x9c\x88N1.mp3                        \n'
2021-06-20 13:59:30,251 - backend.py[line:85] - DEBUG: subprocess_execute b'   5       26.52MB  2021-05-30 13:03:42  2015\xe5\xb9\xb47\xe6\x9c\x88N1.mp3                         \n'
2021-06-20 13:59:30,252 - backend.py[line:85] - DEBUG: subprocess_execute b'   6       26.21MB  2021-05-30 13:03:42  2016\xe5\xb9\xb412\xe6\x9c\x88N1.mp3                        \n'
2021-06-20 13:59:30,253 - backend.py[line:85] - DEBUG: subprocess_execute b'   7       26.44MB  2021-05-30 13:03:42  2016\xe5\xb9\xb47\xe6\x9c\x88N1.mp3                         \n'
2021-06-20 13:59:30,253 - backend.py[line:85] - DEBUG: subprocess_execute b'   8       25.94MB  2021-05-30 13:03:42  2017\xe5\xb9\xb412\xe6\x9c\x88N1.mp3                        \n'
2021-06-20 13:59:30,254 - backend.py[line:85] - DEBUG: subprocess_execute b'   9       23.53MB  2021-05-30 13:03:43  2017\xe5\xb9\xb47\xe6\x9c\x88N1.mp3                         \n'
2021-06-20 13:59:30,255 - backend.py[line:85] - DEBUG: subprocess_execute b'  10       24.63MB  2021-05-30 13:03:42  2018\xe5\xb9\xb412\xe6\x9c\x88N1\xe9\x9f\xb3\xe9\xa2\x91.mp3                    \n'
2021-06-20 13:59:30,256 - backend.py[line:85] - DEBUG: subprocess_execute b'  11       23.60MB  2021-05-30 13:03:42  2018\xe5\xb9\xb47\xe6\x9c\x88N1.mp3                         \n'
2021-06-20 13:59:30,257 - backend.py[line:85] - DEBUG: subprocess_execute b'  12      275.14KB  2021-05-30 13:03:42  \xe3\x80\x90\xe6\xa0\x91\xe5\x85\x88\xe7\x94\x9f\xe6\x97\xa5\xe8\xaf\xadN1\xe3\x80\x91\xe5\xa4\x87\xe8\x80\x83\xe7\xad\x94\xe7\x96\x91\xe7\xbe\xa4\xe5\x92\x8c\xe5\x85\xac\xe4\xbc\x97\xe5\x8f\xb7.jpg  \n'
2021-06-20 13:59:30,257 - backend.py[line:85] - DEBUG: subprocess_execute b'      \xe6\x80\xbb: 301.50MB                       \xe6\x96\x87\xe4\xbb\xb6\xe6\x80\xbb\xe6\x95\xb0: 13, \xe7\x9b\xae\xe5\xbd\x95\xe6\x80\xbb\xe6\x95\xb0: 0               \n'
2021-06-20 13:59:30,258 - backend.py[line:85] - DEBUG: subprocess_execute b'----\n'
2021-06-20 13:59:30,260 - BaiUI.py[line:261] - DEBUG: call processCallback
2021-06-20 13:59:30,261 - BaiUI.py[line:262] - DEBUG: getAllFiles
2021-06-20 13:59:30,261 - BaiUI.py[line:263] - DEBUG: [['0', '24.62MB', '2021-05-30', '13:03:42', '2013年12月N1.mp3'], ['1', '24.23MB', '2021-05-30', '13:03:42', '2013年7月N1.mp3'], ['2', '24.77MB', '2021-05-30', '13:03:42', '2014年12月N1.mp3'], ['3', '25.30MB', '2021-05-30', '13:03:43', '2014年7月N1.mp3'], ['4', '25.44MB', '2021-05-30', '13:03:42', '2015年12月N1.mp3'], ['5', '26.52MB', '2021-05-30', '13:03:42', '2015年7月N1.mp3'], ['6', '26.21MB', '2021-05-30', '13:03:42', '2016年12月N1.mp3'], ['7', '26.44MB', '2021-05-30', '13:03:42', '2016年7月N1.mp3'], ['8', '25.94MB', '2021-05-30', '13:03:42', '2017年12月N1.mp3'], ['9', '23.53MB', '2021-05-30', '13:03:43', '2017年7月N1.mp3'], ['10', '24.63MB', '2021-05-30', '13:03:42', '2018年12月N1音频.mp3'], ['11', '23.60MB', '2021-05-30', '13:03:42', '2018年7月N1.mp3'], ['12', '275.14KB', '2021-05-30', '13:03:42', '【树先生日语N1】备考答疑群和公众号.jpg']]
2021-06-20 13:59:30,264 - backend.py[line:144] - DEBUG: end Thread
2021-06-20 13:59:30,266 - BaiUI.py[line:101] - DEBUG: [['0', '24.62MB', '2021-05-30', '13:03:42', '2013年12月N1.mp3'], ['1', '24.23MB', '2021-05-30', '13:03:42', '2013年7月N1.mp3'], ['2', '24.77MB', '2021-05-30', '13:03:42', '2014年12月N1.mp3'], ['3', '25.30MB', '2021-05-30', '13:03:43', '2014年7月N1.mp3'], ['4', '25.44MB', '2021-05-30', '13:03:42', '2015年12月N1.mp3'], ['5', '26.52MB', '2021-05-30', '13:03:42', '2015年7月N1.mp3'], ['6', '26.21MB', '2021-05-30', '13:03:42', '2016年12月N1.mp3'], ['7', '26.44MB', '2021-05-30', '13:03:42', '2016年7月N1.mp3'], ['8', '25.94MB', '2021-05-30', '13:03:42', '2017年12月N1.mp3'], ['9', '23.53MB', '2021-05-30', '13:03:43', '2017年7月N1.mp3'], ['10', '24.63MB', '2021-05-30', '13:03:42', '2018年12月N1音频.mp3'], ['11', '23.60MB', '2021-05-30', '13:03:42', '2018年7月N1.mp3'], ['12', '275.14KB', '2021-05-30', '13:03:42', '【树先生日语N1】备考答疑群和公众号.jpg']]
2021-06-20 13:59:31,333 - BaiUI.py[line:288] - DEBUG: ['3', '25.30MB', '2021-05-30', '13:03:43', '2014年7月N1.mp3']
2021-06-20 13:59:31,335 - BaiUI.py[line:298] - DEBUG: 
2021-06-20 13:59:31,342 - BaiUI.py[line:302] - DEBUG: start download 2014年7月N1.mp3
2021-06-20 13:59:31,343 - backend.py[line:140] - DEBUG: start Thread
2021-06-20 13:59:31,345 - backend.py[line:93] - DEBUG: subprocess_execute_realtime ./BaiduPCS-Go d 2014年7月N1.mp3
2021-06-20 13:59:34,402 - BaiUI.py[line:288] - DEBUG: ['3', '25.30MB', '2021-05-30', '13:03:43', '2014年7月N1.mp3']
2021-06-20 13:59:34,403 - BaiUI.py[line:298] - DEBUG: 
2021-06-20 13:59:34,404 - BaiUI.py[line:302] - DEBUG: start download 2014年7月N1.mp3
2021-06-20 13:59:34,405 - backend.py[line:140] - DEBUG: start Thread
2021-06-20 13:59:34,407 - backend.py[line:93] - DEBUG: subprocess_execute_realtime ./BaiduPCS-Go d 2014年7月N1.mp3
2021-06-20 13:59:36,195 - BaiUI.py[line:288] - DEBUG: ['3', '25.30MB', '2021-05-30', '13:03:43', '2014年7月N1.mp3']
2021-06-20 13:59:36,196 - BaiUI.py[line:298] - DEBUG: 
2021-06-20 13:59:36,197 - BaiUI.py[line:302] - DEBUG: start download 2014年7月N1.mp3
2021-06-20 13:59:36,198 - backend.py[line:140] - DEBUG: start Thread
2021-06-20 13:59:36,200 - backend.py[line:93] - DEBUG: subprocess_execute_realtime ./BaiduPCS-Go d 2014年7月N1.mp3
2021-06-20 14:04:13,197 - BaiUI.py[line:305] - DEBUG: closeEvent
2021-06-20 14:04:13,198 - backend.py[line:41] - DEBUG: closeAllThread
2021-06-20 14:04:13,199 - backend.py[line:47] - ERROR: not exist thread
2021-06-20 14:04:13,200 - backend.py[line:47] - ERROR: not exist thread
2021-06-20 14:04:13,200 - backend.py[line:47] - ERROR: not exist thread
2021-06-20 14:04:13,201 - backend.py[line:47] - ERROR: not exist thread
2021-06-20 14:04:13,202 - backend.py[line:47] - ERROR: not exist thread
