2021-06-20 13:23:33,350 - BaiUI.py[line:309] - DEBUG: Program Start
2021-06-20 13:23:34,603 - BaiUI.py[line:101] - DEBUG: []
2021-06-20 13:23:34,617 - backend.py[line:140] - DEBUG: start Thread
2021-06-20 13:23:34,619 - backend.py[line:140] - DEBUG: start Thread
2021-06-20 13:23:34,783 - backend.py[line:85] - DEBUG: subprocess_execute b'/\xe3\x80\x90\xe6\xa0\x91\xe5\x85\x88\xe7\x94\x9f\xe6\x97\xa5\xe8\xaf\xad\xe3\x80\x912013-2018\xe5\xb9\xb4N1\xe9\x9f\xb3\xe9\xa2\x91\n'
2021-06-20 13:23:34,786 - BaiUI.py[line:261] - DEBUG: call processCallback
2021-06-20 13:23:34,787 - BaiUI.py[line:262] - DEBUG: getCurrentDir
2021-06-20 13:23:34,788 - BaiUI.py[line:263] - DEBUG: /【树先生日语】2013-2018年N1音频
2021-06-20 13:23:34,789 - backend.py[line:144] - DEBUG: end Thread
2021-06-20 13:23:35,169 - backend.py[line:85] - DEBUG: subprocess_execute b'\n'
2021-06-20 13:23:35,171 - backend.py[line:85] - DEBUG: subprocess_execute b'\xe5\xbd\x93\xe5\x89\x8d\xe7\x9b\xae\xe5\xbd\x95: /\xe3\x80\x90\xe6\xa0\x91\xe5\x85\x88\xe7\x94\x9f\xe6\x97\xa5\xe8\xaf\xad\xe3\x80\x912013-2018\xe5\xb9\xb4N1\xe9\x9f\xb3\xe9\xa2\x91\n'
2021-06-20 13:23:35,172 - backend.py[line:85] - DEBUG: subprocess_execute b'----\n'
2021-06-20 13:23:35,172 - backend.py[line:85] - DEBUG: subprocess_execute b'  #     \xe6\x96\x87\xe4\xbb\xb6\xe5\xa4\xa7\xe5\xb0\x8f         \xe4\xbf\xae\xe6\x94\xb9\xe6\x97\xa5\xe6\x9c\x9f                      \xe6\x96\x87\xe4\xbb\xb6(\xe7\x9b\xae\xe5\xbd\x95)                \n'
2021-06-20 13:23:35,173 - backend.py[line:85] - DEBUG: subprocess_execute b'   0       24.62MB  2021-05-30 13:03:42  2013\xe5\xb9\xb412\xe6\x9c\x88N1.mp3                        \n'
2021-06-20 13:23:35,174 - backend.py[line:85] - DEBUG: subprocess_execute b'   1       24.23MB  2021-05-30 13:03:42  2013\xe5\xb9\xb47\xe6\x9c\x88N1.mp3                         \n'
2021-06-20 13:23:35,176 - backend.py[line:85] - DEBUG: subprocess_execute b'   2       24.77MB  2021-05-30 13:03:42  2014\xe5\xb9\xb412\xe6\x9c\x88N1.mp3                        \n'
2021-06-20 13:23:35,177 - backend.py[line:85] - DEBUG: subprocess_execute b'   3       25.30MB  2021-05-30 13:03:43  2014\xe5\xb9\xb47\xe6\x9c\x88N1.mp3                         \n'
2021-06-20 13:23:35,178 - backend.py[line:85] - DEBUG: subprocess_execute b'   4       25.44MB  2021-05-30 13:03:42  2015\xe5\xb9\xb412\xe6\x9c\x88N1.mp3                        \n'
2021-06-20 13:23:35,179 - backend.py[line:85] - DEBUG: subprocess_execute b'   5       26.52MB  2021-05-30 13:03:42  2015\xe5\xb9\xb47\xe6\x9c\x88N1.mp3                         \n'
2021-06-20 13:23:35,180 - backend.py[line:85] - DEBUG: subprocess_execute b'   6       26.21MB  2021-05-30 13:03:42  2016\xe5\xb9\xb412\xe6\x9c\x88N1.mp3                        \n'
2021-06-20 13:23:35,185 - backend.py[line:85] - DEBUG: subprocess_execute b'   7       26.44MB  2021-05-30 13:03:42  2016\xe5\xb9\xb47\xe6\x9c\x88N1.mp3                         \n'
2021-06-20 13:23:35,186 - backend.py[line:85] - DEBUG: subprocess_execute b'   8       25.94MB  2021-05-30 13:03:42  2017\xe5\xb9\xb412\xe6\x9c\x88N1.mp3                        \n'
2021-06-20 13:23:35,187 - backend.py[line:85] - DEBUG: subprocess_execute b'   9       23.53MB  2021-05-30 13:03:43  2017\xe5\xb9\xb47\xe6\x9c\x88N1.mp3                         \n'
2021-06-20 13:23:35,187 - backend.py[line:85] - DEBUG: subprocess_execute b'  10       24.63MB  2021-05-30 13:03:42  2018\xe5\xb9\xb412\xe6\x9c\x88N1\xe9\x9f\xb3\xe9\xa2\x91.mp3                    \n'
2021-06-20 13:23:35,188 - backend.py[line:85] - DEBUG: subprocess_execute b'  11       23.60MB  2021-05-30 13:03:42  2018\xe5\xb9\xb47\xe6\x9c\x88N1.mp3                         \n'
2021-06-20 13:23:35,189 - backend.py[line:85] - DEBUG: subprocess_execute b'  12      275.14KB  2021-05-30 13:03:42  \xe3\x80\x90\xe6\xa0\x91\xe5\x85\x88\xe7\x94\x9f\xe6\x97\xa5\xe8\xaf\xadN1\xe3\x80\x91\xe5\xa4\x87\xe8\x80\x83\xe7\xad\x94\xe7\x96\x91\xe7\xbe\xa4\xe5\x92\x8c\xe5\x85\xac\xe4\xbc\x97\xe5\x8f\xb7.jpg  \n'
2021-06-20 13:23:35,190 - backend.py[line:85] - DEBUG: subprocess_execute b'      \xe6\x80\xbb: 301.50MB                       \xe6\x96\x87\xe4\xbb\xb6\xe6\x80\xbb\xe6\x95\xb0: 13, \xe7\x9b\xae\xe5\xbd\x95\xe6\x80\xbb\xe6\x95\xb0: 0               \n'
2021-06-20 13:23:35,192 - backend.py[line:85] - DEBUG: subprocess_execute b'----\n'
2021-06-20 13:23:35,194 - BaiUI.py[line:261] - DEBUG: call processCallback
2021-06-20 13:23:35,195 - BaiUI.py[line:262] - DEBUG: getAllFiles
2021-06-20 13:23:35,196 - BaiUI.py[line:263] - DEBUG: [['0', '24.62MB', '2021-05-30', '13:03:42', '2013年12月N1.mp3'], ['1', '24.23MB', '2021-05-30', '13:03:42', '2013年7月N1.mp3'], ['2', '24.77MB', '2021-05-30', '13:03:42', '2014年12月N1.mp3'], ['3', '25.30MB', '2021-05-30', '13:03:43', '2014年7月N1.mp3'], ['4', '25.44MB', '2021-05-30', '13:03:42', '2015年12月N1.mp3'], ['5', '26.52MB', '2021-05-30', '13:03:42', '2015年7月N1.mp3'], ['6', '26.21MB', '2021-05-30', '13:03:42', '2016年12月N1.mp3'], ['7', '26.44MB', '2021-05-30', '13:03:42', '2016年7月N1.mp3'], ['8', '25.94MB', '2021-05-30', '13:03:42', '2017年12月N1.mp3'], ['9', '23.53MB', '2021-05-30', '13:03:43', '2017年7月N1.mp3'], ['10', '24.63MB', '2021-05-30', '13:03:42', '2018年12月N1音频.mp3'], ['11', '23.60MB', '2021-05-30', '13:03:42', '2018年7月N1.mp3'], ['12', '275.14KB', '2021-05-30', '13:03:42', '【树先生日语N1】备考答疑群和公众号.jpg']]
2021-06-20 13:23:35,200 - BaiUI.py[line:101] - DEBUG: [['0', '24.62MB', '2021-05-30', '13:03:42', '2013年12月N1.mp3'], ['1', '24.23MB', '2021-05-30', '13:03:42', '2013年7月N1.mp3'], ['2', '24.77MB', '2021-05-30', '13:03:42', '2014年12月N1.mp3'], ['3', '25.30MB', '2021-05-30', '13:03:43', '2014年7月N1.mp3'], ['4', '25.44MB', '2021-05-30', '13:03:42', '2015年12月N1.mp3'], ['5', '26.52MB', '2021-05-30', '13:03:42', '2015年7月N1.mp3'], ['6', '26.21MB', '2021-05-30', '13:03:42', '2016年12月N1.mp3'], ['7', '26.44MB', '2021-05-30', '13:03:42', '2016年7月N1.mp3'], ['8', '25.94MB', '2021-05-30', '13:03:42', '2017年12月N1.mp3'], ['9', '23.53MB', '2021-05-30', '13:03:43', '2017年7月N1.mp3'], ['10', '24.63MB', '2021-05-30', '13:03:42', '2018年12月N1音频.mp3'], ['11', '23.60MB', '2021-05-30', '13:03:42', '2018年7月N1.mp3'], ['12', '275.14KB', '2021-05-30', '13:03:42', '【树先生日语N1】备考答疑群和公众号.jpg']]
2021-06-20 13:23:35,203 - backend.py[line:144] - DEBUG: end Thread
2021-06-20 13:23:36,792 - BaiUI.py[line:288] - DEBUG: ['2', '24.77MB', '2021-05-30', '13:03:42', '2014年12月N1.mp3']
2021-06-20 13:23:36,793 - BaiUI.py[line:298] - DEBUG: 
2021-06-20 13:23:36,794 - BaiUI.py[line:302] - DEBUG: start download 2014年12月N1.mp3
2021-06-20 13:23:36,796 - backend.py[line:140] - DEBUG: start Thread
2021-06-20 13:23:36,797 - backend.py[line:93] - DEBUG: subprocess_execute_realtime ./BaiduPCS-Go d 2014年12月N1.mp3
2021-06-20 13:23:41,048 - backend.py[line:100] - DEBUG: subprocess_execute_realtime 

2021-06-20 13:23:41,050 - backend.py[line:100] - DEBUG: subprocess_execute_realtime [0] 提示: 当前下载最大并发量为: 8, 下载缓存为: 65536

2021-06-20 13:23:41,051 - backend.py[line:100] - DEBUG: subprocess_execute_realtime [1] 加入下载队列: /【树先生日语】2013-2018年N1音频/2014年12月N1.mp3

2021-06-20 13:23:41,052 - backend.py[line:100] - DEBUG: subprocess_execute_realtime 

2021-06-20 13:23:41,053 - backend.py[line:100] - DEBUG: subprocess_execute_realtime [1] ----

2021-06-20 13:23:41,054 - backend.py[line:100] - DEBUG: subprocess_execute_realtime   类型              文件                                               

2021-06-20 13:23:41,055 - backend.py[line:100] - DEBUG: subprocess_execute_realtime   文件路径          /【树先生日语】2013-2018年N1音频/2014年12月N1.mp3  

2021-06-20 13:23:41,057 - backend.py[line:100] - DEBUG: subprocess_execute_realtime   文件名称          2014年12月N1.mp3                                   

2021-06-20 13:23:41,058 - backend.py[line:100] - DEBUG: subprocess_execute_realtime   文件大小          25969513, 24.766458MB                              

2021-06-20 13:23:41,059 - backend.py[line:100] - DEBUG: subprocess_execute_realtime   md5 (截图请打码)  116e4f689b3c29103ff7fcbe636ed5df                   

2021-06-20 13:23:41,060 - backend.py[line:100] - DEBUG: subprocess_execute_realtime   app_id            250528                                             

2021-06-20 13:23:41,065 - backend.py[line:100] - DEBUG: subprocess_execute_realtime   fs_id             116216515411039                                    

2021-06-20 13:23:41,066 - backend.py[line:100] - DEBUG: subprocess_execute_realtime   创建日期          2019-06-24 10:11:45                                

2021-06-20 13:23:41,067 - backend.py[line:100] - DEBUG: subprocess_execute_realtime   修改日期          2021-05-30 13:03:42                                

2021-06-20 13:23:41,067 - backend.py[line:100] - DEBUG: subprocess_execute_realtime 

2021-06-20 13:23:41,068 - backend.py[line:100] - DEBUG: subprocess_execute_realtime [1] 准备下载: /【树先生日语】2013-2018年N1音频/2014年12月N1.mp3

2021-06-20 13:23:41,069 - backend.py[line:100] - DEBUG: subprocess_execute_realtime [1] 将会下载到路径: /mnt/usb/BaiduDownload/4733703127_linuxeroero/2014年12月N1.mp3

2021-06-20 13:23:41,070 - backend.py[line:100] - DEBUG: subprocess_execute_realtime 

2021-06-20 13:23:41,072 - backend.py[line:100] - DEBUG: subprocess_execute_realtime [1] ↓ 23.20MB/24.77MB 1.64MB/s in 1s, left 0s ............[1] ↓ 24.70MB/24.77MB 1.47MB/s in 2s, left 0s ............[1] ↓ 24.77MB/24.77MB 48.49KB/s in 3s, left 0s ............

2021-06-20 13:23:41,073 - backend.py[line:100] - DEBUG: subprocess_execute_realtime [1] 下载完成, 保存位置: /mnt/usb/BaiduDownload/4733703127_linuxeroero/2014年12月N1.mp3

2021-06-20 13:23:41,073 - backend.py[line:100] - DEBUG: subprocess_execute_realtime [1] 跳过文件有效性检验

2021-06-20 13:23:41,074 - backend.py[line:100] - DEBUG: subprocess_execute_realtime 

2021-06-20 13:23:41,075 - backend.py[line:100] - DEBUG: subprocess_execute_realtime 下载结束, 时间: 3.694s, 数据总量: 24.766458MB

2021-06-20 13:23:41,963 - BaiUI.py[line:305] - DEBUG: closeEvent
2021-06-20 13:23:41,964 - backend.py[line:41] - DEBUG: closeAllThread
2021-06-20 13:23:41,966 - backend.py[line:47] - ERROR: not exist thread
2021-06-20 13:23:41,967 - backend.py[line:47] - ERROR: not exist thread
2021-06-20 13:23:41,967 - backend.py[line:47] - ERROR: not exist thread
