2021-06-19 16:23:21,793 - BaiUI.py[line:303] - DEBUG: Program Start
2021-06-19 16:23:22,995 - BaiUI.py[line:101] - DEBUG: []
2021-06-19 16:23:23,010 - backend.py[line:113] - DEBUG: start Thread
2021-06-19 16:23:23,012 - backend.py[line:113] - DEBUG: start Thread
2021-06-19 16:23:23,195 - BaiUI.py[line:259] - DEBUG: call processCallback
2021-06-19 16:23:23,196 - BaiUI.py[line:260] - DEBUG: getCurrentDir
2021-06-19 16:23:23,197 - BaiUI.py[line:261] - DEBUG: /【树先生日语】2013-2018年N1音频
2021-06-19 16:23:23,198 - backend.py[line:117] - DEBUG: end Thread
2021-06-19 16:23:28,909 - BaiUI.py[line:259] - DEBUG: call processCallback
2021-06-19 16:23:28,911 - BaiUI.py[line:260] - DEBUG: getAllFiles
2021-06-19 16:23:28,912 - BaiUI.py[line:261] - DEBUG: [['0', '24.62MB', '2021-05-30', '13:03:42', '2013年12月N1.mp3'], ['1', '24.23MB', '2021-05-30', '13:03:42', '2013年7月N1.mp3'], ['2', '24.77MB', '2021-05-30', '13:03:42', '2014年12月N1.mp3'], ['3', '25.30MB', '2021-05-30', '13:03:43', '2014年7月N1.mp3'], ['4', '25.44MB', '2021-05-30', '13:03:42', '2015年12月N1.mp3'], ['5', '26.52MB', '2021-05-30', '13:03:42', '2015年7月N1.mp3'], ['6', '26.21MB', '2021-05-30', '13:03:42', '2016年12月N1.mp3'], ['7', '26.44MB', '2021-05-30', '13:03:42', '2016年7月N1.mp3'], ['8', '25.94MB', '2021-05-30', '13:03:42', '2017年12月N1.mp3'], ['9', '23.53MB', '2021-05-30', '13:03:43', '2017年7月N1.mp3'], ['10', '24.63MB', '2021-05-30', '13:03:42', '2018年12月N1音频.mp3'], ['11', '23.60MB', '2021-05-30', '13:03:42', '2018年7月N1.mp3'], ['12', '275.14KB', '2021-05-30', '13:03:42', '【树先生日语N1】备考答疑群和公众号.jpg']]
2021-06-19 16:23:28,918 - backend.py[line:117] - DEBUG: end Thread
2021-06-19 16:23:28,921 - BaiUI.py[line:101] - DEBUG: [['0', '24.62MB', '2021-05-30', '13:03:42', '2013年12月N1.mp3'], ['1', '24.23MB', '2021-05-30', '13:03:42', '2013年7月N1.mp3'], ['2', '24.77MB', '2021-05-30', '13:03:42', '2014年12月N1.mp3'], ['3', '25.30MB', '2021-05-30', '13:03:43', '2014年7月N1.mp3'], ['4', '25.44MB', '2021-05-30', '13:03:42', '2015年12月N1.mp3'], ['5', '26.52MB', '2021-05-30', '13:03:42', '2015年7月N1.mp3'], ['6', '26.21MB', '2021-05-30', '13:03:42', '2016年12月N1.mp3'], ['7', '26.44MB', '2021-05-30', '13:03:42', '2016年7月N1.mp3'], ['8', '25.94MB', '2021-05-30', '13:03:42', '2017年12月N1.mp3'], ['9', '23.53MB', '2021-05-30', '13:03:43', '2017年7月N1.mp3'], ['10', '24.63MB', '2021-05-30', '13:03:42', '2018年12月N1音频.mp3'], ['11', '23.60MB', '2021-05-30', '13:03:42', '2018年7月N1.mp3'], ['12', '275.14KB', '2021-05-30', '13:03:42', '【树先生日语N1】备考答疑群和公众号.jpg']]
2021-06-19 16:23:31,405 - BaiUI.py[line:285] - DEBUG: ['0', '24.62MB', '2021-05-30', '13:03:42', '2013年12月N1.mp3']
2021-06-19 16:23:31,406 - BaiUI.py[line:295] - DEBUG: 
2021-06-19 16:23:31,406 - BaiUI.py[line:299] - DEBUG: start download 2013年12月N1.mp3
2021-06-19 16:23:31,408 - backend.py[line:113] - DEBUG: start Thread
2021-06-19 16:23:31,946 - backend.py[line:64] - DEBUG: ['\n', '[0] 提示: 当前下载最大并发量为: 8, 下载缓存为: 65536\n', '[1] 加入下载队列: /【树先生日语】2013-2018年N1音频/2013年12月N1.mp3\n', '\n', '[1] ----\n', '  类型              文件                                               \n', '  文件路径          /【树先生日语】2013-2018年N1音频/2013年12月N1.mp3  \n', '  文件名称          2013年12月N1.mp3                                   \n', '  文件大小          25816009, 24.620065MB                              \n', '  md5 (可能不正确)  d1cf46d6e6782cb9a696e8bb6cb1313b                   \n', '  app_id            250528                                             \n', '  fs_id             935433989429225                                    \n', '  创建日期          2019-06-24 10:11:34                                \n', '  修改日期          2021-05-30 13:03:42                                \n', '\n', '[1] 准备下载: /【树先生日语】2013-2018年N1音频/2013年12月N1.mp3\n', '[1] 文件已经存在: /mnt/usb/BaiduDownload/4733703127_linuxeroero/2013年12月N1.mp3, 跳过...\n', '\n', '下载结束, 时间: 2ms, 数据总量: 0B\n']
2021-06-19 16:23:31,948 - BaiUI.py[line:259] - DEBUG: call processCallback
2021-06-19 16:23:31,949 - BaiUI.py[line:260] - DEBUG: downloadFiles
2021-06-19 16:23:31,951 - BaiUI.py[line:261] - DEBUG: None
2021-06-19 16:23:31,952 - backend.py[line:117] - DEBUG: end Thread
2021-06-19 16:23:45,510 - BaiUI.py[line:285] - DEBUG: ['7', '26.44MB', '2021-05-30', '13:03:42', '2016年7月N1.mp3']
2021-06-19 16:23:45,511 - BaiUI.py[line:295] - DEBUG: 
2021-06-19 16:23:45,512 - BaiUI.py[line:299] - DEBUG: start download 2016年7月N1.mp3
2021-06-19 16:23:45,513 - backend.py[line:113] - DEBUG: start Thread
2021-06-19 16:24:08,615 - BaiUI.py[line:285] - DEBUG: ['0', '0', '0', '0', '../']
2021-06-19 16:24:08,616 - BaiUI.py[line:288] - DEBUG: return back to up path ../
2021-06-19 16:24:08,617 - BaiUI.py[line:295] - DEBUG: /
2021-06-19 16:24:08,618 - backend.py[line:113] - DEBUG: start Thread
2021-06-19 16:24:09,216 - BaiUI.py[line:259] - DEBUG: call processCallback
2021-06-19 16:24:09,217 - BaiUI.py[line:260] - DEBUG: changeDir
2021-06-19 16:24:09,218 - BaiUI.py[line:261] - DEBUG: None
2021-06-19 16:24:09,222 - backend.py[line:113] - DEBUG: start Thread
2021-06-19 16:24:09,222 - backend.py[line:117] - DEBUG: end Thread
2021-06-19 16:24:09,224 - backend.py[line:113] - DEBUG: start Thread
2021-06-19 16:24:09,365 - BaiUI.py[line:259] - DEBUG: call processCallback
2021-06-19 16:24:09,366 - BaiUI.py[line:260] - DEBUG: getCurrentDir
2021-06-19 16:24:09,367 - BaiUI.py[line:261] - DEBUG: /
2021-06-19 16:24:09,369 - backend.py[line:117] - DEBUG: end Thread
2021-06-19 16:24:09,771 - BaiUI.py[line:259] - DEBUG: call processCallback
2021-06-19 16:24:09,772 - BaiUI.py[line:260] - DEBUG: getAllFiles
2021-06-19 16:24:09,773 - BaiUI.py[line:261] - DEBUG: [['0', '-', '2021-05-30', '13:03:42', '【树先生日语】2013-2018年N1音频/'], ['1', '-', '2021-06-01', '20:44:16', '百度网盘学霸大礼包/']]
2021-06-19 16:24:09,774 - backend.py[line:117] - DEBUG: end Thread
2021-06-19 16:24:09,775 - BaiUI.py[line:101] - DEBUG: [['0', '-', '2021-05-30', '13:03:42', '【树先生日语】2013-2018年N1音频/'], ['1', '-', '2021-06-01', '20:44:16', '百度网盘学霸大礼包/']]
2021-06-19 16:24:11,674 - BaiUI.py[line:285] - DEBUG: ['0', '-', '2021-05-30', '13:03:42', '【树先生日语】2013-2018年N1音频/']
2021-06-19 16:24:11,675 - BaiUI.py[line:292] - DEBUG: current dir: 【树先生日语】2013-2018年N1音频/
2021-06-19 16:24:11,676 - BaiUI.py[line:295] - DEBUG: 【树先生日语】2013-2018年N1音频/
2021-06-19 16:24:11,677 - backend.py[line:113] - DEBUG: start Thread
2021-06-19 16:24:12,159 - BaiUI.py[line:259] - DEBUG: call processCallback
2021-06-19 16:24:12,160 - BaiUI.py[line:260] - DEBUG: changeDir
2021-06-19 16:24:12,160 - BaiUI.py[line:261] - DEBUG: None
2021-06-19 16:24:12,161 - backend.py[line:117] - DEBUG: end Thread
2021-06-19 16:24:12,163 - backend.py[line:113] - DEBUG: start Thread
2021-06-19 16:24:12,165 - backend.py[line:113] - DEBUG: start Thread
2021-06-19 16:24:12,321 - BaiUI.py[line:259] - DEBUG: call processCallback
2021-06-19 16:24:12,322 - BaiUI.py[line:260] - DEBUG: getCurrentDir
2021-06-19 16:24:12,322 - BaiUI.py[line:261] - DEBUG: /【树先生日语】2013-2018年N1音频
2021-06-19 16:24:12,327 - backend.py[line:117] - DEBUG: end Thread
2021-06-19 16:24:12,827 - BaiUI.py[line:259] - DEBUG: call processCallback
2021-06-19 16:24:12,828 - BaiUI.py[line:260] - DEBUG: getAllFiles
2021-06-19 16:24:12,829 - BaiUI.py[line:261] - DEBUG: [['0', '24.62MB', '2021-05-30', '13:03:42', '2013年12月N1.mp3'], ['1', '24.23MB', '2021-05-30', '13:03:42', '2013年7月N1.mp3'], ['2', '24.77MB', '2021-05-30', '13:03:42', '2014年12月N1.mp3'], ['3', '25.30MB', '2021-05-30', '13:03:43', '2014年7月N1.mp3'], ['4', '25.44MB', '2021-05-30', '13:03:42', '2015年12月N1.mp3'], ['5', '26.52MB', '2021-05-30', '13:03:42', '2015年7月N1.mp3'], ['6', '26.21MB', '2021-05-30', '13:03:42', '2016年12月N1.mp3'], ['7', '26.44MB', '2021-05-30', '13:03:42', '2016年7月N1.mp3'], ['8', '25.94MB', '2021-05-30', '13:03:42', '2017年12月N1.mp3'], ['9', '23.53MB', '2021-05-30', '13:03:43', '2017年7月N1.mp3'], ['10', '24.63MB', '2021-05-30', '13:03:42', '2018年12月N1音频.mp3'], ['11', '23.60MB', '2021-05-30', '13:03:42', '2018年7月N1.mp3'], ['12', '275.14KB', '2021-05-30', '13:03:42', '【树先生日语N1】备考答疑群和公众号.jpg']]
2021-06-19 16:24:12,831 - backend.py[line:117] - DEBUG: end Thread
2021-06-19 16:24:12,833 - BaiUI.py[line:101] - DEBUG: [['0', '24.62MB', '2021-05-30', '13:03:42', '2013年12月N1.mp3'], ['1', '24.23MB', '2021-05-30', '13:03:42', '2013年7月N1.mp3'], ['2', '24.77MB', '2021-05-30', '13:03:42', '2014年12月N1.mp3'], ['3', '25.30MB', '2021-05-30', '13:03:43', '2014年7月N1.mp3'], ['4', '25.44MB', '2021-05-30', '13:03:42', '2015年12月N1.mp3'], ['5', '26.52MB', '2021-05-30', '13:03:42', '2015年7月N1.mp3'], ['6', '26.21MB', '2021-05-30', '13:03:42', '2016年12月N1.mp3'], ['7', '26.44MB', '2021-05-30', '13:03:42', '2016年7月N1.mp3'], ['8', '25.94MB', '2021-05-30', '13:03:42', '2017年12月N1.mp3'], ['9', '23.53MB', '2021-05-30', '13:03:43', '2017年7月N1.mp3'], ['10', '24.63MB', '2021-05-30', '13:03:42', '2018年12月N1音频.mp3'], ['11', '23.60MB', '2021-05-30', '13:03:42', '2018年7月N1.mp3'], ['12', '275.14KB', '2021-05-30', '13:03:42', '【树先生日语N1】备考答疑群和公众号.jpg']]
2021-06-19 16:24:16,895 - BaiUI.py[line:285] - DEBUG: ['0', '0', '0', '0', '../']
2021-06-19 16:24:16,896 - BaiUI.py[line:288] - DEBUG: return back to up path ../
2021-06-19 16:24:16,897 - BaiUI.py[line:295] - DEBUG: /
2021-06-19 16:24:16,898 - backend.py[line:113] - DEBUG: start Thread
2021-06-19 16:24:17,422 - BaiUI.py[line:259] - DEBUG: call processCallback
2021-06-19 16:24:17,426 - BaiUI.py[line:260] - DEBUG: changeDir
2021-06-19 16:24:17,426 - BaiUI.py[line:261] - DEBUG: None
2021-06-19 16:24:17,427 - backend.py[line:117] - DEBUG: end Thread
2021-06-19 16:24:17,429 - backend.py[line:113] - DEBUG: start Thread
2021-06-19 16:24:17,430 - backend.py[line:113] - DEBUG: start Thread
2021-06-19 16:24:17,566 - BaiUI.py[line:259] - DEBUG: call processCallback
2021-06-19 16:24:17,567 - BaiUI.py[line:260] - DEBUG: getCurrentDir
2021-06-19 16:24:17,568 - BaiUI.py[line:261] - DEBUG: /
2021-06-19 16:24:17,569 - backend.py[line:117] - DEBUG: end Thread
2021-06-19 16:24:18,724 - BaiUI.py[line:259] - DEBUG: call processCallback
2021-06-19 16:24:18,725 - BaiUI.py[line:260] - DEBUG: getAllFiles
2021-06-19 16:24:18,726 - BaiUI.py[line:261] - DEBUG: [['0', '-', '2021-05-30', '13:03:42', '【树先生日语】2013-2018年N1音频/'], ['1', '-', '2021-06-01', '20:44:16', '百度网盘学霸大礼包/']]
2021-06-19 16:24:18,728 - backend.py[line:117] - DEBUG: end Thread
2021-06-19 16:24:18,735 - BaiUI.py[line:101] - DEBUG: [['0', '-', '2021-05-30', '13:03:42', '【树先生日语】2013-2018年N1音频/'], ['1', '-', '2021-06-01', '20:44:16', '百度网盘学霸大礼包/']]
