2021-06-21 14:33:05,212 - backend.py[line:17] - DEBUG: Hello Linux
2021-06-21 14:33:05,217 - BaiUI.py[line:354] - DEBUG: Program Start
2021-06-21 14:33:06,450 - BaiUI.py[line:109] - DEBUG: []
2021-06-21 14:33:06,471 - backend.py[line:177] - DEBUG: start Thread: getAllFiles
2021-06-21 14:33:06,473 - backend.py[line:177] - DEBUG: start Thread: getCurrentDir
2021-06-21 14:33:06,627 - backend.py[line:103] - DEBUG: ./BaiduPCS-Go pwd
2021-06-21 14:33:06,629 - backend.py[line:105] - DEBUG: subprocess_execute /【树先生日语】2013-2018年N1音频

2021-06-21 14:33:06,631 - BaiUI.py[line:305] - DEBUG: call processCallback
2021-06-21 14:33:06,632 - BaiUI.py[line:306] - DEBUG: getCurrentDir
2021-06-21 14:33:06,633 - BaiUI.py[line:307] - DEBUG: /【树先生日语】2013-2018年N1音频
2021-06-21 14:33:06,635 - backend.py[line:182] - DEBUG: end Thread
2021-06-21 14:33:07,072 - backend.py[line:103] - DEBUG: ./BaiduPCS-Go ls
2021-06-21 14:33:07,073 - backend.py[line:105] - DEBUG: subprocess_execute 

2021-06-21 14:33:07,074 - backend.py[line:105] - DEBUG: subprocess_execute 当前目录: /【树先生日语】2013-2018年N1音频

2021-06-21 14:33:07,075 - backend.py[line:105] - DEBUG: subprocess_execute ----

2021-06-21 14:33:07,076 - backend.py[line:105] - DEBUG: subprocess_execute   #     文件大小         修改日期                      文件(目录)                

2021-06-21 14:33:07,076 - backend.py[line:105] - DEBUG: subprocess_execute    0       24.62MB  2021-05-30 13:03:42  2013年12月N1.mp3                        

2021-06-21 14:33:07,077 - backend.py[line:105] - DEBUG: subprocess_execute    1       24.23MB  2021-05-30 13:03:42  2013年7月N1.mp3                         

2021-06-21 14:33:07,077 - backend.py[line:105] - DEBUG: subprocess_execute    2       24.77MB  2021-05-30 13:03:42  2014年12月N1.mp3                        

2021-06-21 14:33:07,078 - backend.py[line:105] - DEBUG: subprocess_execute    3       25.30MB  2021-05-30 13:03:43  2014年7月N1.mp3                         

2021-06-21 14:33:07,079 - backend.py[line:105] - DEBUG: subprocess_execute    4       25.44MB  2021-05-30 13:03:42  2015年12月N1.mp3                        

2021-06-21 14:33:07,080 - backend.py[line:105] - DEBUG: subprocess_execute    5       26.52MB  2021-05-30 13:03:42  2015年7月N1.mp3                         

2021-06-21 14:33:07,080 - backend.py[line:105] - DEBUG: subprocess_execute    6       26.21MB  2021-05-30 13:03:42  2016年12月N1.mp3                        

2021-06-21 14:33:07,081 - backend.py[line:105] - DEBUG: subprocess_execute    7       26.44MB  2021-05-30 13:03:42  2016年7月N1.mp3                         

2021-06-21 14:33:07,082 - backend.py[line:105] - DEBUG: subprocess_execute    8       25.94MB  2021-05-30 13:03:42  2017年12月N1.mp3                        

2021-06-21 14:33:07,082 - backend.py[line:105] - DEBUG: subprocess_execute    9       23.53MB  2021-05-30 13:03:43  2017年7月N1.mp3                         

2021-06-21 14:33:07,083 - backend.py[line:105] - DEBUG: subprocess_execute   10       24.63MB  2021-05-30 13:03:42  2018年12月N1音频.mp3                    

2021-06-21 14:33:07,084 - backend.py[line:105] - DEBUG: subprocess_execute   11       23.60MB  2021-05-30 13:03:42  2018年7月N1.mp3                         

2021-06-21 14:33:07,084 - backend.py[line:105] - DEBUG: subprocess_execute   12      275.14KB  2021-05-30 13:03:42  【树先生日语N1】备考答疑群和公众号.jpg  

2021-06-21 14:33:07,085 - backend.py[line:105] - DEBUG: subprocess_execute       总: 301.50MB                       文件总数: 13, 目录总数: 0               

2021-06-21 14:33:07,086 - backend.py[line:105] - DEBUG: subprocess_execute ----

2021-06-21 14:33:07,087 - BaiUI.py[line:305] - DEBUG: call processCallback
2021-06-21 14:33:07,088 - BaiUI.py[line:306] - DEBUG: getAllFiles
2021-06-21 14:33:07,088 - BaiUI.py[line:307] - DEBUG: [['0', '24.62MB', '2021-05-30', '13:03:42', '2013年12月N1.mp3'], ['1', '24.23MB', '2021-05-30', '13:03:42', '2013年7月N1.mp3'], ['2', '24.77MB', '2021-05-30', '13:03:42', '2014年12月N1.mp3'], ['3', '25.30MB', '2021-05-30', '13:03:43', '2014年7月N1.mp3'], ['4', '25.44MB', '2021-05-30', '13:03:42', '2015年12月N1.mp3'], ['5', '26.52MB', '2021-05-30', '13:03:42', '2015年7月N1.mp3'], ['6', '26.21MB', '2021-05-30', '13:03:42', '2016年12月N1.mp3'], ['7', '26.44MB', '2021-05-30', '13:03:42', '2016年7月N1.mp3'], ['8', '25.94MB', '2021-05-30', '13:03:42', '2017年12月N1.mp3'], ['9', '23.53MB', '2021-05-30', '13:03:43', '2017年7月N1.mp3'], ['10', '24.63MB', '2021-05-30', '13:03:42', '2018年12月N1音频.mp3'], ['11', '23.60MB', '2021-05-30', '13:03:42', '2018年7月N1.mp3'], ['12', '275.14KB', '2021-05-30', '13:03:42', '【树先生日语N1】备考答疑群和公众号.jpg']]
2021-06-21 14:33:07,091 - backend.py[line:182] - DEBUG: end Thread
2021-06-21 14:33:07,093 - BaiUI.py[line:109] - DEBUG: [['0', '24.62MB', '2021-05-30', '13:03:42', '2013年12月N1.mp3'], ['1', '24.23MB', '2021-05-30', '13:03:42', '2013年7月N1.mp3'], ['2', '24.77MB', '2021-05-30', '13:03:42', '2014年12月N1.mp3'], ['3', '25.30MB', '2021-05-30', '13:03:43', '2014年7月N1.mp3'], ['4', '25.44MB', '2021-05-30', '13:03:42', '2015年12月N1.mp3'], ['5', '26.52MB', '2021-05-30', '13:03:42', '2015年7月N1.mp3'], ['6', '26.21MB', '2021-05-30', '13:03:42', '2016年12月N1.mp3'], ['7', '26.44MB', '2021-05-30', '13:03:42', '2016年7月N1.mp3'], ['8', '25.94MB', '2021-05-30', '13:03:42', '2017年12月N1.mp3'], ['9', '23.53MB', '2021-05-30', '13:03:43', '2017年7月N1.mp3'], ['10', '24.63MB', '2021-05-30', '13:03:42', '2018年12月N1音频.mp3'], ['11', '23.60MB', '2021-05-30', '13:03:42', '2018年7月N1.mp3'], ['12', '275.14KB', '2021-05-30', '13:03:42', '【树先生日语N1】备考答疑群和公众号.jpg']]
2021-06-21 14:33:09,952 - BaiUI.py[line:333] - DEBUG: ['7', '26.44MB', '2021-05-30', '13:03:42', '2016年7月N1.mp3']
2021-06-21 14:33:09,953 - BaiUI.py[line:343] - DEBUG: 
2021-06-21 14:33:09,954 - BaiUI.py[line:347] - DEBUG: start download 2016年7月N1.mp3
2021-06-21 14:33:09,955 - backend.py[line:177] - DEBUG: start Thread: downloadFiles
2021-06-21 14:33:09,957 - backend.py[line:119] - DEBUG: subprocess_execute_realtime ./BaiduPCS-Go d 2016年7月N1.mp3
2021-06-21 14:33:12,969 - BaiUI.py[line:305] - DEBUG: call processCallback
2021-06-21 14:33:12,970 - BaiUI.py[line:306] - DEBUG: downloadFiles
2021-06-21 14:33:12,971 - BaiUI.py[line:307] - DEBUG: ['down_id:0', '\n', '[0] 提示: 当前下载最大并发量为: 8, 下载缓存为: 65536\n', '[1] 加入下载队列: /【树先生日语】2013-2018年N1音频/2016年7月N1.mp3\n', '\n', '[1] ----\n', '  类型              文件                                              \n', '  文件路径          /【树先生日语】2013-2018年N1音频/2016年7月N1.mp3  \n', '  文件名称          2016年7月N1.mp3                                   \n', '  文件大小          27727177, 26.442697MB                             \n', '  md5 (截图请打码)  9e1127e0e06969b4a9175a9619bf50e3                  \n', '  app_id            250528                                            \n', '  fs_id             792205836175986                                   \n', '  创建日期          2019-06-24 10:12:01                               \n', '  修改日期          2021-05-30 13:03:42                               \n', '\n', '[1] 准备下载: /【树先生日语】2013-2018年N1音频/2016年7月N1.mp3\n', '[1] 将会下载到路径: /mnt/usb/BaiduDownload/4733703127_linuxeroero/2016年7月N1.mp3\n', '\n']
2021-06-21 14:33:12,973 - BaiUI.py[line:287] - DEBUG: down_id: 0
