2021-06-21 14:23:50,008 - backend.py[line:17] - DEBUG: Hello Linux
2021-06-21 14:23:50,013 - BaiUI.py[line:354] - DEBUG: Program Start
2021-06-21 14:23:51,408 - BaiUI.py[line:109] - DEBUG: []
2021-06-21 14:23:51,427 - backend.py[line:177] - DEBUG: start Thread: getAllFiles
2021-06-21 14:23:51,430 - backend.py[line:177] - DEBUG: start Thread: getCurrentDir
2021-06-21 14:23:51,673 - backend.py[line:103] - DEBUG: ./BaiduPCS-Go pwd
2021-06-21 14:23:51,684 - backend.py[line:105] - DEBUG: subprocess_execute /【树先生日语】2013-2018年N1音频

2021-06-21 14:23:51,695 - BaiUI.py[line:305] - DEBUG: call processCallback
2021-06-21 14:23:51,697 - BaiUI.py[line:306] - DEBUG: getCurrentDir
2021-06-21 14:23:51,699 - BaiUI.py[line:307] - DEBUG: /【树先生日语】2013-2018年N1音频
2021-06-21 14:23:51,701 - backend.py[line:182] - DEBUG: end Thread
2021-06-21 14:23:52,159 - backend.py[line:103] - DEBUG: ./BaiduPCS-Go ls
2021-06-21 14:23:52,160 - backend.py[line:105] - DEBUG: subprocess_execute 

2021-06-21 14:23:52,161 - backend.py[line:105] - DEBUG: subprocess_execute 当前目录: /【树先生日语】2013-2018年N1音频

2021-06-21 14:23:52,161 - backend.py[line:105] - DEBUG: subprocess_execute ----

2021-06-21 14:23:52,162 - backend.py[line:105] - DEBUG: subprocess_execute   #     文件大小         修改日期                      文件(目录)                

2021-06-21 14:23:52,163 - backend.py[line:105] - DEBUG: subprocess_execute    0       24.62MB  2021-05-30 13:03:42  2013年12月N1.mp3                        

2021-06-21 14:23:52,163 - backend.py[line:105] - DEBUG: subprocess_execute    1       24.23MB  2021-05-30 13:03:42  2013年7月N1.mp3                         

2021-06-21 14:23:52,164 - backend.py[line:105] - DEBUG: subprocess_execute    2       24.77MB  2021-05-30 13:03:42  2014年12月N1.mp3                        

2021-06-21 14:23:52,166 - backend.py[line:105] - DEBUG: subprocess_execute    3       25.30MB  2021-05-30 13:03:43  2014年7月N1.mp3                         

2021-06-21 14:23:52,167 - backend.py[line:105] - DEBUG: subprocess_execute    4       25.44MB  2021-05-30 13:03:42  2015年12月N1.mp3                        

2021-06-21 14:23:52,168 - backend.py[line:105] - DEBUG: subprocess_execute    5       26.52MB  2021-05-30 13:03:42  2015年7月N1.mp3                         

2021-06-21 14:23:52,169 - backend.py[line:105] - DEBUG: subprocess_execute    6       26.21MB  2021-05-30 13:03:42  2016年12月N1.mp3                        

2021-06-21 14:23:52,170 - backend.py[line:105] - DEBUG: subprocess_execute    7       26.44MB  2021-05-30 13:03:42  2016年7月N1.mp3                         

2021-06-21 14:23:52,171 - backend.py[line:105] - DEBUG: subprocess_execute    8       25.94MB  2021-05-30 13:03:42  2017年12月N1.mp3                        

2021-06-21 14:23:52,172 - backend.py[line:105] - DEBUG: subprocess_execute    9       23.53MB  2021-05-30 13:03:43  2017年7月N1.mp3                         

2021-06-21 14:23:52,173 - backend.py[line:105] - DEBUG: subprocess_execute   10       24.63MB  2021-05-30 13:03:42  2018年12月N1音频.mp3                    

2021-06-21 14:23:52,174 - backend.py[line:105] - DEBUG: subprocess_execute   11       23.60MB  2021-05-30 13:03:42  2018年7月N1.mp3                         

2021-06-21 14:23:52,175 - backend.py[line:105] - DEBUG: subprocess_execute   12      275.14KB  2021-05-30 13:03:42  【树先生日语N1】备考答疑群和公众号.jpg  

2021-06-21 14:23:52,176 - backend.py[line:105] - DEBUG: subprocess_execute       总: 301.50MB                       文件总数: 13, 目录总数: 0               

2021-06-21 14:23:52,177 - backend.py[line:105] - DEBUG: subprocess_execute ----

2021-06-21 14:23:52,178 - BaiUI.py[line:305] - DEBUG: call processCallback
2021-06-21 14:23:52,179 - BaiUI.py[line:306] - DEBUG: getAllFiles
2021-06-21 14:23:52,179 - BaiUI.py[line:307] - DEBUG: [['0', '24.62MB', '2021-05-30', '13:03:42', '2013年12月N1.mp3'], ['1', '24.23MB', '2021-05-30', '13:03:42', '2013年7月N1.mp3'], ['2', '24.77MB', '2021-05-30', '13:03:42', '2014年12月N1.mp3'], ['3', '25.30MB', '2021-05-30', '13:03:43', '2014年7月N1.mp3'], ['4', '25.44MB', '2021-05-30', '13:03:42', '2015年12月N1.mp3'], ['5', '26.52MB', '2021-05-30', '13:03:42', '2015年7月N1.mp3'], ['6', '26.21MB', '2021-05-30', '13:03:42', '2016年12月N1.mp3'], ['7', '26.44MB', '2021-05-30', '13:03:42', '2016年7月N1.mp3'], ['8', '25.94MB', '2021-05-30', '13:03:42', '2017年12月N1.mp3'], ['9', '23.53MB', '2021-05-30', '13:03:43', '2017年7月N1.mp3'], ['10', '24.63MB', '2021-05-30', '13:03:42', '2018年12月N1音频.mp3'], ['11', '23.60MB', '2021-05-30', '13:03:42', '2018年7月N1.mp3'], ['12', '275.14KB', '2021-05-30', '13:03:42', '【树先生日语N1】备考答疑群和公众号.jpg']]
2021-06-21 14:23:52,185 - BaiUI.py[line:109] - DEBUG: [['0', '24.62MB', '2021-05-30', '13:03:42', '2013年12月N1.mp3'], ['1', '24.23MB', '2021-05-30', '13:03:42', '2013年7月N1.mp3'], ['2', '24.77MB', '2021-05-30', '13:03:42', '2014年12月N1.mp3'], ['3', '25.30MB', '2021-05-30', '13:03:43', '2014年7月N1.mp3'], ['4', '25.44MB', '2021-05-30', '13:03:42', '2015年12月N1.mp3'], ['5', '26.52MB', '2021-05-30', '13:03:42', '2015年7月N1.mp3'], ['6', '26.21MB', '2021-05-30', '13:03:42', '2016年12月N1.mp3'], ['7', '26.44MB', '2021-05-30', '13:03:42', '2016年7月N1.mp3'], ['8', '25.94MB', '2021-05-30', '13:03:42', '2017年12月N1.mp3'], ['9', '23.53MB', '2021-05-30', '13:03:43', '2017年7月N1.mp3'], ['10', '24.63MB', '2021-05-30', '13:03:42', '2018年12月N1音频.mp3'], ['11', '23.60MB', '2021-05-30', '13:03:42', '2018年7月N1.mp3'], ['12', '275.14KB', '2021-05-30', '13:03:42', '【树先生日语N1】备考答疑群和公众号.jpg']]
2021-06-21 14:23:52,187 - backend.py[line:182] - DEBUG: end Thread
2021-06-21 14:23:54,294 - BaiUI.py[line:333] - DEBUG: ['5', '26.52MB', '2021-05-30', '13:03:42', '2015年7月N1.mp3']
2021-06-21 14:23:54,295 - BaiUI.py[line:343] - DEBUG: 
2021-06-21 14:23:54,296 - BaiUI.py[line:347] - DEBUG: start download 2015年7月N1.mp3
2021-06-21 14:23:54,297 - backend.py[line:177] - DEBUG: start Thread: downloadFiles
2021-06-21 14:23:54,299 - backend.py[line:119] - DEBUG: subprocess_execute_realtime ./BaiduPCS-Go d 2015年7月N1.mp3
2021-06-21 14:23:57,305 - BaiUI.py[line:305] - DEBUG: call processCallback
2021-06-21 14:23:57,306 - BaiUI.py[line:306] - DEBUG: downloadFiles
2021-06-21 14:23:57,307 - BaiUI.py[line:307] - DEBUG: ['down_id:0', '\n', '[0] 提示: 当前下载最大并发量为: 8, 下载缓存为: 65536\n']
2021-06-21 14:23:57,308 - BaiUI.py[line:287] - DEBUG: down_id: 0
2021-06-21 14:24:00,311 - BaiUI.py[line:305] - DEBUG: call processCallback
2021-06-21 14:24:00,312 - BaiUI.py[line:306] - DEBUG: downloadFiles
2021-06-21 14:24:00,313 - BaiUI.py[line:307] - DEBUG: ['down_id:0', '\n', '[0] 提示: 当前下载最大并发量为: 8, 下载缓存为: 65536\n', '[1] 加入下载队列: /【树先生日语】2013-2018年N1音频/2015年7月N1.mp3\n', '\n', '[1] ----\n', '  类型              文件                                              \n', '  文件路径          /【树先生日语】2013-2018年N1音频/2015年7月N1.mp3  \n', '  文件名称          2015年7月N1.mp3                                   \n', '  文件大小          27812713, 26.524270MB                             \n', '  md5 (截图请打码)  7f89c53a46dfc93d613dc11cbc805ffa                  \n', '  app_id            250528                                            \n', '  fs_id             1012186118622746                                  \n', '  创建日期          2019-06-24 10:11:50                               \n', '  修改日期          2021-05-30 13:03:42                               \n', '\n', '[1] 准备下载: /【树先生日语】2013-2018年N1音频/2015年7月N1.mp3\n', '[1] 将会下载到路径: /mnt/usb/BaiduDownload/4733703127_linuxeroero/2015年7月N1.mp3\n', '\n']
2021-06-21 14:24:00,315 - BaiUI.py[line:287] - DEBUG: down_id: 0
2021-06-21 14:24:03,318 - BaiUI.py[line:305] - DEBUG: call processCallback
2021-06-21 14:24:03,319 - BaiUI.py[line:306] - DEBUG: downloadFiles
2021-06-21 14:24:03,320 - BaiUI.py[line:307] - DEBUG: ['down_id:0', '\n', '[0] 提示: 当前下载最大并发量为: 8, 下载缓存为: 65536\n', '[1] 加入下载队列: /【树先生日语】2013-2018年N1音频/2015年7月N1.mp3\n', '\n', '[1] ----\n', '  类型              文件                                              \n', '  文件路径          /【树先生日语】2013-2018年N1音频/2015年7月N1.mp3  \n', '  文件名称          2015年7月N1.mp3                                   \n', '  文件大小          27812713, 26.524270MB                             \n', '  md5 (截图请打码)  7f89c53a46dfc93d613dc11cbc805ffa                  \n', '  app_id            250528                                            \n', '  fs_id             1012186118622746                                  \n', '  创建日期          2019-06-24 10:11:50                               \n', '  修改日期          2021-05-30 13:03:42                               \n', '\n', '[1] 准备下载: /【树先生日语】2013-2018年N1音频/2015年7月N1.mp3\n', '[1] 将会下载到路径: /mnt/usb/BaiduDownload/4733703127_linuxeroero/2015年7月N1.mp3\n', '\n', '\r[1] ↓ 832.00KB/26.52MB 1.72MB/s in 1.3s, left 14s ............\r[1] ↓ 3.00MB/26.52MB 1.94MB/s in 2.3s, left 12s ............\r[1] ↓ 5.94MB/26.52MB 3.06MB/s in 3.3s, left 6s ............']
2021-06-21 14:24:03,322 - BaiUI.py[line:287] - DEBUG: down_id: 0
2021-06-21 14:24:06,325 - BaiUI.py[line:305] - DEBUG: call processCallback
2021-06-21 14:24:06,326 - BaiUI.py[line:306] - DEBUG: downloadFiles
2021-06-21 14:24:06,327 - BaiUI.py[line:307] - DEBUG: ['down_id:0', '\n', '[0] 提示: 当前下载最大并发量为: 8, 下载缓存为: 65536\n', '[1] 加入下载队列: /【树先生日语】2013-2018年N1音频/2015年7月N1.mp3\n', '\n', '[1] ----\n', '  类型              文件                                              \n', '  文件路径          /【树先生日语】2013-2018年N1音频/2015年7月N1.mp3  \n', '  文件名称          2015年7月N1.mp3                                   \n', '  文件大小          27812713, 26.524270MB                             \n', '  md5 (截图请打码)  7f89c53a46dfc93d613dc11cbc805ffa                  \n', '  app_id            250528                                            \n', '  fs_id             1012186118622746                                  \n', '  创建日期          2019-06-24 10:11:50                               \n', '  修改日期          2021-05-30 13:03:42                               \n', '\n', '[1] 准备下载: /【树先生日语】2013-2018年N1音频/2015年7月N1.mp3\n', '[1] 将会下载到路径: /mnt/usb/BaiduDownload/4733703127_linuxeroero/2015年7月N1.mp3\n', '\n', '\r[1] ↓ 832.00KB/26.52MB 1.72MB/s in 1.3s, left 14s ............\r[1] ↓ 3.00MB/26.52MB 1.94MB/s in 2.3s, left 12s ............\r[1] ↓ 5.94MB/26.52MB 3.06MB/s in 3.3s, left 6s ............\r[1] ↓ 6.50MB/26.52MB 1.87MB/s in 4.3s, left 10s ............\r[1] ↓ 6.50MB/26.52MB 0B/s in 5.3s, left - ............\r[1] ↓ 6.81MB/26.52MB 162.64KB/s in 6.3s, left 2m4s ............']
2021-06-21 14:24:06,329 - BaiUI.py[line:287] - DEBUG: down_id: 0
2021-06-21 14:24:09,332 - BaiUI.py[line:305] - DEBUG: call processCallback
2021-06-21 14:24:09,333 - BaiUI.py[line:306] - DEBUG: downloadFiles
2021-06-21 14:24:09,333 - BaiUI.py[line:307] - DEBUG: ['down_id:0', '\n', '[0] 提示: 当前下载最大并发量为: 8, 下载缓存为: 65536\n', '[1] 加入下载队列: /【树先生日语】2013-2018年N1音频/2015年7月N1.mp3\n', '\n', '[1] ----\n', '  类型              文件                                              \n', '  文件路径          /【树先生日语】2013-2018年N1音频/2015年7月N1.mp3  \n', '  文件名称          2015年7月N1.mp3                                   \n', '  文件大小          27812713, 26.524270MB                             \n', '  md5 (截图请打码)  7f89c53a46dfc93d613dc11cbc805ffa                  \n', '  app_id            250528                                            \n', '  fs_id             1012186118622746                                  \n', '  创建日期          2019-06-24 10:11:50                               \n', '  修改日期          2021-05-30 13:03:42                               \n', '\n', '[1] 准备下载: /【树先生日语】2013-2018年N1音频/2015年7月N1.mp3\n', '[1] 将会下载到路径: /mnt/usb/BaiduDownload/4733703127_linuxeroero/2015年7月N1.mp3\n', '\n', '\r[1] ↓ 832.00KB/26.52MB 1.72MB/s in 1.3s, left 14s ............\r[1] ↓ 3.00MB/26.52MB 1.94MB/s in 2.3s, left 12s ............\r[1] ↓ 5.94MB/26.52MB 3.06MB/s in 3.3s, left 6s ............\r[1] ↓ 6.50MB/26.52MB 1.87MB/s in 4.3s, left 10s ............\r[1] ↓ 6.50MB/26.52MB 0B/s in 5.3s, left - ............\r[1] ↓ 6.81MB/26.52MB 162.64KB/s in 6.3s, left 2m4s ............\r[1] ↓ 7.81MB/26.52MB 985.58KB/s in 7.3s, left 19s ............\r[1] ↓ 8.19MB/26.52MB 702.55KB/s in 8.3s, left 26s ............\r[1] ↓ 8.50MB/26.52MB 435.91KB/s in 9.3s, left 42s ............']
2021-06-21 14:24:09,336 - BaiUI.py[line:287] - DEBUG: down_id: 0
2021-06-21 14:24:12,339 - BaiUI.py[line:305] - DEBUG: call processCallback
2021-06-21 14:24:12,340 - BaiUI.py[line:306] - DEBUG: downloadFiles
2021-06-21 14:24:12,340 - BaiUI.py[line:307] - DEBUG: ['down_id:0', '\n', '[0] 提示: 当前下载最大并发量为: 8, 下载缓存为: 65536\n', '[1] 加入下载队列: /【树先生日语】2013-2018年N1音频/2015年7月N1.mp3\n', '\n', '[1] ----\n', '  类型              文件                                              \n', '  文件路径          /【树先生日语】2013-2018年N1音频/2015年7月N1.mp3  \n', '  文件名称          2015年7月N1.mp3                                   \n', '  文件大小          27812713, 26.524270MB                             \n', '  md5 (截图请打码)  7f89c53a46dfc93d613dc11cbc805ffa                  \n', '  app_id            250528                                            \n', '  fs_id             1012186118622746                                  \n', '  创建日期          2019-06-24 10:11:50                               \n', '  修改日期          2021-05-30 13:03:42                               \n', '\n', '[1] 准备下载: /【树先生日语】2013-2018年N1音频/2015年7月N1.mp3\n', '[1] 将会下载到路径: /mnt/usb/BaiduDownload/4733703127_linuxeroero/2015年7月N1.mp3\n', '\n', '\r[1] ↓ 832.00KB/26.52MB 1.72MB/s in 1.3s, left 14s ............\r[1] ↓ 3.00MB/26.52MB 1.94MB/s in 2.3s, left 12s ............\r[1] ↓ 5.94MB/26.52MB 3.06MB/s in 3.3s, left 6s ............\r[1] ↓ 6.50MB/26.52MB 1.87MB/s in 4.3s, left 10s ............\r[1] ↓ 6.50MB/26.52MB 0B/s in 5.3s, left - ............\r[1] ↓ 6.81MB/26.52MB 162.64KB/s in 6.3s, left 2m4s ............\r[1] ↓ 7.81MB/26.52MB 985.58KB/s in 7.3s, left 19s ............\r[1] ↓ 8.19MB/26.52MB 702.55KB/s in 8.3s, left 26s ............\r[1] ↓ 8.50MB/26.52MB 435.91KB/s in 9.3s, left 42s ............\r[1] ↓ 8.50MB/26.52MB 218.00KB/s in 10.3s, left 1m24s ............\r[1] ↓ 8.50MB/26.52MB 218.00KB/s in 11.3s, left 1m24s ............\r[1] ↓ 8.50MB/26.52MB 218.00KB/s in 12.3s, left 1m24s ............']
2021-06-21 14:24:12,343 - BaiUI.py[line:287] - DEBUG: down_id: 0
2021-06-21 14:24:15,347 - BaiUI.py[line:305] - DEBUG: call processCallback
2021-06-21 14:24:15,348 - BaiUI.py[line:306] - DEBUG: downloadFiles
2021-06-21 14:24:15,349 - BaiUI.py[line:307] - DEBUG: ['down_id:0', '\n', '[0] 提示: 当前下载最大并发量为: 8, 下载缓存为: 65536\n', '[1] 加入下载队列: /【树先生日语】2013-2018年N1音频/2015年7月N1.mp3\n', '\n', '[1] ----\n', '  类型              文件                                              \n', '  文件路径          /【树先生日语】2013-2018年N1音频/2015年7月N1.mp3  \n', '  文件名称          2015年7月N1.mp3                                   \n', '  文件大小          27812713, 26.524270MB                             \n', '  md5 (截图请打码)  7f89c53a46dfc93d613dc11cbc805ffa                  \n', '  app_id            250528                                            \n', '  fs_id             1012186118622746                                  \n', '  创建日期          2019-06-24 10:11:50                               \n', '  修改日期          2021-05-30 13:03:42                               \n', '\n', '[1] 准备下载: /【树先生日语】2013-2018年N1音频/2015年7月N1.mp3\n', '[1] 将会下载到路径: /mnt/usb/BaiduDownload/4733703127_linuxeroero/2015年7月N1.mp3\n', '\n', '\r[1] ↓ 832.00KB/26.52MB 1.72MB/s in 1.3s, left 14s ............\r[1] ↓ 3.00MB/26.52MB 1.94MB/s in 2.3s, left 12s ............\r[1] ↓ 5.94MB/26.52MB 3.06MB/s in 3.3s, left 6s ............\r[1] ↓ 6.50MB/26.52MB 1.87MB/s in 4.3s, left 10s ............\r[1] ↓ 6.50MB/26.52MB 0B/s in 5.3s, left - ............\r[1] ↓ 6.81MB/26.52MB 162.64KB/s in 6.3s, left 2m4s ............\r[1] ↓ 7.81MB/26.52MB 985.58KB/s in 7.3s, left 19s ............\r[1] ↓ 8.19MB/26.52MB 702.55KB/s in 8.3s, left 26s ............\r[1] ↓ 8.50MB/26.52MB 435.91KB/s in 9.3s, left 42s ............\r[1] ↓ 8.50MB/26.52MB 218.00KB/s in 10.3s, left 1m24s ............\r[1] ↓ 8.50MB/26.52MB 218.00KB/s in 11.3s, left 1m24s ............\r[1] ↓ 8.50MB/26.52MB 218.00KB/s in 12.3s, left 1m24s ............\r[1] ↓ 8.69MB/26.52MB 0B/s in 13.3s, left - ............\n', '[1] 下载文件失败, 403 Forbidden, 重试 1/3\n']
2021-06-21 14:24:15,351 - BaiUI.py[line:287] - DEBUG: down_id: 0
2021-06-21 14:24:17,717 - backend.py[line:91] - DEBUG: None
2021-06-21 14:24:17,718 - BaiUI.py[line:305] - DEBUG: call processCallback
2021-06-21 14:24:17,719 - BaiUI.py[line:306] - DEBUG: downloadFiles
2021-06-21 14:24:17,719 - BaiUI.py[line:307] - DEBUG: None
2021-06-21 14:25:10,903 - BaiUI.py[line:350] - DEBUG: closeEvent
2021-06-21 14:25:10,904 - backend.py[line:60] - DEBUG: closeAllThread
2021-06-21 14:25:10,905 - backend.py[line:66] - ERROR: not exist thread
2021-06-21 14:25:10,906 - backend.py[line:66] - ERROR: not exist thread
2021-06-21 14:25:10,907 - backend.py[line:66] - ERROR: not exist thread
2021-06-21 14:25:10,907 - backend.py[line:66] - ERROR: not exist thread
