2021-06-21 13:45:58,858 - backend.py[line:17] - DEBUG: Hello Linux
2021-06-21 13:45:58,863 - BaiUI.py[line:347] - DEBUG: Program Start
2021-06-21 13:46:00,141 - BaiUI.py[line:109] - DEBUG: []
2021-06-21 13:46:00,157 - backend.py[line:177] - DEBUG: start Thread: getAllFiles
2021-06-21 13:46:00,174 - backend.py[line:177] - DEBUG: start Thread: getCurrentDir
2021-06-21 13:46:00,408 - backend.py[line:103] - DEBUG: ./BaiduPCS-Go pwd
2021-06-21 13:46:00,409 - backend.py[line:105] - DEBUG: subprocess_execute /【树先生日语】2013-2018年N1音频

2021-06-21 13:46:00,411 - BaiUI.py[line:298] - DEBUG: call processCallback
2021-06-21 13:46:00,412 - BaiUI.py[line:299] - DEBUG: getCurrentDir
2021-06-21 13:46:00,413 - BaiUI.py[line:300] - DEBUG: /【树先生日语】2013-2018年N1音频
2021-06-21 13:46:00,414 - backend.py[line:182] - DEBUG: end Thread
2021-06-21 13:46:00,872 - backend.py[line:103] - DEBUG: ./BaiduPCS-Go ls
2021-06-21 13:46:00,873 - backend.py[line:105] - DEBUG: subprocess_execute 

2021-06-21 13:46:00,874 - backend.py[line:105] - DEBUG: subprocess_execute 当前目录: /【树先生日语】2013-2018年N1音频

2021-06-21 13:46:00,875 - backend.py[line:105] - DEBUG: subprocess_execute ----

2021-06-21 13:46:00,876 - backend.py[line:105] - DEBUG: subprocess_execute   #     文件大小         修改日期                      文件(目录)                

2021-06-21 13:46:00,877 - backend.py[line:105] - DEBUG: subprocess_execute    0       24.62MB  2021-05-30 13:03:42  2013年12月N1.mp3                        

2021-06-21 13:46:00,877 - backend.py[line:105] - DEBUG: subprocess_execute    1       24.23MB  2021-05-30 13:03:42  2013年7月N1.mp3                         

2021-06-21 13:46:00,878 - backend.py[line:105] - DEBUG: subprocess_execute    2       24.77MB  2021-05-30 13:03:42  2014年12月N1.mp3                        

2021-06-21 13:46:00,879 - backend.py[line:105] - DEBUG: subprocess_execute    3       25.30MB  2021-05-30 13:03:43  2014年7月N1.mp3                         

2021-06-21 13:46:00,879 - backend.py[line:105] - DEBUG: subprocess_execute    4       25.44MB  2021-05-30 13:03:42  2015年12月N1.mp3                        

2021-06-21 13:46:00,880 - backend.py[line:105] - DEBUG: subprocess_execute    5       26.52MB  2021-05-30 13:03:42  2015年7月N1.mp3                         

2021-06-21 13:46:00,881 - backend.py[line:105] - DEBUG: subprocess_execute    6       26.21MB  2021-05-30 13:03:42  2016年12月N1.mp3                        

2021-06-21 13:46:00,881 - backend.py[line:105] - DEBUG: subprocess_execute    7       26.44MB  2021-05-30 13:03:42  2016年7月N1.mp3                         

2021-06-21 13:46:00,882 - backend.py[line:105] - DEBUG: subprocess_execute    8       25.94MB  2021-05-30 13:03:42  2017年12月N1.mp3                        

2021-06-21 13:46:00,883 - backend.py[line:105] - DEBUG: subprocess_execute    9       23.53MB  2021-05-30 13:03:43  2017年7月N1.mp3                         

2021-06-21 13:46:00,884 - backend.py[line:105] - DEBUG: subprocess_execute   10       24.63MB  2021-05-30 13:03:42  2018年12月N1音频.mp3                    

2021-06-21 13:46:00,884 - backend.py[line:105] - DEBUG: subprocess_execute   11       23.60MB  2021-05-30 13:03:42  2018年7月N1.mp3                         

2021-06-21 13:46:00,885 - backend.py[line:105] - DEBUG: subprocess_execute   12      275.14KB  2021-05-30 13:03:42  【树先生日语N1】备考答疑群和公众号.jpg  

2021-06-21 13:46:00,886 - backend.py[line:105] - DEBUG: subprocess_execute       总: 301.50MB                       文件总数: 13, 目录总数: 0               

2021-06-21 13:46:00,887 - backend.py[line:105] - DEBUG: subprocess_execute ----

2021-06-21 13:46:00,888 - BaiUI.py[line:298] - DEBUG: call processCallback
2021-06-21 13:46:00,889 - BaiUI.py[line:299] - DEBUG: getAllFiles
2021-06-21 13:46:00,890 - BaiUI.py[line:300] - DEBUG: [['0', '24.62MB', '2021-05-30', '13:03:42', '2013年12月N1.mp3'], ['1', '24.23MB', '2021-05-30', '13:03:42', '2013年7月N1.mp3'], ['2', '24.77MB', '2021-05-30', '13:03:42', '2014年12月N1.mp3'], ['3', '25.30MB', '2021-05-30', '13:03:43', '2014年7月N1.mp3'], ['4', '25.44MB', '2021-05-30', '13:03:42', '2015年12月N1.mp3'], ['5', '26.52MB', '2021-05-30', '13:03:42', '2015年7月N1.mp3'], ['6', '26.21MB', '2021-05-30', '13:03:42', '2016年12月N1.mp3'], ['7', '26.44MB', '2021-05-30', '13:03:42', '2016年7月N1.mp3'], ['8', '25.94MB', '2021-05-30', '13:03:42', '2017年12月N1.mp3'], ['9', '23.53MB', '2021-05-30', '13:03:43', '2017年7月N1.mp3'], ['10', '24.63MB', '2021-05-30', '13:03:42', '2018年12月N1音频.mp3'], ['11', '23.60MB', '2021-05-30', '13:03:42', '2018年7月N1.mp3'], ['12', '275.14KB', '2021-05-30', '13:03:42', '【树先生日语N1】备考答疑群和公众号.jpg']]
2021-06-21 13:46:00,892 - backend.py[line:182] - DEBUG: end Thread
2021-06-21 13:46:00,895 - BaiUI.py[line:109] - DEBUG: [['0', '24.62MB', '2021-05-30', '13:03:42', '2013年12月N1.mp3'], ['1', '24.23MB', '2021-05-30', '13:03:42', '2013年7月N1.mp3'], ['2', '24.77MB', '2021-05-30', '13:03:42', '2014年12月N1.mp3'], ['3', '25.30MB', '2021-05-30', '13:03:43', '2014年7月N1.mp3'], ['4', '25.44MB', '2021-05-30', '13:03:42', '2015年12月N1.mp3'], ['5', '26.52MB', '2021-05-30', '13:03:42', '2015年7月N1.mp3'], ['6', '26.21MB', '2021-05-30', '13:03:42', '2016年12月N1.mp3'], ['7', '26.44MB', '2021-05-30', '13:03:42', '2016年7月N1.mp3'], ['8', '25.94MB', '2021-05-30', '13:03:42', '2017年12月N1.mp3'], ['9', '23.53MB', '2021-05-30', '13:03:43', '2017年7月N1.mp3'], ['10', '24.63MB', '2021-05-30', '13:03:42', '2018年12月N1音频.mp3'], ['11', '23.60MB', '2021-05-30', '13:03:42', '2018年7月N1.mp3'], ['12', '275.14KB', '2021-05-30', '13:03:42', '【树先生日语N1】备考答疑群和公众号.jpg']]
2021-06-21 13:46:04,393 - BaiUI.py[line:326] - DEBUG: ['10', '24.63MB', '2021-05-30', '13:03:42', '2018年12月N1音频.mp3']
2021-06-21 13:46:04,395 - BaiUI.py[line:336] - DEBUG: 
2021-06-21 13:46:04,396 - BaiUI.py[line:340] - DEBUG: start download 2018年12月N1音频.mp3
2021-06-21 13:46:04,409 - backend.py[line:177] - DEBUG: start Thread: downloadFiles
2021-06-21 13:46:04,411 - backend.py[line:119] - DEBUG: subprocess_execute_realtime ./BaiduPCS-Go d 2018年12月N1音频.mp3
2021-06-21 13:46:07,419 - BaiUI.py[line:298] - DEBUG: call processCallback
2021-06-21 13:46:07,420 - BaiUI.py[line:299] - DEBUG: downloadFiles
2021-06-21 13:46:07,421 - BaiUI.py[line:300] - DEBUG: ['down_id:0', '\n', '[0] 提示: 当前下载最大并发量为: 8, 下载缓存为: 65536\n', '[1] 加入下载队列: /【树先生日语】2013-2018年N1音频/2018年12月N1音频.mp3\n', '\n', '[1] ----\n', '  类型              文件                                                   \n', '  文件路径          /【树先生日语】2013-2018年N1音频/2018年12月N1音频.mp3  \n', '  文件名称          2018年12月N1音频.mp3                                   \n', '  文件大小          25828595, 24.632068MB                                  \n', '  md5 (截图请打码)  e8f0e1cb9b11e8048e6f4389069a141f                       \n', '  app_id            250528                                                 \n', '  fs_id             124642340433284                                        \n', '  创建日期          2019-06-24 10:12:35                                    \n', '  修改日期          2021-05-30 13:03:42                                    \n', '\n', '[1] 准备下载: /【树先生日语】2013-2018年N1音频/2018年12月N1音频.mp3\n', '[1] 将会下载到路径: /mnt/usb/BaiduDownload/4733703127_linuxeroero/2018年12月N1音频.mp3\n', '\n']
2021-06-21 13:46:07,423 - BaiUI.py[line:281] - DEBUG: down_id: 0
2021-06-21 13:46:10,431 - BaiUI.py[line:298] - DEBUG: call processCallback
2021-06-21 13:46:10,432 - BaiUI.py[line:299] - DEBUG: downloadFiles
2021-06-21 13:46:10,433 - BaiUI.py[line:300] - DEBUG: ['down_id:0', '\n', '[0] 提示: 当前下载最大并发量为: 8, 下载缓存为: 65536\n', '[1] 加入下载队列: /【树先生日语】2013-2018年N1音频/2018年12月N1音频.mp3\n', '\n', '[1] ----\n', '  类型              文件                                                   \n', '  文件路径          /【树先生日语】2013-2018年N1音频/2018年12月N1音频.mp3  \n', '  文件名称          2018年12月N1音频.mp3                                   \n', '  文件大小          25828595, 24.632068MB                                  \n', '  md5 (截图请打码)  e8f0e1cb9b11e8048e6f4389069a141f                       \n', '  app_id            250528                                                 \n', '  fs_id             124642340433284                                        \n', '  创建日期          2019-06-24 10:12:35                                    \n', '  修改日期          2021-05-30 13:03:42                                    \n', '\n', '[1] 准备下载: /【树先生日语】2013-2018年N1音频/2018年12月N1音频.mp3\n', '[1] 将会下载到路径: /mnt/usb/BaiduDownload/4733703127_linuxeroero/2018年12月N1音频.mp3\n', '\n', '\r[1] ↓ 384.00KB/24.63MB 647.02KB/s in 1.32s, left 38s ............\r[1] ↓ 1.06MB/24.63MB 690.61KB/s in 2.32s, left 34s ............\r[1] ↓ 1.06MB/24.63MB 0B/s in 3.32s, left - ............']
2021-06-21 13:46:10,436 - BaiUI.py[line:281] - DEBUG: down_id: 0
