2021-06-21 15:33:52,970 - backend.py[line:17] - DEBUG: Hello Linux
2021-06-21 15:33:52,975 - BaiUI.py[line:356] - DEBUG: Program Start
2021-06-21 15:33:54,226 - BaiUI.py[line:109] - DEBUG: []
2021-06-21 15:33:54,242 - backend.py[line:177] - DEBUG: start Thread: getAllFiles
2021-06-21 15:33:54,244 - backend.py[line:177] - DEBUG: start Thread: getCurrentDir
2021-06-21 15:33:54,400 - backend.py[line:103] - DEBUG: ./BaiduPCS-Go pwd
2021-06-21 15:33:54,402 - backend.py[line:105] - DEBUG: subprocess_execute /【树先生日语】2013-2018年N1音频

2021-06-21 15:33:54,404 - BaiUI.py[line:307] - DEBUG: call processCallback
2021-06-21 15:33:54,406 - BaiUI.py[line:308] - DEBUG: getCurrentDir
2021-06-21 15:33:54,407 - BaiUI.py[line:309] - DEBUG: /【树先生日语】2013-2018年N1音频
2021-06-21 15:33:54,409 - backend.py[line:182] - DEBUG: end Thread
2021-06-21 15:33:54,917 - backend.py[line:103] - DEBUG: ./BaiduPCS-Go ls
2021-06-21 15:33:54,919 - backend.py[line:105] - DEBUG: subprocess_execute 

2021-06-21 15:33:54,920 - backend.py[line:105] - DEBUG: subprocess_execute 当前目录: /【树先生日语】2013-2018年N1音频

2021-06-21 15:33:54,921 - backend.py[line:105] - DEBUG: subprocess_execute ----

2021-06-21 15:33:54,921 - backend.py[line:105] - DEBUG: subprocess_execute   #     文件大小         修改日期                      文件(目录)                

2021-06-21 15:33:54,922 - backend.py[line:105] - DEBUG: subprocess_execute    0       24.62MB  2021-05-30 13:03:42  2013年12月N1.mp3                        

2021-06-21 15:33:54,923 - backend.py[line:105] - DEBUG: subprocess_execute    1       24.23MB  2021-05-30 13:03:42  2013年7月N1.mp3                         

2021-06-21 15:33:54,924 - backend.py[line:105] - DEBUG: subprocess_execute    2       24.77MB  2021-05-30 13:03:42  2014年12月N1.mp3                        

2021-06-21 15:33:54,925 - backend.py[line:105] - DEBUG: subprocess_execute    3       25.30MB  2021-05-30 13:03:43  2014年7月N1.mp3                         

2021-06-21 15:33:54,926 - backend.py[line:105] - DEBUG: subprocess_execute    4       25.44MB  2021-05-30 13:03:42  2015年12月N1.mp3                        

2021-06-21 15:33:54,927 - backend.py[line:105] - DEBUG: subprocess_execute    5       26.52MB  2021-05-30 13:03:42  2015年7月N1.mp3                         

2021-06-21 15:33:54,928 - backend.py[line:105] - DEBUG: subprocess_execute    6       26.21MB  2021-05-30 13:03:42  2016年12月N1.mp3                        

2021-06-21 15:33:54,929 - backend.py[line:105] - DEBUG: subprocess_execute    7       26.44MB  2021-05-30 13:03:42  2016年7月N1.mp3                         

2021-06-21 15:33:54,929 - backend.py[line:105] - DEBUG: subprocess_execute    8       25.94MB  2021-05-30 13:03:42  2017年12月N1.mp3                        

2021-06-21 15:33:54,930 - backend.py[line:105] - DEBUG: subprocess_execute    9       23.53MB  2021-05-30 13:03:43  2017年7月N1.mp3                         

2021-06-21 15:33:54,931 - backend.py[line:105] - DEBUG: subprocess_execute   10       24.63MB  2021-05-30 13:03:42  2018年12月N1音频.mp3                    

2021-06-21 15:33:54,932 - backend.py[line:105] - DEBUG: subprocess_execute   11       23.60MB  2021-05-30 13:03:42  2018年7月N1.mp3                         

2021-06-21 15:33:54,933 - backend.py[line:105] - DEBUG: subprocess_execute   12      275.14KB  2021-05-30 13:03:42  【树先生日语N1】备考答疑群和公众号.jpg  

2021-06-21 15:33:54,934 - backend.py[line:105] - DEBUG: subprocess_execute       总: 301.50MB                       文件总数: 13, 目录总数: 0               

2021-06-21 15:33:54,935 - backend.py[line:105] - DEBUG: subprocess_execute ----

2021-06-21 15:33:54,937 - BaiUI.py[line:307] - DEBUG: call processCallback
2021-06-21 15:33:54,938 - BaiUI.py[line:308] - DEBUG: getAllFiles
2021-06-21 15:33:54,939 - BaiUI.py[line:309] - DEBUG: [['0', '24.62MB', '2021-05-30', '13:03:42', '2013年12月N1.mp3'], ['1', '24.23MB', '2021-05-30', '13:03:42', '2013年7月N1.mp3'], ['2', '24.77MB', '2021-05-30', '13:03:42', '2014年12月N1.mp3'], ['3', '25.30MB', '2021-05-30', '13:03:43', '2014年7月N1.mp3'], ['4', '25.44MB', '2021-05-30', '13:03:42', '2015年12月N1.mp3'], ['5', '26.52MB', '2021-05-30', '13:03:42', '2015年7月N1.mp3'], ['6', '26.21MB', '2021-05-30', '13:03:42', '2016年12月N1.mp3'], ['7', '26.44MB', '2021-05-30', '13:03:42', '2016年7月N1.mp3'], ['8', '25.94MB', '2021-05-30', '13:03:42', '2017年12月N1.mp3'], ['9', '23.53MB', '2021-05-30', '13:03:43', '2017年7月N1.mp3'], ['10', '24.63MB', '2021-05-30', '13:03:42', '2018年12月N1音频.mp3'], ['11', '23.60MB', '2021-05-30', '13:03:42', '2018年7月N1.mp3'], ['12', '275.14KB', '2021-05-30', '13:03:42', '【树先生日语N1】备考答疑群和公众号.jpg']]
2021-06-21 15:33:54,943 - backend.py[line:182] - DEBUG: end Thread
2021-06-21 15:33:54,946 - BaiUI.py[line:109] - DEBUG: [['0', '24.62MB', '2021-05-30', '13:03:42', '2013年12月N1.mp3'], ['1', '24.23MB', '2021-05-30', '13:03:42', '2013年7月N1.mp3'], ['2', '24.77MB', '2021-05-30', '13:03:42', '2014年12月N1.mp3'], ['3', '25.30MB', '2021-05-30', '13:03:43', '2014年7月N1.mp3'], ['4', '25.44MB', '2021-05-30', '13:03:42', '2015年12月N1.mp3'], ['5', '26.52MB', '2021-05-30', '13:03:42', '2015年7月N1.mp3'], ['6', '26.21MB', '2021-05-30', '13:03:42', '2016年12月N1.mp3'], ['7', '26.44MB', '2021-05-30', '13:03:42', '2016年7月N1.mp3'], ['8', '25.94MB', '2021-05-30', '13:03:42', '2017年12月N1.mp3'], ['9', '23.53MB', '2021-05-30', '13:03:43', '2017年7月N1.mp3'], ['10', '24.63MB', '2021-05-30', '13:03:42', '2018年12月N1音频.mp3'], ['11', '23.60MB', '2021-05-30', '13:03:42', '2018年7月N1.mp3'], ['12', '275.14KB', '2021-05-30', '13:03:42', '【树先生日语N1】备考答疑群和公众号.jpg']]
2021-06-21 15:34:04,771 - BaiUI.py[line:335] - DEBUG: ['4', '25.44MB', '2021-05-30', '13:03:42', '2015年12月N1.mp3']
2021-06-21 15:34:04,772 - BaiUI.py[line:345] - DEBUG: 
2021-06-21 15:34:04,772 - BaiUI.py[line:349] - DEBUG: start download 2015年12月N1.mp3
2021-06-21 15:34:04,774 - backend.py[line:177] - DEBUG: start Thread: downloadFiles
2021-06-21 15:34:04,775 - backend.py[line:119] - DEBUG: subprocess_execute_realtime ./BaiduPCS-Go d 2015年12月N1.mp3
2021-06-21 15:34:07,781 - BaiUI.py[line:307] - DEBUG: call processCallback
2021-06-21 15:34:07,782 - BaiUI.py[line:308] - DEBUG: downloadFiles
2021-06-21 15:34:07,783 - BaiUI.py[line:309] - DEBUG: ['down_id:0', '\n', '[0] 提示: 当前下载最大并发量为: 8, 下载缓存为: 65536\n', '[1] 加入下载队列: /【树先生日语】2013-2018年N1音频/2015年12月N1.mp3\n', '\n', '[1] ----\n', '  类型              文件                                               \n', '  文件路径          /【树先生日语】2013-2018年N1音频/2015年12月N1.mp3  \n', '  文件名称          2015年12月N1.mp3                                   \n', '  文件大小          26677129, 25.441293MB                              \n', '  md5 (截图请打码)  fb825b86d085aad76ca5bf08bfa4eec3                   \n', '  app_id            250528                                             \n', '  fs_id             924171188847722                                    \n', '  创建日期          2019-06-24 10:11:56                                \n', '  修改日期          2021-05-30 13:03:42                                \n', '\n', '[1] 准备下载: /【树先生日语】2013-2018年N1音频/2015年12月N1.mp3\n', '[1] 将会下载到路径: /mnt/usb/BaiduDownload/4733703127_linuxeroero/2015年12月N1.mp3\n', '\n', '\n', '[1] 下载文件失败, 403 Forbidden, 重试 1/3\n']
2021-06-21 15:34:07,785 - BaiUI.py[line:289] - DEBUG: down_id: 0
2021-06-21 15:34:10,789 - BaiUI.py[line:307] - DEBUG: call processCallback
2021-06-21 15:34:10,790 - BaiUI.py[line:308] - DEBUG: downloadFiles
2021-06-21 15:34:10,790 - BaiUI.py[line:309] - DEBUG: ['down_id:0', '\n', '[0] 提示: 当前下载最大并发量为: 8, 下载缓存为: 65536\n', '[1] 加入下载队列: /【树先生日语】2013-2018年N1音频/2015年12月N1.mp3\n', '\n', '[1] ----\n', '  类型              文件                                               \n', '  文件路径          /【树先生日语】2013-2018年N1音频/2015年12月N1.mp3  \n', '  文件名称          2015年12月N1.mp3                                   \n', '  文件大小          26677129, 25.441293MB                              \n', '  md5 (截图请打码)  fb825b86d085aad76ca5bf08bfa4eec3                   \n', '  app_id            250528                                             \n', '  fs_id             924171188847722                                    \n', '  创建日期          2019-06-24 10:11:56                                \n', '  修改日期          2021-05-30 13:03:42                                \n', '\n', '[1] 准备下载: /【树先生日语】2013-2018年N1音频/2015年12月N1.mp3\n', '[1] 将会下载到路径: /mnt/usb/BaiduDownload/4733703127_linuxeroero/2015年12月N1.mp3\n', '\n', '\n', '[1] 下载文件失败, 403 Forbidden, 重试 1/3\n', '\n', '[1] ----\n', '  类型              文件                                               \n', '  文件路径          /【树先生日语】2013-2018年N1音频/2015年12月N1.mp3  \n', '  文件名称          2015年12月N1.mp3                                   \n', '  文件大小          26677129, 25.441293MB                              \n', '  md5 (截图请打码)  fb825b86d085aad76ca5bf08bfa4eec3                   \n', '  app_id            250528                                             \n', '  fs_id             924171188847722                                    \n', '  创建日期          2019-06-24 10:11:56                                \n', '  修改日期          2021-05-30 13:03:42                                \n', '\n', '[1] 准备下载: /【树先生日语】2013-2018年N1音频/2015年12月N1.mp3\n', '[1] 将会下载到路径: /mnt/usb/BaiduDownload/4733703127_linuxeroero/2015年12月N1.mp3\n', '\n']
2021-06-21 15:34:10,793 - BaiUI.py[line:289] - DEBUG: down_id: 0
2021-06-21 15:34:13,796 - BaiUI.py[line:307] - DEBUG: call processCallback
2021-06-21 15:34:13,797 - BaiUI.py[line:308] - DEBUG: downloadFiles
2021-06-21 15:34:13,797 - BaiUI.py[line:309] - DEBUG: ['down_id:0', '\n', '[0] 提示: 当前下载最大并发量为: 8, 下载缓存为: 65536\n', '[1] 加入下载队列: /【树先生日语】2013-2018年N1音频/2015年12月N1.mp3\n', '\n', '[1] ----\n', '  类型              文件                                               \n', '  文件路径          /【树先生日语】2013-2018年N1音频/2015年12月N1.mp3  \n', '  文件名称          2015年12月N1.mp3                                   \n', '  文件大小          26677129, 25.441293MB                              \n', '  md5 (截图请打码)  fb825b86d085aad76ca5bf08bfa4eec3                   \n', '  app_id            250528                                             \n', '  fs_id             924171188847722                                    \n', '  创建日期          2019-06-24 10:11:56                                \n', '  修改日期          2021-05-30 13:03:42                                \n', '\n', '[1] 准备下载: /【树先生日语】2013-2018年N1音频/2015年12月N1.mp3\n', '[1] 将会下载到路径: /mnt/usb/BaiduDownload/4733703127_linuxeroero/2015年12月N1.mp3\n', '\n', '\n', '[1] 下载文件失败, 403 Forbidden, 重试 1/3\n', '\n', '[1] ----\n', '  类型              文件                                               \n', '  文件路径          /【树先生日语】2013-2018年N1音频/2015年12月N1.mp3  \n', '  文件名称          2015年12月N1.mp3                                   \n', '  文件大小          26677129, 25.441293MB                              \n', '  md5 (截图请打码)  fb825b86d085aad76ca5bf08bfa4eec3                   \n', '  app_id            250528                                             \n', '  fs_id             924171188847722                                    \n', '  创建日期          2019-06-24 10:11:56                                \n', '  修改日期          2021-05-30 13:03:42                                \n', '\n', '[1] 准备下载: /【树先生日语】2013-2018年N1音频/2015年12月N1.mp3\n', '[1] 将会下载到路径: /mnt/usb/BaiduDownload/4733703127_linuxeroero/2015年12月N1.mp3\n', '\n', '\r[1] ↓ 704.00KB/25.44MB 459.60KB/s in 1s, left 55s ............\n', '[1] 下载文件失败, 403 Forbidden, 重试 2/3\n']
2021-06-21 15:34:13,800 - BaiUI.py[line:289] - DEBUG: down_id: 0
2021-06-21 15:34:16,803 - BaiUI.py[line:307] - DEBUG: call processCallback
2021-06-21 15:34:16,805 - BaiUI.py[line:308] - DEBUG: downloadFiles
2021-06-21 15:34:16,805 - BaiUI.py[line:309] - DEBUG: ['down_id:0', '\n', '[0] 提示: 当前下载最大并发量为: 8, 下载缓存为: 65536\n', '[1] 加入下载队列: /【树先生日语】2013-2018年N1音频/2015年12月N1.mp3\n', '\n', '[1] ----\n', '  类型              文件                                               \n', '  文件路径          /【树先生日语】2013-2018年N1音频/2015年12月N1.mp3  \n', '  文件名称          2015年12月N1.mp3                                   \n', '  文件大小          26677129, 25.441293MB                              \n', '  md5 (截图请打码)  fb825b86d085aad76ca5bf08bfa4eec3                   \n', '  app_id            250528                                             \n', '  fs_id             924171188847722                                    \n', '  创建日期          2019-06-24 10:11:56                                \n', '  修改日期          2021-05-30 13:03:42                                \n', '\n', '[1] 准备下载: /【树先生日语】2013-2018年N1音频/2015年12月N1.mp3\n', '[1] 将会下载到路径: /mnt/usb/BaiduDownload/4733703127_linuxeroero/2015年12月N1.mp3\n', '\n', '\n', '[1] 下载文件失败, 403 Forbidden, 重试 1/3\n', '\n', '[1] ----\n', '  类型              文件                                               \n', '  文件路径          /【树先生日语】2013-2018年N1音频/2015年12月N1.mp3  \n', '  文件名称          2015年12月N1.mp3                                   \n', '  文件大小          26677129, 25.441293MB                              \n', '  md5 (截图请打码)  fb825b86d085aad76ca5bf08bfa4eec3                   \n', '  app_id            250528                                             \n', '  fs_id             924171188847722                                    \n', '  创建日期          2019-06-24 10:11:56                                \n', '  修改日期          2021-05-30 13:03:42                                \n', '\n', '[1] 准备下载: /【树先生日语】2013-2018年N1音频/2015年12月N1.mp3\n', '[1] 将会下载到路径: /mnt/usb/BaiduDownload/4733703127_linuxeroero/2015年12月N1.mp3\n', '\n', '\r[1] ↓ 704.00KB/25.44MB 459.60KB/s in 1s, left 55s ............\n', '[1] 下载文件失败, 403 Forbidden, 重试 2/3\n', '\n', '[1] ----\n', '  类型              文件                                               \n', '  文件路径          /【树先生日语】2013-2018年N1音频/2015年12月N1.mp3  \n', '  文件名称          2015年12月N1.mp3                                   \n', '  文件大小          26677129, 25.441293MB                              \n', '  md5 (截图请打码)  fb825b86d085aad76ca5bf08bfa4eec3                   \n', '  app_id            250528                                             \n', '  fs_id             924171188847722                                    \n', '  创建日期          2019-06-24 10:11:56                                \n', '  修改日期          2021-05-30 13:03:42                                \n', '\n', '[1] 准备下载: /【树先生日语】2013-2018年N1音频/2015年12月N1.mp3\n', '[1] 将会下载到路径: /mnt/usb/BaiduDownload/4733703127_linuxeroero/2015年12月N1.mp3\n', '\n']
2021-06-21 15:34:16,809 - BaiUI.py[line:289] - DEBUG: down_id: 0
2021-06-21 15:34:19,812 - BaiUI.py[line:307] - DEBUG: call processCallback
2021-06-21 15:34:19,813 - BaiUI.py[line:308] - DEBUG: downloadFiles
2021-06-21 15:34:19,814 - BaiUI.py[line:309] - DEBUG: ['down_id:0', '\n', '[0] 提示: 当前下载最大并发量为: 8, 下载缓存为: 65536\n', '[1] 加入下载队列: /【树先生日语】2013-2018年N1音频/2015年12月N1.mp3\n', '\n', '[1] ----\n', '  类型              文件                                               \n', '  文件路径          /【树先生日语】2013-2018年N1音频/2015年12月N1.mp3  \n', '  文件名称          2015年12月N1.mp3                                   \n', '  文件大小          26677129, 25.441293MB                              \n', '  md5 (截图请打码)  fb825b86d085aad76ca5bf08bfa4eec3                   \n', '  app_id            250528                                             \n', '  fs_id             924171188847722                                    \n', '  创建日期          2019-06-24 10:11:56                                \n', '  修改日期          2021-05-30 13:03:42                                \n', '\n', '[1] 准备下载: /【树先生日语】2013-2018年N1音频/2015年12月N1.mp3\n', '[1] 将会下载到路径: /mnt/usb/BaiduDownload/4733703127_linuxeroero/2015年12月N1.mp3\n', '\n', '\n', '[1] 下载文件失败, 403 Forbidden, 重试 1/3\n', '\n', '[1] ----\n', '  类型              文件                                               \n', '  文件路径          /【树先生日语】2013-2018年N1音频/2015年12月N1.mp3  \n', '  文件名称          2015年12月N1.mp3                                   \n', '  文件大小          26677129, 25.441293MB                              \n', '  md5 (截图请打码)  fb825b86d085aad76ca5bf08bfa4eec3                   \n', '  app_id            250528                                             \n', '  fs_id             924171188847722                                    \n', '  创建日期          2019-06-24 10:11:56                                \n', '  修改日期          2021-05-30 13:03:42                                \n', '\n', '[1] 准备下载: /【树先生日语】2013-2018年N1音频/2015年12月N1.mp3\n', '[1] 将会下载到路径: /mnt/usb/BaiduDownload/4733703127_linuxeroero/2015年12月N1.mp3\n', '\n', '\r[1] ↓ 704.00KB/25.44MB 459.60KB/s in 1s, left 55s ............\n', '[1] 下载文件失败, 403 Forbidden, 重试 2/3\n', '\n', '[1] ----\n', '  类型              文件                                               \n', '  文件路径          /【树先生日语】2013-2018年N1音频/2015年12月N1.mp3  \n', '  文件名称          2015年12月N1.mp3                                   \n', '  文件大小          26677129, 25.441293MB                              \n', '  md5 (截图请打码)  fb825b86d085aad76ca5bf08bfa4eec3                   \n', '  app_id            250528                                             \n', '  fs_id             924171188847722                                    \n', '  创建日期          2019-06-24 10:11:56                                \n', '  修改日期          2021-05-30 13:03:42                                \n', '\n', '[1] 准备下载: /【树先生日语】2013-2018年N1音频/2015年12月N1.mp3\n', '[1] 将会下载到路径: /mnt/usb/BaiduDownload/4733703127_linuxeroero/2015年12月N1.mp3\n', '\n', '\r[1] ↓ 704.00KB/25.44MB 0B/s in 1s, left - ............\n', '[1] 下载文件失败, 403 Forbidden, 重试 3/3\n']
2021-06-21 15:34:19,817 - BaiUI.py[line:289] - DEBUG: down_id: 0
2021-06-21 15:34:22,820 - BaiUI.py[line:307] - DEBUG: call processCallback
2021-06-21 15:34:22,821 - BaiUI.py[line:308] - DEBUG: downloadFiles
2021-06-21 15:34:22,822 - BaiUI.py[line:309] - DEBUG: ['down_id:0', '\n', '[0] 提示: 当前下载最大并发量为: 8, 下载缓存为: 65536\n', '[1] 加入下载队列: /【树先生日语】2013-2018年N1音频/2015年12月N1.mp3\n', '\n', '[1] ----\n', '  类型              文件                                               \n', '  文件路径          /【树先生日语】2013-2018年N1音频/2015年12月N1.mp3  \n', '  文件名称          2015年12月N1.mp3                                   \n', '  文件大小          26677129, 25.441293MB                              \n', '  md5 (截图请打码)  fb825b86d085aad76ca5bf08bfa4eec3                   \n', '  app_id            250528                                             \n', '  fs_id             924171188847722                                    \n', '  创建日期          2019-06-24 10:11:56                                \n', '  修改日期          2021-05-30 13:03:42                                \n', '\n', '[1] 准备下载: /【树先生日语】2013-2018年N1音频/2015年12月N1.mp3\n', '[1] 将会下载到路径: /mnt/usb/BaiduDownload/4733703127_linuxeroero/2015年12月N1.mp3\n', '\n', '\n', '[1] 下载文件失败, 403 Forbidden, 重试 1/3\n', '\n', '[1] ----\n', '  类型              文件                                               \n', '  文件路径          /【树先生日语】2013-2018年N1音频/2015年12月N1.mp3  \n', '  文件名称          2015年12月N1.mp3                                   \n', '  文件大小          26677129, 25.441293MB                              \n', '  md5 (截图请打码)  fb825b86d085aad76ca5bf08bfa4eec3                   \n', '  app_id            250528                                             \n', '  fs_id             924171188847722                                    \n', '  创建日期          2019-06-24 10:11:56                                \n', '  修改日期          2021-05-30 13:03:42                                \n', '\n', '[1] 准备下载: /【树先生日语】2013-2018年N1音频/2015年12月N1.mp3\n', '[1] 将会下载到路径: /mnt/usb/BaiduDownload/4733703127_linuxeroero/2015年12月N1.mp3\n', '\n', '\r[1] ↓ 704.00KB/25.44MB 459.60KB/s in 1s, left 55s ............\n', '[1] 下载文件失败, 403 Forbidden, 重试 2/3\n', '\n', '[1] ----\n', '  类型              文件                                               \n', '  文件路径          /【树先生日语】2013-2018年N1音频/2015年12月N1.mp3  \n', '  文件名称          2015年12月N1.mp3                                   \n', '  文件大小          26677129, 25.441293MB                              \n', '  md5 (截图请打码)  fb825b86d085aad76ca5bf08bfa4eec3                   \n', '  app_id            250528                                             \n', '  fs_id             924171188847722                                    \n', '  创建日期          2019-06-24 10:11:56                                \n', '  修改日期          2021-05-30 13:03:42                                \n', '\n', '[1] 准备下载: /【树先生日语】2013-2018年N1音频/2015年12月N1.mp3\n', '[1] 将会下载到路径: /mnt/usb/BaiduDownload/4733703127_linuxeroero/2015年12月N1.mp3\n', '\n', '\r[1] ↓ 704.00KB/25.44MB 0B/s in 1s, left - ............\n', '[1] 下载文件失败, 403 Forbidden, 重试 3/3\n']
2021-06-21 15:34:22,826 - BaiUI.py[line:289] - DEBUG: down_id: 0
2021-06-21 15:34:25,779 - backend.py[line:91] - DEBUG: None
2021-06-21 15:34:25,780 - BaiUI.py[line:307] - DEBUG: call processCallback
2021-06-21 15:34:25,781 - BaiUI.py[line:308] - DEBUG: downloadFiles
2021-06-21 15:34:25,782 - BaiUI.py[line:309] - DEBUG: None
2021-06-21 15:36:01,821 - BaiUI.py[line:352] - DEBUG: closeEvent
2021-06-21 15:36:01,822 - backend.py[line:60] - DEBUG: closeAllThread
2021-06-21 15:36:01,823 - backend.py[line:66] - ERROR: not exist thread
2021-06-21 15:36:01,823 - backend.py[line:66] - ERROR: not exist thread
2021-06-21 15:36:01,824 - backend.py[line:66] - ERROR: not exist thread
2021-06-21 15:36:01,825 - backend.py[line:66] - ERROR: not exist thread
