2021-06-21 13:44:19,350 - backend.py[line:17] - DEBUG: Hello Linux
2021-06-21 13:44:19,355 - BaiUI.py[line:348] - DEBUG: Program Start
2021-06-21 13:44:20,687 - BaiUI.py[line:110] - DEBUG: []
2021-06-21 13:44:20,703 - backend.py[line:177] - DEBUG: start Thread: getAllFiles
2021-06-21 13:44:20,706 - backend.py[line:177] - DEBUG: start Thread: getCurrentDir
2021-06-21 13:44:20,882 - backend.py[line:103] - DEBUG: ./BaiduPCS-Go pwd
2021-06-21 13:44:20,884 - backend.py[line:105] - DEBUG: subprocess_execute /【树先生日语】2013-2018年N1音频

2021-06-21 13:44:20,887 - BaiUI.py[line:299] - DEBUG: call processCallback
2021-06-21 13:44:20,888 - BaiUI.py[line:300] - DEBUG: getCurrentDir
2021-06-21 13:44:20,890 - BaiUI.py[line:301] - DEBUG: /【树先生日语】2013-2018年N1音频
2021-06-21 13:44:20,892 - backend.py[line:182] - DEBUG: end Thread
2021-06-21 13:44:21,433 - backend.py[line:103] - DEBUG: ./BaiduPCS-Go ls
2021-06-21 13:44:21,434 - backend.py[line:105] - DEBUG: subprocess_execute 

2021-06-21 13:44:21,436 - backend.py[line:105] - DEBUG: subprocess_execute 当前目录: /【树先生日语】2013-2018年N1音频

2021-06-21 13:44:21,437 - backend.py[line:105] - DEBUG: subprocess_execute ----

2021-06-21 13:44:21,438 - backend.py[line:105] - DEBUG: subprocess_execute   #     文件大小         修改日期                      文件(目录)                

2021-06-21 13:44:21,439 - backend.py[line:105] - DEBUG: subprocess_execute    0       24.62MB  2021-05-30 13:03:42  2013年12月N1.mp3                        

2021-06-21 13:44:21,440 - backend.py[line:105] - DEBUG: subprocess_execute    1       24.23MB  2021-05-30 13:03:42  2013年7月N1.mp3                         

2021-06-21 13:44:21,441 - backend.py[line:105] - DEBUG: subprocess_execute    2       24.77MB  2021-05-30 13:03:42  2014年12月N1.mp3                        

2021-06-21 13:44:21,442 - backend.py[line:105] - DEBUG: subprocess_execute    3       25.30MB  2021-05-30 13:03:43  2014年7月N1.mp3                         

2021-06-21 13:44:21,444 - backend.py[line:105] - DEBUG: subprocess_execute    4       25.44MB  2021-05-30 13:03:42  2015年12月N1.mp3                        

2021-06-21 13:44:21,445 - backend.py[line:105] - DEBUG: subprocess_execute    5       26.52MB  2021-05-30 13:03:42  2015年7月N1.mp3                         

2021-06-21 13:44:21,446 - backend.py[line:105] - DEBUG: subprocess_execute    6       26.21MB  2021-05-30 13:03:42  2016年12月N1.mp3                        

2021-06-21 13:44:21,447 - backend.py[line:105] - DEBUG: subprocess_execute    7       26.44MB  2021-05-30 13:03:42  2016年7月N1.mp3                         

2021-06-21 13:44:21,447 - backend.py[line:105] - DEBUG: subprocess_execute    8       25.94MB  2021-05-30 13:03:42  2017年12月N1.mp3                        

2021-06-21 13:44:21,448 - backend.py[line:105] - DEBUG: subprocess_execute    9       23.53MB  2021-05-30 13:03:43  2017年7月N1.mp3                         

2021-06-21 13:44:21,449 - backend.py[line:105] - DEBUG: subprocess_execute   10       24.63MB  2021-05-30 13:03:42  2018年12月N1音频.mp3                    

2021-06-21 13:44:21,449 - backend.py[line:105] - DEBUG: subprocess_execute   11       23.60MB  2021-05-30 13:03:42  2018年7月N1.mp3                         

2021-06-21 13:44:21,450 - backend.py[line:105] - DEBUG: subprocess_execute   12      275.14KB  2021-05-30 13:03:42  【树先生日语N1】备考答疑群和公众号.jpg  

2021-06-21 13:44:21,451 - backend.py[line:105] - DEBUG: subprocess_execute       总: 301.50MB                       文件总数: 13, 目录总数: 0               

2021-06-21 13:44:21,452 - backend.py[line:105] - DEBUG: subprocess_execute ----

2021-06-21 13:44:21,453 - BaiUI.py[line:299] - DEBUG: call processCallback
2021-06-21 13:44:21,454 - BaiUI.py[line:300] - DEBUG: getAllFiles
2021-06-21 13:44:21,455 - BaiUI.py[line:301] - DEBUG: [['0', '24.62MB', '2021-05-30', '13:03:42', '2013年12月N1.mp3'], ['1', '24.23MB', '2021-05-30', '13:03:42', '2013年7月N1.mp3'], ['2', '24.77MB', '2021-05-30', '13:03:42', '2014年12月N1.mp3'], ['3', '25.30MB', '2021-05-30', '13:03:43', '2014年7月N1.mp3'], ['4', '25.44MB', '2021-05-30', '13:03:42', '2015年12月N1.mp3'], ['5', '26.52MB', '2021-05-30', '13:03:42', '2015年7月N1.mp3'], ['6', '26.21MB', '2021-05-30', '13:03:42', '2016年12月N1.mp3'], ['7', '26.44MB', '2021-05-30', '13:03:42', '2016年7月N1.mp3'], ['8', '25.94MB', '2021-05-30', '13:03:42', '2017年12月N1.mp3'], ['9', '23.53MB', '2021-05-30', '13:03:43', '2017年7月N1.mp3'], ['10', '24.63MB', '2021-05-30', '13:03:42', '2018年12月N1音频.mp3'], ['11', '23.60MB', '2021-05-30', '13:03:42', '2018年7月N1.mp3'], ['12', '275.14KB', '2021-05-30', '13:03:42', '【树先生日语N1】备考答疑群和公众号.jpg']]
2021-06-21 13:44:21,458 - backend.py[line:182] - DEBUG: end Thread
2021-06-21 13:44:21,459 - BaiUI.py[line:110] - DEBUG: [['0', '24.62MB', '2021-05-30', '13:03:42', '2013年12月N1.mp3'], ['1', '24.23MB', '2021-05-30', '13:03:42', '2013年7月N1.mp3'], ['2', '24.77MB', '2021-05-30', '13:03:42', '2014年12月N1.mp3'], ['3', '25.30MB', '2021-05-30', '13:03:43', '2014年7月N1.mp3'], ['4', '25.44MB', '2021-05-30', '13:03:42', '2015年12月N1.mp3'], ['5', '26.52MB', '2021-05-30', '13:03:42', '2015年7月N1.mp3'], ['6', '26.21MB', '2021-05-30', '13:03:42', '2016年12月N1.mp3'], ['7', '26.44MB', '2021-05-30', '13:03:42', '2016年7月N1.mp3'], ['8', '25.94MB', '2021-05-30', '13:03:42', '2017年12月N1.mp3'], ['9', '23.53MB', '2021-05-30', '13:03:43', '2017年7月N1.mp3'], ['10', '24.63MB', '2021-05-30', '13:03:42', '2018年12月N1音频.mp3'], ['11', '23.60MB', '2021-05-30', '13:03:42', '2018年7月N1.mp3'], ['12', '275.14KB', '2021-05-30', '13:03:42', '【树先生日语N1】备考答疑群和公众号.jpg']]
2021-06-21 13:44:23,475 - BaiUI.py[line:327] - DEBUG: ['7', '26.44MB', '2021-05-30', '13:03:42', '2016年7月N1.mp3']
2021-06-21 13:44:23,477 - BaiUI.py[line:337] - DEBUG: 
2021-06-21 13:44:23,477 - BaiUI.py[line:341] - DEBUG: start download 2016年7月N1.mp3
2021-06-21 13:44:23,479 - backend.py[line:177] - DEBUG: start Thread: downloadFiles
2021-06-21 13:44:23,481 - backend.py[line:119] - DEBUG: subprocess_execute_realtime ./BaiduPCS-Go d 2016年7月N1.mp3
2021-06-21 13:44:24,249 - backend.py[line:91] - DEBUG: None
2021-06-21 13:44:24,250 - BaiUI.py[line:299] - DEBUG: call processCallback
2021-06-21 13:44:24,251 - BaiUI.py[line:300] - DEBUG: downloadFiles
2021-06-21 13:44:24,252 - BaiUI.py[line:301] - DEBUG: None
2021-06-21 13:45:18,549 - BaiUI.py[line:344] - DEBUG: closeEvent
2021-06-21 13:45:18,550 - backend.py[line:60] - DEBUG: closeAllThread
2021-06-21 13:45:18,552 - backend.py[line:66] - ERROR: not exist thread
2021-06-21 13:45:18,552 - backend.py[line:66] - ERROR: not exist thread
2021-06-21 13:45:18,553 - backend.py[line:66] - ERROR: not exist thread
2021-06-21 13:45:18,554 - backend.py[line:66] - ERROR: not exist thread
