2021-06-20 01:28:18,201 - BaiUI.py[line:303] - DEBUG: Program Start
2021-06-20 01:28:19,536 - BaiUI.py[line:101] - DEBUG: []
2021-06-20 01:28:19,551 - backend.py[line:119] - DEBUG: start Thread
2021-06-20 01:28:19,553 - backend.py[line:119] - DEBUG: start Thread
2021-06-20 01:28:19,700 - BaiUI.py[line:259] - DEBUG: call processCallback
2021-06-20 01:28:19,701 - BaiUI.py[line:260] - DEBUG: getCurrentDir
2021-06-20 01:28:19,703 - BaiUI.py[line:261] - DEBUG: /
2021-06-20 01:28:19,704 - backend.py[line:123] - DEBUG: end Thread
2021-06-20 01:28:20,179 - BaiUI.py[line:259] - DEBUG: call processCallback
2021-06-20 01:28:20,180 - BaiUI.py[line:260] - DEBUG: getAllFiles
2021-06-20 01:28:20,181 - BaiUI.py[line:261] - DEBUG: [['0', '-', '2021-05-30', '13:03:42', '【树先生日语】2013-2018年N1音频/'], ['1', '-', '2021-06-01', '20:44:16', '百度网盘学霸大礼包/']]
2021-06-20 01:28:20,182 - backend.py[line:123] - DEBUG: end Thread
2021-06-20 01:28:20,184 - BaiUI.py[line:101] - DEBUG: [['0', '-', '2021-05-30', '13:03:42', '【树先生日语】2013-2018年N1音频/'], ['1', '-', '2021-06-01', '20:44:16', '百度网盘学霸大礼包/']]
2021-06-20 01:28:24,968 - BaiUI.py[line:285] - DEBUG: ['0', '-', '2021-05-30', '13:03:42', '【树先生日语】2013-2018年N1音频/']
2021-06-20 01:28:24,969 - BaiUI.py[line:292] - DEBUG: current dir: 【树先生日语】2013-2018年N1音频/
2021-06-20 01:28:24,970 - BaiUI.py[line:295] - DEBUG: 【树先生日语】2013-2018年N1音频/
2021-06-20 01:28:24,971 - backend.py[line:119] - DEBUG: start Thread
2021-06-20 01:28:25,412 - BaiUI.py[line:259] - DEBUG: call processCallback
2021-06-20 01:28:25,413 - BaiUI.py[line:260] - DEBUG: changeDir
2021-06-20 01:28:25,415 - BaiUI.py[line:261] - DEBUG: None
2021-06-20 01:28:25,416 - backend.py[line:123] - DEBUG: end Thread
2021-06-20 01:28:25,417 - backend.py[line:119] - DEBUG: start Thread
2021-06-20 01:28:25,419 - backend.py[line:119] - DEBUG: start Thread
2021-06-20 01:28:25,549 - BaiUI.py[line:259] - DEBUG: call processCallback
2021-06-20 01:28:25,551 - BaiUI.py[line:260] - DEBUG: getCurrentDir
2021-06-20 01:28:25,551 - BaiUI.py[line:261] - DEBUG: /【树先生日语】2013-2018年N1音频
2021-06-20 01:28:25,552 - backend.py[line:123] - DEBUG: end Thread
2021-06-20 01:28:26,003 - BaiUI.py[line:259] - DEBUG: call processCallback
2021-06-20 01:28:26,004 - BaiUI.py[line:260] - DEBUG: getAllFiles
2021-06-20 01:28:26,005 - BaiUI.py[line:261] - DEBUG: [['0', '24.62MB', '2021-05-30', '13:03:42', '2013年12月N1.mp3'], ['1', '24.23MB', '2021-05-30', '13:03:42', '2013年7月N1.mp3'], ['2', '24.77MB', '2021-05-30', '13:03:42', '2014年12月N1.mp3'], ['3', '25.30MB', '2021-05-30', '13:03:43', '2014年7月N1.mp3'], ['4', '25.44MB', '2021-05-30', '13:03:42', '2015年12月N1.mp3'], ['5', '26.52MB', '2021-05-30', '13:03:42', '2015年7月N1.mp3'], ['6', '26.21MB', '2021-05-30', '13:03:42', '2016年12月N1.mp3'], ['7', '26.44MB', '2021-05-30', '13:03:42', '2016年7月N1.mp3'], ['8', '25.94MB', '2021-05-30', '13:03:42', '2017年12月N1.mp3'], ['9', '23.53MB', '2021-05-30', '13:03:43', '2017年7月N1.mp3'], ['10', '24.63MB', '2021-05-30', '13:03:42', '2018年12月N1音频.mp3'], ['11', '23.60MB', '2021-05-30', '13:03:42', '2018年7月N1.mp3'], ['12', '275.14KB', '2021-05-30', '13:03:42', '【树先生日语N1】备考答疑群和公众号.jpg']]
2021-06-20 01:28:26,007 - backend.py[line:123] - DEBUG: end Thread
2021-06-20 01:28:26,009 - BaiUI.py[line:101] - DEBUG: [['0', '24.62MB', '2021-05-30', '13:03:42', '2013年12月N1.mp3'], ['1', '24.23MB', '2021-05-30', '13:03:42', '2013年7月N1.mp3'], ['2', '24.77MB', '2021-05-30', '13:03:42', '2014年12月N1.mp3'], ['3', '25.30MB', '2021-05-30', '13:03:43', '2014年7月N1.mp3'], ['4', '25.44MB', '2021-05-30', '13:03:42', '2015年12月N1.mp3'], ['5', '26.52MB', '2021-05-30', '13:03:42', '2015年7月N1.mp3'], ['6', '26.21MB', '2021-05-30', '13:03:42', '2016年12月N1.mp3'], ['7', '26.44MB', '2021-05-30', '13:03:42', '2016年7月N1.mp3'], ['8', '25.94MB', '2021-05-30', '13:03:42', '2017年12月N1.mp3'], ['9', '23.53MB', '2021-05-30', '13:03:43', '2017年7月N1.mp3'], ['10', '24.63MB', '2021-05-30', '13:03:42', '2018年12月N1音频.mp3'], ['11', '23.60MB', '2021-05-30', '13:03:42', '2018年7月N1.mp3'], ['12', '275.14KB', '2021-05-30', '13:03:42', '【树先生日语N1】备考答疑群和公众号.jpg']]
2021-06-20 01:28:28,194 - BaiUI.py[line:285] - DEBUG: ['0', '24.62MB', '2021-05-30', '13:03:42', '2013年12月N1.mp3']
2021-06-20 01:28:28,196 - BaiUI.py[line:295] - DEBUG: 
2021-06-20 01:28:28,196 - BaiUI.py[line:299] - DEBUG: start download 2013年12月N1.mp3
2021-06-20 01:28:28,198 - backend.py[line:119] - DEBUG: start Thread
2021-06-20 01:28:28,658 - backend.py[line:66] - DEBUG: ['\n', '[0] 提示: 当前下载最大并发量为: 8, 下载缓存为: 65536\n', '[1] 加入下载队列: /【树先生日语】2013-2018年N1音频/2013年12月N1.mp3\n', '\n', '[1] ----\n', '  类型              文件                                               \n', '  文件路径          /【树先生日语】2013-2018年N1音频/2013年12月N1.mp3  \n', '  文件名称          2013年12月N1.mp3                                   \n', '  文件大小          25816009, 24.620065MB                              \n', '  md5 (可能不正确)  d1cf46d6e6782cb9a696e8bb6cb1313b                   \n', '  app_id            250528                                             \n', '  fs_id             935433989429225                                    \n', '  创建日期          2019-06-24 10:11:34                                \n', '  修改日期          2021-05-30 13:03:42                                \n', '\n', '[1] 准备下载: /【树先生日语】2013-2018年N1音频/2013年12月N1.mp3\n', '[1] 文件已经存在: /mnt/usb/BaiduDownload/4733703127_linuxeroero/2013年12月N1.mp3, 跳过...\n', '\n', '下载结束, 时间: 2ms, 数据总量: 0B\n']
2021-06-20 01:28:28,660 - BaiUI.py[line:259] - DEBUG: call processCallback
2021-06-20 01:28:28,661 - BaiUI.py[line:260] - DEBUG: downloadFiles
2021-06-20 01:28:28,662 - BaiUI.py[line:261] - DEBUG: None
2021-06-20 01:28:28,663 - backend.py[line:123] - DEBUG: end Thread
2021-06-20 01:28:37,850 - BaiUI.py[line:285] - DEBUG: ['10', '24.63MB', '2021-05-30', '13:03:42', '2018年12月N1音频.mp3']
2021-06-20 01:28:37,851 - BaiUI.py[line:295] - DEBUG: 
2021-06-20 01:28:37,852 - BaiUI.py[line:299] - DEBUG: start download 2018年12月N1音频.mp3
2021-06-20 01:28:37,853 - backend.py[line:119] - DEBUG: start Thread
2021-06-20 01:29:30,487 - backend.py[line:66] - DEBUG: ['\n', '[0] 提示: 当前下载最大并发量为: 8, 下载缓存为: 65536\n', '[1] 加入下载队列: /【树先生日语】2013-2018年N1音频/2018年12月N1音频.mp3\n', '\n', '[1] ----\n', '  类型              文件                                                   \n', '  文件路径          /【树先生日语】2013-2018年N1音频/2018年12月N1音频.mp3  \n', '  文件名称          2018年12月N1音频.mp3                                   \n', '  文件大小          25828595, 24.632068MB                                  \n', '  md5 (截图请打码)  e8f0e1cb9b11e8048e6f4389069a141f                       \n', '  app_id            250528                                                 \n', '  fs_id             124642340433284                                        \n', '  创建日期          2019-06-24 10:12:35                                    \n', '  修改日期          2021-05-30 13:03:42                                    \n', '\n', '[1] 准备下载: /【树先生日语】2013-2018年N1音频/2018年12月N1音频.mp3\n', '[1] 将会下载到路径: /mnt/usb/BaiduDownload/4733703127_linuxeroero/2018年12月N1音频.mp3\n', '\n', '\r[1] ↓ 1.50MB/24.63MB 2.44MB/s in 1.29s, left 9s ............\r[1] ↓ 4.06MB/24.63MB 2.55MB/s in 2.29s, left 8s ............\r[1] ↓ 5.88MB/24.63MB 1.78MB/s in 3.29s, left 10s ............\r[1] ↓ 5.88MB/24.63MB 910.44KB/s in 4.29s, left 21s ............\r[1] ↓ 5.88MB/24.63MB 0B/s in 5.29s, left - ............\r[1] ↓ 6.00MB/24.63MB 56.57KB/s in 6.29s, left 5m37s ............\r[1] ↓ 6.19MB/24.63MB 80.79KB/s in 7.29s, left 3m53s ............\r[1] ↓ 6.38MB/24.63MB 202.02KB/s in 8.29s, left 1m32s ............\r[1] ↓ 6.44MB/24.63MB 0B/s in 9.29s, left - ............\r[1] ↓ 6.44MB/24.63MB 0B/s in 10.29s, left - ............\r[1] ↓ 6.44MB/24.63MB 0B/s in 11.29s, left - ............\r[1] ↓ 6.44MB/24.63MB 0B/s in 12.29s, left - ............\r[1] ↓ 6.57MB/24.63MB 0B/s in 13.29s, left - ............\r[1] ↓ 7.32MB/24.63MB 674.71KB/s in 14.29s, left 26s ............\r[1] ↓ 7.32MB/24.63MB 0B/s in 15.29s, left - ............\r[1] ↓ 7.32MB/24.63MB 0B/s in 16.29s, left - ............\r[1] ↓ 7.32MB/24.63MB 0B/s in 17.29s, left - ............\r[1] ↓ 7.32MB/24.63MB 0B/s in 18.29s, left - ............\r[1] ↓ 7.57MB/24.63MB 226.17KB/s in 19.29s, left 1m17s ............\r[1] ↓ 7.82MB/24.63MB 129.30KB/s in 20.29s, left 2m13s ............\r[1] ↓ 8.32MB/24.63MB 775.80KB/s in 21.29s, left 21s ............\r[1] ↓ 8.32MB/24.63MB 387.87KB/s in 22.29s, left 43s ............\r[1] ↓ 8.32MB/24.63MB 0B/s in 23.29s, left - ............\r[1] ↓ 9.94MB/24.63MB 628.64KB/s in 24.29s, left 23s ............\r[1] ↓ 12.92MB/24.63MB 2.76MB/s in 25.29s, left 4s ............\r[1] ↓ 16.32MB/24.63MB 2.94MB/s in 26.29s, left 2s ............\r[1] ↓ 18.13MB/24.63MB 2.48MB/s in 27.29s, left 2s ............\r[1] ↓ 18.32MB/24.63MB 1.51MB/s in 28.29s, left 4s ............\r[1] ↓ 18.38MB/24.63MB 0B/s in 29.29s, left - ............\r[1] ↓ 18.79MB/24.63MB 242.42KB/s in 30.29s, left 24s ............\r[1] ↓ 18.91MB/24.63MB 113.13KB/s in 31.29s, left 51s ............\r[1] ↓ 18.98MB/24.63MB 56.56KB/s in 32.29s, left 1m42s ............\r[1] ↓ 19.29MB/24.63MB 404.09KB/s in 33.29s, left 13s ............\r[1] ↓ 19.29MB/24.63MB 202.03KB/s in 34.29s, left 27s ............\r[1] ↓ 19.58MB/24.63MB 0B/s in 35.29s, left - ............\r[1] ↓ 20.82MB/24.63MB 587.21KB/s in 36.29s, left 6s ............\r[1] ↓ 21.20MB/24.63MB 759.62KB/s in 37.29s, left 4s ............\r[1] ↓ 21.32MB/24.63MB 436.36KB/s in 38.29s, left 7s ............\r[1] ↓ 21.70MB/24.63MB 96.97KB/s in 39.29s, left 30s ............\r[1] ↓ 23.13MB/24.63MB 637.05KB/s in 40.29s, left 2s ............\r[1] ↓ 23.30MB/24.63MB 775.78KB/s in 41.29s, left 1s ............\r[1] ↓ 23.30MB/24.63MB 387.88KB/s in 42.29s, left 3s ............\r[1] ↓ 23.53MB/24.63MB 0B/s in 43.29s, left - ............\r[1] ↓ 24.17MB/24.63MB 448.47KB/s in 44.29s, left 1s ............\r[1] ↓ 24.29MB/24.63MB 0B/s in 45.29s, left - ............\r[1] ↓ 24.40MB/24.63MB 119.20KB/s in 46.29s, left 1s ............\r[1] ↓ 24.52MB/24.63MB 0B/s in 47.29s, left - ............\r[1] ↓ 24.52MB/24.63MB 59.59KB/s in 48.29s, left 1s ............\r[1] ↓ 24.57MB/24.63MB 0B/s in 49.29s, left - ............\r[1] ↓ 24.57MB/24.63MB 29.80KB/s in 50.29s, left 1s ............\r[1] ↓ 24.63MB/24.63MB 0B/s in 51.29s, left - ............\n', '[1] 下载完成, 保存位置: /mnt/usb/BaiduDownload/4733703127_linuxeroero/2018年12月N1音频.mp3\n', '[1] 跳过文件有效性检验\n', '\n', '下载结束, 时间: 52.2s, 数据总量: 24.632068MB\n']
2021-06-20 01:29:30,490 - BaiUI.py[line:259] - DEBUG: call processCallback
2021-06-20 01:29:30,491 - BaiUI.py[line:260] - DEBUG: downloadFiles
2021-06-20 01:29:30,492 - BaiUI.py[line:261] - DEBUG: None
2021-06-20 01:29:30,493 - backend.py[line:123] - DEBUG: end Thread
