2021-06-21 13:51:16,305 - backend.py[line:17] - DEBUG: Hello Linux
2021-06-21 13:51:16,310 - BaiUI.py[line:347] - DEBUG: Program Start
2021-06-21 13:51:17,819 - BaiUI.py[line:109] - DEBUG: []
2021-06-21 13:51:17,837 - backend.py[line:177] - DEBUG: start Thread: getAllFiles
2021-06-21 13:51:17,842 - backend.py[line:177] - DEBUG: start Thread: getCurrentDir
2021-06-21 13:51:18,045 - backend.py[line:103] - DEBUG: ./BaiduPCS-Go pwd
2021-06-21 13:51:18,047 - backend.py[line:105] - DEBUG: subprocess_execute /【树先生日语】2013-2018年N1音频

2021-06-21 13:51:18,049 - BaiUI.py[line:298] - DEBUG: call processCallback
2021-06-21 13:51:18,050 - BaiUI.py[line:299] - DEBUG: getCurrentDir
2021-06-21 13:51:18,051 - BaiUI.py[line:300] - DEBUG: /【树先生日语】2013-2018年N1音频
2021-06-21 13:51:18,053 - backend.py[line:182] - DEBUG: end Thread
2021-06-21 13:51:18,889 - backend.py[line:103] - DEBUG: ./BaiduPCS-Go ls
2021-06-21 13:51:18,891 - backend.py[line:105] - DEBUG: subprocess_execute 

2021-06-21 13:51:18,891 - backend.py[line:105] - DEBUG: subprocess_execute 当前目录: /【树先生日语】2013-2018年N1音频

2021-06-21 13:51:18,892 - backend.py[line:105] - DEBUG: subprocess_execute ----

2021-06-21 13:51:18,893 - backend.py[line:105] - DEBUG: subprocess_execute   #     文件大小         修改日期                      文件(目录)                

2021-06-21 13:51:18,893 - backend.py[line:105] - DEBUG: subprocess_execute    0       24.62MB  2021-05-30 13:03:42  2013年12月N1.mp3                        

2021-06-21 13:51:18,894 - backend.py[line:105] - DEBUG: subprocess_execute    1       24.23MB  2021-05-30 13:03:42  2013年7月N1.mp3                         

2021-06-21 13:51:18,895 - backend.py[line:105] - DEBUG: subprocess_execute    2       24.77MB  2021-05-30 13:03:42  2014年12月N1.mp3                        

2021-06-21 13:51:18,896 - backend.py[line:105] - DEBUG: subprocess_execute    3       25.30MB  2021-05-30 13:03:43  2014年7月N1.mp3                         

2021-06-21 13:51:18,896 - backend.py[line:105] - DEBUG: subprocess_execute    4       25.44MB  2021-05-30 13:03:42  2015年12月N1.mp3                        

2021-06-21 13:51:18,897 - backend.py[line:105] - DEBUG: subprocess_execute    5       26.52MB  2021-05-30 13:03:42  2015年7月N1.mp3                         

2021-06-21 13:51:18,897 - backend.py[line:105] - DEBUG: subprocess_execute    6       26.21MB  2021-05-30 13:03:42  2016年12月N1.mp3                        

2021-06-21 13:51:18,898 - backend.py[line:105] - DEBUG: subprocess_execute    7       26.44MB  2021-05-30 13:03:42  2016年7月N1.mp3                         

2021-06-21 13:51:18,899 - backend.py[line:105] - DEBUG: subprocess_execute    8       25.94MB  2021-05-30 13:03:42  2017年12月N1.mp3                        

2021-06-21 13:51:18,899 - backend.py[line:105] - DEBUG: subprocess_execute    9       23.53MB  2021-05-30 13:03:43  2017年7月N1.mp3                         

2021-06-21 13:51:18,900 - backend.py[line:105] - DEBUG: subprocess_execute   10       24.63MB  2021-05-30 13:03:42  2018年12月N1音频.mp3                    

2021-06-21 13:51:18,900 - backend.py[line:105] - DEBUG: subprocess_execute   11       23.60MB  2021-05-30 13:03:42  2018年7月N1.mp3                         

2021-06-21 13:51:18,901 - backend.py[line:105] - DEBUG: subprocess_execute   12      275.14KB  2021-05-30 13:03:42  【树先生日语N1】备考答疑群和公众号.jpg  

2021-06-21 13:51:18,902 - backend.py[line:105] - DEBUG: subprocess_execute       总: 301.50MB                       文件总数: 13, 目录总数: 0               

2021-06-21 13:51:18,902 - backend.py[line:105] - DEBUG: subprocess_execute ----

2021-06-21 13:51:18,904 - BaiUI.py[line:298] - DEBUG: call processCallback
2021-06-21 13:51:18,905 - BaiUI.py[line:299] - DEBUG: getAllFiles
2021-06-21 13:51:18,906 - BaiUI.py[line:300] - DEBUG: [['0', '24.62MB', '2021-05-30', '13:03:42', '2013年12月N1.mp3'], ['1', '24.23MB', '2021-05-30', '13:03:42', '2013年7月N1.mp3'], ['2', '24.77MB', '2021-05-30', '13:03:42', '2014年12月N1.mp3'], ['3', '25.30MB', '2021-05-30', '13:03:43', '2014年7月N1.mp3'], ['4', '25.44MB', '2021-05-30', '13:03:42', '2015年12月N1.mp3'], ['5', '26.52MB', '2021-05-30', '13:03:42', '2015年7月N1.mp3'], ['6', '26.21MB', '2021-05-30', '13:03:42', '2016年12月N1.mp3'], ['7', '26.44MB', '2021-05-30', '13:03:42', '2016年7月N1.mp3'], ['8', '25.94MB', '2021-05-30', '13:03:42', '2017年12月N1.mp3'], ['9', '23.53MB', '2021-05-30', '13:03:43', '2017年7月N1.mp3'], ['10', '24.63MB', '2021-05-30', '13:03:42', '2018年12月N1音频.mp3'], ['11', '23.60MB', '2021-05-30', '13:03:42', '2018年7月N1.mp3'], ['12', '275.14KB', '2021-05-30', '13:03:42', '【树先生日语N1】备考答疑群和公众号.jpg']]
2021-06-21 13:51:18,917 - backend.py[line:182] - DEBUG: end Thread
2021-06-21 13:51:18,919 - BaiUI.py[line:109] - DEBUG: [['0', '24.62MB', '2021-05-30', '13:03:42', '2013年12月N1.mp3'], ['1', '24.23MB', '2021-05-30', '13:03:42', '2013年7月N1.mp3'], ['2', '24.77MB', '2021-05-30', '13:03:42', '2014年12月N1.mp3'], ['3', '25.30MB', '2021-05-30', '13:03:43', '2014年7月N1.mp3'], ['4', '25.44MB', '2021-05-30', '13:03:42', '2015年12月N1.mp3'], ['5', '26.52MB', '2021-05-30', '13:03:42', '2015年7月N1.mp3'], ['6', '26.21MB', '2021-05-30', '13:03:42', '2016年12月N1.mp3'], ['7', '26.44MB', '2021-05-30', '13:03:42', '2016年7月N1.mp3'], ['8', '25.94MB', '2021-05-30', '13:03:42', '2017年12月N1.mp3'], ['9', '23.53MB', '2021-05-30', '13:03:43', '2017年7月N1.mp3'], ['10', '24.63MB', '2021-05-30', '13:03:42', '2018年12月N1音频.mp3'], ['11', '23.60MB', '2021-05-30', '13:03:42', '2018年7月N1.mp3'], ['12', '275.14KB', '2021-05-30', '13:03:42', '【树先生日语N1】备考答疑群和公众号.jpg']]
2021-06-21 13:51:21,226 - BaiUI.py[line:326] - DEBUG: ['1', '24.23MB', '2021-05-30', '13:03:42', '2013年7月N1.mp3']
2021-06-21 13:51:21,228 - BaiUI.py[line:336] - DEBUG: 
2021-06-21 13:51:21,229 - BaiUI.py[line:340] - DEBUG: start download 2013年7月N1.mp3
2021-06-21 13:51:21,231 - backend.py[line:177] - DEBUG: start Thread: downloadFiles
2021-06-21 13:51:21,233 - backend.py[line:119] - DEBUG: subprocess_execute_realtime ./BaiduPCS-Go d 2013年7月N1.mp3
2021-06-21 13:51:21,660 - backend.py[line:91] - DEBUG: None
2021-06-21 13:51:21,662 - BaiUI.py[line:298] - DEBUG: call processCallback
2021-06-21 13:51:21,662 - BaiUI.py[line:299] - DEBUG: downloadFiles
2021-06-21 13:51:21,663 - BaiUI.py[line:300] - DEBUG: None
2021-06-21 13:51:31,068 - BaiUI.py[line:326] - DEBUG: ['9', '23.53MB', '2021-05-30', '13:03:43', '2017年7月N1.mp3']
2021-06-21 13:51:31,071 - BaiUI.py[line:336] - DEBUG: 
2021-06-21 13:51:31,072 - BaiUI.py[line:340] - DEBUG: start download 2017年7月N1.mp3
2021-06-21 13:51:31,074 - backend.py[line:177] - DEBUG: start Thread: downloadFiles
2021-06-21 13:51:31,075 - backend.py[line:119] - DEBUG: subprocess_execute_realtime ./BaiduPCS-Go d 2017年7月N1.mp3
2021-06-21 13:51:34,082 - BaiUI.py[line:298] - DEBUG: call processCallback
2021-06-21 13:51:34,083 - BaiUI.py[line:299] - DEBUG: downloadFiles
2021-06-21 13:51:34,083 - BaiUI.py[line:300] - DEBUG: ['down_id:1', '\n', '[0] 提示: 当前下载最大并发量为: 8, 下载缓存为: 65536\n', '[1] 加入下载队列: /【树先生日语】2013-2018年N1音频/2017年7月N1.mp3\n', '\n', '[1] ----\n', '  类型              文件                                              \n', '  文件路径          /【树先生日语】2013-2018年N1音频/2017年7月N1.mp3  \n', '  文件名称          2017年7月N1.mp3                                   \n', '  文件大小          24671700, 23.528767MB                             \n', '  md5 (截图请打码)  c53afa4b9f8cd5acf03a3955ac6d8471                  \n', '  app_id            250528                                            \n', '  fs_id             46668516564956                                    \n', '  创建日期          2019-06-24 10:12:14                               \n', '  修改日期          2021-05-30 13:03:43                               \n', '\n', '[1] 准备下载: /【树先生日语】2013-2018年N1音频/2017年7月N1.mp3\n', '[1] 将会下载到路径: /mnt/usb/BaiduDownload/4733703127_linuxeroero/2017年7月N1.mp3\n', '\n', '\r[1] ↓ 0B/23.53MB 0B/s in 1.28s, left - ............']
2021-06-21 13:51:34,086 - BaiUI.py[line:281] - DEBUG: down_id: 1
