2021-06-19 15:45:21,214 - BaiUI.py[line:302] - DEBUG: Program Start
2021-06-19 15:45:22,435 - BaiUI.py[line:101] - DEBUG: []
2021-06-19 15:45:22,450 - backend.py[line:111] - DEBUG: start Thread
2021-06-19 15:45:22,452 - backend.py[line:111] - DEBUG: start Thread
2021-06-19 15:45:22,620 - BaiUI.py[line:257] - DEBUG: call processCallback
2021-06-19 15:45:22,622 - BaiUI.py[line:258] - DEBUG: getCurrentDir
2021-06-19 15:45:22,623 - BaiUI.py[line:259] - DEBUG: /
2021-06-19 15:45:22,626 - backend.py[line:115] - DEBUG: end Thread
2021-06-19 15:45:23,133 - BaiUI.py[line:257] - DEBUG: call processCallback
2021-06-19 15:45:23,134 - BaiUI.py[line:258] - DEBUG: getAllFiles
2021-06-19 15:45:23,134 - BaiUI.py[line:259] - DEBUG: [['0', '-', '2021-05-30', '13:03:42', '【树先生日语】2013-2018年N1音频/'], ['1', '-', '2021-06-01', '20:44:16', '百度网盘学霸大礼包/']]
2021-06-19 15:45:23,136 - backend.py[line:115] - DEBUG: end Thread
2021-06-19 15:45:23,137 - BaiUI.py[line:101] - DEBUG: [['0', '-', '2021-05-30', '13:03:42', '【树先生日语】2013-2018年N1音频/'], ['1', '-', '2021-06-01', '20:44:16', '百度网盘学霸大礼包/']]
2021-06-19 15:45:24,908 - BaiUI.py[line:284] - DEBUG: ['0', '-', '2021-05-30', '13:03:42', '【树先生日语】2013-2018年N1音频/']
2021-06-19 15:45:24,909 - BaiUI.py[line:291] - DEBUG: current dir: 【树先生日语】2013-2018年N1音频/
2021-06-19 15:45:24,910 - BaiUI.py[line:294] - DEBUG: 【树先生日语】2013-2018年N1音频/
2021-06-19 15:45:24,911 - backend.py[line:111] - DEBUG: start Thread
2021-06-19 15:45:25,412 - BaiUI.py[line:257] - DEBUG: call processCallback
2021-06-19 15:45:25,413 - BaiUI.py[line:258] - DEBUG: changeDir
2021-06-19 15:45:25,414 - BaiUI.py[line:259] - DEBUG: None
