2021-06-21 15:36:07,704 - backend.py[line:17] - DEBUG: Hello Linux
2021-06-21 15:36:07,709 - BaiUI.py[line:356] - DEBUG: Program Start
2021-06-21 15:36:09,055 - BaiUI.py[line:109] - DEBUG: []
2021-06-21 15:36:09,071 - backend.py[line:177] - DEBUG: start Thread: getAllFiles
2021-06-21 15:36:09,073 - backend.py[line:177] - DEBUG: start Thread: getCurrentDir
2021-06-21 15:36:09,226 - backend.py[line:103] - DEBUG: ./BaiduPCS-Go pwd
2021-06-21 15:36:09,228 - backend.py[line:105] - DEBUG: subprocess_execute /【树先生日语】2013-2018年N1音频

2021-06-21 15:36:09,230 - BaiUI.py[line:307] - DEBUG: call processCallback
2021-06-21 15:36:09,231 - BaiUI.py[line:308] - DEBUG: getCurrentDir
2021-06-21 15:36:09,232 - BaiUI.py[line:309] - DEBUG: /【树先生日语】2013-2018年N1音频
2021-06-21 15:36:09,233 - backend.py[line:182] - DEBUG: end Thread
2021-06-21 15:36:09,710 - backend.py[line:103] - DEBUG: ./BaiduPCS-Go ls
2021-06-21 15:36:09,714 - backend.py[line:105] - DEBUG: subprocess_execute 

2021-06-21 15:36:09,715 - backend.py[line:105] - DEBUG: subprocess_execute 当前目录: /【树先生日语】2013-2018年N1音频

2021-06-21 15:36:09,716 - backend.py[line:105] - DEBUG: subprocess_execute ----

2021-06-21 15:36:09,717 - backend.py[line:105] - DEBUG: subprocess_execute   #     文件大小         修改日期                      文件(目录)                

2021-06-21 15:36:09,718 - backend.py[line:105] - DEBUG: subprocess_execute    0       24.62MB  2021-05-30 13:03:42  2013年12月N1.mp3                        

2021-06-21 15:36:09,719 - backend.py[line:105] - DEBUG: subprocess_execute    1       24.23MB  2021-05-30 13:03:42  2013年7月N1.mp3                         

2021-06-21 15:36:09,720 - backend.py[line:105] - DEBUG: subprocess_execute    2       24.77MB  2021-05-30 13:03:42  2014年12月N1.mp3                        

2021-06-21 15:36:09,721 - backend.py[line:105] - DEBUG: subprocess_execute    3       25.30MB  2021-05-30 13:03:43  2014年7月N1.mp3                         

2021-06-21 15:36:09,734 - backend.py[line:105] - DEBUG: subprocess_execute    4       25.44MB  2021-05-30 13:03:42  2015年12月N1.mp3                        

2021-06-21 15:36:09,735 - backend.py[line:105] - DEBUG: subprocess_execute    5       26.52MB  2021-05-30 13:03:42  2015年7月N1.mp3                         

2021-06-21 15:36:09,736 - backend.py[line:105] - DEBUG: subprocess_execute    6       26.21MB  2021-05-30 13:03:42  2016年12月N1.mp3                        

2021-06-21 15:36:09,737 - backend.py[line:105] - DEBUG: subprocess_execute    7       26.44MB  2021-05-30 13:03:42  2016年7月N1.mp3                         

2021-06-21 15:36:09,745 - backend.py[line:105] - DEBUG: subprocess_execute    8       25.94MB  2021-05-30 13:03:42  2017年12月N1.mp3                        

2021-06-21 15:36:09,747 - backend.py[line:105] - DEBUG: subprocess_execute    9       23.53MB  2021-05-30 13:03:43  2017年7月N1.mp3                         

2021-06-21 15:36:09,747 - backend.py[line:105] - DEBUG: subprocess_execute   10       24.63MB  2021-05-30 13:03:42  2018年12月N1音频.mp3                    

2021-06-21 15:36:09,748 - backend.py[line:105] - DEBUG: subprocess_execute   11       23.60MB  2021-05-30 13:03:42  2018年7月N1.mp3                         

2021-06-21 15:36:09,749 - backend.py[line:105] - DEBUG: subprocess_execute   12      275.14KB  2021-05-30 13:03:42  【树先生日语N1】备考答疑群和公众号.jpg  

2021-06-21 15:36:09,750 - backend.py[line:105] - DEBUG: subprocess_execute       总: 301.50MB                       文件总数: 13, 目录总数: 0               

2021-06-21 15:36:09,759 - backend.py[line:105] - DEBUG: subprocess_execute ----

2021-06-21 15:36:09,761 - BaiUI.py[line:307] - DEBUG: call processCallback
2021-06-21 15:36:09,763 - BaiUI.py[line:308] - DEBUG: getAllFiles
2021-06-21 15:36:09,764 - BaiUI.py[line:309] - DEBUG: [['0', '24.62MB', '2021-05-30', '13:03:42', '2013年12月N1.mp3'], ['1', '24.23MB', '2021-05-30', '13:03:42', '2013年7月N1.mp3'], ['2', '24.77MB', '2021-05-30', '13:03:42', '2014年12月N1.mp3'], ['3', '25.30MB', '2021-05-30', '13:03:43', '2014年7月N1.mp3'], ['4', '25.44MB', '2021-05-30', '13:03:42', '2015年12月N1.mp3'], ['5', '26.52MB', '2021-05-30', '13:03:42', '2015年7月N1.mp3'], ['6', '26.21MB', '2021-05-30', '13:03:42', '2016年12月N1.mp3'], ['7', '26.44MB', '2021-05-30', '13:03:42', '2016年7月N1.mp3'], ['8', '25.94MB', '2021-05-30', '13:03:42', '2017年12月N1.mp3'], ['9', '23.53MB', '2021-05-30', '13:03:43', '2017年7月N1.mp3'], ['10', '24.63MB', '2021-05-30', '13:03:42', '2018年12月N1音频.mp3'], ['11', '23.60MB', '2021-05-30', '13:03:42', '2018年7月N1.mp3'], ['12', '275.14KB', '2021-05-30', '13:03:42', '【树先生日语N1】备考答疑群和公众号.jpg']]
2021-06-21 15:36:09,768 - backend.py[line:182] - DEBUG: end Thread
2021-06-21 15:36:09,771 - BaiUI.py[line:109] - DEBUG: [['0', '24.62MB', '2021-05-30', '13:03:42', '2013年12月N1.mp3'], ['1', '24.23MB', '2021-05-30', '13:03:42', '2013年7月N1.mp3'], ['2', '24.77MB', '2021-05-30', '13:03:42', '2014年12月N1.mp3'], ['3', '25.30MB', '2021-05-30', '13:03:43', '2014年7月N1.mp3'], ['4', '25.44MB', '2021-05-30', '13:03:42', '2015年12月N1.mp3'], ['5', '26.52MB', '2021-05-30', '13:03:42', '2015年7月N1.mp3'], ['6', '26.21MB', '2021-05-30', '13:03:42', '2016年12月N1.mp3'], ['7', '26.44MB', '2021-05-30', '13:03:42', '2016年7月N1.mp3'], ['8', '25.94MB', '2021-05-30', '13:03:42', '2017年12月N1.mp3'], ['9', '23.53MB', '2021-05-30', '13:03:43', '2017年7月N1.mp3'], ['10', '24.63MB', '2021-05-30', '13:03:42', '2018年12月N1音频.mp3'], ['11', '23.60MB', '2021-05-30', '13:03:42', '2018年7月N1.mp3'], ['12', '275.14KB', '2021-05-30', '13:03:42', '【树先生日语N1】备考答疑群和公众号.jpg']]
2021-06-21 15:36:12,313 - BaiUI.py[line:335] - DEBUG: ['9', '23.53MB', '2021-05-30', '13:03:43', '2017年7月N1.mp3']
2021-06-21 15:36:12,314 - BaiUI.py[line:345] - DEBUG: 
2021-06-21 15:36:12,315 - BaiUI.py[line:349] - DEBUG: start download 2017年7月N1.mp3
2021-06-21 15:36:12,316 - backend.py[line:177] - DEBUG: start Thread: downloadFiles
2021-06-21 15:36:12,318 - backend.py[line:119] - DEBUG: subprocess_execute_realtime ./BaiduPCS-Go d 2017年7月N1.mp3
2021-06-21 15:36:15,323 - BaiUI.py[line:307] - DEBUG: call processCallback
2021-06-21 15:36:15,325 - BaiUI.py[line:308] - DEBUG: downloadFiles
2021-06-21 15:36:15,326 - BaiUI.py[line:309] - DEBUG: ['down_id:0', '\n', '[0] 提示: 当前下载最大并发量为: 8, 下载缓存为: 65536\n', '[1] 加入下载队列: /【树先生日语】2013-2018年N1音频/2017年7月N1.mp3\n', '\n', '[1] ----\n', '  类型              文件                                              \n', '  文件路径          /【树先生日语】2013-2018年N1音频/2017年7月N1.mp3  \n', '  文件名称          2017年7月N1.mp3                                   \n', '  文件大小          24671700, 23.528767MB                             \n', '  md5 (截图请打码)  c53afa4b9f8cd5acf03a3955ac6d8471                  \n', '  app_id            250528                                            \n', '  fs_id             46668516564956                                    \n', '  创建日期          2019-06-24 10:12:14                               \n', '  修改日期          2021-05-30 13:03:43                               \n', '\n', '[1] 准备下载: /【树先生日语】2013-2018年N1音频/2017年7月N1.mp3\n', '[1] 将会下载到路径: /mnt/usb/BaiduDownload/4733703127_linuxeroero/2017年7月N1.mp3\n', '\n', '\r[1] ↓ 896.00KB/23.53MB 1.64MB/s in 1.26s, left 13s ............\n', '[1] 下载文件失败, 403 Forbidden, 重试 1/3\n']
2021-06-21 15:36:15,328 - BaiUI.py[line:289] - DEBUG: down_id: 0
2021-06-21 15:36:18,332 - BaiUI.py[line:307] - DEBUG: call processCallback
2021-06-21 15:36:18,333 - BaiUI.py[line:308] - DEBUG: downloadFiles
2021-06-21 15:36:18,334 - BaiUI.py[line:309] - DEBUG: ['down_id:0', '\n', '[0] 提示: 当前下载最大并发量为: 8, 下载缓存为: 65536\n', '[1] 加入下载队列: /【树先生日语】2013-2018年N1音频/2017年7月N1.mp3\n', '\n', '[1] ----\n', '  类型              文件                                              \n', '  文件路径          /【树先生日语】2013-2018年N1音频/2017年7月N1.mp3  \n', '  文件名称          2017年7月N1.mp3                                   \n', '  文件大小          24671700, 23.528767MB                             \n', '  md5 (截图请打码)  c53afa4b9f8cd5acf03a3955ac6d8471                  \n', '  app_id            250528                                            \n', '  fs_id             46668516564956                                    \n', '  创建日期          2019-06-24 10:12:14                               \n', '  修改日期          2021-05-30 13:03:43                               \n', '\n', '[1] 准备下载: /【树先生日语】2013-2018年N1音频/2017年7月N1.mp3\n', '[1] 将会下载到路径: /mnt/usb/BaiduDownload/4733703127_linuxeroero/2017年7月N1.mp3\n', '\n', '\r[1] ↓ 896.00KB/23.53MB 1.64MB/s in 1.26s, left 13s ............\n', '[1] 下载文件失败, 403 Forbidden, 重试 1/3\n', '\n', '[1] ----\n', '  类型              文件                                              \n', '  文件路径          /【树先生日语】2013-2018年N1音频/2017年7月N1.mp3  \n', '  文件名称          2017年7月N1.mp3                                   \n', '  文件大小          24671700, 23.528767MB                             \n', '  md5 (截图请打码)  c53afa4b9f8cd5acf03a3955ac6d8471                  \n', '  app_id            250528                                            \n', '  fs_id             46668516564956                                    \n', '  创建日期          2019-06-24 10:12:14                               \n', '  修改日期          2021-05-30 13:03:43                               \n', '\n', '[1] 准备下载: /【树先生日语】2013-2018年N1音频/2017年7月N1.mp3\n', '[1] 将会下载到路径: /mnt/usb/BaiduDownload/4733703127_linuxeroero/2017年7月N1.mp3\n', '\n']
2021-06-21 15:36:18,337 - BaiUI.py[line:289] - DEBUG: down_id: 0
2021-06-21 15:36:21,340 - BaiUI.py[line:307] - DEBUG: call processCallback
2021-06-21 15:36:21,341 - BaiUI.py[line:308] - DEBUG: downloadFiles
2021-06-21 15:36:21,341 - BaiUI.py[line:309] - DEBUG: ['down_id:0', '\n', '[0] 提示: 当前下载最大并发量为: 8, 下载缓存为: 65536\n', '[1] 加入下载队列: /【树先生日语】2013-2018年N1音频/2017年7月N1.mp3\n', '\n', '[1] ----\n', '  类型              文件                                              \n', '  文件路径          /【树先生日语】2013-2018年N1音频/2017年7月N1.mp3  \n', '  文件名称          2017年7月N1.mp3                                   \n', '  文件大小          24671700, 23.528767MB                             \n', '  md5 (截图请打码)  c53afa4b9f8cd5acf03a3955ac6d8471                  \n', '  app_id            250528                                            \n', '  fs_id             46668516564956                                    \n', '  创建日期          2019-06-24 10:12:14                               \n', '  修改日期          2021-05-30 13:03:43                               \n', '\n', '[1] 准备下载: /【树先生日语】2013-2018年N1音频/2017年7月N1.mp3\n', '[1] 将会下载到路径: /mnt/usb/BaiduDownload/4733703127_linuxeroero/2017年7月N1.mp3\n', '\n', '\r[1] ↓ 896.00KB/23.53MB 1.64MB/s in 1.26s, left 13s ............\n', '[1] 下载文件失败, 403 Forbidden, 重试 1/3\n', '\n', '[1] ----\n', '  类型              文件                                              \n', '  文件路径          /【树先生日语】2013-2018年N1音频/2017年7月N1.mp3  \n', '  文件名称          2017年7月N1.mp3                                   \n', '  文件大小          24671700, 23.528767MB                             \n', '  md5 (截图请打码)  c53afa4b9f8cd5acf03a3955ac6d8471                  \n', '  app_id            250528                                            \n', '  fs_id             46668516564956                                    \n', '  创建日期          2019-06-24 10:12:14                               \n', '  修改日期          2021-05-30 13:03:43                               \n', '\n', '[1] 准备下载: /【树先生日语】2013-2018年N1音频/2017年7月N1.mp3\n', '[1] 将会下载到路径: /mnt/usb/BaiduDownload/4733703127_linuxeroero/2017年7月N1.mp3\n', '\n', '\n', '[1] 下载文件失败, 403 Forbidden, 重试 2/3\n']
2021-06-21 15:36:21,344 - BaiUI.py[line:289] - DEBUG: down_id: 0
2021-06-21 15:36:21,588 - BaiUI.py[line:352] - DEBUG: closeEvent
2021-06-21 15:36:21,589 - backend.py[line:60] - DEBUG: closeAllThread
2021-06-21 15:36:21,590 - backend.py[line:66] - ERROR: not exist thread
2021-06-21 15:36:21,591 - backend.py[line:66] - ERROR: not exist thread
2021-06-21 15:36:21,592 - backend.py[line:66] - ERROR: not exist thread
2021-06-21 15:36:21,593 - backend.py[line:66] - ERROR: not exist thread
2021-06-21 15:36:24,347 - BaiUI.py[line:307] - DEBUG: call processCallback
2021-06-21 15:36:24,348 - BaiUI.py[line:308] - DEBUG: downloadFiles
2021-06-21 15:36:24,349 - BaiUI.py[line:309] - DEBUG: ['down_id:0', '\n', '[0] 提示: 当前下载最大并发量为: 8, 下载缓存为: 65536\n', '[1] 加入下载队列: /【树先生日语】2013-2018年N1音频/2017年7月N1.mp3\n', '\n', '[1] ----\n', '  类型              文件                                              \n', '  文件路径          /【树先生日语】2013-2018年N1音频/2017年7月N1.mp3  \n', '  文件名称          2017年7月N1.mp3                                   \n', '  文件大小          24671700, 23.528767MB                             \n', '  md5 (截图请打码)  c53afa4b9f8cd5acf03a3955ac6d8471                  \n', '  app_id            250528                                            \n', '  fs_id             46668516564956                                    \n', '  创建日期          2019-06-24 10:12:14                               \n', '  修改日期          2021-05-30 13:03:43                               \n', '\n', '[1] 准备下载: /【树先生日语】2013-2018年N1音频/2017年7月N1.mp3\n', '[1] 将会下载到路径: /mnt/usb/BaiduDownload/4733703127_linuxeroero/2017年7月N1.mp3\n', '\n', '\r[1] ↓ 896.00KB/23.53MB 1.64MB/s in 1.26s, left 13s ............\n', '[1] 下载文件失败, 403 Forbidden, 重试 1/3\n', '\n', '[1] ----\n', '  类型              文件                                              \n', '  文件路径          /【树先生日语】2013-2018年N1音频/2017年7月N1.mp3  \n', '  文件名称          2017年7月N1.mp3                                   \n', '  文件大小          24671700, 23.528767MB                             \n', '  md5 (截图请打码)  c53afa4b9f8cd5acf03a3955ac6d8471                  \n', '  app_id            250528                                            \n', '  fs_id             46668516564956                                    \n', '  创建日期          2019-06-24 10:12:14                               \n', '  修改日期          2021-05-30 13:03:43                               \n', '\n', '[1] 准备下载: /【树先生日语】2013-2018年N1音频/2017年7月N1.mp3\n', '[1] 将会下载到路径: /mnt/usb/BaiduDownload/4733703127_linuxeroero/2017年7月N1.mp3\n', '\n', '\n', '[1] 下载文件失败, 403 Forbidden, 重试 2/3\n', '\n', '[1] ----\n', '  类型              文件                                              \n', '  文件路径          /【树先生日语】2013-2018年N1音频/2017年7月N1.mp3  \n', '  文件名称          2017年7月N1.mp3                                   \n', '  文件大小          24671700, 23.528767MB                             \n', '  md5 (截图请打码)  c53afa4b9f8cd5acf03a3955ac6d8471                  \n', '  app_id            250528                                            \n', '  fs_id             46668516564956                                    \n', '  创建日期          2019-06-24 10:12:14                               \n', '  修改日期          2021-05-30 13:03:43                               \n', '\n', '[1] 准备下载: /【树先生日语】2013-2018年N1音频/2017年7月N1.mp3\n', '[1] 将会下载到路径: /mnt/usb/BaiduDownload/4733703127_linuxeroero/2017年7月N1.mp3\n', '\n']
2021-06-21 15:36:27,356 - BaiUI.py[line:307] - DEBUG: call processCallback
2021-06-21 15:36:27,357 - BaiUI.py[line:308] - DEBUG: downloadFiles
2021-06-21 15:36:27,357 - BaiUI.py[line:309] - DEBUG: ['down_id:0', '\n', '[0] 提示: 当前下载最大并发量为: 8, 下载缓存为: 65536\n', '[1] 加入下载队列: /【树先生日语】2013-2018年N1音频/2017年7月N1.mp3\n', '\n', '[1] ----\n', '  类型              文件                                              \n', '  文件路径          /【树先生日语】2013-2018年N1音频/2017年7月N1.mp3  \n', '  文件名称          2017年7月N1.mp3                                   \n', '  文件大小          24671700, 23.528767MB                             \n', '  md5 (截图请打码)  c53afa4b9f8cd5acf03a3955ac6d8471                  \n', '  app_id            250528                                            \n', '  fs_id             46668516564956                                    \n', '  创建日期          2019-06-24 10:12:14                               \n', '  修改日期          2021-05-30 13:03:43                               \n', '\n', '[1] 准备下载: /【树先生日语】2013-2018年N1音频/2017年7月N1.mp3\n', '[1] 将会下载到路径: /mnt/usb/BaiduDownload/4733703127_linuxeroero/2017年7月N1.mp3\n', '\n', '\r[1] ↓ 896.00KB/23.53MB 1.64MB/s in 1.26s, left 13s ............\n', '[1] 下载文件失败, 403 Forbidden, 重试 1/3\n', '\n', '[1] ----\n', '  类型              文件                                              \n', '  文件路径          /【树先生日语】2013-2018年N1音频/2017年7月N1.mp3  \n', '  文件名称          2017年7月N1.mp3                                   \n', '  文件大小          24671700, 23.528767MB                             \n', '  md5 (截图请打码)  c53afa4b9f8cd5acf03a3955ac6d8471                  \n', '  app_id            250528                                            \n', '  fs_id             46668516564956                                    \n', '  创建日期          2019-06-24 10:12:14                               \n', '  修改日期          2021-05-30 13:03:43                               \n', '\n', '[1] 准备下载: /【树先生日语】2013-2018年N1音频/2017年7月N1.mp3\n', '[1] 将会下载到路径: /mnt/usb/BaiduDownload/4733703127_linuxeroero/2017年7月N1.mp3\n', '\n', '\n', '[1] 下载文件失败, 403 Forbidden, 重试 2/3\n', '\n', '[1] ----\n', '  类型              文件                                              \n', '  文件路径          /【树先生日语】2013-2018年N1音频/2017年7月N1.mp3  \n', '  文件名称          2017年7月N1.mp3                                   \n', '  文件大小          24671700, 23.528767MB                             \n', '  md5 (截图请打码)  c53afa4b9f8cd5acf03a3955ac6d8471                  \n', '  app_id            250528                                            \n', '  fs_id             46668516564956                                    \n', '  创建日期          2019-06-24 10:12:14                               \n', '  修改日期          2021-05-30 13:03:43                               \n', '\n', '[1] 准备下载: /【树先生日语】2013-2018年N1音频/2017年7月N1.mp3\n', '[1] 将会下载到路径: /mnt/usb/BaiduDownload/4733703127_linuxeroero/2017年7月N1.mp3\n', '\n', '\r[1] ↓ 832.00KB/23.53MB 0B/s in 1s, left - ............\n', '[1] 下载文件失败, 403 Forbidden, 重试 3/3\n']
2021-06-21 15:36:30,365 - BaiUI.py[line:307] - DEBUG: call processCallback
2021-06-21 15:36:30,365 - BaiUI.py[line:308] - DEBUG: downloadFiles
2021-06-21 15:36:30,366 - BaiUI.py[line:309] - DEBUG: ['down_id:0', '\n', '[0] 提示: 当前下载最大并发量为: 8, 下载缓存为: 65536\n', '[1] 加入下载队列: /【树先生日语】2013-2018年N1音频/2017年7月N1.mp3\n', '\n', '[1] ----\n', '  类型              文件                                              \n', '  文件路径          /【树先生日语】2013-2018年N1音频/2017年7月N1.mp3  \n', '  文件名称          2017年7月N1.mp3                                   \n', '  文件大小          24671700, 23.528767MB                             \n', '  md5 (截图请打码)  c53afa4b9f8cd5acf03a3955ac6d8471                  \n', '  app_id            250528                                            \n', '  fs_id             46668516564956                                    \n', '  创建日期          2019-06-24 10:12:14                               \n', '  修改日期          2021-05-30 13:03:43                               \n', '\n', '[1] 准备下载: /【树先生日语】2013-2018年N1音频/2017年7月N1.mp3\n', '[1] 将会下载到路径: /mnt/usb/BaiduDownload/4733703127_linuxeroero/2017年7月N1.mp3\n', '\n', '\r[1] ↓ 896.00KB/23.53MB 1.64MB/s in 1.26s, left 13s ............\n', '[1] 下载文件失败, 403 Forbidden, 重试 1/3\n', '\n', '[1] ----\n', '  类型              文件                                              \n', '  文件路径          /【树先生日语】2013-2018年N1音频/2017年7月N1.mp3  \n', '  文件名称          2017年7月N1.mp3                                   \n', '  文件大小          24671700, 23.528767MB                             \n', '  md5 (截图请打码)  c53afa4b9f8cd5acf03a3955ac6d8471                  \n', '  app_id            250528                                            \n', '  fs_id             46668516564956                                    \n', '  创建日期          2019-06-24 10:12:14                               \n', '  修改日期          2021-05-30 13:03:43                               \n', '\n', '[1] 准备下载: /【树先生日语】2013-2018年N1音频/2017年7月N1.mp3\n', '[1] 将会下载到路径: /mnt/usb/BaiduDownload/4733703127_linuxeroero/2017年7月N1.mp3\n', '\n', '\n', '[1] 下载文件失败, 403 Forbidden, 重试 2/3\n', '\n', '[1] ----\n', '  类型              文件                                              \n', '  文件路径          /【树先生日语】2013-2018年N1音频/2017年7月N1.mp3  \n', '  文件名称          2017年7月N1.mp3                                   \n', '  文件大小          24671700, 23.528767MB                             \n', '  md5 (截图请打码)  c53afa4b9f8cd5acf03a3955ac6d8471                  \n', '  app_id            250528                                            \n', '  fs_id             46668516564956                                    \n', '  创建日期          2019-06-24 10:12:14                               \n', '  修改日期          2021-05-30 13:03:43                               \n', '\n', '[1] 准备下载: /【树先生日语】2013-2018年N1音频/2017年7月N1.mp3\n', '[1] 将会下载到路径: /mnt/usb/BaiduDownload/4733703127_linuxeroero/2017年7月N1.mp3\n', '\n', '\r[1] ↓ 832.00KB/23.53MB 0B/s in 1s, left - ............\n', '[1] 下载文件失败, 403 Forbidden, 重试 3/3\n']
2021-06-21 15:36:33,131 - backend.py[line:91] - DEBUG: None
2021-06-21 15:36:33,132 - BaiUI.py[line:307] - DEBUG: call processCallback
2021-06-21 15:36:33,134 - BaiUI.py[line:308] - DEBUG: downloadFiles
2021-06-21 15:36:33,135 - BaiUI.py[line:309] - DEBUG: None
