2021-06-19 15:41:51,909 - BaiUI.py[line:302] - DEBUG: Program Start
2021-06-19 15:41:53,144 - BaiUI.py[line:101] - DEBUG: []
2021-06-19 15:41:53,160 - backend.py[line:111] - DEBUG: start Thread
2021-06-19 15:41:53,161 - backend.py[line:111] - DEBUG: start Thread
2021-06-19 15:41:53,333 - BaiUI.py[line:258] - DEBUG: call processCallback
2021-06-19 15:41:53,335 - BaiUI.py[line:259] - DEBUG: getCurrentDir
2021-06-19 15:41:53,340 - BaiUI.py[line:260] - DEBUG: /【树先生日语】2013-2018年N1音频
2021-06-19 15:41:53,343 - backend.py[line:115] - DEBUG: end Thread
2021-06-19 15:41:53,704 - BaiUI.py[line:258] - DEBUG: call processCallback
2021-06-19 15:41:53,705 - BaiUI.py[line:259] - DEBUG: getAllFiles
2021-06-19 15:41:53,706 - BaiUI.py[line:260] - DEBUG: [['0', '24.62MB', '2021-05-30', '13:03:42', '2013年12月N1.mp3'], ['1', '24.23MB', '2021-05-30', '13:03:42', '2013年7月N1.mp3'], ['2', '24.77MB', '2021-05-30', '13:03:42', '2014年12月N1.mp3'], ['3', '25.30MB', '2021-05-30', '13:03:43', '2014年7月N1.mp3'], ['4', '25.44MB', '2021-05-30', '13:03:42', '2015年12月N1.mp3'], ['5', '26.52MB', '2021-05-30', '13:03:42', '2015年7月N1.mp3'], ['6', '26.21MB', '2021-05-30', '13:03:42', '2016年12月N1.mp3'], ['7', '26.44MB', '2021-05-30', '13:03:42', '2016年7月N1.mp3'], ['8', '25.94MB', '2021-05-30', '13:03:42', '2017年12月N1.mp3'], ['9', '23.53MB', '2021-05-30', '13:03:43', '2017年7月N1.mp3'], ['10', '24.63MB', '2021-05-30', '13:03:42', '2018年12月N1音频.mp3'], ['11', '23.60MB', '2021-05-30', '13:03:42', '2018年7月N1.mp3'], ['12', '275.14KB', '2021-05-30', '13:03:42', '【树先生日语N1】备考答疑群和公众号.jpg']]
2021-06-19 15:41:53,708 - backend.py[line:115] - DEBUG: end Thread
2021-06-19 15:41:53,711 - BaiUI.py[line:101] - DEBUG: [['0', '24.62MB', '2021-05-30', '13:03:42', '2013年12月N1.mp3'], ['1', '24.23MB', '2021-05-30', '13:03:42', '2013年7月N1.mp3'], ['2', '24.77MB', '2021-05-30', '13:03:42', '2014年12月N1.mp3'], ['3', '25.30MB', '2021-05-30', '13:03:43', '2014年7月N1.mp3'], ['4', '25.44MB', '2021-05-30', '13:03:42', '2015年12月N1.mp3'], ['5', '26.52MB', '2021-05-30', '13:03:42', '2015年7月N1.mp3'], ['6', '26.21MB', '2021-05-30', '13:03:42', '2016年12月N1.mp3'], ['7', '26.44MB', '2021-05-30', '13:03:42', '2016年7月N1.mp3'], ['8', '25.94MB', '2021-05-30', '13:03:42', '2017年12月N1.mp3'], ['9', '23.53MB', '2021-05-30', '13:03:43', '2017年7月N1.mp3'], ['10', '24.63MB', '2021-05-30', '13:03:42', '2018年12月N1音频.mp3'], ['11', '23.60MB', '2021-05-30', '13:03:42', '2018年7月N1.mp3'], ['12', '275.14KB', '2021-05-30', '13:03:42', '【树先生日语N1】备考答疑群和公众号.jpg']]
2021-06-19 15:41:55,788 - BaiUI.py[line:284] - DEBUG: ['0', '0', '0', '0', '../']
2021-06-19 15:41:55,789 - BaiUI.py[line:287] - DEBUG: return back to up path ../
2021-06-19 15:41:55,790 - BaiUI.py[line:294] - DEBUG: /
2021-06-19 15:41:55,792 - backend.py[line:111] - DEBUG: start Thread
2021-06-19 15:41:56,386 - BaiUI.py[line:258] - DEBUG: call processCallback
2021-06-19 15:41:56,387 - BaiUI.py[line:259] - DEBUG: changeDir
2021-06-19 15:41:56,388 - BaiUI.py[line:260] - DEBUG: None
2021-06-19 15:41:56,389 - backend.py[line:115] - DEBUG: end Thread
